fatal parsing error
ICSP
\\cA\\cB\\cC\\cD\\cE\\cF\\cG\\cH\\cI\\cJ\\cK\\cL\\cM\\cN\\cO\\cP\\cQ\\cR\\cS\\cT\\cU\\cV\\cW\\cX\\cY\\cZ
\\u2028123456789ABCDEF
{action}
SonyCEBrowser
module ArticlesPresenter
cloudera
#let or #subject called with a reserved name #initialize
refs\\/heads\\/master
PASSWORD
overnight
node_modules\\/mocha
test-fs-readfile-error
Lost connection to MySQL server at
Calculated Value
> Ready on
missing ssh key 'i_am_not_there'
MD5SUM
\\btcFilters\\b
Invalid remove range diff op: Key out of range: 2
section i:
-iterator-
/\\*%c
\\bdy\\b
Redis
CIPP_
\\{scenarioLabel\\}
WHERE \\(data#>>'\\{age\\}'\\)::numeric != 10
-F
\\bsegv\\b
@exampleHelpers\\b
Nov
Unknown error
Error: Cannot find module '\\.\\/does-not-exist\\.jpg'
doi:
struct strerr strerr_sys
mod-form 
Usage: tb help
You tried to define a scope named \\\"
request
\\\\ding\\{90\\}
Unknown recovery provider
android_pay
The data-shortcode attribute is required for
\\{\\{ up }}
news_new
`destination`
\\\\cyrchar\\\\CYRSFTSN 
friends
<span class=\"dvd_hdr\">DVD</span> Queue
Performing initial commit
\\(DEPOSIT\\)
google-closure-library\\/closure\\/goog\\/base
liveStyleOptions\\s*=\\s*\\{\\}
fail_string
mohm
@here
data2: \\[from global, from test1, from test2, from test3
The name of your first school
<<errline>>
 foo/1\\.2\\.3:non-existent-config 
if_upsert
big_brother
scanline
'RESTORE' 'DATABASE'
invalid background value \"BLACK\"
\\badesso\\b
\\\\leftarrowtail 
nonlocal image URI found
Vodafone
Can\\'t locate
has no belongsTo relationship named 'unknown'
config\\.filter_rails_from_backtrace!
\\\\~\\{n\\}
zeroDateTimeBehavior=convertToNull
\\G\\?
ebay\\.com
AS1
Blocks
&fnof;
TASTY BEER
BUFF
received :find with unexpected arguments\n  expected: \\(1\\, 2\\, 3\\)\n       got: \\(\\[1\\, 2\\, 3\\]\\)
@media
\"abc\\.c\"
www\\.isecpartners\\.com\\0foo\\.com
Gionee
keyword><function>basecontext<
alternate message 2
v1
Unsupported operation: ODataMetaModel#setProperty
\\.pdf
Invalid plist file path for GoodifyInfoPlistAction given
<sample_path>
/preauths/42
'--excludes' expects a value
 \\s* , \\s* 
There is no source with this ID
Can't find keyfile
app\\/common\\/directives\\/checked\\.directive\\.js
%B
\\#addid
/nifi-api/flow/current-user
{{codeId}}
contract
\"name\":\"
DYNAMIC-PATTERN
meta name=\"robots\" content=\"index, nofollow\"
go\\!zilla
\\\\cap 
Loading media
Placeholder of filter \"foo\" overlaps with one of its values
\\bstatus=sent\\b
via
\\bnineteen\\b
No such image: 123456789
rssowl
<p>\\[
font-face
RUBYGEMS PLATFORMS:
Available tasks
Invalid color
TEMPORARY\\b
REPORTID
type_at
admin_
end\n\n  create_table
 *\\*/
OpenSSL::HMACError
component_dev
does not take any arg
__name-singular-hyphen__
Capybara\\.app_host should be set to a url
%%
Orca
<forcepos>:
1 example, 0 failures
\\.owl-prev
FOO=bar
ARGF
laser            
\\u0063\\u0027
list patterns
[\\.]js-plotly-plot [\\.]plotly
asset_type
 cm2
mditor
Command Output:
--profiling=false
ceph_monitor_store_sst_bytes{cluster=\"ceph\",monitor=\"test-mon01\"} 1
16:00
light/
/nifi-api/flow/config
test index
requires numeric operands
in `backtrace'
LazyCompile:\\*functionTwo
\"authorId\" INTEGER REFERENCES \"authors\" \\(\"id\"\\)
has an invalid \"lt\" operator within \"optEnum\"
\\\\phi 
test\\d
notRecommended
const\\b
update server
expected comma after expression
\\\\cyrchar\\\\cyriote 
Role
\\e\\[1;9m200\\e\\[0m OK
\\\\begin\\{document\\}
RABBITMQ_HOST
MORE INFO
Generated by Lighthouse \\d
legacy header format
induced by DBI_GOFER_RANDOM
this is the error
DECC
plural\\(
Expected '--variant' to be one of
value=\"42\"
Group
split-columns must be a prefix of the columns composing an index
The data-vineid attribute is required for
% Terms and Conditions of Use\n
uvf
ios_xr
`lastModified`
A SassValue is expected as the list item
SCALE
BadTooManySessions
introjs-fixParent
[*][(]a[|]
%dir%
\\bq-a yo\\b
domain-id test
eventName
DBM::Deep::Hash
<h2 id='myguide-section-my-f%C3%A4pter'>My F\u00e4pter
imagem
<script 
can't find ns
\\\\cyrchar\\\\cyrtdsc 
<\\/jnlp>
\u4fe1\u606f\u677f
define requires a block
Unexpected token }
 bits 
strict mode
url-exclusion\\/foo
parameterontologies
alas
TEST-UNEXPECTED-FAIL
_PCT
\\\\medskip
mui--is-touched
inclusion threshold
=2e
PERCENT
does not support compiling for the client
/\\*TYPES\\*/
Error reading ThumbnailImage data
There are only pre-release versions available satisfying the following requirements
CURVY
mobile join
\\*\\*p1
\\p{L_}
use 
something bad happened
a foobar inline diff
SAMPLENAME
geography
Cancel previous transaction
invalid status code
page\\.foo\\.bar\\(\\)\\.baz\\.qux
Can't locate loadable object for module PHP
\u5706\u901a
frame
expected float
&szlig;
Check your configuration file and ensure that your private key is readable
Form
This is \\\n\\.\\\\O \\(\\\\s \\\\m \\\\r\\) \\\\t
styles cannot be nested into each other
activePaths:
Couldn't retrieve deb apt repo configs
gem \"
parse error \\[1:2]
Invalid option\\(s\\)\\: foobar
MEDLINE
{{commandPrefix}}
\\\\mu 
GS\\d
1 records failed to import
cloned
0 pending specs
-ms-flex
released
Image sizes do not match
td align
Found deprecated symbol \"SHOW_ANIMATION\"
\\:\\:Web\\:\\:
<div class=\"
techn
x-severity=\\\"TOKEN\\\"
olleh tv;
at UserContext\\.<anonymous>
\\(\\)
Missing Rules section
&amp;mindelay=3
Rule 'UNKNOWN' defined for an unspecified token UNKNOWN
fillOpacity requires fillColor
-intercom-app-color-dark
::Matchers::
\\[\\!\\[
No current item for FORMAT_STRING
elevation
smallinteger
Version=2012-01-01
Cannot stub test track assignments
origin\\/
sore
a=<!--\\x01:6-->b%20c<!--\\x01:6-->
's 
@else
a passing ctrl scenario
invalid traits definition, it must be an array
Redirecting to \\/another\\/path
\\<content
Failure sending webhook
openshift_
-solaris-
\\{LBRACE\\}
Ignoring invalid model Foo \\(table foos does not exist\\)
SizeList must have at least one option
No changes to commit
\\.smi
libvlc\\.dll
 solid 
Using filesort
vx: -\\d\\d000\\.0 pps
api\\?view=ElementArrayFinder
application\\/rdf\\+xml
-ctr
00400000-00401000 rwxp
bucket - Invalid parameter: bucket
\\sgzip\\s
\\x{0632}\\x{0651}
requires authentication
\\\\coprod 
<h4 style=\"font-weight: bold;\">Databases<\\/h4>
You made a 'findRecord' request for a 'person' with id 'the-id', but the adapter's response did not have any data
\\b-D_REENTRANT\\b
spell
@throws
hey, you require me by --require
\"author\":\"Leo Tolstoy\"
hsqldb
; #
Unfortunately, the gem foo \\(1\\.0\\.0\\) has an invalid gemspec
iCab
CA:TRUE
<title>Mithril\\.js<\\/title>
\n< 
a_foobar
base1
to be an action or array of actions
\\[lookatLat\\]
\\\not =
client must be defined
\\.L\\(
kuenstlich
\\bctrl\\b
{% comment %}
Generator ended unexpectedly
time_zone
No integer type has byte size 10
key1=1&key2\\[0\\]=2&key2\\[1\\]=3
must be defined
GET new
MSIE 7
The required call 'dpkg -V' does not seem to work as expected on the inspected system
Kltpzyxm
<creditCardNum>
\\[160\\]
\\.fin
basicDir
return export default
EXTENDED
\"string\"@en
Migrating from 
\"responseStatus\": 200
PID
Top
{{ JS }}
NCE
\\bchd=s:JP,YH\\b
Operation aborted
1970
Scope\\(Class\\[Foo\\]\\): This is class foo
\\r\nHost: www\\.example\\.com\\r\n
var attrs = 
AAAB
 \\N{GREEK CAPITAL LETTER ETA}         
precede
Native LAN Manager
gurujibot
_unused_dummy_
Unknown stack task Unknown
--oidc-issuer-url
sdr_u=user
this is honk
Production
view_example_group
\\x{2024}
Test Link
\\s#\\s
VCS::PVCS::Folder
<a>
console\\.log\\('ok'\\);
/api
uids
drone
Option key 'uri' used in hierarchy 'Illegal' is reserved by Puppet
<body
\\\\mkern1mu 
Using a Timezone designator in format specification is mutually exclusive to providing an explicit timezone argument
YSTOP
fulfilled
cmd_raw\\(\\\"INST ABORT\\\"\\)
image created from svg must be 9999 pixels or fewer on each side
 tag=\"span\"
Subproject Path:
Successfully created environment shortcutEnvironment \\(shortcutenvironment\\)
getmsg
\nGet in touch\n
Token has invalid email address
argument should be a string
\\barray\\b
429
sessionId=CCadc2b593ca98bfd730c383582de00faed995b0
IGNORE
Expected: \"david\"\n  Actual: nil
=\\\\\"}
class=\\\"wibble\\\"
Result: Must wrap something, try using Err or Ok constructors
No service defined
convert
\\* fix: b
minus 
{FILENAME}
refused
App is already initialized
Adafruit
non_existing_method
PACKAGE_REPLACE
removal_controller\\.rb
ffi
numstr unsupported characters
highest score
Axmud\\:\\:
code_completion
greater than
Gecko/
Minus three
USER_JSON_DATA
const Policy = require\\('\\.\\.\\/\\.\\.\\/\\.\\.\\/api\\/policies\\/isAdmin'\\)
git fetch
var React *= *window\\.React;
Connecting to byebug server
;q=\\d\\.\\d
vchkpw-submission
response data
id not found: foo
delivery-status
Yyy: reverting
a block
changes to be committed
angular-oauth2-oidc
Begin results list
[*]y
flash9
results for the search: \\\"
Can't parse CSS
--repair-malformed-updates
width=\"30\"
\\bcht=bvs\\b
56789
<value>
<meta name=\"twitter:title\" content=\"Author name - Ghost\" \\/>
Bookmark 'invalid1' does not exist
\\'\\{\\{HERE_BE_FILE_RELATED_DATA\\}\\}\\'
SomeTask
dom\\.setNamespace
topic\\.bar\\s*=\\s*bar
Output directory 'does_not_exist' does not exist
Thrown
Node 'foo' can not be a scalar
undefined method `private_name' for
TestNewWithDetail
\"@expo\\/vector-icons\"
<rt>
Error: No frame that matches
RuboCop
SELECT MENU
image_file_name
Page Name: ccc
ien
error_spec\\.rb
##FileDate
unmarshal
blank=true
Cannot find module \\'doesnt-exist\\'
Version field must be 0
Second
inspec-meaning-of-life
PBM
invalid status message
@no_tag
mint\\/\\?js
stopping other cpus
AddressLimitExceeded
\\?large
Session cookies will be transmitted over insecure connections
minor
gcalctool
id number
RSpec::Core::RakeTask\\.new\\(\"spec:\\#
'SHOW' 'TABLES'
Cannot combine --any with a node name
%H
timing: foo:bar:time
TypeError: Unexpected type of argument
no valid url specified
Can't locate Plack
test-package-with-one-dep@0\\.0\\.0\n
contains both browserslist and package\\.json
<FIELD KEY=\"operation_type\">void<\\/FIELD>
true to be false
agent can't call sendToAgent before server started
anchor2
You're instantiating a tag that has a labelIds of 2, but some of those records don't exist in the database
A feature must contain one or more scenarios
stupid_slg[.]md
a = 2\nb = nil\nc = nil\nd = 5\ne = nil\nf = nil
dragAndDropRow
expected Hash
response_type\\=code
\\x{00f0}
The Dueling Models of Cloud Computing
\\t\\t\\t
Butterfly
CALLBACKGEN_CB_USE
class GradeTest < MiniTest::Test
Hello Exception!
Getopt::Args
gal
content-type\\: multipart\\/form-data
Failed to send
foo\\\\\\\\r
###My comment
yellow fever
\\\\vow\\{aN\\}\\\\maq\\{\\}
\\\\ElsevierGlyph\\{22C0\\}
%APP_APK_FILENAME%
Molly
Search score: 
-----END -----
AAA
\\${receivingKeyForce}
JabRef
\\/__test__\\/
FormWindow
/BlockDeviceMappings/member
test4
def title_label
Interview\\.01\\.50
UIButton\\(AFNetworking\\)
bar:3:jobs
add_foreign_key_constraint \"child2\", \"parent_id\", \"parent\", \"id\"
My label
Posts#index
Words: 2
\\/arcgis\\/tokens
Edge\\/\\d*\\.\\d*
SHA1
sourcemap
data:application\\/json
cipp-
function postInfo
\\bArray<T\\[keyof T]>
invalid resourceTypes definition, it must be an array
[ ]*-[ ]*
hyphenated-app
gif2webp
<!\\[CDATA\\[<!\\[CDATA\\[
msg\\.
just now
[*][(]o
attr_accessor :name
a statement with no error handler failed: SQLite3 step error result code: 21
dispatch: action should be a plain Object with type
semver ranges are forbidden, please specify exact version
Alias
mc:line
rule_1
has_default
secret_token\\.rb
Inter
\\{line\\}
WebSocket client already exists
provide at least one node
%RESULT_FILE%
List the available thor commands
\\bchg=8,16,1,2\\b
hashed passwords
Service Temporarily Unvailable
m_gpp_parser = _m_gpp_parser;
https:\\/\\/cdn\\.ampproject\\.org\\/shadow-v0\\.js
dom
\\\\ding\\{53\\}
Maitre
&#100;
\\*=
`repository` or `cwd` must be set
Known linters are: linter_with_errors, linter_without_errors, final_newline
[*]s
/\\(
Group names must not be empty
Unknown field type
txd
;base64
Argument list too long
textAlignValue\\d
source must be available
<ID>
unexpected identifier
LIVEGEEZLEFT
\\[API\\] 
LiveScript
bull
:logged_in_adapter
must provide block
{\\\\b1}
Exception from FakeWeb
<p>\u00a1Buenos d\u00edas!</p>
proxy_
\"clients\":\\[\\]
HTTPS
cl_khr_fp16
\\[disabled\\]
Gruntfile\\.js
RESULT
\\\\'\\{o\\}
\\+ duration: 
nowrap
signature expects an element
\\\\u001b
herokussl
UCBrowser
Can not find plugin @ali\\/b in 
errors
=for\\ rperl\\ X<\\/noncode>
\\/lib
lovense
<!apostrophe!>
United States
NOT IMPLEMENTED
ISC\\b
unknown template key
generator=\"wordpress\\/n    
title: Testing Post \\{\\}
Must be logged
CUFF
3\\.4
background-image
Invalid produced text having syntax: 'pp'
Unknown Event
\\\\27
\\/__tests__\\/
UndefinedField
plugin one ran successfully
-----> Installing dependencies
greenpepper-labels-not-rendered
<Cvc2Presence>1<\\/Cvc2Presence>
yyyy-dd-mm
do-foo
Pipelines running
Channel does not exist
slimerjs
\\~1
\\(0deg\\)
US Election Tweets
CompareWith
\\bOPTIONS\\b
\\/\\/ \\@generate PlugInWarnings
Test page
fake error 3
REQUEST_METHOD
You are not authorized to use the cron command
n      String: 
keygen\\.comment
in a restricted
unifi_devices_wired_transmitted_bytes_total{id=\"123\",mac=\"ab:ad:1d:ea:ab:ad\",name=\"OneTwoThree\",site=\"Some Site\"} 10
What is the github repository name
Could not find any server to create primary client
\\[ci clean\\]
one=\"ONE\"
\\p{blank}
val1
ninth
<context
Oops:
ilist
Content-Type: text\\/plain; charset=custom-charset
Process failed
The sources directory is not owned by the current user
file3\\.node
community
 \\t 
near \\\"0\\\": syntax error
id=\\\"q_notable_type_eq\\\"
unavailable without compile
/config_templates were moved to /provisioning_templates
1000 kWh Block
@static parameter should be an Object
\n\\-
keyword><function>languagePropose<
--JavaHome=\"C\\:\\\\Program Files \\(x86\\)\\\\jdk-1\\.7\\.0\"
For testing the feed validator crash handler
/BCN
Unable to load package dependencies: foobar
new_post
system\\/tmp
Tables
Server shutdown in progress
No such process 99999999!
LeanEngine: \\/ErrorObject\\/beforeSave: 500: TypeError: a\\.noThisMethod is not a function
Makes 6 pumpkin scones
E 200
\\/kiwi\\/
install is using out-of-date configuration
No redis client
ignored interface set as provision
JSON::XS
jsonx
sleipnir
HPE_INVALID_EOF_STATE
\\\\ding\\{119\\}
class_file
No name for type
RedisPersistence
stronghold
Testing 123\\.\\s
\\!botio_message\\:
embedded
postg
 *?\\/ *?
\\\\u\\{o\\}
A busy handler expects 1 and only 1 argument
\"override_attributes\":\\{\"deloused\":\"in the comatorium\"\\}
removing extref for nonexistent tag
bsdish
Anwendungsgebiet Pr\u00e4parat
/jcr:content
There was a problem loading formatter
## timeouts - demonstrate bug
SUB,
'bar' is a read-only computed property
Just
thirtieth
\\s*\u00f7\\s*
\\brib-
\\*\\*\\*+
&sig=
external\\b
-webkit-image-set\\(\\s*,\\s*\\)
BottomMiddleware#GET
Contour Data
_toTex not implemented for Node
intensity:
WARM
\\bIM_SAMPLE_T
Extraction of YUM repositories failed:\nSome error
-unit
god this is boring2
argument dest is required
index\\.hbs
bogus_method
app delete
content dir not found
\u592a\u7b28\u4e86
<div>&lt;script&gt;alert\\(
<html xmlns=\"http:\\/\\/www\\.w3\\.org\\/1999\\/xhtml\">
@\\(
attributes provided are not valid JSON
\\bbeta\\b
-flat_namespace
&Phi;
yarn\\.lock
specify one or more matches
found 1
--audit-log-path
/AliasTarget/DNSName
Missing Packages section
play all
pg_ctl
\\\\downharpoonleft 
No such key
{%\\s*else\\s*%}
passed the test
Couldn't drop
\\[\\/
\u00ce\u00a7
wtf not found
<accountNum>
Handler must respond to #call \\(was NilClass\\)
url_prefix='\\/aye\\/pee\\/eye\\/v1'
::shadow
published is true
module Helper
gem list flog -i
Can't determine element clipping values on this browser because it misreports the value of the `clip` property\\. You can use `quixote\\.browser\\.misreportsAutoValuesInClipProperty\\(\\)` to skip this browser\\.
sick
-W
@@ROOT@@
between 2 and 25
No tests found\\.
cy
Internal auth failed
@a=1
doc_count
TestCommand
ssl_transaction_type=CCCOMPLETE
<string>Electron
Consumer username must be specified
\\{msg\\}
\\\\\\*
Missing required parameter in path: fooId
\\/acct\\/
niftyPages-index
SCHEMAPERMISSIONTYPEMAP
RGR:735727
or-appearance-
List\\=Bouncy
diff --git a
jones
CE
state=opaque
At line 3: expression #1 in attribute \"name\" has SyntaxError: Unexpected token \\)
baby
materialized view \"materialized_view_test_models\" has not been populated
Unexpected part \"3\"
Continue anyway\\? Changes will be lost
\"use strict\";
numeric_exp
referrer
Nokia 909
async function
administrative_area
Jack Russell Software
  class Admin::AccountController < ApplicationController
DEPENDENT TASK COMPLETED
xl\\/worksheets\\/_rels\\/sheet\\d\\.xml\\.rels
Label not found for \"last TS_SUBTEST_WRAPPER\"
the editor page
assert\\.ok\\(seen\\.equals\\(expected\\)\\);
routes should be Array
IO timeout
runtime report 2
\\/build\\/
LKOU
todo:
You have been logged in
spinner
### inject agent
Invalid environment setting
unspecified
TypeError: Factory, Object, or Array expected
amazon
Please set the description
\\x10036
dist\\/
newegg\\.com
&#39
Facade
min
another log entry
cgi
owned by
CHECK:
udp:\\/\\/
int
Record not found
Problem running SFL
\\(C\\+\\+ exception\\)
bit\\.ly
dooble
'a'
given unexpected keyword argument c
lh
src\\s*=\\s*'\\/
util_captureStackTrace
express
@regexpesc
\\<title\\>
node_modules\\/
\\bunifyspace
\\\\'E
NotFoundException
The CSS property was not paired with a style value at column 3:8
\\{current\\}
_workspace_free
Setup perf on host: myHost\nSetup perf on host: myOtherHost\nPerf \\(sysstat\\) not supported on host: myOtherHost\nGetting perf data for host: myHost\nGetting perf data for host: myOtherHost\nPerf \\(sysstat\\) not supported on host: myOtherHost
Module load hook:
%rbor%
no system default destination
YunOs
\\{COMMA\\}
SECURITY DEFINER
-COORD
if\\(typeof\\sexports
\\[DEBUG\\] cli
parent factory 'bar' can't be found
comment><comment>Syntax::Highlight::Engine::Kate is a port to perl of the syntax highlight engine of the <
\"id\": \"visible\"
\\{disabled\\}
urn:
but the following issues were found:
register_blueprint
\\\"start_date\\\": conflicts with start
ccache
!!
\\bEPOCH\\b
====[ ]
\\[uploads\\]
\\s*indefinite\\s*
previously defined
latin extended-a
does not support namespaces
\\${total}
\\.manilasites\\.com
\n    - bravo bravo alpha
invalid username or password
css-sass-erb-handler
previous query expired
warning: 
class UsersController < ApplicationController
not supported in FIPS mode
test-scope-leaks\\.js:
TIN
ymd
<meta property=\"og:description\" content=\"Custom Facebook description\" \\/>
%% count %%
\\bfunction\\b
Swagger schema required
Unblock-File
_available_tags
enclosing_resource
&lt;p&gt;
`repeating\\.byDay` contains invalid value `INFINITY`
RUBYOPT
our lease has expired
ifElse: Pred or predicate function required for first argument
<Errors>
\\s*container\\s*
bl2seq
<=
Express PlusSM
offset
-fsanitize=
<>
in\\sbetween
Condition: constructor \"fact\" property required
option 
PAGE_NEXT
iso8859
Must supply block for PG::EM::Client#transaction
AnswerQ
test1: Can't start, another process exists!
1 time
\"hasSettingLocale\": false
unset -f bash
Nic::
Fiber
static\\-servers
--git 
bar: baz;
/buildconfigs
missing 'end' for
environments
Certificate
Invalid Sentry DSN: 1233
screaming\\sfrog\\sseo
:version => \"
vimeo\\.com/api
baz instance var: nil
{{monthName12}}
comment><comment>    substitutions => {<
responses = 16
UTF8MB3\\b
\\%NAME
bandWidth is required
MIT license
'test \\\\'test\\\\''
msie 6\\.0
'formParameters' property cannot be used together with the 'example' or 'schema' properties
!-
<span
TEXTURE_ID
unknown keywords: foo
the resume button
\"undefined\" does not satisfy Union\\(Number, String\\)
provided\\ with\\ a\\ \\:user\\ value
_mmaModFeedback
\\\\mbox\\{\\\\texteuro\\} 
\\<XXX_SDK_VERSION_XXX\\>
Argument #1 expected string, boolean, or MyClass instance, but was number
404 error on part PUT\\. The part and the file will abort
express-redis-cache test server started on port
TXT_CONTENTS
Template was precompiled with a newer version of Handlebars than the current runtime
Concurrent
[*][(]=w[|]
No model was found
\\bNW\\b
No type
\\%id\\.
bad arguments
comment_id=
corpusdev\\.
3 specs, 2 failures
CREATE TABLE table2\\(version INTEGER UNIQUE NOT NULL, name STRING NOT NULL\\);
cyclic dependency
expected response bodies to match
Failure message is nil\\.
Calling hook pull after local
RBatch catch SystemExit
's\\b
signup
data-attr\\d
ENV_TEST_APP
alt\\.binaries\\.ipod\\.videos\\.tvshows
undefined method `on_cancel' for
\\/-
&\\*
 to the 
wait for image 'RSpec-test-img' to be READY
Invalid disk size
\\bchg=5,0\\b
must be a boolean value
SSL CA file does not exist
{{colors\\.\\[1\\]}}
\\{\\{app\\}\\}
create-test
\\@\\@ -22,73
Editing\\suser
Instance role mismatch
a \\.pem file
username=
use --type type
\\{offset}
@\\{base-path\\}
%appName%
 k 
path:\"\\.\\/half-covered\\.js\"
tokens
<script type=\"text\\/javascript\" src=\"lib\\/ace\\/ext-language_tools\\.js\"><\\/script>
retrieving parent of a nonexistent session
ser
ga\\('send', 'pageview', window\\.location\\.pathname \\+ window\\.location\\.search\\)
contains object with an invalid \"_type\" value in \"interfaceTwo\"
Error while requiring file
:80
Puppet::Provider::NoClass::NoClass
DO_NOT_MATCH
\uff3b\uff03\u3053\u3053\u3067\u5272\u308a\u6ce8\u7d42\u308f\u308a\uff3d
\\/\\/=\\s*require_tree\\s*\\.
modified
100\\.00\\%
\\(1\\*
\\* 6
arista_eos
my_key
src:\\ '\\.\\/
win64a
value:piyo
exclude\\.regexp
Unparseable line 'foo bar baz'
foobar\u00e9
\\bstep-up\\b
\\bPR\\.PR_TYPE\\b
create_table \"barcodes_reverse\", primary_key: \\[\"code\", \"region\"\\]
oe&
@class\\b
chia
stack: kontena\\/redis
something different
ACTIVELINKACTIONTYPEMAP
TypeError: Unexpected type of argument in function quantileSeq
Y1
to equal: \\[\"a\", \"a\"\\]
XMLSchema
minDHSize is not a number
English Cafe
event_handler
MailingModuleDesc
Size should be specified in format
\\(will reattempt\\)
--strings
extinfo
Key rings:
Country
MURJPY
\\{centralHost\\}
note in lib directory
errors=\"0\"
'\n
unifi_devices_uptime_seconds_total{id=\"def\",mac=\"ab:ad:1d:ea:ab:ad\",name=\"DEF\",site=\"Default\"} 20
CqqPodBook
32px
<h1>Hello from Soy</h1>
senderprofile_
oauth_token=SOME_OAUTH_TOKEN
Interface SYSTEM_INT does not have override
0 views and 0 downloads since January 1, 2014
vApp properties can only be set on cloned virtual machines
nlri
\\xC0-\\xD6\\xD8-\\xF6\\xF8-\\xFF\\u0100-\\u024F\\u0253\\u0254\\u0256\\u0257\\u0259\\u025B\\u0263\\u0268\\u026F\\u0272\\u0289\\u028B\\u02BB\\u0300-\\u036F\\u1E00-\\u1EFF
\\sper\\s
{{hourText}}
Missing aggregate_id
dien
Another message
org\\.mpris\\.MediaPlayer2
Unable to open log source
<DS_MERCHANT_MERCHANTCODE>999008881<\\/DS_MERCHANT_MERCHANTCODE>
No result found in country table
<FIELD KEY=\"reference_number1\">47934<\\/FIELD>
No type given
\\r\n2\\r\n
WaitForFrame
sigma
\\G\\\\f
applied
Proceeding past hung test
bzip2
__rsense_find_definition__0TestThings
No such domain:
PhraseDictionaryMemory
https:\\/\\/cdn\\.ampproject\\.org\\/v0\\/amp-story-0\\.1\\.js
http:\\/\\/www\\.example\\.com
node_modules\\/tape\\/
_PP
sftp
SmartBD
get :index
RX
unit_net_
database: myapp_production
xslate
\\\"created_at\\\"
 \u00d7 
<!--ng-container-->
h[|]
%%version%%
A Self-Teaching Guide
\\/css\\/style-1d87bebe\\.css
restarting foobar
\\x06\\x0e\\x2b\\x34\\x02\\x05\\x01\\x01\\x0d\\x01\\x02
cked\\b
Inflation:
Hadron
\n-
foo USER
\"size\" argument must be of type number
authentication handshake failed: tls: first record does not look like a TLS handshake
Return to dir1
\\\\[']
::new
new_user_first_name
Error: Expected stream to have digest 'sha256:bad256' but was '
--conf-path=
px;
\\\\cyrchar\\{\\\\'\\\\CYRK\\}
instance is not of a type\\(s\\) array
've 
\\#808080
topic\\.foo\\s*=\\s*foo
conf\\.paths\\.src, '\\/app\\/index\\.scss
An error in an after\\(:all\\) hook
\\\\ 
want cat food
__FIRST_PREPROCESSOR_REPLACEMENT_TOKEN__
WWW::Search::Scraper
tmangobot
mapboxgl-map
missing dsa signing cert
 \\\\\\r    
spherical
j2eeType
for \\(;;\\);
yourOtherModule
argument callback
define_method
Can't resolve '\\.\\/missingModule2' 
\"url\": \"http:\\/\\/localhost:65530\\/post\\/\"
no11
@NOTOP
\\u0037\\u0037
/perl6/
key1=value1
module TestApp\n  class ProductLine < ApplicationRecord
\\\\NG 
Section
already exists
\\b dump=pp \\b
run nsp check at
\"stylesheet\": \"SASS\"
us-east-1, 
name1
ab;c
user=
New_York
\\x{0623}
\\\\div 
0\\.55
Slimerjs
set value of window 1 to \"newvalue\"
different values
\\/flatmarket-client\\/
single response
Missing Required Argument client<FabricCAClient>
<isindex name=\"A\" action=\"B\" prompt=\"C\" foo=\"D\"
Variable 'uint256 b' in contract StorageMockSimpleOriginal was replaced with 'string c'
li>n      <
@param tag has duplicate parameter name: a
i-amphtml-hidden-by-media-query
Could not find partial 'non-existent'
`method`
www\\.lwxs520\\.com \u9996\u53d1\u54e6\u4eb2
VRML::Field::MF
\\\"<script type=application\\/json>\\\" must be present
#table#camel
fails because
%ULEVEL
expected given block to yield control twice but yielded 3 times
LONGVARBINARY
No Previous Page
input argument passed
ORFNames=
trillion
%Ey
genscanSubopt
Enum parameters must be identifiers or strings
There were undefined citations
blackbird
<h2 class=\"oshiete-LcategoryIndex\">
myers
metadata
\\?<hour>
&Oslash;
\\.app-
Usage: codeclimate COMMAND
attr_accessor :email, :name, :age, :country, :body
Kohana
account_holder_type=
Path \"\\/foo\\/ijk\" for host \"localhost\" does not match route \\[POST\\]\"\\/foo\\/:foo\\/bar\\/:bar\" of \"localhost\"\\.
number=
\\bViera\\b
\\\\cyrchar\\\\cyrshha 
property already used: 'description'
\\\\cyrchar\\\\CYRK 
\\-O\\d
theme: 
Windows_NT
Error: global leak detected: leak
_s_
non_control_elements
Required argument entity for function addOperation is not defined
loading\\-warning
too large
- \\.\\/system\\/apps
console\\.log\\(b\\)
Error while printing result
openSUSE Leap 42
Set `SKYLIGHT_AUTHENTICATION`
<!--endpoints-plugin-configuration-->
index\\.php\\/
\ncheck box
Invalid theme structure
 decimal
ok\\(
dataTemplate
No element provided
\\Gsub
\\\\lesseqqgtr 
create stemcell
\\ or\\ 
YandexBot\\/
Command failed
error,,,\rn
invoices/
create room
Unexpected address '168427521a'
gem 'simplecov-json'
have been called at the third time with
Working with Disque ID: 
chore
foo         # match and strip path to ''n      
:minimum
\\/\\* This file automatically
!EXPANDED_PATH!
\\s\\>
polldaddy\\.com
Optioned
NJS-014: stmtCacheSize is a read-only property
:current\\b
h5\\s*{\\s*color: #ADDADD;\\s*}
Invalid patch sequence op: Key is not a number: 32
csslint
hypothetical
\\/\\\\
__CHARSET__
goodbyes doesn't match hellos
invoked oom-killer:
whatev
ignore
 [*]:asterisk 
ma\u00f1ana ma\u00f1ana
000015212561
solaris2\\.11
loadbalance_algorithm
class Users::RegistrationsController < Janus::RegistrationsController
jQuery
:\\s*error\\s*: 
###SORT_KEY_TYPE###
Cannot find module
unknown angle \"foobar\"
\\bIntel\\b
Skipping Rails initialization
#open\\b
\\bTicketCc\\b
No user named
You must supply one or more file or directory names
0 files
Quincy Adams
\\x10053
AWS Access Key ID
automatic
Something wrong with provided resources
\u00c3\u00ac
TEST_ENV_VAR=1
error stack {
Cannot extend rule bar because it is not declared in G1
hist --replay 1
they are not accepting mail from
\\/logs
chord
undefined method `initial_state'
enabledRx
Identity with name dogeid1 already exists in super-doge-network
\\#\\{INDEX\\}
C\\'h
Hello from Docker!
American to not fuss about the origin
: error:
\\u0043\\u2019
Cars
Your Typeform has no webhook URL!
\\bmd5\\b
<tr>
\\.otf
No content was passed
\\${to}
<bool>true</bool>
alive
function up
Cannot assign to read only property 'a' of object
You must use unique characters
meta name=\"description\" content=\"description from language root\"
accel
\\'\\)
permissions : group_create, group_delete, group_modify, group_modify_membership, group_modify_permissions, image_create, image_delete, image_delete_group, image_modify, image_modify_group, user_create, user_delete, user_modify, user_modify_self
My Error
invalid package name
\\}\\}\\}
shield
_\\{
Places
\\${DB}
suspended
Fehler: Bitte &uuml;berpr&uuml;fen Sie Ihre Kontonummer und Ihr Passwort
_MAX_
\"{{ color-10 }}\"
no input
DOT
module FooBar\n  class TopicsController
A problem
errno=<Smi: 1>
doesn't contain any vectors
Non-sanctioned build detected
Certificate issuance pending
warning!
b_partial
\\/public
\\{o\\}
Malformed Accept-Charset header
GitHub status is:
5678</a></td><td>1</td>
/syntax_error_into_view
editor\\/images\\/smiley\\/msn
Invalid value \"blah\" for type \"Integer\"
nonMatching
\\p{IsAlphabetic}
DISPLAY_DATA_SECTION
redux-logger
ecko
avs_zipcode>
SessionIndex
\\p{IsTitleCase}
\\/\\]
part_key:abc9876
url=
\\(action=update
Cannot get config
This description
module Bar
\\{body\\}
\\bMit\\b
error: Couldn't get node's Environment
\\{\\{builtAttrs\\}\\}
\\{\\{NAME\\}\\}
a\\Kb
orange
 class=\"\"
CA FE BA BE
ElemType
world
\\{filename\\}
<div class=\"form-group\"><div class=\"col-sm-offset-3 col-sm-9\"><input
PART
hiredis
clientMaxAge = 604800000
> <PUBCHEM_SUBSTANCE_SYNONYM>
total requests
Could not load default RDoc formatter
:p\\d
'key_id4'
->IsInt32\\(\\)
'yo2' is not a function
payment=check
version\\/6\\.
Available Commands
rtorrent_downloads_upload_rate_bytes{info_hash=\"BBBB\",name=\"bar\"} 2048
\\[1\\] uri:changelist
of GDP
recursion\\(-10\\)
\\bsub\\b
\\bRisk\\s*:\\s*
daqui a
DESTROY
DATATYPEMAP
rating
kMDItemAlbum == 'test'wc
DESC
\\bFILE
setImmediate
\\<\\!-- page cached\\: 
Acceptor received unknown communication
must be between 1 and 10
\\r\\v
OPEN
duplicate ID <test>
test_\\d\\.MP4
A business network card has not been specified
GRAPHICAL_OR_TEXT
CHARMENUTYPEMAP
clear_text_password
Got 1 polyfills for
CK
SES\\:
id=
classpath://
###OBJECT_PATH###
Duplicating arguments for 
\n 
PROGRAM_TO_RUN
%addon%
\\sday
\\Binf
Pages Example
shutting down output plugin type=:test_out plugin_id=\"test_out1\"
\\p{M}
JSVC=\\/tmp\\/jsvc\\-unix\\-src\\/jsvc
Empty string is not a valid version
\\\\sqcup 
  JSLint edition 2015-05-08
contactnameonly
formArrayName must be used with a parent formGroup directive
apiKeyRequired
poky
-\\d\\.\\d\\.\\d
 tl 
Randomized with seed 4325 \\(rake jasmine:ci\\[true,4325\\]\\)
The oven heats up\n  stack trace one\n    second line\n  stack trace two
SSLv2
i386-mingw32
/\\*+
\\?\\?\\-
\\{playlist_id\\}
 >> 0\\b
\\.editthispage\\.com
1 row
#APPLIANCE_NAME#
REPLpackageINST
operation should be an object
captcha
Cannot invoke `data` on a frozen processor
PREV
\\sselected
<h2 id=\"_blah_blah\">Blah blah</h2>
Value passed to addNode must be a node object
Sub
@Inject\\(ROUTER_PRIMARY_COMPONENT\\)
ecccurvename
activate a \\(= 2\\)
Stage 0 Upcasing
Error: Release 'app' doesn't exist
expected to broadcast exactly 1 messages to stream with a hash including
\\${lookupSetContents}
:foo => \\\"bar\\\"
You can either specify sources and destinations, or coordinates
duplicated HTTP header
Key\\:
<created-at type=\"dateTime\">2006-08-01T00:00:00Z</created-at>
<removed>
\\=\\= Sinatra
Apache::ASP::CGI
No installed version of '
\\(oid\\)
 \\) 
\\u{1F3F4}(?:\\u{E0067}\\u{E0062}(?:\\u{E0065}\\u{E006E}\\u{E0067}|\\u{E0077}\\u{E006C}\\u{E0073}|\\u{E0073}\\u{E0063}\\u{E0074})\\u{E007F}|\\u200D\\u2620\\uFE0F)|\\u{1F469}\\u200D\\u{1F469}\\u200D(?:\\u{1F466}\\u200D\\u{1F466}|\\u{1F467}\\u200D[\\u{1F466}\\u{1F467}])|\\u{1F468}(?:\\u200D(?:\\u2764\\uFE0F\\u200D(?:\\u{1F48B}\\u200D)?\\u{1F468}|[\\u{1F468}\\u{1F469}]\\u200D(?:\\u{1F466}\\u200D\\u{1F466}|\\u{1F467}\\u200D[\\u{1F466}\\u{1F467}])|\\u{1F466}\\u200D\\u{1F466}|\\u{1F467}\\u200D[\\u{1F466}\\u{1F467}]|[\\u{1F33E}\\u{1F373}\\u{1F393}\\u{1F3A4}\\u{1F3A8}\\u{1F3EB}\\u{1F3ED}\\u{1F4BB}\\u{1F4BC}\\u{1F527}\\u{1F52C}\\u{1F680}\\u{1F692}\\u{1F9B0}-\\u{1F9B3}])|[\\u{1F3FB}-\\u{1F3FF}]\\u200D[\\u{1F33E}\\u{1F373}\\u{1F393}\\u{1F3A4}\\u{1F3A8}\\u{1F3EB}\\u{1F3ED}\\u{1F4BB}\\u{1F4BC}\\u{1F527}\\u{1F52C}\\u{1F680}\\u{1F692}\\u{1F9B0}-\\u{1F9B3}])|\\u{1F469}\\u200D(?:\\u2764\\uFE0F\\u200D(?:\\u{1F48B}\\u200D[\\u{1F468}\\u{1F469}]|[\\u{1F468}\\u{1F469}])|[\\u{1F33E}\\u{1F373}\\u{1F393}\\u{1F3A4}\\u{1F3A8}\\u{1F3EB}\\u{1F3ED}\\u{1F4BB}\\u{1F4BC}\\u{1F527}\\u{1F52C}\\u{1F680}\\u{1F692}\\u{1F9B0}-\\u{1F9B3}])|\\u{1F469}\\u200D\\u{1F466}\\u200D\\u{1F466}|(?:\\u{1F441}\\uFE0F\\u200D\\u{1F5E8}|\\u{1F469}[\\u{1F3FB}-\\u{1F3FF}]\\u200D[\\u2695\\u2696\\u2708]|\\u{1F468}(?:[\\u{1F3FB}-\\u{1F3FF}]\\u200D[\\u2695\\u2696\\u2708]|\\u200D[\\u2695\\u2696\\u2708])|(?:[\\u26F9\\u{1F3CB}\\u{1F3CC}\\u{1F575}]\\uFE0F|[\\u{1F46F}\\u{1F93C}\\u{1F9DE}\\u{1F9DF}])\\u200D[\\u2640\\u2642]|[\\u26F9\\u{1F3CB}\\u{1F3CC}\\u{1F575}][\\u{1F3FB}-\\u{1F3FF}]\\u200D[\\u2640\\u2642]|[\\u{1F3C3}\\u{1F3C4}\\u{1F3CA}\\u{1F46E}\\u{1F471}\\u{1F473}\\u{1F477}\\u{1F481}\\u{1F482}\\u{1F486}\\u{1F487}\\u{1F645}-\\u{1F647}\\u{1F64B}\\u{1F64D}\\u{1F64E}\\u{1F6A3}\\u{1F6B4}-\\u{1F6B6}\\u{1F926}\\u{1F937}-\\u{1F939}\\u{1F93D}\\u{1F93E}\\u{1F9B8}\\u{1F9B9}\\u{1F9D6}-\\u{1F9DD}](?:[\\u{1F3FB}-\\u{1F3FF}]\\u200D[\\u2640\\u2642]|\\u200D[\\u2640\\u2642])|\\u{1F469}\\u200D[\\u2695\\u2696\\u2708])\\uFE0F|\\u{1F469}\\u200D\\u{1F467}\\u200D[\\u{1F466}\\u{1F467}]|\\u{1F469}\\u200D\\u{1F469}\\u200D[\\u{1F466}\\u{1F467}]|\\u{1F468}(?:\\u200D(?:[\\u{1F468}\\u{1F469}]\\u200D[\\u{1F466}\\u{1F467}]|[\\u{1F466}\\u{1F467}])|[\\u{1F3FB}-\\u{1F3FF}])|\\u{1F3F3}\\uFE0F\\u200D\\u{1F308}|\\u{1F469}\\u200D\\u{1F467}|\\u{1F469}[\\u{1F3FB}-\\u{1F3FF}]\\u200D[\\u{1F33E}\\u{1F373}\\u{1F393}\\u{1F3A4}\\u{1F3A8}\\u{1F3EB}\\u{1F3ED}\\u{1F4BB}\\u{1F4BC}\\u{1F527}\\u{1F52C}\\u{1F680}\\u{1F692}\\u{1F9B0}-\\u{1F9B3}]|\\u{1F469}\\u200D\\u{1F466}|\\u{1F1F6}\\u{1F1E6}|\\u{1F1FD}\\u{1F1F0}|\\u{1F1F4}\\u{1F1F2}|\\u{1F469}[\\u{1F3FB}-\\u{1F3FF}]|\\u{1F1ED}[\\u{1F1F0}\\u{1F1F2}\\u{1F1F3}\\u{1F1F7}\\u{1F1F9}\\u{1F1FA}]|\\u{1F1EC}[\\u{1F1E6}\\u{1F1E7}\\u{1F1E9}-\\u{1F1EE}\\u{1F1F1}-\\u{1F1F3}\\u{1F1F5}-\\u{1F1FA}\\u{1F1FC}\\u{1F1FE}]|\\u{1F1EA}[\\u{1F1E6}\\u{1F1E8}\\u{1F1EA}\\u{1F1EC}\\u{1F1ED}\\u{1F1F7}-\\u{1F1FA}]|\\u{1F1E8}[\\u{1F1E6}\\u{1F1E8}\\u{1F1E9}\\u{1F1EB}-\\u{1F1EE}\\u{1F1F0}-\\u{1F1F5}\\u{1F1F7}\\u{1F1FA}-\\u{1F1FF}]|\\u{1F1F2}[\\u{1F1E6}\\u{1F1E8}-\\u{1F1ED}\\u{1F1F0}-\\u{1F1FF}]|\\u{1F1F3}[\\u{1F1E6}\\u{1F1E8}\\u{1F1EA}-\\u{1F1EC}\\u{1F1EE}\\u{1F1F1}\\u{1F1F4}\\u{1F1F5}\\u{1F1F7}\\u{1F1FA}\\u{1F1FF}]|\\u{1F1FC}[\\u{1F1EB}\\u{1F1F8}]|\\u{1F1FA}[\\u{1F1E6}\\u{1F1EC}\\u{1F1F2}\\u{1F1F3}\\u{1F1F8}\\u{1F1FE}\\u{1F1FF}]|\\u{1F1F0}[\\u{1F1EA}\\u{1F1EC}-\\u{1F1EE}\\u{1F1F2}\\u{1F1F3}\\u{1F1F5}\\u{1F1F7}\\u{1F1FC}\\u{1F1FE}\\u{1F1FF}]|\\u{1F1EF}[\\u{1F1EA}\\u{1F1F2}\\u{1F1F4}\\u{1F1F5}]|\\u{1F1F8}[\\u{1F1E6}-\\u{1F1EA}\\u{1F1EC}-\\u{1F1F4}\\u{1F1F7}-\\u{1F1F9}\\u{1F1FB}\\u{1F1FD}-\\u{1F1FF}]|\\u{1F1EE}[\\u{1F1E8}-\\u{1F1EA}\\u{1F1F1}-\\u{1F1F4}\\u{1F1F6}-\\u{1F1F9}]|\\u{1F1FF}[\\u{1F1E6}\\u{1F1F2}\\u{1F1FC}]|\\u{1F1EB}[\\u{1F1EE}-\\u{1F1F0}\\u{1F1F2}\\u{1F1F4}\\u{1F1F7}]|\\u{1F1F5}[\\u{1F1E6}\\u{1F1EA}-\\u{1F1ED}\\u{1F1F0}-\\u{1F1F3}\\u{1F1F7}-\\u{1F1F9}\\u{1F1FC}\\u{1F1FE}]|\\u{1F1E9}[\\u{1F1EA}\\u{1F1EC}\\u{1F1EF}\\u{1F1F0}\\u{1F1F2}\\u{1F1F4}\\u{1F1FF}]|\\u{1F1F9}[\\u{1F1E6}\\u{1F1E8}\\u{1F1E9}\\u{1F1EB}-\\u{1F1ED}\\u{1F1EF}-\\u{1F1F4}\\u{1F1F7}\\u{1F1F9}\\u{1F1FB}\\u{1F1FC}\\u{1F1FF}]|\\u{1F1E7}[\\u{1F1E6}\\u{1F1E7}\\u{1F1E9}-\\u{1F1EF}\\u{1F1F1}-\\u{1F1F4}\\u{1F1F6}-\\u{1F1F9}\\u{1F1FB}\\u{1F1FC}\\u{1F1FE}\\u{1F1FF}]|[#\\*0-9]\\uFE0F\\u20E3|\\u{1F1F1}[\\u{1F1E6}-\\u{1F1E8}\\u{1F1EE}\\u{1F1F0}\\u{1F1F7}-\\u{1F1FB}\\u{1F1FE}]|\\u{1F1E6}[\\u{1F1E8}-\\u{1F1EC}\\u{1F1EE}\\u{1F1F1}\\u{1F1F2}\\u{1F1F4}\\u{1F1F6}-\\u{1F1FA}\\u{1F1FC}\\u{1F1FD}\\u{1F1FF}]|\\u{1F1F7}[\\u{1F1EA}\\u{1F1F4}\\u{1F1F8}\\u{1F1FA}\\u{1F1FC}]|\\u{1F1FB}[\\u{1F1E6}\\u{1F1E8}\\u{1F1EA}\\u{1F1EC}\\u{1F1EE}\\u{1F1F3}\\u{1F1FA}]|\\u{1F1FE}[\\u{1F1EA}\\u{1F1F9}]|[\\u{1F3C3}\\u{1F3C4}\\u{1F3CA}\\u{1F46E}\\u{1F471}\\u{1F473}\\u{1F477}\\u{1F481}\\u{1F482}\\u{1F486}\\u{1F487}\\u{1F645}-\\u{1F647}\\u{1F64B}\\u{1F64D}\\u{1F64E}\\u{1F6A3}\\u{1F6B4}-\\u{1F6B6}\\u{1F926}\\u{1F937}-\\u{1F939}\\u{1F93D}\\u{1F93E}\\u{1F9B8}\\u{1F9B9}\\u{1F9D6}-\\u{1F9DD}][\\u{1F3FB}-\\u{1F3FF}]|[\\u26F9\\u{1F3CB}\\u{1F3CC}\\u{1F575}][\\u{1F3FB}-\\u{1F3FF}]|[\\u261D\\u270A-\\u270D\\u{1F385}\\u{1F3C2}\\u{1F3C7}\\u{1F442}\\u{1F443}\\u{1F446}-\\u{1F450}\\u{1F466}\\u{1F467}\\u{1F470}\\u{1F472}\\u{1F474}-\\u{1F476}\\u{1F478}\\u{1F47C}\\u{1F483}\\u{1F485}\\u{1F4AA}\\u{1F574}\\u{1F57A}\\u{1F590}\\u{1F595}\\u{1F596}\\u{1F64C}\\u{1F64F}\\u{1F6C0}\\u{1F6CC}\\u{1F918}-\\u{1F91C}\\u{1F91E}\\u{1F91F}\\u{1F930}-\\u{1F936}\\u{1F9B5}\\u{1F9B6}\\u{1F9D1}-\\u{1F9D5}][\\u{1F3FB}-\\u{1F3FF}]|[\\u231A\\u231B\\u23E9-\\u23EC\\u23F0\\u23F3\\u25FD\\u25FE\\u2614\\u2615\\u2648-\\u2653\\u267F\\u2693\\u26A1\\u26AA\\u26AB\\u26BD\\u26BE\\u26C4\\u26C5\\u26CE\\u26D4\\u26EA\\u26F2\\u26F3\\u26F5\\u26FA\\u26FD\\u2705\\u270A\\u270B\\u2728\\u274C\\u274E\\u2753-\\u2755\\u2757\\u2795-\\u2797\\u27B0\\u27BF\\u2B1B\\u2B1C\\u2B50\\u2B55\\u{1F004}\\u{1F0CF}\\u{1F18E}\\u{1F191}-\\u{1F19A}\\u{1F1E6}-\\u{1F1FF}\\u{1F201}\\u{1F21A}\\u{1F22F}\\u{1F232}-\\u{1F236}\\u{1F238}-\\u{1F23A}\\u{1F250}\\u{1F251}\\u{1F300}-\\u{1F320}\\u{1F32D}-\\u{1F335}\\u{1F337}-\\u{1F37C}\\u{1F37E}-\\u{1F393}\\u{1F3A0}-\\u{1F3CA}\\u{1F3CF}-\\u{1F3D3}\\u{1F3E0}-\\u{1F3F0}\\u{1F3F4}\\u{1F3F8}-\\u{1F43E}\\u{1F440}\\u{1F442}-\\u{1F4FC}\\u{1F4FF}-\\u{1F53D}\\u{1F54B}-\\u{1F54E}\\u{1F550}-\\u{1F567}\\u{1F57A}\\u{1F595}\\u{1F596}\\u{1F5A4}\\u{1F5FB}-\\u{1F64F}\\u{1F680}-\\u{1F6C5}\\u{1F6CC}\\u{1F6D0}-\\u{1F6D2}\\u{1F6EB}\\u{1F6EC}\\u{1F6F4}-\\u{1F6F9}\\u{1F910}-\\u{1F93A}\\u{1F93C}-\\u{1F93E}\\u{1F940}-\\u{1F945}\\u{1F947}-\\u{1F970}\\u{1F973}-\\u{1F976}\\u{1F97A}\\u{1F97C}-\\u{1F9A2}\\u{1F9B0}-\\u{1F9B9}\\u{1F9C0}-\\u{1F9C2}\\u{1F9D0}-\\u{1F9FF}]|[#\\*0-9\\xA9\\xAE\\u203C\\u2049\\u2122\\u2139\\u2194-\\u2199\\u21A9\\u21AA\\u231A\\u231B\\u2328\\u23CF\\u23E9-\\u23F3\\u23F8-\\u23FA\\u24C2\\u25AA\\u25AB\\u25B6\\u25C0\\u25FB-\\u25FE\\u2600-\\u2604\\u260E\\u2611\\u2614\\u2615\\u2618\\u261D\\u2620\\u2622\\u2623\\u2626\\u262A\\u262E\\u262F\\u2638-\\u263A\\u2640\\u2642\\u2648-\\u2653\\u265F\\u2660\\u2663\\u2665\\u2666\\u2668\\u267B\\u267E\\u267F\\u2692-\\u2697\\u2699\\u269B\\u269C\\u26A0\\u26A1\\u26AA\\u26AB\\u26B0\\u26B1\\u26BD\\u26BE\\u26C4\\u26C5\\u26C8\\u26CE\\u26CF\\u26D1\\u26D3\\u26D4\\u26E9\\u26EA\\u26F0-\\u26F5\\u26F7-\\u26FA\\u26FD\\u2702\\u2705\\u2708-\\u270D\\u270F\\u2712\\u2714\\u2716\\u271D\\u2721\\u2728\\u2733\\u2734\\u2744\\u2747\\u274C\\u274E\\u2753-\\u2755\\u2757\\u2763\\u2764\\u2795-\\u2797\\u27A1\\u27B0\\u27BF\\u2934\\u2935\\u2B05-\\u2B07\\u2B1B\\u2B1C\\u2B50\\u2B55\\u3030\\u303D\\u3297\\u3299\\u{1F004}\\u{1F0CF}\\u{1F170}\\u{1F171}\\u{1F17E}\\u{1F17F}\\u{1F18E}\\u{1F191}-\\u{1F19A}\\u{1F1E6}-\\u{1F1FF}\\u{1F201}\\u{1F202}\\u{1F21A}\\u{1F22F}\\u{1F232}-\\u{1F23A}\\u{1F250}\\u{1F251}\\u{1F300}-\\u{1F321}\\u{1F324}-\\u{1F393}\\u{1F396}\\u{1F397}\\u{1F399}-\\u{1F39B}\\u{1F39E}-\\u{1F3F0}\\u{1F3F3}-\\u{1F3F5}\\u{1F3F7}-\\u{1F4FD}\\u{1F4FF}-\\u{1F53D}\\u{1F549}-\\u{1F54E}\\u{1F550}-\\u{1F567}\\u{1F56F}\\u{1F570}\\u{1F573}-\\u{1F57A}\\u{1F587}\\u{1F58A}-\\u{1F58D}\\u{1F590}\\u{1F595}\\u{1F596}\\u{1F5A4}\\u{1F5A5}\\u{1F5A8}\\u{1F5B1}\\u{1F5B2}\\u{1F5BC}\\u{1F5C2}-\\u{1F5C4}\\u{1F5D1}-\\u{1F5D3}\\u{1F5DC}-\\u{1F5DE}\\u{1F5E1}\\u{1F5E3}\\u{1F5E8}\\u{1F5EF}\\u{1F5F3}\\u{1F5FA}-\\u{1F64F}\\u{1F680}-\\u{1F6C5}\\u{1F6CB}-\\u{1F6D2}\\u{1F6E0}-\\u{1F6E5}\\u{1F6E9}\\u{1F6EB}\\u{1F6EC}\\u{1F6F0}\\u{1F6F3}-\\u{1F6F9}\\u{1F910}-\\u{1F93A}\\u{1F93C}-\\u{1F93E}\\u{1F940}-\\u{1F945}\\u{1F947}-\\u{1F970}\\u{1F973}-\\u{1F976}\\u{1F97A}\\u{1F97C}-\\u{1F9A2}\\u{1F9B0}-\\u{1F9B9}\\u{1F9C0}-\\u{1F9C2}\\u{1F9D0}-\\u{1F9FF}]\\uFE0F?|[\\u261D\\u26F9\\u270A-\\u270D\\u{1F385}\\u{1F3C2}-\\u{1F3C4}\\u{1F3C7}\\u{1F3CA}-\\u{1F3CC}\\u{1F442}\\u{1F443}\\u{1F446}-\\u{1F450}\\u{1F466}-\\u{1F469}\\u{1F46E}\\u{1F470}-\\u{1F478}\\u{1F47C}\\u{1F481}-\\u{1F483}\\u{1F485}-\\u{1F487}\\u{1F4AA}\\u{1F574}\\u{1F575}\\u{1F57A}\\u{1F590}\\u{1F595}\\u{1F596}\\u{1F645}-\\u{1F647}\\u{1F64B}-\\u{1F64F}\\u{1F6A3}\\u{1F6B4}-\\u{1F6B6}\\u{1F6C0}\\u{1F6CC}\\u{1F918}-\\u{1F91C}\\u{1F91E}\\u{1F91F}\\u{1F926}\\u{1F930}-\\u{1F939}\\u{1F93D}\\u{1F93E}\\u{1F9B5}\\u{1F9B6}\\u{1F9B8}\\u{1F9B9}\\u{1F9D1}-\\u{1F9DD}]
Expecting a Hash
\u00e1\u00bd\u009f
-Infinity
near \\\"NaN\\\": syntax error
Connection is in monitoring mode
@LANGSCAN_LANGNAME_TOKEN_LIST@
Jobs
are unsupported
AMPDOC_HOSTNAME
can't find split column
MAX_CHARS
test_project\\.html
CheckViolation
does not match with value '-1'
\\bearth\\sday\\b
qunit\\/test\\/path3
static-bypass
LIMIT 1
var piwikTracker = Piwik\\.getTracker\\(
\\[\n\\t\\t\\{
resources\\(:headers\\) { post :batch, on: :collection }
did not find a value for the name 'empty_yaml::a'
region: 'us-west-1'
serialNumber=
non-string value
BRICK_FONT_MONOSPACE
\\.font\\.js
\\s*CodeMirror-sided\\s*
Your search for
#logicTable#
The method #set_enclosure_group is unavailable for this resource
a0
system preferences
a\\{10,12}
\\/\\xf6\\/t
duplicate column name
No template found
Cantonese
One or more suite errors
d/x
http://api-public\\.netflix\\.com/users/nuid_one/queues/disc/available
page\\.foo\\.bar\\.quux
 \\s* [|] \\s* 
testEnv \\(function \\(TestingNewController, TestingNewService\\) \\{
test-dep
#D9CB9E
kitchen-
Attempt to unlock a mutex
hospitales-pts
NOW_TIME
Authorization:
\\G\\s*#\\s*
\\{currentPage\\}
crypt
11>1>0
data must not be empty
#Correct!
Function \"hello\" with version \"4711\" not found
my-module
export default
\\bmidnight\\b
___PSEUDOCLASSCOLON___
is currently available for Registration
__PASS__
WITH TIME ZONE
#FWSDomain#
</NAF>
cd \\/usr\\/ports\\/lang\\/ruby && make BATCH=yes install clean
bad file descriptor
 AA;
transaction expected a function
{refto}
Problem running RetireJS
char><basen>\\s<
index\\.js
ethernet0 ip address: 192\\.168\\.1\\.10
division
Invalid date\\/time
IsNotValidPatternAvailableProperty is not a valid AutomationProperty
PROCESSOR only applies to telemetry packets
{\n
default_order
hello 1 baby
Hello, Janet!
\\{wi\\}
expected to find xpath \"//h2\" but there were no matches
ACTIVE
suf_like
__TWEE_VERSION__
::content
nytprofhtml
Expecting queryFn to be a function
&amp;delend;
STORE
didn't contain changes
\\x{062B}\\x{0651}
\\{\\{FILE\\}\\}
SomethingBad
basen><char>]<
~summary~
file_2
\\<dt\\>
length not 4
Implementation
Nickname already in use
/401/
19
\\-lGeoIP\\b
1 argument given, 3 to 5 expected
\\<no\\>
\\d
model is already bound
rgba\\(0,\\s*0,\\s*255
vuetify
d\\d\\d\\d\\d\\d
{start-jodit-selection}
Another customer
require\\(\\\"\\.\\/e\\.html\\.twig\\\"\\);
Expected run_loop to have a truthy value for :pid
FileService already contains model file with ID: 1
<td>222<\\/td>
Unsupported build target
the watircuke page
testok
The-update-parameter
\\\\v\\{z\\}
\\bfill\\b
rel=\"canonical\"
root:x:0
__dir__ = 
<\\/span><!--1-->
No product categories found
config\\.i18n\\.available_locales = \\[\\'pt-BR\\', \\'en\\'\\]
NDBM
Javascript rendering complete for client-side route #!test
mount ActiveAdmin::Tinymce::Engine => '\\/', as: 'admin_editor'
Geoloqi::Session
</tr>
first argument must be a string or Buffer
goog\\.i18n\\.pluralRules\\.decimals_
m=audio
MQ Light\\-gs
GN
\\[warn\\]: Missing documentation for Puppet class 'foo' at \\(stdin\\):1\\.
<created-at type=\\\"datetime\\\">2006-08-01T00:00:00Z</created-at>
alkaline
extra field
</dd>
require 'tumbler'\nTumbler\\.use_rake_tasks
Invalid session key - Please re-authenticate
Cannot implicitly convert a Fraction to BigNumber
NI_PONG
placeholder=\"test\"
\\bADDON_DOCS_SEGMENT_COUNT\\b
{{template-text}}
\\bEspial Browser\\b
efgh
Must set
PLOTSTYLE
Daemons already started! PIDS: 
1005
guitar
a\\/b compare too short
keyword><function>stateCompare<
imageExplode
This domain is available for registration
\\bFoo::Bar#initialize\\b
JSONRPC::Client
App::PDRUtils::SingleCmd::
page\\.foo\\.bar\\.baz
#bii
Created lambda: 
pattern must not be empty
:wrong version number
Date: 
The query compiler cannot compile condition operators that do not have an identifier and a literal
Series30Plus;
invalid duration value
Verify error:unable to get local issuer certificate
pop3d: 
should have been asked if changed\\? 2 times, but was asked 1 time
redis\\:\\/\\/
Faked response found
Jones
xtr=Emf00005
number
visa             
#name#
racecar\\.jpg
NotInitializable is not a coercable type
hex
remove_reference :books, :author
CheckPoint
require\\('react-native'\\)\\.Platform\\.OS
\\[a\\]
{{dropDownMenuMonth5DateNumber}}
_boxjs_at
skip cannot be used with distinct
monday
--service-account-private-key-file
GEMSET
MAC verified OK
with a block
destroyallsoftware
The property '#/target' of type object did not match any of the required schemas
ENGINE=MyISAM
must not have a leading zero
Applying IncreaseInsulationRValueForExteriorWallsByPercentage
\\.ft\\.
TTPCom
hello world new file
agent can't call broadcast before server started
the state
#version 300 es
Tag_ABI_VFP_args
bsd
__react__vue__createElement
gitdocs-app
control bone
define \\[\"cs!routers\\/foo\"\\], \\(FooRouter\\)
\\#\\#BORDERS\\#\\#
Can only add properties to JSON objects
\\(\\?\\{
_discover_
%USERCONFIG%
Identifying fields cannot be optional
\\\\Leftrightarrow 
\"\\]
response 404 status
_pdiffdiff\\u005f
--> #4  <module:Byebug> at 
&rdquo;
/images/
\\p{Script_Extensions=Hang}+
amp_latest_update_time
\\s*,\\s*:
'\\{
SC\\.TEMPLATES\\[\"template\"\\] =
\"number\":
module-production-mod1-hiera
gimp-
\\<code\\>
descending=true
&ui-state=dialog
Already disposed
town of birth
require\\('assert'\\)
\\[bboxSouth\\]
expires=
\\(\\s*unset\\s*\\)
weak
\\[EXT\\]
3 success, 3 assertions
Node for guard resource parent must not be nil
<STX>
&plusmn;
song
Event 054
ModelBinding
transacted_at
expect keyword then
mode=c
avant
process\\.env\\.NODE_ENV
\\[\\[OUT_LIST_ASSIGN\\]\\]
metadata\\[this_is_a_random_key_name\\]=with\\+a\\+random\\+value
Multiple_namevar\\[foo\\]/ensure: undefined 'ensure' from 'present'
Missing operator name
\\.woff
\\\\ding\\{85\\}
<!\\[endif]-->
\\s->\\s
up to date
^(\\uD83C\\uDFF4(?:\\uDB40\\uDC67\\uDB40\\uDC62(?:\\uDB40\\uDC65\\uDB40\\uDC6E\\uDB40\\uDC67|\\uDB40\\uDC77\\uDB40\\uDC6C\\uDB40\\uDC73|\\uDB40\\uDC73\\uDB40\\uDC63\\uDB40\\uDC74)\\uDB40\\uDC7F|\\u200D\\u2620\\uFE0F)|\\uD83D\\uDC69\\u200D\\uD83D\\uDC69\\u200D(?:\\uD83D\\uDC66\\u200D\\uD83D\\uDC66|\\uD83D\\uDC67\\u200D(?:\\uD83D[\\uDC66\\uDC67]))|\\uD83D\\uDC68(?:\\u200D(?:\\u2764\\uFE0F\\u200D(?:\\uD83D\\uDC8B\\u200D)?\\uD83D\\uDC68|(?:\\uD83D[\\uDC68\\uDC69])\\u200D(?:\\uD83D\\uDC66\\u200D\\uD83D\\uDC66|\\uD83D\\uDC67\\u200D(?:\\uD83D[\\uDC66\\uDC67]))|\\uD83D\\uDC66\\u200D\\uD83D\\uDC66|\\uD83D\\uDC67\\u200D(?:\\uD83D[\\uDC66\\uDC67])|\\uD83C[\\uDF3E\\uDF73\\uDF93\\uDFA4\\uDFA8\\uDFEB\\uDFED]|\\uD83D[\\uDCBB\\uDCBC\\uDD27\\uDD2C\\uDE80\\uDE92]|\\uD83E[\\uDDB0-\\uDDB3])|(?:\\uD83C[\\uDFFB-\\uDFFF])\\u200D(?:\\uD83C[\\uDF3E\\uDF73\\uDF93\\uDFA4\\uDFA8\\uDFEB\\uDFED]|\\uD83D[\\uDCBB\\uDCBC\\uDD27\\uDD2C\\uDE80\\uDE92]|\\uD83E[\\uDDB0-\\uDDB3]))|\\uD83D\\uDC69\\u200D(?:\\u2764\\uFE0F\\u200D(?:\\uD83D\\uDC8B\\u200D(?:\\uD83D[\\uDC68\\uDC69])|\\uD83D[\\uDC68\\uDC69])|\\uD83C[\\uDF3E\\uDF73\\uDF93\\uDFA4\\uDFA8\\uDFEB\\uDFED]|\\uD83D[\\uDCBB\\uDCBC\\uDD27\\uDD2C\\uDE80\\uDE92]|\\uD83E[\\uDDB0-\\uDDB3])|\\uD83D\\uDC69\\u200D\\uD83D\\uDC66\\u200D\\uD83D\\uDC66|(?:\\uD83D\\uDC41\\uFE0F\\u200D\\uD83D\\uDDE8|\\uD83D\\uDC69(?:\\uD83C[\\uDFFB-\\uDFFF])\\u200D[\\u2695\\u2696\\u2708]|\\uD83D\\uDC68(?:(?:\\uD83C[\\uDFFB-\\uDFFF])\\u200D[\\u2695\\u2696\\u2708]|\\u200D[\\u2695\\u2696\\u2708])|(?:(?:\\u26F9|\\uD83C[\\uDFCB\\uDFCC]|\\uD83D\\uDD75)\\uFE0F|\\uD83D\\uDC6F|\\uD83E[\\uDD3C\\uDDDE\\uDDDF])\\u200D[\\u2640\\u2642]|(?:\\u26F9|\\uD83C[\\uDFCB\\uDFCC]|\\uD83D\\uDD75)(?:\\uD83C[\\uDFFB-\\uDFFF])\\u200D[\\u2640\\u2642]|(?:\\uD83C[\\uDFC3\\uDFC4\\uDFCA]|\\uD83D[\\uDC6E\\uDC71\\uDC73\\uDC77\\uDC81\\uDC82\\uDC86\\uDC87\\uDE45-\\uDE47\\uDE4B\\uDE4D\\uDE4E\\uDEA3\\uDEB4-\\uDEB6]|\\uD83E[\\uDD26\\uDD37-\\uDD39\\uDD3D\\uDD3E\\uDDB8\\uDDB9\\uDDD6-\\uDDDD])(?:(?:\\uD83C[\\uDFFB-\\uDFFF])\\u200D[\\u2640\\u2642]|\\u200D[\\u2640\\u2642])|\\uD83D\\uDC69\\u200D[\\u2695\\u2696\\u2708])\\uFE0F|\\uD83D\\uDC69\\u200D\\uD83D\\uDC67\\u200D(?:\\uD83D[\\uDC66\\uDC67])|\\uD83D\\uDC69\\u200D\\uD83D\\uDC69\\u200D(?:\\uD83D[\\uDC66\\uDC67])|\\uD83D\\uDC68(?:\\u200D(?:(?:\\uD83D[\\uDC68\\uDC69])\\u200D(?:\\uD83D[\\uDC66\\uDC67])|\\uD83D[\\uDC66\\uDC67])|\\uD83C[\\uDFFB-\\uDFFF])|\\uD83C\\uDFF3\\uFE0F\\u200D\\uD83C\\uDF08|\\uD83D\\uDC69\\u200D\\uD83D\\uDC67|\\uD83D\\uDC69(?:\\uD83C[\\uDFFB-\\uDFFF])\\u200D(?:\\uD83C[\\uDF3E\\uDF73\\uDF93\\uDFA4\\uDFA8\\uDFEB\\uDFED]|\\uD83D[\\uDCBB\\uDCBC\\uDD27\\uDD2C\\uDE80\\uDE92]|\\uD83E[\\uDDB0-\\uDDB3])|\\uD83D\\uDC69\\u200D\\uD83D\\uDC66|\\uD83C\\uDDF6\\uD83C\\uDDE6|\\uD83C\\uDDFD\\uD83C\\uDDF0|\\uD83C\\uDDF4\\uD83C\\uDDF2|\\uD83D\\uDC69(?:\\uD83C[\\uDFFB-\\uDFFF])|\\uD83C\\uDDED(?:\\uD83C[\\uDDF0\\uDDF2\\uDDF3\\uDDF7\\uDDF9\\uDDFA])|\\uD83C\\uDDEC(?:\\uD83C[\\uDDE6\\uDDE7\\uDDE9-\\uDDEE\\uDDF1-\\uDDF3\\uDDF5-\\uDDFA\\uDDFC\\uDDFE])|\\uD83C\\uDDEA(?:\\uD83C[\\uDDE6\\uDDE8\\uDDEA\\uDDEC\\uDDED\\uDDF7-\\uDDFA])|\\uD83C\\uDDE8(?:\\uD83C[\\uDDE6\\uDDE8\\uDDE9\\uDDEB-\\uDDEE\\uDDF0-\\uDDF5\\uDDF7\\uDDFA-\\uDDFF])|\\uD83C\\uDDF2(?:\\uD83C[\\uDDE6\\uDDE8-\\uDDED\\uDDF0-\\uDDFF])|\\uD83C\\uDDF3(?:\\uD83C[\\uDDE6\\uDDE8\\uDDEA-\\uDDEC\\uDDEE\\uDDF1\\uDDF4\\uDDF5\\uDDF7\\uDDFA\\uDDFF])|\\uD83C\\uDDFC(?:\\uD83C[\\uDDEB\\uDDF8])|\\uD83C\\uDDFA(?:\\uD83C[\\uDDE6\\uDDEC\\uDDF2\\uDDF3\\uDDF8\\uDDFE\\uDDFF])|\\uD83C\\uDDF0(?:\\uD83C[\\uDDEA\\uDDEC-\\uDDEE\\uDDF2\\uDDF3\\uDDF5\\uDDF7\\uDDFC\\uDDFE\\uDDFF])|\\uD83C\\uDDEF(?:\\uD83C[\\uDDEA\\uDDF2\\uDDF4\\uDDF5])|\\uD83C\\uDDF8(?:\\uD83C[\\uDDE6-\\uDDEA\\uDDEC-\\uDDF4\\uDDF7-\\uDDF9\\uDDFB\\uDDFD-\\uDDFF])|\\uD83C\\uDDEE(?:\\uD83C[\\uDDE8-\\uDDEA\\uDDF1-\\uDDF4\\uDDF6-\\uDDF9])|\\uD83C\\uDDFF(?:\\uD83C[\\uDDE6\\uDDF2\\uDDFC])|\\uD83C\\uDDEB(?:\\uD83C[\\uDDEE-\\uDDF0\\uDDF2\\uDDF4\\uDDF7])|\\uD83C\\uDDF5(?:\\uD83C[\\uDDE6\\uDDEA-\\uDDED\\uDDF0-\\uDDF3\\uDDF7-\\uDDF9\\uDDFC\\uDDFE])|\\uD83C\\uDDE9(?:\\uD83C[\\uDDEA\\uDDEC\\uDDEF\\uDDF0\\uDDF2\\uDDF4\\uDDFF])|\\uD83C\\uDDF9(?:\\uD83C[\\uDDE6\\uDDE8\\uDDE9\\uDDEB-\\uDDED\\uDDEF-\\uDDF4\\uDDF7\\uDDF9\\uDDFB\\uDDFC\\uDDFF])|\\uD83C\\uDDE7(?:\\uD83C[\\uDDE6\\uDDE7\\uDDE9-\\uDDEF\\uDDF1-\\uDDF4\\uDDF6-\\uDDF9\\uDDFB\\uDDFC\\uDDFE\\uDDFF])|[#\\*0-9]\\uFE0F\\u20E3|\\uD83C\\uDDF1(?:\\uD83C[\\uDDE6-\\uDDE8\\uDDEE\\uDDF0\\uDDF7-\\uDDFB\\uDDFE])|\\uD83C\\uDDE6(?:\\uD83C[\\uDDE8-\\uDDEC\\uDDEE\\uDDF1\\uDDF2\\uDDF4\\uDDF6-\\uDDFA\\uDDFC\\uDDFD\\uDDFF])|\\uD83C\\uDDF7(?:\\uD83C[\\uDDEA\\uDDF4\\uDDF8\\uDDFA\\uDDFC])|\\uD83C\\uDDFB(?:\\uD83C[\\uDDE6\\uDDE8\\uDDEA\\uDDEC\\uDDEE\\uDDF3\\uDDFA])|\\uD83C\\uDDFE(?:\\uD83C[\\uDDEA\\uDDF9])|(?:\\uD83C[\\uDFC3\\uDFC4\\uDFCA]|\\uD83D[\\uDC6E\\uDC71\\uDC73\\uDC77\\uDC81\\uDC82\\uDC86\\uDC87\\uDE45-\\uDE47\\uDE4B\\uDE4D\\uDE4E\\uDEA3\\uDEB4-\\uDEB6]|\\uD83E[\\uDD26\\uDD37-\\uDD39\\uDD3D\\uDD3E\\uDDB8\\uDDB9\\uDDD6-\\uDDDD])(?:\\uD83C[\\uDFFB-\\uDFFF])|(?:\\u26F9|\\uD83C[\\uDFCB\\uDFCC]|\\uD83D\\uDD75)(?:\\uD83C[\\uDFFB-\\uDFFF])|(?:[\\u261D\\u270A-\\u270D]|\\uD83C[\\uDF85\\uDFC2\\uDFC7]|\\uD83D[\\uDC42\\uDC43\\uDC46-\\uDC50\\uDC66\\uDC67\\uDC70\\uDC72\\uDC74-\\uDC76\\uDC78\\uDC7C\\uDC83\\uDC85\\uDCAA\\uDD74\\uDD7A\\uDD90\\uDD95\\uDD96\\uDE4C\\uDE4F\\uDEC0\\uDECC]|\\uD83E[\\uDD18-\\uDD1C\\uDD1E\\uDD1F\\uDD30-\\uDD36\\uDDB5\\uDDB6\\uDDD1-\\uDDD5])(?:\\uD83C[\\uDFFB-\\uDFFF])|(?:[\\u231A\\u231B\\u23E9-\\u23EC\\u23F0\\u23F3\\u25FD\\u25FE\\u2614\\u2615\\u2648-\\u2653\\u267F\\u2693\\u26A1\\u26AA\\u26AB\\u26BD\\u26BE\\u26C4\\u26C5\\u26CE\\u26D4\\u26EA\\u26F2\\u26F3\\u26F5\\u26FA\\u26FD\\u2705\\u270A\\u270B\\u2728\\u274C\\u274E\\u2753-\\u2755\\u2757\\u2795-\\u2797\\u27B0\\u27BF\\u2B1B\\u2B1C\\u2B50\\u2B55]|\\uD83C[\\uDC04\\uDCCF\\uDD8E\\uDD91-\\uDD9A\\uDDE6-\\uDDFF\\uDE01\\uDE1A\\uDE2F\\uDE32-\\uDE36\\uDE38-\\uDE3A\\uDE50\\uDE51\\uDF00-\\uDF20\\uDF2D-\\uDF35\\uDF37-\\uDF7C\\uDF7E-\\uDF93\\uDFA0-\\uDFCA\\uDFCF-\\uDFD3\\uDFE0-\\uDFF0\\uDFF4\\uDFF8-\\uDFFF]|\\uD83D[\\uDC00-\\uDC3E\\uDC40\\uDC42-\\uDCFC\\uDCFF-\\uDD3D\\uDD4B-\\uDD4E\\uDD50-\\uDD67\\uDD7A\\uDD95\\uDD96\\uDDA4\\uDDFB-\\uDE4F\\uDE80-\\uDEC5\\uDECC\\uDED0-\\uDED2\\uDEEB\\uDEEC\\uDEF4-\\uDEF9]|\\uD83E[\\uDD10-\\uDD3A\\uDD3C-\\uDD3E\\uDD40-\\uDD45\\uDD47-\\uDD70\\uDD73-\\uDD76\\uDD7A\\uDD7C-\\uDDA2\\uDDB0-\\uDDB9\\uDDC0-\\uDDC2\\uDDD0-\\uDDFF])|(?:[#\\*0-9\\xA9\\xAE\\u203C\\u2049\\u2122\\u2139\\u2194-\\u2199\\u21A9\\u21AA\\u231A\\u231B\\u2328\\u23CF\\u23E9-\\u23F3\\u23F8-\\u23FA\\u24C2\\u25AA\\u25AB\\u25B6\\u25C0\\u25FB-\\u25FE\\u2600-\\u2604\\u260E\\u2611\\u2614\\u2615\\u2618\\u261D\\u2620\\u2622\\u2623\\u2626\\u262A\\u262E\\u262F\\u2638-\\u263A\\u2640\\u2642\\u2648-\\u2653\\u265F\\u2660\\u2663\\u2665\\u2666\\u2668\\u267B\\u267E\\u267F\\u2692-\\u2697\\u2699\\u269B\\u269C\\u26A0\\u26A1\\u26AA\\u26AB\\u26B0\\u26B1\\u26BD\\u26BE\\u26C4\\u26C5\\u26C8\\u26CE\\u26CF\\u26D1\\u26D3\\u26D4\\u26E9\\u26EA\\u26F0-\\u26F5\\u26F7-\\u26FA\\u26FD\\u2702\\u2705\\u2708-\\u270D\\u270F\\u2712\\u2714\\u2716\\u271D\\u2721\\u2728\\u2733\\u2734\\u2744\\u2747\\u274C\\u274E\\u2753-\\u2755\\u2757\\u2763\\u2764\\u2795-\\u2797\\u27A1\\u27B0\\u27BF\\u2934\\u2935\\u2B05-\\u2B07\\u2B1B\\u2B1C\\u2B50\\u2B55\\u3030\\u303D\\u3297\\u3299]|\\uD83C[\\uDC04\\uDCCF\\uDD70\\uDD71\\uDD7E\\uDD7F\\uDD8E\\uDD91-\\uDD9A\\uDDE6-\\uDDFF\\uDE01\\uDE02\\uDE1A\\uDE2F\\uDE32-\\uDE3A\\uDE50\\uDE51\\uDF00-\\uDF21\\uDF24-\\uDF93\\uDF96\\uDF97\\uDF99-\\uDF9B\\uDF9E-\\uDFF0\\uDFF3-\\uDFF5\\uDFF7-\\uDFFF]|\\uD83D[\\uDC00-\\uDCFD\\uDCFF-\\uDD3D\\uDD49-\\uDD4E\\uDD50-\\uDD67\\uDD6F\\uDD70\\uDD73-\\uDD7A\\uDD87\\uDD8A-\\uDD8D\\uDD90\\uDD95\\uDD96\\uDDA4\\uDDA5\\uDDA8\\uDDB1\\uDDB2\\uDDBC\\uDDC2-\\uDDC4\\uDDD1-\\uDDD3\\uDDDC-\\uDDDE\\uDDE1\\uDDE3\\uDDE8\\uDDEF\\uDDF3\\uDDFA-\\uDE4F\\uDE80-\\uDEC5\\uDECB-\\uDED2\\uDEE0-\\uDEE5\\uDEE9\\uDEEB\\uDEEC\\uDEF0\\uDEF3-\\uDEF9]|\\uD83E[\\uDD10-\\uDD3A\\uDD3C-\\uDD3E\\uDD40-\\uDD45\\uDD47-\\uDD70\\uDD73-\\uDD76\\uDD7A\\uDD7C-\\uDDA2\\uDDB0-\\uDDB9\\uDDC0-\\uDDC2\\uDDD0-\\uDDFF])\\uFE0F|(?:[\\u261D\\u26F9\\u270A-\\u270D]|\\uD83C[\\uDF85\\uDFC2-\\uDFC4\\uDFC7\\uDFCA-\\uDFCC]|\\uD83D[\\uDC42\\uDC43\\uDC46-\\uDC50\\uDC66-\\uDC69\\uDC6E\\uDC70-\\uDC78\\uDC7C\\uDC81-\\uDC83\\uDC85-\\uDC87\\uDCAA\\uDD74\\uDD75\\uDD7A\\uDD90\\uDD95\\uDD96\\uDE45-\\uDE47\\uDE4B-\\uDE4F\\uDEA3\\uDEB4-\\uDEB6\\uDEC0\\uDECC]|\\uD83E[\\uDD18-\\uDD1C\\uDD1E\\uDD1F\\uDD26\\uDD30-\\uDD39\\uDD3D\\uDD3E\\uDDB5\\uDDB6\\uDDB8\\uDDB9\\uDDD1-\\uDDDD]))
should have been asked if changed\\? with `1, \"2\"', but was never asked
Stochator
<file\\s
type=crazy
\\}?\\}\\}
universal-cli
\u00e7\u0099\u00be\u00e5\u00ba\u00a6\u00e5\u00bf\u00ab\u00e7\u0085\u00a7
50% they start to show sign
Magnesium
const foobar = require\\('\\.\\/Foobar'\\)
rejected
funcs
<\\sentence>\n
IPHONEOS_DEPLOYMENT_TARGET
'sequences' must be of type sequence-grid
\\ss\\s
ApplicationException
WAIT: INST HEALTH_STATUS ARY2\\[7\\] was within range
\\bPASCAL\\b
SHOW tables
{\\\\\"a}
PLUGINS_DIR
unenroll
setvar
\"name\": \"webtest\"
JavaScript strict warning: resource:\\/\\/\\/modules\\/sessionstore\\/SessionStore\\.jsm
shouldn't have been asked if changed\\?, but was asked 2 times
application\\/x\\-bz2
GENERIC
GRANT USAGE ON
<symbol
girafabot
dependency
[*]a
One or more values are prohibited by the validation rule
unexpected spaces or new lines after binary operator
option=value
lbtnConfirm
inoreader
\\/https
\\u025b\\u0302
\\bparents\\b
ax
review-date
Invalid ignore regexp for File\\[/tmp/awesome\\] parameters::mode
www\\.example\\.org
 \\& 
blacklisted
connect with {\"user\"=>\"arjdbc\", \"password\"=>\"arjdbc\"} failed
on-function-in-javascript[.]md
\"timestamp\":\"
G\u00fcltigkeitsdauer der Zulassung
unable to get membership
'019'
execvp
<stp>
D\\s
\\[\"hi\"\\]
\u00e1\u00bc\u00b8
\\{action\\.subscribeUrl\\}
SHOT
is safely replaced
\\/organizations\\/
java\\.io\\.IOException: 
wait_for_launch
<pre>Cannot GET \\/foo\\/bar<\\/pre>
The callback parameter, if specified, must be the callback function
blatFish
Toronto_Blue_Jays
VALID
Undefined Step: \\[Blah blah blah\\]
expected to find field \"No such Field\"
oxshopid
attempting to combine different
\\? Skipping dumping the Composer autoloader
Minified CSS from 0 KB to 0 KB
jsdom
not delegated
VIVA 2
<<<TABLENAME>>>
<nationality>unknown</nationality>
 VALUES \\('0'\\)
\u00a71
i\u00ea
-lthread
page=4
CFLAGS = -O3
\\/style
No service_ticket specified
Found deprecated symbol \"HIDE_ANIMATION\"
fork\\(
require 'test\\/gem'
&perp;
Needed a single revision
Required->
gnome
_handleUpDownKey
cpf
Dash is unexpected at this time
invalid json response body
10\\.
\\bchbh=8,6\\b
Python-urllib
outputDir\\/outputDir\\.abcdef123456\\.png
No
ng2 doesn't implement controller
\\p{IDST}
plugin method
\"language\" must be an object
{{installedVersion}}
ImageLiteral
No \"Hero\" update data
width: 20px;
\\/output
Creating new module:
\\G \\} 
Ghost uses direct mail
end_dt
hdtv
ctrl-c received, stopping current program
\"Browser client is out of date
\\\\Rrightarrow 
Gigabyte
diggs
Provided colors should be a valid quantize scale providing a 'domain\\(\\)' function
nonce
\u00e3\u0081\u0093\u00e3\u0081\u00a9\u00e3\u0082\u0082
fixtures
class RefreshCountersJob < ApplicationJob
setIn\\(\\) with undefined state
!\\s*IE(\\s*\\d+){0}
\\bbegin\\b
EXISTS\\b
NodeConnection\\(Todo\\) defines an argument \"status\" as required
wup
You have successfully updated your email preferences
'017'
Yes, Create
partition_size_unit must be one of
\\d: MD
\\x{0622}
\n__INIT__\n
>http:\\/\\/
is not pinned
\\blib\\b
\\beight\\b
--load-path
\\-lssl
booyakasha
Hi\\!
uuid_generate
emailwolf
add
the lazy
CODE: ER_ACCESS_DENIED_ERROR
BY\\b
s5ChasGrp
nodejs\\.AppWorkerDiedError: \\[master]
\\\\</span>
boost_log
worker
was called with no arguments
\\bFAIL\\b
No vagrant file found
At line 3: attribute \"index\" has an invalid identifier
T\\*
Parentheses
A-Za-z_
path2d-polyfill
-,
\\sTO\\s
KK
INTERNET:
baidu
<ahref
FATAL SignalException: SIGTERM
Use of inherited AUTOLOAD
excited: awesome!!!
overwritten
an awesome argument
#UNINSTALL#
STE2
<td class=\"label\">\\[1\\]</td>
45ms
NIL
initialDataKey:
\\=\" 
46, West 31st Street, Koreatown, New York County, 10011, New York City, New York, United States of America
[*]k
<%=\\s*name\\s*%>
BAD_PASSPHRASE
Trident
src=\"foo\\.png\"
stats-history
add_foreign_key_constraint \"child\", \\[\"parent_id\", \"afield\"\\], \"parent\", \\[\"id\", \"afield\"\\]
Expected vars to be of type Hash
--gittag
\\$ARRAY\\d*\\s*=\\s*
pairingcode=
This operation is not defined for system tables
\\.text\\(\\)\\.text\\(\\)
Commit by
database: 'sails-rest-api'
\"platform\": \"HTML\",
Expected `string` for name, got `true`
\\*\\* No such 
:PLOTNUM\\b
X-messaging/sip-All
GRAMMARFAIL
\\d \\d
Closing tag `div` \\(on line 3\\) did not match last open tag `p` \\(on line 2\\)\\.
\u00c3\u009e
\\.tab
\\(null\\) 
perlv
Cat2
matched an empty string
purchase\\.rb
No operations are allowed when using a fragment as a query
Please provide a value for --sudo-password
invalid port
The specified filter does not match
Failed to delete vms: RuntimeError: no delete for you
test\\/source\\/affinity-clip-path-outside-defs\\.svg
catalyst
\\.sample
label\\s*=\\s*\"Label with \\\\\\\\backslashes\\\\\\\\\"
radial
Terser Plugin
showbirthday=
 :
\u30c3\u30fc
import gulp
This is the HTML page
\nreturn
\\(3i\\)
Session is not open\\!
NETTV\\/
optws
Expected field expression
email_subjects:\n
\\=SERVER\\=
{{weekDayShortName5}}
{\\\\\"O}
dataout
bare
nuxeo
\\\\v\\{N\\}
enablemodules=
you must specify an ApiKey
MergeCart=True
\\\\supseteq 
@license
dependencies\\s*{
@mediascreenand\\(max-device-width:480px\\)
thr
\\\\Pi 
<link rel=\"shortcut icon\" href=\"favicon\\.ico\">
the \"keycard\" promotion page
:langid
inf\\B
\\%\\.f
\"badgers\" is not allowed
\u00e3\u0081\u0082\u00e3\u0081\u00ae\u00e3\u0081\u00ad
ActionName\\.\\d
error\\:
START_INS
'sandbox'
IN
reflow
unable to write
\\\\doteqdot 
Failed checking status of queue
ng generate fake <a> <b> \\[options\\]
Unrecognized initializer: http:\\/\\/x\\.com\\/foo\\.tgz
XML::Mini::
Cannot parse config
missing parameters `uid` `amount`
unmatched double quote
We're unable to verify your eligibility at this time
\\\\'\\{N\\}
Property 'responses' can not have scalar value
<html>Html formatted error<\\/html> - SendgridToolkit warning
to request a non exported variable from CloudFormation
\u00e1\u00be\u00b0
vars
action=wbsearchentities
Error: nope
register LessInitializer
index\\.js:8:2\n
Eucalyptus
=-\\tO\nDOCSTART\\tO\n-\\tO
`title` is required
Sni
\\bPR\\.PR_COMMENT\\b
FH0
Cannot call method 'yoyo' of null
hello process\\.env\\.npm_rootpath is true
Did you mean:
search do
endwhile
`not-a-thing` is not a method I can perform
start \\[PROJECT\\]
'development:test:assets'
 -> the host test_host_realm3 is in the realm Realm3
message: 'HTTP server is working'
activate the plot device
Rails restarting
No wallet or card name has been specified
Hello from Component A!
\\011
invalid port: foo
\\('set', 'anonymizeIp', false\\);
abcdef
@LANG@
Attack at dawn
input data has a zero byte length
CGCGCACCTCGGCGTGCAG  2500   GTGAAGGGAGAGGATGA
either :if or :unless
\\x{108e}
<meta name=\"referrer\" content=\"origin\" \\/>
this\\s*:\\s*
\"plain\\.html\"
:personaId
a_note
NonExistent
WebTransaction\\/Hapi\\/GET\\/\\/test
artists_0\\.id AS artist_id
dpc
stateful
1\\.2\\.3~beta\\.4
connectionOptions not specified or not an object
# fail 0
add_reference :books, :distributor, polymorphic: true, null: false
\\bopt_case_dispatch\\b
<label>N1
WebException: Unable to connect to the remote server
add_index :books, :price
rack
patternProperties
\\p{Script_Extensions=Anatolian_Hieroglyphs}
Environment variable \"GITHUB_FOO\" is required for GitHub releases
400 error
!!on_retry_foo!! 1 0 \\[nil, \"foo\", 5\\]
icon-terminal none
module CamelCasedName
\\\\=\\{E\\}
bin\\/micronaut
ARTICLE
\\e\\[31mGlobal Failure\\e\\[0m\n\\s*Stack:\n\\s*more info
Apply failed to compile for
radio
must be absolute
\\/poi\\/packages\\/
\\\\s*Health:\\\\s*<unknown>
 data=value
diff\\/lcs
such parse error
matchingBranchLeaf
chefdk
user=\\\"fred\\\"
You provided an invalid class name - yeah_nah
\\$1 - \\$1
a=[|]
dump-acct
A simple way to use Github OAuth to serve a protected jekyll site to your GitHub organization
noCache
EffectsModule\\.forRoot\\(\\[UserEffects, FooEffects\\]\\)
&#x2F;
need to include the pusher library
Parse error
with bad number
bt-container-scroll
plugins\\/ga\\/inpage_linkid\\.js
contracts
invalid option: --action
:test
\\@pounds\\{\\}
My Published Thing
filtermodule:
\\{link:today\\}
\\x{0640}
test\\/customUniqueEntityController\\/-\\/-
_dot_
abstract
twelve\\b
clus
<code>&nbsp;</code>
not allowed
ENOSYS
Another replacement string
too late
Repo is at
expected\\.js
PlatformOS\\.OS
don't call new Database
Scale Points\\:
import actions from '\\.\\/actions'
{{todaysDate}}
foxy
hap update Window ObstructionDetected false
\\\\ElsevierGlyph\\{E838\\}
\"cookies\"
sybase
\\bCurses\\b
missing argument for parameter \"client\"
Supp
n\t
@base\\b
Step 1 of 4
keyword><function>lastchar<
<ul class=\"nav nav-tabs\">
HTTP-Monitor\\/
testAngularModule2
\\\"show\\\" must be followed by the name of an show command
USER_DATA
C<
\\$super[ ]*\\(
deceased
\\%PORT\\%
MT
@BUILD
\\\\cyrchar\\\\cyrz 
the <strong>cleverest
--node_terminus=exec
mcid
Could not find store registered with name 'foobar'\\. Registered store names include
:asset_proxy_secret_key
\"platform\": \"HTML3D\"
Compiled
 so we removed keywords 
Database is closing
[\\u0152]]
the project owner's workflow page
Kannae
decoding failed
