usage: 
\\btag\\b
other-url
readme
%group_id
require_rubex
5\\.5
Invalid first element array
genre_ids
hashKey must be one of context:hashKey
ath-template
  root to: 'visitors#index'\n
unable to be copied
\\byy\\b
\\{API_METHOD_NAME\\}
\\(\\*
Cisco Adaptive Security Appliance
ShowFileBoundaries
The title 'dupe' has already been used
\\bUInt_t\\b
beat until light and fluffy
must be Integers
{precision}
env_file
Insufficient Storage
Invalid char `\\\\x01'
INTO t 
#\\{label\\}
Tgz
epp
administrator
GRATR
foo-bar
wheel
<field name=\"name\">matt</field>
Lance Parkin
\\ class=\"\"
user_interests
cvs
\"message\":\"yay\"
expects a Hash value
<br\\s\\/>\\<
\\${SEQLEN}
59
I am on a page with an alpacaForm with two number fields
wait for block to return true
height is zero
lookup2: \\[auth_kerb, authnz_ldap, cgid, php, status, mpm_prefork, ssl\\]
\u00e3\u0081\u0086\u00e3\u0081\u009d\u00e3\u0081\u00a4\u00e3\u0081\u008d
ATOMIC_POSITIONS
may not end with
Unrecognized rule \"invalid-property\"
<createdAt
Your SSH public key appears to be invalid
\\/Assets\\/
make sure you initialize
\\/\\*\\s*JISON-LEX-ANALYTICS-REPORT\\s*\\*\\/
ly\\b
__LOGIN__
require \"test\\/gem\\/version\"
undefined method `lookupvar'
%CHECKSUM%
name=\"universally
Content-Disposition
ngDevMode
\\[Errno 10061\\] No connection could be made
merge failed
resource is temporarily unavailable
URL_UP
\\{\\{header\\}\\}
Paperclip
name=string with multiple whitespaces
Unsupported transition from a non-list to list value
CurrentAccumulatedQ2
redirect_to_under_construction\n
You should run `pod update Expecta`
userController
imap
window\\.REMOVEME
\"alignment\":\"right\"
'set' on proxy: trap returned falsish for property 'b'
create_table \"postgresql_json_data_type\"
no values map
Expected not \\(\"a\" \"b\"\\)
Beginner
Record Length
menuItem
%paperheight%
Invalid key length
ENV\\['RAILS_ENV'\\]
SDASH
\\[\\/perl]
getservbyname\\(
\\\\AD
This profile requires you supply
NVIDIA
create_table \"foos\"
valid json
blogs
No such section
Server is running on port 8080
Polish Zloty
TSIV
%\\$
contens
invalid security scheme property, it must be a map
ftp
margin
Missing Required Param \"policy\"
\\bthirty\\b
\\bstarting\\b
ignored in lossless mode
\\x{0133}
debugPort: undefined
server rooms
Must provide `text` when calling `typeIn`
Circular Definition: \\[direct\\]
\\b401 Authorization Required
rvc_list_children_
_attributes
fastq\\.gz
define\\(\\['routers\\/foo'\\], function \\(FooRouter\\)
yielded non-string
\\btppn2\\b
maxCard
di_debug
app/models/ab_admin
CHECK: INST HEALTH_STATUS ARY2\\[9\\] failed to be within range
s-maxage=300
nd
UPDATE
class\\s*=\\s*\"
\\bmw:MediaLink\\b
Missing worker class
by-authors
angular-new-router
is not a String!
No key
\\\\virgo 
x-growl-resource:\\/\\/
configuration already found
\\\\pm 
main
no way to rename a table without downtime
revenue
no url
Could not find path
add_column :posts, :tags, :text, default: \\[\\], array: true
image\\/upload\\/updatedId
odbc
webemailextrac
'a' was modified in both branches
 Expected `string` for `value`, got `undefined`
should have transitioned
account_name=Huvudkonto
only
\\/widget\\/config\\/select\\/
/pay/3dsecure
prebuild --install
DEFERRED
\u00e0\u00aa\u00b8
config/master\\.key
long=term
to_extended_plan
`=
dirs
\\{onu\\}
Object operation on array target
Head Coaches
\\\\cyrchar\\\\cyrkoppa 
~some\\/
\\s*}\\s*
\\,\\=\\\"
expected \\[\"a\
_AutoML_
{{dropDownMenuMonth7DateNumber}}
files_privatefiles
Debug message
-ascii
~text\\b
J\\<
hap update Window TargetPosition 100
ap: Second Array must all be functions
SessionID
gargamel:
\\bdickburt\\b
\\(c\\)
{{weekDayShortName1CssClass}}
Block number must be a positive integer
\\\\gg 
start_here
selectEntitySet
SOAPACTION
Mstar;
CRASHED
add_index :books, :user_id
:primary_key => \"movieid\"
nb
getaddrinfo: Name or service not known
CriOS
at Context
undefined variable asdflol
length must be > 0
PASSENGER_APP_ENV = production
MSWIN
\u00a80
ember-wormhole failed to render into
\\}-
^((?:\\ud83d[\\udc68\\udc69])(?:\\ud83c[\\udffb-\\udfff])?\\u200d(?:\\u2695\\ufe0f|\\u2696\\ufe0f|\\u2708\\ufe0f|\\ud83c[\\udf3e\\udf73\\udf93\\udfa4\\udfa8\\udfeb\\udfed]|\\ud83d[\\udcbb\\udcbc\\udd27\\udd2c\\ude80\\ude92]|\\ud83e[\\uddb0-\\uddb3])|(?:\\ud83c[\\udfcb\\udfcc]|\\ud83d[\\udd74\\udd75]|\\u26f9)((?:\\ud83c[\\udffb-\\udfff]|\\ufe0f)\\u200d[\\u2640\\u2642]\\ufe0f)|(?:\\ud83c[\\udfc3\\udfc4\\udfca]|\\ud83d[\\udc6e\\udc71\\udc73\\udc77\\udc81\\udc82\\udc86\\udc87\\ude45-\\ude47\\ude4b\\ude4d\\ude4e\\udea3\\udeb4-\\udeb6]|\\ud83e[\\udd26\\udd35\\udd37-\\udd39\\udd3d\\udd3e\\uddb8\\uddb9\\uddd6-\\udddd])(?:\\ud83c[\\udffb-\\udfff])?\\u200d[\\u2640\\u2642]\\ufe0f|(?:\\ud83d\\udc68\\u200d\\u2764\\ufe0f\\u200d\\ud83d\\udc8b\\u200d\\ud83d\\udc68|\\ud83d\\udc68\\u200d\\ud83d\\udc68\\u200d\\ud83d\\udc66\\u200d\\ud83d\\udc66|\\ud83d\\udc68\\u200d\\ud83d\\udc68\\u200d\\ud83d\\udc67\\u200d\\ud83d[\\udc66\\udc67]|\\ud83d\\udc68\\u200d\\ud83d\\udc69\\u200d\\ud83d\\udc66\\u200d\\ud83d\\udc66|\\ud83d\\udc68\\u200d\\ud83d\\udc69\\u200d\\ud83d\\udc67\\u200d\\ud83d[\\udc66\\udc67]|\\ud83d\\udc69\\u200d\\u2764\\ufe0f\\u200d\\ud83d\\udc8b\\u200d\\ud83d[\\udc68\\udc69]|\\ud83d\\udc69\\u200d\\ud83d\\udc69\\u200d\\ud83d\\udc66\\u200d\\ud83d\\udc66|\\ud83d\\udc69\\u200d\\ud83d\\udc69\\u200d\\ud83d\\udc67\\u200d\\ud83d[\\udc66\\udc67]|\\ud83d\\udc68\\u200d\\u2764\\ufe0f\\u200d\\ud83d\\udc68|\\ud83d\\udc68\\u200d\\ud83d\\udc66\\u200d\\ud83d\\udc66|\\ud83d\\udc68\\u200d\\ud83d\\udc67\\u200d\\ud83d[\\udc66\\udc67]|\\ud83d\\udc68\\u200d\\ud83d\\udc68\\u200d\\ud83d[\\udc66\\udc67]|\\ud83d\\udc68\\u200d\\ud83d\\udc69\\u200d\\ud83d[\\udc66\\udc67]|\\ud83d\\udc69\\u200d\\u2764\\ufe0f\\u200d\\ud83d[\\udc68\\udc69]|\\ud83d\\udc69\\u200d\\ud83d\\udc66\\u200d\\ud83d\\udc66|\\ud83d\\udc69\\u200d\\ud83d\\udc67\\u200d\\ud83d[\\udc66\\udc67]|\\ud83d\\udc69\\u200d\\ud83d\\udc69\\u200d\\ud83d[\\udc66\\udc67]|\\ud83c\\udff3\\ufe0f\\u200d\\ud83c\\udf08|\\ud83c\\udff4\\u200d\\u2620\\ufe0f|\\ud83d\\udc41\\u200d\\ud83d\\udde8|\\ud83d\\udc68\\u200d\\ud83d[\\udc66\\udc67]|\\ud83d\\udc69\\u200d\\ud83d[\\udc66\\udc67]|\\ud83d\\udc6f\\u200d\\u2640\\ufe0f|\\ud83d\\udc6f\\u200d\\u2642\\ufe0f|\\ud83e\\udd3c\\u200d\\u2640\\ufe0f|\\ud83e\\udd3c\\u200d\\u2642\\ufe0f|\\ud83e\\uddde\\u200d\\u2640\\ufe0f|\\ud83e\\uddde\\u200d\\u2642\\ufe0f|\\ud83e\\udddf\\u200d\\u2640\\ufe0f|\\ud83e\\udddf\\u200d\\u2642\\ufe0f)|[\\u0023\\u002a\\u0030-\\u0039]\\ufe0f?\\u20e3|(?:[\\u00a9\\u00ae\\u2122\\u265f]\\ufe0f)|(?:\\ud83c[\\udc04\\udd70\\udd71\\udd7e\\udd7f\\ude02\\ude1a\\ude2f\\ude37\\udf21\\udf24-\\udf2c\\udf36\\udf7d\\udf96\\udf97\\udf99-\\udf9b\\udf9e\\udf9f\\udfcd\\udfce\\udfd4-\\udfdf\\udff3\\udff5\\udff7]|\\ud83d[\\udc3f\\udc41\\udcfd\\udd49\\udd4a\\udd6f\\udd70\\udd73\\udd76-\\udd79\\udd87\\udd8a-\\udd8d\\udda5\\udda8\\uddb1\\uddb2\\uddbc\\uddc2-\\uddc4\\uddd1-\\uddd3\\udddc-\\uddde\\udde1\\udde3\\udde8\\uddef\\uddf3\\uddfa\\udecb\\udecd-\\udecf\\udee0-\\udee5\\udee9\\udef0\\udef3]|[\\u203c\\u2049\\u2139\\u2194-\\u2199\\u21a9\\u21aa\\u231a\\u231b\\u2328\\u23cf\\u23ed-\\u23ef\\u23f1\\u23f2\\u23f8-\\u23fa\\u24c2\\u25aa\\u25ab\\u25b6\\u25c0\\u25fb-\\u25fe\\u2600-\\u2604\\u260e\\u2611\\u2614\\u2615\\u2618\\u2620\\u2622\\u2623\\u2626\\u262a\\u262e\\u262f\\u2638-\\u263a\\u2640\\u2642\\u2648-\\u2653\\u2660\\u2663\\u2665\\u2666\\u2668\\u267b\\u267f\\u2692-\\u2697\\u2699\\u269b\\u269c\\u26a0\\u26a1\\u26aa\\u26ab\\u26b0\\u26b1\\u26bd\\u26be\\u26c4\\u26c5\\u26c8\\u26cf\\u26d1\\u26d3\\u26d4\\u26e9\\u26ea\\u26f0-\\u26f5\\u26f8\\u26fa\\u26fd\\u2702\\u2708\\u2709\\u270f\\u2712\\u2714\\u2716\\u271d\\u2721\\u2733\\u2734\\u2744\\u2747\\u2757\\u2763\\u2764\\u27a1\\u2934\\u2935\\u2b05-\\u2b07\\u2b1b\\u2b1c\\u2b50\\u2b55\\u3030\\u303d\\u3297\\u3299])(?:\\ufe0f|(?!\\ufe0e))|(?:(?:\\ud83c[\\udfcb\\udfcc]|\\ud83d[\\udd74\\udd75\\udd90]|[\\u261d\\u26f7\\u26f9\\u270c\\u270d])(?:\\ufe0f|(?!\\ufe0e))|(?:\\ud83c[\\udf85\\udfc2-\\udfc4\\udfc7\\udfca]|\\ud83d[\\udc42\\udc43\\udc46-\\udc50\\udc66-\\udc69\\udc6e\\udc70-\\udc78\\udc7c\\udc81-\\udc83\\udc85-\\udc87\\udcaa\\udd7a\\udd95\\udd96\\ude45-\\ude47\\ude4b-\\ude4f\\udea3\\udeb4-\\udeb6\\udec0\\udecc]|\\ud83e[\\udd18-\\udd1c\\udd1e\\udd1f\\udd26\\udd30-\\udd39\\udd3d\\udd3e\\uddb5\\uddb6\\uddb8\\uddb9\\uddd1-\\udddd]|[\\u270a\\u270b]))(?:\\ud83c[\\udffb-\\udfff])?|(?:\\ud83c\\udff4\\udb40\\udc67\\udb40\\udc62\\udb40\\udc65\\udb40\\udc6e\\udb40\\udc67\\udb40\\udc7f|\\ud83c\\udff4\\udb40\\udc67\\udb40\\udc62\\udb40\\udc73\\udb40\\udc63\\udb40\\udc74\\udb40\\udc7f|\\ud83c\\udff4\\udb40\\udc67\\udb40\\udc62\\udb40\\udc77\\udb40\\udc6c\\udb40\\udc73\\udb40\\udc7f|\\ud83c\\udde6\\ud83c[\\udde8-\\uddec\\uddee\\uddf1\\uddf2\\uddf4\\uddf6-\\uddfa\\uddfc\\uddfd\\uddff]|\\ud83c\\udde7\\ud83c[\\udde6\\udde7\\udde9-\\uddef\\uddf1-\\uddf4\\uddf6-\\uddf9\\uddfb\\uddfc\\uddfe\\uddff]|\\ud83c\\udde8\\ud83c[\\udde6\\udde8\\udde9\\uddeb-\\uddee\\uddf0-\\uddf5\\uddf7\\uddfa-\\uddff]|\\ud83c\\udde9\\ud83c[\\uddea\\uddec\\uddef\\uddf0\\uddf2\\uddf4\\uddff]|\\ud83c\\uddea\\ud83c[\\udde6\\udde8\\uddea\\uddec\\udded\\uddf7-\\uddfa]|\\ud83c\\uddeb\\ud83c[\\uddee-\\uddf0\\uddf2\\uddf4\\uddf7]|\\ud83c\\uddec\\ud83c[\\udde6\\udde7\\udde9-\\uddee\\uddf1-\\uddf3\\uddf5-\\uddfa\\uddfc\\uddfe]|\\ud83c\\udded\\ud83c[\\uddf0\\uddf2\\uddf3\\uddf7\\uddf9\\uddfa]|\\ud83c\\uddee\\ud83c[\\udde8-\\uddea\\uddf1-\\uddf4\\uddf6-\\uddf9]|\\ud83c\\uddef\\ud83c[\\uddea\\uddf2\\uddf4\\uddf5]|\\ud83c\\uddf0\\ud83c[\\uddea\\uddec-\\uddee\\uddf2\\uddf3\\uddf5\\uddf7\\uddfc\\uddfe\\uddff]|\\ud83c\\uddf1\\ud83c[\\udde6-\\udde8\\uddee\\uddf0\\uddf7-\\uddfb\\uddfe]|\\ud83c\\uddf2\\ud83c[\\udde6\\udde8-\\udded\\uddf0-\\uddff]|\\ud83c\\uddf3\\ud83c[\\udde6\\udde8\\uddea-\\uddec\\uddee\\uddf1\\uddf4\\uddf5\\uddf7\\uddfa\\uddff]|\\ud83c\\uddf4\\ud83c\\uddf2|\\ud83c\\uddf5\\ud83c[\\udde6\\uddea-\\udded\\uddf0-\\uddf3\\uddf7-\\uddf9\\uddfc\\uddfe]|\\ud83c\\uddf6\\ud83c\\udde6|\\ud83c\\uddf7\\ud83c[\\uddea\\uddf4\\uddf8\\uddfa\\uddfc]|\\ud83c\\uddf8\\ud83c[\\udde6-\\uddea\\uddec-\\uddf4\\uddf7-\\uddf9\\uddfb\\uddfd-\\uddff]|\\ud83c\\uddf9\\ud83c[\\udde6\\udde8\\udde9\\uddeb-\\udded\\uddef-\\uddf4\\uddf7\\uddf9\\uddfb\\uddfc\\uddff]|\\ud83c\\uddfa\\ud83c[\\udde6\\uddec\\uddf2\\uddf3\\uddf8\\uddfe\\uddff]|\\ud83c\\uddfb\\ud83c[\\udde6\\udde8\\uddea\\uddec\\uddee\\uddf3\\uddfa]|\\ud83c\\uddfc\\ud83c[\\uddeb\\uddf8]|\\ud83c\\uddfd\\ud83c\\uddf0|\\ud83c\\uddfe\\ud83c[\\uddea\\uddf9]|\\ud83c\\uddff\\ud83c[\\udde6\\uddf2\\uddfc]|\\ud83c[\\udccf\\udd8e\\udd91-\\udd9a\\udde6-\\uddff\\ude01\\ude32-\\ude36\\ude38-\\ude3a\\ude50\\ude51\\udf00-\\udf20\\udf2d-\\udf35\\udf37-\\udf7c\\udf7e-\\udf84\\udf86-\\udf93\\udfa0-\\udfc1\\udfc5\\udfc6\\udfc8\\udfc9\\udfcf-\\udfd3\\udfe0-\\udff0\\udff4\\udff8-\\udfff]|\\ud83d[\\udc00-\\udc3e\\udc40\\udc44\\udc45\\udc51-\\udc65\\udc6a-\\udc6d\\udc6f\\udc79-\\udc7b\\udc7d-\\udc80\\udc84\\udc88-\\udca9\\udcab-\\udcfc\\udcff-\\udd3d\\udd4b-\\udd4e\\udd50-\\udd67\\udda4\\uddfb-\\ude44\\ude48-\\ude4a\\ude80-\\udea2\\udea4-\\udeb3\\udeb7-\\udebf\\udec1-\\udec5\\uded0-\\uded2\\udeeb\\udeec\\udef4-\\udef9]|\\ud83e[\\udd10-\\udd17\\udd1d\\udd20-\\udd25\\udd27-\\udd2f\\udd3a\\udd3c\\udd40-\\udd45\\udd47-\\udd70\\udd73-\\udd76\\udd7a\\udd7c-\\udda2\\uddb4\\uddb7\\uddc0-\\uddc2\\uddd0\\uddde-\\uddff]|[\\u23e9-\\u23ec\\u23f0\\u23f3\\u267e\\u26ce\\u2705\\u2728\\u274c\\u274e\\u2753-\\u2755\\u2795-\\u2797\\u27b0\\u27bf\\ue50a])|\\ufe0f)
bin\\/slimrb
to be 'bar'
sepa_snippet
Invalid Port Number
server should be stopped
link_targets_controller
phone_number_\\d
\n\\* SEARCH 1 3 4 6\\r\n
invalid function name
t=
<paragraph> </paragraph>
signature does not match payload - one has been modified
A\\s
ENCODING=QUOTED-PRINTABLE
iet
\\b\\/\\b
h[(][|]
the rails application is running
a\\vc
<something\\/>
\\x{05D9}
%simple-sprite-blue \\{
Unable to get quota space
Document \"fleabag\" has property \"dawg\" which belongs to a more recent version of Kibana \\(1\\.2\\.4\\)
%G
CureBlack
Cannot `processSync` without `Parser`
Deleted Successfully!
SDS v1\\.2
/italian/
p\\.m\\b
\\s*\\{\\s*width\\s*\\}\\s*
digraph {\n\\s*schedule_start\n\\s*schedule_end\n\\s*loop_1_start\n\\s*loop_1_end\n\\s*loop_1_end -> loop_3_start \\[color=green\\]\n\\s*schedule_start -> loop_1_start \\[color=blue\\]\n\\s*kernel_testkern_qr_code_2\n\\s*kernel_testkern_qr_code_2 -> loop_1_end \\[color=blue\\]\n\\s*loop_1_start -> kernel_testkern_qr_code_2 \\[color=blue\\]\n\\s*loop_3_start\n\\s*loop_3_end\n\\s*loop_3_end -> schedule_end \\[color=blue\\]\n\\s*loop_1_end -> loop_3_start \\[color=red\\]\n\\s*kernel_testkern_qr_code_4\n\\s*kernel_testkern_qr_code_4 -> loop_3_end \\[color=blue\\]\n\\s*loop_3_start -> kernel_testkern_qr_code_4 \\[color=blue\\]\n}
Value field is missed
require \"awesome_print\"
applewebkit\\/
&euml;
Customer call bank
this\\.selectOptionByValue
accordion
Unsupported matrix storage format: 123
8007089A
query is non-computable
rubysl
\\(regl\\)
type=\"application/rss\\+xml\"
non-associative
sdfgdf
only occurrence count is 1
##MX##
\\:path
Plugin::Cache
missing remainder
MEncoder
<IPCKEY>
whatEVER, yo
Ping request could not
Invalid hook 'after-create'
You are being
\\$selPt\\s*\\=
http:\\/\\/documentation\\.carto\\.com\\/api\\/v1\\/map\\/90e64f1b9145961af7ba36d71b887dd2:0\\/2\\/attributes
* Unpack the data *
repo1
\\/write
blastx
Safari
Tab\\=Popup
Description of operator equal
ki_300\\/sample_video
II::Develop
\\\\cyrchar\\\\CYRPHK 
Net::SinFP3::Input::SynScan
if \"\u5343\" directly precedes the name of powers of myriad, \"\u4e00\" is normally attached before \"\u5343\"
\\[\\[__css__\\]\\]
1forge
unexpected_identifier is not defined
Certificate still in use
uucp
RAM
must be from abc\\.com
multihash must be a Buffer
You have to implement ActivityNotification::OptionalTarget::Base#notify
Invalid AST Node
\\bpos\\b
Enter Ctrl-Y to begin\\.
\\ id=\"bacon\"
Catastrophic failure
ks
<div class=\"modal-body\">Body</div>
ORecordNotFoundException
@image_subpage_url
<&INT32>
not an object stream
_rez
\\bstatus=bounced\\b
# config\\.jar_name
deadline
\\<name-female\\>
Created breakpoint 
aa  # blah\nbc# blech
PreviousMember_UpperMember
FAIL
item 2
Unknown node:wrongPropertyName
\\\\boxtimes 
Explorer
name should be string!
juhu
\\* --version
spectacular\\.js
format\\.html \\{ redirect_to @post, notice: 'Post was successfully updated\\.' \\}
TRIM
Fn2DDtoD
Bcdatabase keyfile 
Creek
\\(C\\)
login=true
foo => bar
Grue
<pre class=\\\"_stdout\\\">hi</pre>
<plaintext>
\\\\'{N}
No matching bindings
Looking for additional nodes
bits must be a multiple of 8
\\/usr\\/ports\\/
small time
Email address must contain
native code
telecine
does not have a parameter called 'title'
Error: throw error
raise_delivery_errors = true
bear
<nocompoundify>:
PDLA_
Reading ERROR!!!
had no action handler for: baz
app sendTo app done
property: 'type\\?' is invalid in a resource type
s3_videos_bucket=videobucket
1 of 4 on line 19 is not first and is not last
Payload Removed
Unknown module
\u00e1\u00bc\u00a2
<Suites></Suites>
content=\"Sitefinity
Bad checksum
phonegap\\.js
ERROR : Exception: Look Ma, no backtrace!
debug-deploy
Invalid markup: line 12: end tag for element \"b\" which is not open
positive integer
custom feedback form
::Parser
Attribute 'main' is required
b=0
val2-
UNUSED
expression
Number must be an integer greater than or equal to 1
device%5Bserial%5D=serial4
Class Method KABOOM
Usage: bolt
Unistar
\\\\mathrm\\{'Y\\}
n\t\t 
CreditNotes/
\\\\'e
BadSecureChannelClosed
pixi_display
3 success, 3 assertion
End transaction for
Developer Exists
Completed Test Dumper
###year###
Rise of the Phoenix<
Photoset not found
Your text message has been successfully sent to
\\b0 live processes\\b
invalid minor
lost connection
create release
About Google
qdmVersion: String
/\\.AUDIT
configure requires a block
dbi:sqlite
BCEROR
 mediumint
UNIQUE
entity expansion has grown too large
same type
Property foo doesn't exist
Found 1 module
First argument must be an object of options
\\bVIRTUAL\\b
Document \"smelly\" has property \"dog\" which belongs to a more recent version of Kibana \\(10\\.2\\.0\\)
EVP_sha
avant\\sbrowser
Need the '
;Transactions Payment details;
table_end
\\/\\/\\scomponent\\sexport
wrong credentials
\u0438\u0432\u0430\u043d
\uff0f\uff3c
width:
__output\\.push
has been removed
\\@EXPORT = qw\\(
{\\/\\*.*\\*\\/}\n
thisShouldNotBeInTheBundle
module\\.exports = function\\(Service, TestingNewModel\\) \\{
\\[object Object\\] is not a Broccoli node\nused as input node to MergePlugin \\(some annotation\\)\n-~- created here: -~-
CleverStack ORM \\(SQL\\) Module
Coin
transcript
\\bLinux\\b
Endpoint
douyu\\.com
{store-dir}
d3
remotes\\/origin\\/
\\/dist\\/script1-61e0be79\\.js
cliexit
git push origin master --tags
unknown action or invalid apiVersion
IR-S
hostname:
\\x10047
twitgoo\\.com
Could not retrieve resources
invalid digits `7`
Reference to a non-exported function
hashKey is required
\\${HITSUBLEN}
 \\(reverse complement\\)
class 
No method was found on controller
##cols##
\\\ndiff --git a/
\\'username\\'\\:\\'
3116e170b89dc0f7315b69c1c1e1fd7fab23ac0d
\\s*#\\s*encoding:
<error message=\"it crapped out\"\\/>
Can't deploy application containing links
0\\.0\\.1 \\(c\\) 2009 Nate Murray - local
tsconfig\\.json
`prodid\\.company`
Callback function must return a Node
MacHlin
\\s*k-point\\s*
blur
PARSER\\b
ERRbadpw
Invalid project
\\s*;\\s*
\\{route\\}
\\bEN\\b
BASE COUNT
<indent
<NEXT>
Hello, <b>Martin<\\/b>!
_DOMAIN_
not a valid name
Amount of refunds exceed original sale
jasmine
class=\"CodeRay\"
 last_modified_date = 
science
meta name=\"robots\" content=\"noindex, follow\"
<point>
missing groupId
Matrix
\\/pet\\/2\">Jane
jsonwpCode: 7
RUBY_MIME_TYPES_LAZY_LOAD
u'source_observable_s' is a required property
windows-31j
mui--is-empty
With text
TubularDaylight
each header must be a map
Could not install 'puppetlabs-nothere'
account\\.rb
extracted\n\nthis
href=\"\\/Precious-%231\"
a*bc*
templates\\/functions
execArgv: \\[\"--require\",\"abc\",\"--require\",\"123\"]
\\\\r\\{u\\}
CUM
\\<password\\>password\\<\\/password\\>
__NEW_DATASET__
no such attribute
zomethingElse
ModuleNotFoundError
Cannot overwrite
Infilling layers
 al\\.
10th Doctor
unavailable experiment: explodingButtons
Counting rows of test_foreign_keys_child
EE
gql argument must be a string literal
Bot::BasicBot::Pluggable::Module
Provide OAUTH request parameters!
test\\.txt content
acorde
inproc:\\/\\/
require\\(\\'stream\\'\\)
UAGENT
width: 0px
gitlab
\\<h4\\>Balance Enquiries
\\x{0632}
#PELLET_BIN_DIR#
this\\/is\\/the\\/key--
lib/rails_event_store_active_record
Please install pt-online-schema-change
No updates
rel=\"previous\"
%Error
 OR 
value is not an integer
[*]\\\\i
lmspider
Failed to receive commit notification
data-
\\/contacts
tsn extend
existent
@jupyterlab\\/codemirror
INSERTMODULEEVENTPOD
Event 030
test_filter\\.html\\.erb
farthest-corner
:files\\s*=>\\s*\\[\"one\", \"two\"\\]
\\\\\\.\\\\\\@\\\\\\.
%%%~COMPRESS~USER
data-str-native-key=\"pKey\" data-stx-response-name=\\\"str_response_bidId\\\"
ORA-04063
\\bGNU\\b
<big>
1: Japanese
{{PANE_ROOT}}
Amoi
`time` property must be a Date or Unix timestamp
\\{\\{%25\\}\\}
fetchGitData requires a callback
create_table \"users_id_seq\"
\\@\\@PROJECT_METRICS\\@\\@
should not load js files
The layer must be given name
Missing 'config\\/master\\.key' to decrypt data
SAT 1
invalid csrf token
crumb
invalid positive integer
&Yuml;
STDOUT: tar \\(GNU tar\\)
Missing required argument: name
/=
'test-task' is not a valid task name
\\(fdb\\)
\\\\200
maximum amount
allowedvalues
nodejs\\.Error: error stack
LCT
Cannot make set from type other than Array of string elements
autoupgrade
relation_expr 'PARTITION
%feature_id
calcii
landau\\(
allow_url_include
different\\/basepath\\/assets\\/icons\\.sample\\.png
GeoJSON
answer_idx_
 ex\\.
bccwin32
Missing required property 'title'
cannot be encoded as INT
This is default main_content
\\<style
A listening server must define a port\\.
def alpha
<\\/u>
popen3 failed
authenticity_token
'ROOT' has no attribute 'edm::Wrapper
\\bABCDEF\\b
assignmentId
<item key=\"response_code\">401<\\/item>
translateY
S\\*
paravirtualized kernel on xen
\\.properties
\\<h1
Target folder must exist
grammar statement wasn't first statement
\\${PARGAPEXTEND}
Detect bridges
\\bname\\b
gem \"foo\
b\\[reak\\] \\[file:\\]line \\[if expr\\]
path is not allowed to be empty
\\s*\\bline-numbers\\b\\s*
unsupported type for identifiable
messages\\.js
<g>
lib\\/hound\\/tools\\/templates\\/_
unable to find confirmation
{{ BOX_COLOR }}
already initialized constant Foo::Bar
_form\\.html\\.erb
A person id is required
11111111
should have been asked if changed\\? 1 time with `1, \"2\"', but was never asked
Expected problem
[*][(]\\/a
AOLserver
args not specified
foo\\d
there is still pending asynchronous work
called without a matcher
%%MSG%%
\\\\gnsim 
module\\.exports = function\\(Controller, TestingNewService\\) \\{
`busystatus`
dropdowns-dropup-variation
\\bnumber\\b
#LATLNG#
EVP_ripemd
\\(FFI wrapper \\d\\.\\d\\.\\d\\)
z-content-length: 21
leaves holiday \"Ostern\" 2016-03-27
compile\\(
argument name is required
Aborted
mutually exclusive
separator
Yikes!!
ex\\b
value is not a function
gecko\\/
WHO
require \"radiant-sample-extension\"
profile_name=my_profile
invalid Logger creation: do not pass a second arg
{autoplay}
Target peer is not a valid peer object instance
override start command
Stephen Wolfram
Requested 
media3\\.m3u8
message=\"Description of lint 1\" \\/>
[*][(]\\\\w
\\xa3\\xb1
TEL
Unknown command-line client for db
\\/files\\/
@,\\s
getright
<span class=\"type\">HTML</span>
uzbl
VAL
\\<h1\\>
506,5099,509,50100 is not a valid value for id
 EXISTS 
ons-back-button
\\bbyte\\b
::DATE::
setType\\(BooleanLiteral\\)
\\{origMessage\\}
The document already exists
You have a Video Mail from
facts
cn-
Cannot create slim build
blame me
add_foreign_key_constraint \"child\", \"parent1_id\", \"parent1\", \"id\"
ExpressSM
REVOKE_CERTIFICATE_SERIAL\\s*=\\s*
the number you are trying to call is not whitelisted
<%=\\s*BUILD_TYPE\\s*%>
</fieldset>
not writable
Acer
qnamaker
dictionary
AS bearing
Expected config to be of type Hash
: warning: `&' interpreted as argument prefix
%SERVICE_NAME%
id=\"footer\"
This is some test content
Unsupported application: thunderbird
--e, -e <f\\+>:
MEMORY\\b
isRegistrationRefreshEnabled
UID
Jan 01\\, 2000  2\\:00 AM\\, deployment 0000002
bag_1-opt
uninitialized class variable
\\x{0635}
karma-chrome-launcher
<%apiKey%>
riot-
You cannot specify the same token as both token and nextToken
Expected 222 got 200
liftA2: Function required for first argument
<recurringBilling>true</recurringBilling>
\\[url=
</LI>
gift
<head
ghost\\/editor\\/
\\=REF\\(0x
Expected subject
Error: `stem` cannot be a path: did not expect `\\/`
START MODULE LIST
</insert>
No watched expressions
Verbatim
\"angular-messages\": \"angular-test-version\"
bunny
verbose = 1
##YEAR##
unicorn -c 
\\%\\d
%ModelName%
dhx_carousel_onebar
Default values can be placed in the APP_OPTS environment variable
list\\-
 NOT IN 
Cannot retrieve \"upstream\" without a version
Cannot invoke map on a Pattern only matrix
The data-api-id attribute is required for
Node Name:   bah
@@layout
allow
@value@
\\b3\\s
\\* OK
Error while converting `undefined` to `A`
Mac OS X
options conflict
\\.phrap
risee
Malformed
\\\\verb=as=
\\.node-spawn-wrap
Property
onload
{{colors\\.\\[3\\]}}
w:pPr b=\"true\"
apn write failed
\"VERSION_CODENAME\"
XXXxxxxxxx
rspec-mocks was unable to restore the original `foo` method on 
_em tag content_
### h3\n
fff
 class=\"  \"
<AUTHOR>
&titles=Lyon
Need to specify --log-forwarder when using --log-opt
BRICK_FONT_SANS_SERIF
Same
\u0438\u044e\u043b\u044c
ampUrl resolved to a different origin
longitude and latitude are required for updating location
Syntax error in interpolation expression: \\%\\{the\\.''\\.key\\}
\u00c9\u00b2
Downloaded certificate '
3107233
--instance-roles localhost:han,solo
you can only clear multi-selects
a\\d
Could not get processor for type
Shopify\\sPOS
type=script
B-Mobile
wasn't sealed
POOF::TEMPORARYNAMESPACE
execArgv: --debug,--debug-brk=5555,--expose_debug_as=v8debug,--inspect=6666,--inspect-brk
isn't file to save
Environment Variables
#\\{exp}
Bearer
\\:as400
emailsrvr\\.com
lines
Bio::Genex::
Name of project
historian
<path fill-opacity=\"1\\.000\"
</IMPLEMENTATION>
optional second arg must be an options object
/2008/11/21/complex/
Expected \"MyEnum\" scalar value or array\\.
\"management\"
<p><!--\\x01:8-->b%20c<!--\\x01:8--><\\/p>
amber
NoSuchColumnFamilyException
user32
_m_
chain: Function must return an Array
musicbrainz-ruby gem
select name=\"user\\[country\\]\" id=\"user_country\"
<CDNA_SUPPORT>
ActionController::UnknownHttpMethod
'<place_content_here>'
found
a regex object
[ ]*END[ ]*BLOCK
%valueType%
should start with
\\\\diagup 
\\?v=
It seems like the view has been created after its parent and its children have been dirty checked
!!on_bury_foo!! \\[10\\]
Last Modified
Transaction has absurd fees
ModelLabs
--setenv 
\\\\cyrchar\\\\CYRSEMISFTSN 
\\{\"title\":
%%BoundingBox:
notindoc
mock_standalone_cart\\-2 \\(web\\)
GIF
With Tofu
- user3
vertex
job=service_with_errand index=0
MyEnumerable
unoconv
/trailing
\\/h\\/
{{theme}}
b\\/baz
:type=:double
connection is closed
You have reached 160by2 Usage
{\\\\'O}
\\[PDFError\\]
new_user_reset
 title=\"\"
<p style=\"font-size: 36px; font-family: Helvetica, sans-serif;\">
Family Life
EB07
utr
&lt;\\?php&nbsp;
ARRAY
\\|\\=
flexnetdesktopclient
expected given block not to yield with no arguments, but did
ffi-inline
n\\-
\\dE
PSP
\\-0\\d:00
E\u266d
__MACOSX
Not\\ Found
&#039;
/review/test/test_
final\\b
Sparse matrices can only be reshaped in two dimensions
ANDROID_HOME=
5ad614f4
GLIBC
The \"logger\" parameter must be an object that implements the following methods, which are missing: info\\(\\)
sg_MerchantPhoneNumber
ACGCATGCATGGCCCGAAC
Lux mixins should have a setup method
Attempted to register a request hook with no reqhook
javaField
xxx is not a member of A
notafile\\.txt
window\\.status
count = 100
piyo
penzance
transcripts\\.gtf
\"overrides\": test value,
Did not expect Product to allow mass assignment of title
\\/\\/google\\.com
this\\.page\\.uploadFile
mojo
cotton
BRICK_JQUERY_RAILS_VERSION
\\bFalse\\b
no rakefile found
\\\\\\\\u003d
fq=mode%3Aone
ENOENT: no such file or directory, open
PKCS11 slot number invalid
--instance-names localhost:chewie
SICAVetFCP
Malformed MIME-Type
template_
: Season 
\\bchd=e:jp__yh\\b
bcren
=for pdf-manual
News access must be either Registration, Subscription or not be present
Statically Configured DNS Servers
Invalid class declaration
data:text\\/css;base64,
\\.xcodeproj\\/
1_3
<saml:AuthnContext>
private\\:
Newly updated Main page
Trailing characters
heartbeat
Second argument must be a callback function
function\\(\\)
anchor1
\\btext\\/plain\\b
\\\\201
medium\\.com\\/feed\\/
Health: 88
gp:api
expecting INDETERMINATE
\\Q{twtfile}
valid field options are
from_native_charset: Encoding::ConverterNotFoundError: form encoding: \"UTF-eight\"
Could not find command
run test command
s=MethodNoArgs
CantangoEditor
ahrefsbot
bright_green
%U
algorithm is not installed
\\/message\\/count
ASINList
R7 Build
STNavbar1
skipped\\.gtf
<!-- prettier-ignore -->
has_css\\? should support case insensitive :class and :id options
hmm
\\/rxjs\\/
foobar\\.yml
Security alert:
Must implement #story_obj in FooTracker
game
data-absurd-event
<button class=\"dropdown-toggle btn btn-primary 
=IF0
njabl
blah\\+
Foo Job
ENOTDIR
\\s,
_tracking
Custom Query
WARNING: Active Record does not support composite primary key\\.
Invalid private key file
:\\/lxc\\/
prepare-device
\\/api\\/1
Element not found when calling `fillIn\\('#foo-bar-baz-not-here-ever-bye-bye'\\)`
HTTP error: 503
MakeAMIBase
failed to find user
ProductNoCover
Could not find app
iest
'hbs!templates\\/foo-bar-empty'
\"INSERT POINT\";
Items should be an array
rdf:rest \\(\\s*2 3\\s*\\) \\.
</epp>
\"abc\\.x\"
SSH Timeout
\\\\omega 
bzip
Instruments Trace Complete
sort_link desc
{VERSION}
rspec_doc
\\[Parchment\\]
TEST_COLLECTIONS\\.T_NUMBERS definition inside package is not supported
scaleX
config must contain id
HeadEARdateFormatEdCreated
%r<
Attachments:
Circular reference at \"#\\/a\\/b\"
unknown rule: \"nope\"
gem 'rack-test'
tab
# inactive time\\r\n
 \\N{GREEK SMALL LETTER KAPPA}         
OH1
is expected to be a Symbol and is not
jobu
TWITTER
Failed to download GCS object
Expected set to have any items {5, 6, 7}
The 'bolt' library is required to process targets through inventory
\\\\ding\\{73\\}
schematic
{{count}}
spec\\/controllers
language=fr
function \\(details\\)
  bar\\(1\\)
<fileInventoryDifference
Element \"#unknown\" not found
JAVA_HOME=\"tmp\\/java\"
non-payable
\\bSX\\b
AdvancedCompanySearch
n        \\$\\(\"\\#search_user_id\"\\)\\.tokenInput\\(n        \\s*\"/admin/blog_posts2/autocomplete_user\"n      
NodeConnection\\(Todo\\) defines an argument \"pattern\" as required
FROBNOZZ
OriginalFile
contains an ID
option pattern can only be used with format=\"grok\"
Vietnamese
the following items on a shortlist
Can\\'t require module \"dev-dependency\" via \"program\"
\\/script
0001  :
keygen\\.valid
<p>&#8220;A designer knows he
{{ Namespace }}
\\[SpamCop
ResourceId\\.
CP-COMPUTEENGINE-CUSTOM-VM-CORE
\\bfiles have been resolved\\b
<\\/html
\\uFFFE\\uFEFF\\uFFFF\\u202A-\\u202E
Components
No Content
latin-1 supplement
\\.pdbqt
Killing process notFoundProcess failed: Process doesn't exist
\"{{ color-13 }}\"
The top element must be a binding
%TOC%
t_
If you define both a name and a formControlName
help found
\\bprocess\\b
\\[spec\\] Test::Obsolete is deprecated and will be removed
CAUTION: Recommended inflight events max exceeded!
<sentence>
cannot open results file
a partir de
Invalid certificate
restart
material-design-iconfont
bad-stuff
Expected record\\.id in createError
moo\\(last\\)
#:#
tar -czf
must not be on the same origin as the
ms-sql
__TESTDB__
Bees and Bombs
No plugin configured
expecting kWHEN
unknown keyword: total
Backup for test label \\(test_trigger\\) Failed!
first Module
tch
moofo
boundrtp
made\\/up\\/mapbox\\/server\\/test-id\\/0\\/0\\/0@2x\\.png\\?access_token=
cock
could not be focused
branch1
[.]learn
@emailtests\\.com
gem 'mysql2'
--ta Tin Man Shuffler
map: Object, Function or Functor of the same type required for second argument
not a valid face name
Transform 
AES-GCM
Shift_JIS
\\/\\(\\/
Statuses:
Invalid Package Binding
ext:
Internet
undefined method `endian='
<:
Resource type not found: Does::Not::Exist
import { HttpClientModule } from '@angular\\/common\\/http'
<!-- google_ad_section_start
spec is required
Couldn't parse
Hvm
WeixinJSBridge
Mostly Cloudy
Gateway Timeout
WARNING: Method userSpaceScaleFactor
\\btxnColDescr\\b
Object_Not_Found
for testing 88
Trait MUST NOT contain any state
should have \"InterfaceOne\" object in \"interList\\.delete\\[0\\]\" field
DOUBLEBACKSLASH
catch this
Message: Invalid database name
bimap: Bifunctor required for third argument
must not begin with a slash
\\p{IsLu}
phantomjs
variant-axes
'doesnotexist' does not exist
client_io_write_ops{cluster=\"ceph\"} 500
-Command -
<script type=\"text\\/javascript\" src=\"js\\/visEditInspect\\.js\"><\\/script>
jsonp\\(\\{
\\burl\\(
\\<\\!DOCTYPE BlastOutput PUBLIC 
<p>Dear bob</p>
\"name\": \"fsharpmvcbasictest\"
\\(lldb\\)\\s
@angular\\/cli\\b
\\bdom\\b
sd1
No sites found
Star\\( MockCrock \\): Function in the form \\(a -> m b\\) required
Already published
\u00cf\u00b9
<a>&amp;&amp; &lt; &amp; &gt; \\\" &amp;<\\/a>
NonStandardError occurred
this is a documentation
notypo
Sanyo
Provisioning profile does not match bundle identifier
p-error-color
localhost\\(
bar_def
must be a single IP
expected max_retries to be in the range
_co:
Incorrect Arguments
no version in the database
\\s*\\bprism-show-language\\b\\s*
\\.reflection\\.
content\\-type\\: application\\/json
provide a more specific query
\\#000000
Guid
Ezio
zoom=\\d
<array>one</array>\\s*\rn         <array>two</array>\\s*\rn         <array>three</array>
Mincho:Helvetica-Bold-12
doi
%mselectListItemClass%
ComposedComponent =>
Randomized with seed 123
testgem
codemirror\\/addon\\/search
expectsame
module TestGem
atomic_email_hunter
experienced an error
You have an error in your SQL syntax; check the manual that corresponds to your MySQL server version for the right syntax to use near 'TABLESaagh'
cannot call `after` within a running test
listenaddr
SELECT LOOP DETECTED
\\-lzlib\\b
Missing array element
another 
wait_time_
rpm\\.newrelic\\.com
\nnpm ERR! code ELIFECYCLE
%5D
Failed to verify idle connection
xcode
class TobinaMyDog
&#44
:container_port
WWW
my%2Fdb
Additional Section\n
<e_m
CRR
<meta property=\"article:tag\"
java\\.net\\.ConnectException: Connection refused
CHD
Keepalive connection timeout
Private-Port is a required element
rel=\"next\"
a simple
/\\* IWYU pragma: 
plans\\/
block
\\.rss
\\brate\\b
msLevel=\"2\"
required\\(
admin_assistant_for
/api/virtual-switches
must be: events: followed by one or more alphabetic characters
<%= render partial: '
define\\(\\['views\\/foo-bar'\\], function \\(FooBarCollectionView\\)
hash_of_lists
COLUMN\\b
NULL,
Snapshot 
The operator is invalid
e\u00e8\u00e9\u00ea
tax_headers
_equal
Pop returned invalid data
src\\/js
Reverted to snapshot 'snap_1'
XS/
\\.resolveAutoCountryPromise
second argument has to be an integer, you passed: string
{{routes}}
vt\\d
verbose=1
is expected to be a Custom and is not
No test name matches \\'method\\'
not set
h[(]=
Expected a string
warn\\(
longtext
Integers expected in function bitAnd
using v8::Local;\n
ID=\"
Invalid use of prefix operator \\+\\+ with variable \"a\"
\\p{sc=Hiragana}
\\/paypal\\/newpayment
:no recipient matches certificate:
failed: 301
not a valid phone
endpoint/GCM
\\\\rmoustache 
bundler_editor 
{constant,SW_DB_DRIVER}
\\%HTML\\%
\\<TblBody
\u00e0\u00aa\u009b
_square
Would publish the package at this point
Strand
npm ERR! 404
\\p{ASCII
zomg
GENEFREQ
100\\%
pal
\\<pre\\>
\\<\\/body\\>
url=error\\.php\\?err=5
Return to last page
firm_with_primary_keys_companies\\.name
Object\\.keys
\\p{Digit}
The system description misses the following scope: changed-config-files
\\pL
\"encoding\" must be a string
\\{\\|
with no link
Resource
#####GRP#####
grablib\\.json
UIDVALIDITY
must be available
tester
item
swap
# Updated account test
Now
NICKEL
'private' trait is not registered in 'article' factory
<AVSzip>K1C2N6
%bgcyn
xrpToDrops\\: invalid value '\\.', should be a BigNumber or string-encoded number\\.
[*][(]\\/u
BEGIN PGP PUBLIC KEY BLOCK
\\<\\!--\\s*?#uploadform\\s*?--\\>
<VirtualHost
Email::Store
params
you_fool
bufferStates
spritesmith
Scenario cannot be interpreted\nThis is defined\nThis is undefined <-- Undefined Step\nThis is ambiguous <-- Ambiguous Step
GEN\\d
\\.epub
<!-- SSR:HTML -->
<field name=\\\"field1\\\"><value>some&lt;1&gt;</value></field>
ErrorResponse
Folder \"testProj\" already exists!
## Command reference
\"State\":\"IL\"
CHECK: INST HEALTH_STATUS ARY2\\[7\\] was within range
is known to produce broken pngs
Server '
TypeError: Cannot calculate mad, no ordering relation is defined for complex numbers
wookieb
te
#pre#
IMPORT_OK
oblique
\\\\u000a
must have same value for thin_provisioned as source when using linked_clone
Failed to connect to broker
Invalid result object
unrecognized key 'a'
Created database
\\cB\\cJ
The REST API doesn't contain any methods
Expected object but got array
extended
The suite\\(s\\) \"blabla\" you specified don't exist
\\[403 Forbidden\\]
Rain and Snow
\\btemp-class-name\\b
has \"exists\" operator with invalid value within \"simpleObj\"
CleverStack Authentication Module
Migration not a MigratMigration instance
tumbler name \\[options\\]
%%s
Updated
return Service\\.extend\\(\\{
element of
testfile:1
cvdIndicator%3E0%3C\\/cvdIndicator%3E%0A%20%20%3C\\/card
\\[SPACE\\]
\\s*n\\s*
Finished: command '
MockObject can't be coerced into Float
main\\(
class Object
post must be greater than or equal to 0
\"foozleberries\"
 native 
\\s*\\,\\s*
main\\.jsbundle
route '\\/' did not match
ACLs cannot be set on children of \\/organizations\\/foo\\/cookbooks\\/x
lzf
IssueStatus
-shadowcsshost
e\u00fcrt
save: Saving of history save is on
\rn
add_index :skrillexes, :hair
SQLCODE\\s*=\\s*-950
0\\.25\\b
\\x{061B}
TEST_VERBOSE=0
aria-label=\"This is an icon\"
Query Error: Unknown cmd_tlm: BLAH
startup failed:
provided
\\bgnu\\\\ 
Enter image caption
skew
\\\"cfgNum\\\": 2,
Referer
replace stuff
sqlite3
expected Integer not to descend from Object
\\G\\r\n
<!-- Powered by XMB
long form
;executed=true
TEST_ENV_VAR
!DEFAULT!
self[.]blimey!
meter
instance variable @ivar4 not initialized
Globbing files
\\\\ding\\{164\\}
unicorns drill accurately
foo\\({\"\\\\u0026\":\"\\\\u2028\\\\u003cscript\\\\u003e\\\\u2029\"}\\)
installed
META-INF/SPRING\\.TOOLING
\\/vagrant\\/
kveld
when: Pred or predicate function required for first argument
<!ELEMENT
\\btest_
__FILE__ = 
 \\-\\> 
NoSelect
stream_select\\(\\)
2016
80
module ApplicationCable\n  class Connection < ActionCable::Connection::Base\n
A\n
\\\\\\t
create materialized view view_name as select_query_here with data
kind: 'Entry',\n
{ \"IBM\": 123 }
Schema must be instanceof GraphQLSchema
Starting: task test::hostname
RUBYGEMS PREFIX: 
attr4='5'
is_test=0
mismatch between specified provisioning profile and signing identity
may not work with this version
must be of length 2
_nocache
/var/log
Migrations not current during worker start after 
missing required property pingInterval
Deleting old ssh public keys
ns2:
<url><loc>a</loc><rs:md capability=\"capabilitylist\" /></url>
Hello, world!
preserve_exact_body_bytes
No platforms can be updated
BwABBJQ1AgAAAAAgJDUCAAAAAAA=
called:initialize
#000
priority
Failed to connect to
 *\t *
No request strings defined
clicks: 3
\\u0053\\u002d\\u0043
 },\n]\n
Get help
outside
Shape Plugin: missing <file> parameter
FCM: sent push notification to device-token
Effective
garden
EXEC
_av\\.m3u8
anything
LGSmartTV
beyond buffer length
\\x{067E}
failed to open stream: Success in
Sc\\'h
AssetNotPrecompiledError
Invalid session key
<samlp:SessionIndex
vx: \\d\\d000\\.0 pps
oh_noez
_:z1 rdf:first \"cell-B\";
<line
xmlns=\"http:\\/\\/purl\\.org\\/atom\\/ns#\"
cannot deliver to a frozen function object
1 runs, 1 assertions
\\.bundle/config
Cannot assign to read only property 'x'
stories/
highcharts-data-labels
Progress\\?
dummy2
an-item-id
New post
Missing \"ccid\" parameter
\\?\\?\\(
Rounded
href
noaptea
ceph_cluster_objects{cluster=\"ceph\"}
require target
XML::Ant::BuildFile::Resource::
sulfer
BUSY -- failed
_sqrt5_
BETWEEN 
\\{weeks\\}
<blockquote>\n<\\/blockquote>
_\\.
map1
\\\\space 
\\\\varpi 
<description>my blog</description>
No such template
lg
hash\\[\\]=value1&hash\\[\\]=value2
You cannot specify content when using checksum '
No solution was found for \"benefit\"
SyntaxError
invalid object
hmaxd=0
replication=
hap update CarbonDioxideSensor CarbonDioxidePeakLevel 20000
:06065064:
Bukkits::Engine\\.routes\\.draw do
vssil
\\/list\\/
\u00c3\u00a4
\\{weekOfYear\\}
ffort
unable to connect to node
yxz
Fetching
test_sql\\.html\\.erb
cdn\\.jsdelivr\\.net
</title>
Sun C
:No such file or directory:
password was invalid
Invalid syncFragments
\"babel\\?presets\\[\\]\\=es2015,presets\\[\\]\\=react\"
IPADDRESS
exit 2
\\\\~\\{a\\}
<h2 id=\"lc\">
_index\\.htm
TypeError: option parameterLimit must be a positive number
chrome\\/16\\.0
\\| --testing-db-type\\s*\\| can be mysql or sqlite\\s*\\|
\\)\\s*\n\\s*\\{
interval
No token list defined
\\breturn\\(1\\)
\\/quovo\\/
ing\\b
unterminated dumped string
haml
name=\"frames\" value=\"no\"
dotset
X-Bz-Info-
subscriber mode
\\x{064F}
XapianDb
The data-poll-id attribute is required for
pulls\\/
value exceeds maximum safe integer
TypeError: Unexpected type of argument in function constTag \\(expected: OperatorNode or ConstantNode or SymbolNode or ParenthesisNode or FunctionNode or FunctionAssignmentNode, actual: ArrayNode, index: 1\\)
faldo
\\[inet\\] no default interface
unknown function applied to parameter
Timeout: No Response from 
Please specify the child app to be merged
No registry for specified model name
invalid message name
gonbdserver:
\\binf\\b
Could not derive hardened child key
Apache License\\b
vboxguest
0030B1000000Reciever                           P  
__FONTSIZE2__
@import url\\(http:\\/\\/www\\.mrvideo\\.com\\/fun\\.css\\)
Renderer warn console
You can add\\/overwrite all your bower_components \\.sass variables here
'OperationError' 303: undefined is caught!
<saml:AuthnStatement AuthnInstant=\"
Cannot load data bag 
gem 'gris'
\"command\"\\s*:\\s*\"hello\"
Cassette changed: 
test_that_it_will_not_blend: m examples/minitest_5_example_test\\.rb:23
Analysis Name
\\e\\[m
`sequence`
\u03a4\u03af\u03c4\u03bb\u03bf\u03c2 \u03c0\u03c1\u03c9\u03c4\u03bf\u03c4\u03cd\u03c0\u03bf\u03c5:
&lt;SCRIPT&gt;
Ignoring type='Mymodule::Resource1', title='one' based on tag in to-catalog
D \\[0\\]
Starting external process for module mod-example
<suspended file=\"
The secret blahblah specified for the identity bob1 does not match the stored secret suchsecret
module TestApp\n  module Admin
PK
{\\\\\"o}
Base uri parameter unused
ios7
\\.textile
 firefox\\/
disable dedupe mode
\\^\\/fs
An asset violates the default-src 'none' Content-Security-Policy directive:
\\@affects\\@
Content-Length: 
between 6 and 8
missing argument for parameter \"value\"
\\*\\*\\/\\*
urlencoded
data_tabs
==>
\\\\ding\\{116\\}
_processCountryCodes
Jamie
mtime
<\\/td>
\\\\\\^\\{y\\}
C69
\\.isMobile
loginSearch
Type for variable 'smurf' is nil; 'type' must not be nil
has invalid \"ne\" operator value within \"unionTwo\\.type\"
scoped_by_type
text\\/xml
GUID
<meta name=\"generator\" content=\"WordPress
\"HTTP_FOO\"=>\"bar\"
content\\/
Genemark\\.hmm
fb
#n#t
\"section\"
\\,\\s\\)
not function
referenceableParamGroupRef
lager-1
AKIA
testing => 1, 2, 3, 4
This is frame 1
\\u200c\\u200c\\u200c_\\u200c\\u200c\\u200c
-LCB- 
\\bslug\\b
Required arguments :thread_ts missing
thread_id=acdcabbacd
'200': {
 --verbose 
 \\\\-  
SAMPLE text
Errors prevented bundling
hidepassed
invalid url
Could not parse for environment 
-pix_fmt list
ui-btn-right
ripper
TPX file provided is invalid
typeof exports
<preferences>\\s*<gem>ruby</gem>\\s*</preferences>
helpers/\\*\\*/\\*\\.rb
not_supported
<testcase classname=
resourceId: 1
SvrTCNamePattern\\b
\\{z\\}
icon-console none
win\\$\\.submit\\s*\\(
\\\not\\\\preceq 
CREATE EXTENSION IF NOT EXISTS postgis;
\\\\Elzrvbull 
var google_conversion_format = '3';
cannot find or open
#args#
\\<\\/tspan\\>
\\bkeep-alive\\b
regular file
\\.wh\\.
ctgPos
509
NETRANGEMMH
<\\!--
\\p{Script_Extensions=Bopo}+
ORA-01003
Cool
There is no account with identifier unknown\\/unknown
--verbose
require\\(\\\"\\.\\/c\\.html\\.twig\\\"\\);
Castellano
keyword arguments
aligned
dialplan\\.xml
f=jqueryui
half-covered-failing\\.js\"
Institute
Wrong type: it should be either a function or a boolean value
regexp_parser
deep-connect\\/test
windows nt 5\\.0
'--include' expects a value
medicalInformations
inlineMath inlineMathDouble
without-codemirror
\\[recursive\\]
generic
anymore
strictupper
Conversion of USD 10
\\&gt\\;
baaa47163a922b716898936f4ab032db4e08ae8a
react-cursor
requires id
\\.\\/locale\\/
Zu Ihrer Suchanfrage konnten keine Ergebnisse gefunden werden
a{10,12\\}
retrieve and rank
id1:\\t1st \\*after\\* example matched with some of patterns
yui
2 success, 2 assertion
Terms of Service
Feature requires one or more scenarios
Access token required
Notice: tst1: Define found one::tst1
Invalid grant: code not found
2> >\\(
\"name\": \"mvctest\"
/support/
 DefaultInstall 
pug_sentinel
Overflow
note in puppet
[%]s
eu
PRIMARY
Off
\\b10,001
pushed
Cannot `processSync` without `Compiler`
Media Jukebox
<script type=\"text\\/javascript\" src=\"lib\\/js\\/jquery\\.fancytree-all\\.min\\.js\"><\\/script>
integers
dtrace: failed to compile script
Failed to invoke the `SAVE` command
\\e\\[
insert_fixture
Username test is ambiguous
active
Must define GITHUB_TEAM_ID, GITHUB_ORG_ID, OR GITHUB_TOKEN
Successfully created extension:
example-api-resources/
gpg: BAD signature
browser=
did not contain a required property of \\'swagger\\'
class new_class 
E_MISSING_DATABASE_ROW: Cannot find database row for User model
normal><keyword>sub <
 with BSMTP
{compiledMarkdown}
q\"\\(
Senor
linode
intended\\: test
datatype><normal>, <
\\p{Pe}
&rho;
unknown package in top-level dependencies: foo
HandleErrorCallback
Alt
VTIDE
final retry handler finished
#\\(DATE\\)#
body, li \\{
document_missing_exception
not found in this project
\\d\\d:\\d\\d
\\/ship it
href=\"{% static 'stylesheets/govuk-template\\.css' %}\"
\\bdefine\\s*\\(\\s*function\\s*\\(require,\\s*exports,\\s*module\\)\\s*\\{
###HAS_DYNAMIC_PREFIX###
 \\N{GREEK SMALL LETTER PSI}           
maxy
Oct 20 2021
\\>\\ 
Ripper
<ns1:CARDNUMBER>
-rc_override 10
\\p{Pf}
\\bINTEGER\\b
Adr
 %p
Invalid algorithm
\\/\\.git\\/
<MESSAGE_TIMESTAMP>
\\bNus\\b
\"\\$\\(INST_BIN\\)\" \"\\$\\(DESTINSTALLBIN\\)\" \\\\
\\\"final\\\": false
Engine: addRule\\(\\) argument requires \"conditions\" property
NJS-014: poolMin is a read-only property
webbrowser
Invalid embedding hostname
MODE
&(CounterClockwiseContourIntegral|DoubleLongLeftRightArrow|ClockwiseContourIntegral|NotNestedGreaterGreater|NotSquareSupersetEqual|DiacriticalDoubleAcute|NotRightTriangleEqual|NotSucceedsSlantEqual|NotPrecedesSlantEqual|CloseCurlyDoubleQuote|NegativeVeryThinSpace|DoubleContourIntegral|FilledVerySmallSquare|CapitalDifferentialD|OpenCurlyDoubleQuote|EmptyVerySmallSquare|NestedGreaterGreater|DoubleLongRightArrow|NotLeftTriangleEqual|NotGreaterSlantEqual|ReverseUpEquilibrium|DoubleLeftRightArrow|NotSquareSubsetEqual|NotDoubleVerticalBar|RightArrowLeftArrow|NotGreaterFullEqual|NotRightTriangleBar|SquareSupersetEqual|DownLeftRightVector|DoubleLongLeftArrow|leftrightsquigarrow|LeftArrowRightArrow|NegativeMediumSpace|blacktriangleright|RightDownVectorBar|PrecedesSlantEqual|RightDoubleBracket|SucceedsSlantEqual|NotLeftTriangleBar|RightTriangleEqual|SquareIntersection|RightDownTeeVector|ReverseEquilibrium|NegativeThickSpace|longleftrightarrow|Longleftrightarrow|LongLeftRightArrow|DownRightTeeVector|DownRightVectorBar|GreaterSlantEqual|SquareSubsetEqual|LeftDownVectorBar|LeftDoubleBracket|VerticalSeparator|rightleftharpoons|NotGreaterGreater|NotSquareSuperset|blacktriangleleft|blacktriangledown|NegativeThinSpace|LeftDownTeeVector|NotLessSlantEqual|leftrightharpoons|DoubleUpDownArrow|DoubleVerticalBar|LeftTriangleEqual|FilledSmallSquare|twoheadrightarrow|NotNestedLessLess|DownLeftTeeVector|DownLeftVectorBar|RightAngleBracket|NotTildeFullEqual|NotReverseElement|RightUpDownVector|DiacriticalTilde|NotSucceedsTilde|circlearrowright|NotPrecedesEqual|rightharpoondown|DoubleRightArrow|NotSucceedsEqual|NonBreakingSpace|NotRightTriangle|LessEqualGreater|RightUpTeeVector|LeftAngleBracket|GreaterFullEqual|DownArrowUpArrow|RightUpVectorBar|twoheadleftarrow|GreaterEqualLess|downharpoonright|RightTriangleBar|ntrianglerighteq|NotSupersetEqual|LeftUpDownVector|DiacriticalAcute|rightrightarrows|vartriangleright|UpArrowDownArrow|DiacriticalGrave|UnderParenthesis|EmptySmallSquare|LeftUpVectorBar|leftrightarrows|DownRightVector|downharpoonleft|trianglerighteq|ShortRightArrow|OverParenthesis|DoubleLeftArrow|DoubleDownArrow|NotSquareSubset|bigtriangledown|ntrianglelefteq|UpperRightArrow|curvearrowright|vartriangleleft|NotLeftTriangle|nleftrightarrow|LowerRightArrow|NotHumpDownHump|NotGreaterTilde|rightthreetimes|LeftUpTeeVector|NotGreaterEqual|straightepsilon|LeftTriangleBar|rightsquigarrow|ContourIntegral|rightleftarrows|CloseCurlyQuote|RightDownVector|LeftRightVector|nLeftrightarrow|leftharpoondown|circlearrowleft|SquareSuperset|OpenCurlyQuote|hookrightarrow|HorizontalLine|DiacriticalDot|NotLessGreater|ntriangleright|DoubleRightTee|InvisibleComma|InvisibleTimes|LowerLeftArrow|DownLeftVector|NotSubsetEqual|curvearrowleft|trianglelefteq|NotVerticalBar|TildeFullEqual|downdownarrows|NotGreaterLess|RightTeeVector|ZeroWidthSpace|looparrowright|LongRightArrow|doublebarwedge|ShortLeftArrow|ShortDownArrow|RightVectorBar|GreaterGreater|ReverseElement|rightharpoonup|LessSlantEqual|leftthreetimes|upharpoonright|rightarrowtail|LeftDownVector|Longrightarrow|NestedLessLess|UpperLeftArrow|nshortparallel|leftleftarrows|leftrightarrow|Leftrightarrow|LeftRightArrow|longrightarrow|upharpoonleft|RightArrowBar|ApplyFunction|LeftTeeVector|leftarrowtail|NotEqualTilde|varsubsetneqq|varsupsetneqq|RightTeeArrow|SucceedsEqual|SucceedsTilde|LeftVectorBar|SupersetEqual|hookleftarrow|DifferentialD|VerticalTilde|VeryThinSpace|blacktriangle|bigtriangleup|LessFullEqual|divideontimes|leftharpoonup|UpEquilibrium|ntriangleleft|RightTriangle|measuredangle|shortparallel|longleftarrow|Longleftarrow|LongLeftArrow|DoubleLeftTee|Poincareplane|PrecedesEqual|triangleright|DoubleUpArrow|RightUpVector|fallingdotseq|looparrowleft|PrecedesTilde|NotTildeEqual|NotTildeTilde|smallsetminus|Proportional|triangleleft|triangledown|UnderBracket|NotHumpEqual|exponentiale|ExponentialE|NotLessTilde|HilbertSpace|RightCeiling|blacklozenge|varsupsetneq|HumpDownHump|GreaterEqual|VerticalLine|LeftTeeArrow|NotLessEqual|DownTeeArrow|LeftTriangle|varsubsetneq|Intersection|NotCongruent|DownArrowBar|LeftUpVector|LeftArrowBar|risingdotseq|GreaterTilde|RoundImplies|SquareSubset|ShortUpArrow|NotSuperset|quaternions|precnapprox|backepsilon|preccurlyeq|OverBracket|blacksquare|MediumSpace|VerticalBar|circledcirc|circleddash|CircleMinus|CircleTimes|LessGreater|curlyeqprec|curlyeqsucc|diamondsuit|UpDownArrow|Updownarrow|RuleDelayed|Rrightarrow|updownarrow|RightVector|nRightarrow|nrightarrow|eqslantless|LeftCeiling|Equilibrium|SmallCircle|expectation|NotSucceeds|thickapprox|GreaterLess|SquareUnion|NotPrecedes|NotLessLess|straightphi|succnapprox|succcurlyeq|SubsetEqual|sqsupseteq|Proportion|Laplacetrf|ImaginaryI|supsetneqq|NotGreater|gtreqqless|NotElement|ThickSpace|TildeEqual|TildeTilde|Fouriertrf|rmoustache|EqualTilde|eqslantgtr|UnderBrace|LeftVector|UpArrowBar|nLeftarrow|nsubseteqq|subsetneqq|nsupseteqq|nleftarrow|succapprox|lessapprox|UpTeeArrow|upuparrows|curlywedge|lesseqqgtr|varepsilon|varnothing|RightFloor|complement|CirclePlus|sqsubseteq|Lleftarrow|circledast|RightArrow|Rightarrow|rightarrow|lmoustache|Bernoullis|precapprox|mapstoleft|mapstodown|longmapsto|dotsquare|downarrow|DoubleDot|nsubseteq|supsetneq|leftarrow|nsupseteq|subsetneq|ThinSpace|ngeqslant|subseteqq|HumpEqual|NotSubset|triangleq|NotCupCap|lesseqgtr|heartsuit|TripleDot|Leftarrow|Coproduct|Congruent|varpropto|complexes|gvertneqq|LeftArrow|LessTilde|supseteqq|MinusPlus|CircleDot|nleqslant|NotExists|gtreqless|nparallel|UnionPlus|LeftFloor|checkmark|CenterDot|centerdot|Mellintrf|gtrapprox|bigotimes|OverBrace|spadesuit|therefore|pitchfork|rationals|PlusMinus|Backslash|Therefore|DownBreve|backsimeq|backprime|DownArrow|nshortmid|Downarrow|lvertneqq|eqvparsl|imagline|imagpart|infintie|integers|Integral|intercal|LessLess|Uarrocir|intlarhk|sqsupset|angmsdaf|sqsubset|llcorner|vartheta|cupbrcap|lnapprox|Superset|SuchThat|succnsim|succneqq|angmsdag|biguplus|curlyvee|trpezium|Succeeds|NotTilde|bigwedge|angmsdah|angrtvbd|triminus|cwconint|fpartint|lrcorner|smeparsl|subseteq|urcorner|lurdshar|laemptyv|DDotrahd|approxeq|ldrushar|awconint|mapstoup|backcong|shortmid|triangle|geqslant|gesdotol|timesbar|circledR|circledS|setminus|multimap|naturals|scpolint|ncongdot|RightTee|boxminus|gnapprox|boxtimes|andslope|thicksim|angmsdaa|varsigma|cirfnint|rtriltri|angmsdab|rppolint|angmsdac|barwedge|drbkarow|clubsuit|thetasym|bsolhsub|capbrcup|dzigrarr|doteqdot|DotEqual|dotminus|UnderBar|NotEqual|realpart|otimesas|ulcorner|hksearow|hkswarow|parallel|PartialD|elinters|emptyset|plusacir|bbrktbrk|angmsdad|pointint|bigoplus|angmsdae|Precedes|bigsqcup|varkappa|notindot|supseteq|precneqq|precnsim|profalar|profline|profsurf|leqslant|lesdotor|raemptyv|subplus|notnivb|notnivc|subrarr|zigrarr|vzigzag|submult|subedot|Element|between|cirscir|larrbfs|larrsim|lotimes|lbrksld|lbrkslu|lozenge|ldrdhar|dbkarow|bigcirc|epsilon|simrarr|simplus|ltquest|Epsilon|luruhar|gtquest|maltese|npolint|eqcolon|npreceq|bigodot|ddagger|gtrless|bnequiv|harrcir|ddotseq|equivDD|backsim|demptyv|nsqsube|nsqsupe|Upsilon|nsubset|upsilon|minusdu|nsucceq|swarrow|nsupset|coloneq|searrow|boxplus|napprox|natural|asympeq|alefsym|congdot|nearrow|bigstar|diamond|supplus|tritime|LeftTee|nvinfin|triplus|NewLine|nvltrie|nvrtrie|nwarrow|nexists|Diamond|ruluhar|Implies|supmult|angzarr|suplarr|suphsub|questeq|because|digamma|Because|olcross|bemptyv|omicron|Omicron|rotimes|NoBreak|intprod|angrtvb|orderof|uwangle|suphsol|lesdoto|orslope|DownTee|realine|cudarrl|rdldhar|OverBar|supedot|lessdot|supdsub|topfork|succsim|rbrkslu|rbrksld|pertenk|cudarrr|isindot|planckh|lessgtr|pluscir|gesdoto|plussim|plustwo|lesssim|cularrp|rarrsim|Cayleys|notinva|notinvb|notinvc|UpArrow|Uparrow|uparrow|NotLess|dwangle|precsim|Product|curarrm|Cconint|dotplus|rarrbfs|ccupssm|Cedilla|cemptyv|notniva|quatint|frac35|frac38|frac45|frac56|frac58|frac78|tridot|xoplus|gacute|gammad|Gammad|lfisht|lfloor|bigcup|sqsupe|gbreve|Gbreve|lharul|sqsube|sqcups|Gcedil|apacir|llhard|lmidot|Lmidot|lmoust|andand|sqcaps|approx|Abreve|spades|circeq|tprime|divide|topcir|Assign|topbot|gesdot|divonx|xuplus|timesd|gesles|atilde|solbar|SOFTcy|loplus|timesb|lowast|lowbar|dlcorn|dlcrop|softcy|dollar|lparlt|thksim|lrhard|Atilde|lsaquo|smashp|bigvee|thinsp|wreath|bkarow|lsquor|lstrok|Lstrok|lthree|ltimes|ltlarr|DotDot|simdot|ltrPar|weierp|xsqcup|angmsd|sigmav|sigmaf|zeetrf|Zcaron|zcaron|mapsto|vsupne|thetav|cirmid|marker|mcomma|Zacute|vsubnE|there4|gtlPar|vsubne|bottom|gtrarr|SHCHcy|shchcy|midast|midcir|middot|minusb|minusd|gtrdot|bowtie|sfrown|mnplus|models|colone|seswar|Colone|mstpos|searhk|gtrsim|nacute|Nacute|boxbox|telrec|hairsp|Tcedil|nbumpe|scnsim|ncaron|Ncaron|ncedil|Ncedil|hamilt|Scedil|nearhk|hardcy|HARDcy|tcedil|Tcaron|commat|nequiv|nesear|tcaron|target|hearts|nexist|varrho|scedil|Scaron|scaron|hellip|Sacute|sacute|hercon|swnwar|compfn|rtimes|rthree|rsquor|rsaquo|zacute|wedgeq|homtht|barvee|barwed|Barwed|rpargt|horbar|conint|swarhk|roplus|nltrie|hslash|hstrok|Hstrok|rmoust|Conint|bprime|hybull|hyphen|iacute|Iacute|supsup|supsub|supsim|varphi|coprod|brvbar|agrave|Supset|supset|igrave|Igrave|notinE|Agrave|iiiint|iinfin|copysr|wedbar|Verbar|vangrt|becaus|incare|verbar|inodot|bullet|drcorn|intcal|drcrop|cularr|vellip|Utilde|bumpeq|cupcap|dstrok|Dstrok|CupCap|cupcup|cupdot|eacute|Eacute|supdot|iquest|easter|ecaron|Ecaron|ecolon|isinsv|utilde|itilde|Itilde|curarr|succeq|Bumpeq|cacute|ulcrop|nparsl|Cacute|nprcue|egrave|Egrave|nrarrc|nrarrw|subsup|subsub|nrtrie|jsercy|nsccue|Jsercy|kappav|kcedil|Kcedil|subsim|ulcorn|nsimeq|egsdot|veebar|kgreen|capand|elsdot|Subset|subset|curren|aacute|lacute|Lacute|emptyv|ntilde|Ntilde|lagran|lambda|Lambda|capcap|Ugrave|langle|subdot|emsp13|numero|emsp14|nvdash|nvDash|nVdash|nVDash|ugrave|ufisht|nvHarr|larrfs|nvlArr|larrhk|larrlp|larrpl|nvrArr|Udblac|nwarhk|larrtl|nwnear|oacute|Oacute|latail|lAtail|sstarf|lbrace|odblac|Odblac|lbrack|udblac|odsold|eparsl|lcaron|Lcaron|ograve|Ograve|lcedil|Lcedil|Aacute|ssmile|ssetmn|squarf|ldquor|capcup|ominus|cylcty|rharul|eqcirc|dagger|rfloor|rfisht|Dagger|daleth|equals|origof|capdot|equest|dcaron|Dcaron|rdquor|oslash|Oslash|otilde|Otilde|otimes|Otimes|urcrop|Ubreve|ubreve|Yacute|Uacute|uacute|Rcedil|rcedil|urcorn|parsim|Rcaron|Vdashl|rcaron|Tstrok|percnt|period|permil|Exists|yacute|rbrack|rbrace|phmmat|ccaron|Ccaron|planck|ccedil|plankv|tstrok|female|plusdo|plusdu|ffilig|plusmn|ffllig|Ccedil|rAtail|dfisht|bernou|ratail|Rarrtl|rarrtl|angsph|rarrpl|rarrlp|rarrhk|xwedge|xotime|forall|ForAll|Vvdash|vsupnE|preceq|bigcap|frac12|frac13|frac14|primes|rarrfs|prnsim|frac15|Square|frac16|square|lesdot|frac18|frac23|propto|prurel|rarrap|rangle|puncsp|frac25|Racute|qprime|racute|lesges|frac34|abreve|AElig|eqsim|utdot|setmn|urtri|Equal|Uring|seArr|uring|searr|dashv|Dashv|mumap|nabla|iogon|Iogon|sdote|sdotb|scsim|napid|napos|equiv|natur|Acirc|dblac|erarr|nbump|iprod|erDot|ucirc|awint|esdot|angrt|ncong|isinE|scnap|Scirc|scirc|ndash|isins|Ubrcy|nearr|neArr|isinv|nedot|ubrcy|acute|Ycirc|iukcy|Iukcy|xutri|nesim|caret|jcirc|Jcirc|caron|twixt|ddarr|sccue|exist|jmath|sbquo|ngeqq|angst|ccaps|lceil|ngsim|UpTee|delta|Delta|rtrif|nharr|nhArr|nhpar|rtrie|jukcy|Jukcy|kappa|rsquo|Kappa|nlarr|nlArr|TSHcy|rrarr|aogon|Aogon|fflig|xrarr|tshcy|ccirc|nleqq|filig|upsih|nless|dharl|nlsim|fjlig|ropar|nltri|dharr|robrk|roarr|fllig|fltns|roang|rnmid|subnE|subne|lAarr|trisb|Ccirc|acirc|ccups|blank|VDash|forkv|Vdash|langd|cedil|blk12|blk14|laquo|strns|diams|notin|vDash|larrb|blk34|block|disin|uplus|vdash|vBarv|aelig|starf|Wedge|check|xrArr|lates|lbarr|lBarr|notni|lbbrk|bcong|frasl|lbrke|frown|vrtri|vprop|vnsup|gamma|Gamma|wedge|xodot|bdquo|srarr|doteq|ldquo|boxdl|boxdL|gcirc|Gcirc|boxDl|boxDL|boxdr|boxdR|boxDr|TRADE|trade|rlhar|boxDR|vnsub|npart|vltri|rlarr|boxhd|boxhD|nprec|gescc|nrarr|nrArr|boxHd|boxHD|boxhu|boxhU|nrtri|boxHu|clubs|boxHU|times|colon|Colon|gimel|xlArr|Tilde|nsime|tilde|nsmid|nspar|THORN|thorn|xlarr|nsube|nsubE|thkap|xhArr|comma|nsucc|boxul|boxuL|nsupe|nsupE|gneqq|gnsim|boxUl|boxUL|grave|boxur|boxuR|boxUr|boxUR|lescc|angle|bepsi|boxvh|varpi|boxvH|numsp|Theta|gsime|gsiml|theta|boxVh|boxVH|boxvl|gtcir|gtdot|boxvL|boxVl|boxVL|crarr|cross|Cross|nvsim|boxvr|nwarr|nwArr|sqsup|dtdot|Uogon|lhard|lharu|dtrif|ocirc|Ocirc|lhblk|duarr|odash|sqsub|Hacek|sqcup|llarr|duhar|oelig|OElig|ofcir|boxvR|uogon|lltri|boxVr|csube|uuarr|ohbar|csupe|ctdot|olarr|olcir|harrw|oline|sqcap|omacr|Omacr|omega|Omega|boxVR|aleph|lneqq|lnsim|loang|loarr|rharu|lobrk|hcirc|operp|oplus|rhard|Hcirc|orarr|Union|order|ecirc|Ecirc|cuepr|szlig|cuesc|breve|reals|eDDot|Breve|hoarr|lopar|utrif|rdquo|Umacr|umacr|efDot|swArr|ultri|alpha|rceil|ovbar|swarr|Wcirc|wcirc|smtes|smile|bsemi|lrarr|aring|parsl|lrhar|bsime|uhblk|lrtri|cupor|Aring|uharr|uharl|slarr|rbrke|bsolb|lsime|rbbrk|RBarr|lsimg|phone|rBarr|rbarr|icirc|lsquo|Icirc|emacr|Emacr|ratio|simne|plusb|simlE|simgE|simeq|pluse|ltcir|ltdot|empty|xharr|xdtri|iexcl|Alpha|ltrie|rarrw|pound|ltrif|xcirc|bumpe|prcue|bumpE|asymp|amacr|cuvee|Sigma|sigma|iiint|udhar|iiota|ijlig|IJlig|supnE|imacr|Imacr|prime|Prime|image|prnap|eogon|Eogon|rarrc|mdash|mDDot|cuwed|imath|supne|imped|Amacr|udarr|prsim|micro|rarrb|cwint|raquo|infin|eplus|range|rangd|Ucirc|radic|minus|amalg|veeeq|rAarr|epsiv|ycirc|quest|sharp|quot|zwnj|Qscr|race|qscr|Qopf|qopf|qint|rang|Rang|Zscr|zscr|Zopf|zopf|rarr|rArr|Rarr|Pscr|pscr|prop|prod|prnE|prec|ZHcy|zhcy|prap|Zeta|zeta|Popf|popf|Zdot|plus|zdot|Yuml|yuml|phiv|YUcy|yucy|Yscr|yscr|perp|Yopf|yopf|part|para|YIcy|Ouml|rcub|yicy|YAcy|rdca|ouml|osol|Oscr|rdsh|yacy|real|oscr|xvee|andd|rect|andv|Xscr|oror|ordm|ordf|xscr|ange|aopf|Aopf|rHar|Xopf|opar|Oopf|xopf|xnis|rhov|oopf|omid|xmap|oint|apid|apos|ogon|ascr|Ascr|odot|odiv|xcup|xcap|ocir|oast|nvlt|nvle|nvgt|nvge|nvap|Wscr|wscr|auml|ntlg|ntgl|nsup|nsub|nsim|Nscr|nscr|nsce|Wopf|ring|npre|wopf|npar|Auml|Barv|bbrk|Nopf|nopf|nmid|nLtv|beta|ropf|Ropf|Beta|beth|nles|rpar|nleq|bnot|bNot|nldr|NJcy|rscr|Rscr|Vscr|vscr|rsqb|njcy|bopf|nisd|Bopf|rtri|Vopf|nGtv|ngtr|vopf|boxh|boxH|boxv|nges|ngeq|boxV|bscr|scap|Bscr|bsim|Vert|vert|bsol|bull|bump|caps|cdot|ncup|scnE|ncap|nbsp|napE|Cdot|cent|sdot|Vbar|nang|vBar|chcy|Mscr|mscr|sect|semi|CHcy|Mopf|mopf|sext|circ|cire|mldr|mlcp|cirE|comp|shcy|SHcy|vArr|varr|cong|copf|Copf|copy|COPY|malt|male|macr|lvnE|cscr|ltri|sime|ltcc|simg|Cscr|siml|csub|Uuml|lsqb|lsim|uuml|csup|Lscr|lscr|utri|smid|lpar|cups|smte|lozf|darr|Lopf|Uscr|solb|lopf|sopf|Sopf|lneq|uscr|spar|dArr|lnap|Darr|dash|Sqrt|LJcy|ljcy|lHar|dHar|Upsi|upsi|diam|lesg|djcy|DJcy|leqq|dopf|Dopf|dscr|Dscr|dscy|ldsh|ldca|squf|DScy|sscr|Sscr|dsol|lcub|late|star|Star|Uopf|Larr|lArr|larr|uopf|dtri|dzcy|sube|subE|Lang|lang|Kscr|kscr|Kopf|kopf|KJcy|kjcy|KHcy|khcy|DZcy|ecir|edot|eDot|Jscr|jscr|succ|Jopf|jopf|Edot|uHar|emsp|ensp|Iuml|iuml|eopf|isin|Iscr|iscr|Eopf|epar|sung|epsi|escr|sup1|sup2|sup3|Iota|iota|supe|supE|Iopf|iopf|IOcy|iocy|Escr|esim|Esim|imof|Uarr|QUOT|uArr|uarr|euml|IEcy|iecy|Idot|Euml|euro|excl|Hscr|hscr|Hopf|hopf|TScy|tscy|Tscr|hbar|tscr|flat|tbrk|fnof|hArr|harr|half|fopf|Fopf|tdot|gvnE|fork|trie|gtcc|fscr|Fscr|gdot|gsim|Gscr|gscr|Gopf|gopf|gneq|Gdot|tosa|gnap|Topf|topf|geqq|toea|GJcy|gjcy|tint|gesl|mid|Sfr|ggg|top|ges|gla|glE|glj|geq|gne|gEl|gel|gnE|Gcy|gcy|gap|Tfr|tfr|Tcy|tcy|Hat|Tau|Ffr|tau|Tab|hfr|Hfr|ffr|Fcy|fcy|icy|Icy|iff|ETH|eth|ifr|Ifr|Eta|eta|int|Int|Sup|sup|ucy|Ucy|Sum|sum|jcy|ENG|ufr|Ufr|eng|Jcy|jfr|els|ell|egs|Efr|efr|Jfr|uml|kcy|Kcy|Ecy|ecy|kfr|Kfr|lap|Sub|sub|lat|lcy|Lcy|leg|Dot|dot|lEg|leq|les|squ|div|die|lfr|Lfr|lgE|Dfr|dfr|Del|deg|Dcy|dcy|lne|lnE|sol|loz|smt|Cup|lrm|cup|lsh|Lsh|sim|shy|map|Map|mcy|Mcy|mfr|Mfr|mho|gfr|Gfr|sfr|cir|Chi|chi|nap|Cfr|vcy|Vcy|cfr|Scy|scy|ncy|Ncy|vee|Vee|Cap|cap|nfr|scE|sce|Nfr|nge|ngE|nGg|vfr|Vfr|ngt|bot|nGt|nis|niv|Rsh|rsh|nle|nlE|bne|Bfr|bfr|nLl|nlt|nLt|Bcy|bcy|not|Not|rlm|wfr|Wfr|npr|nsc|num|ocy|ast|Ocy|ofr|xfr|Xfr|Ofr|ogt|ohm|apE|olt|Rho|ape|rho|Rfr|rfr|ord|REG|ang|reg|orv|And|and|AMP|Rcy|amp|Afr|ycy|Ycy|yen|yfr|Yfr|rcy|par|pcy|Pcy|pfr|Pfr|phi|Phi|afr|Acy|acy|zcy|Zcy|piv|acE|acd|zfr|Zfr|pre|prE|psi|Psi|qfr|Qfr|zwj|Or|ge|Gg|gt|gg|el|oS|lt|Lt|LT|Re|lg|gl|eg|ne|Im|it|le|DD|wp|wr|nu|Nu|dd|lE|Sc|sc|pi|Pi|ee|af|ll|Ll|rx|gE|xi|pm|Xi|ic|pr|Pr|in|ni|mp|mu|ac|Mu|or|ap|Gt|GT|ii);|&(Aacute|Agrave|Atilde|Ccedil|Eacute|Egrave|Iacute|Igrave|Ntilde|Oacute|Ograve|Oslash|Otilde|Uacute|Ugrave|Yacute|aacute|agrave|atilde|brvbar|ccedil|curren|divide|eacute|egrave|frac12|frac14|frac34|iacute|igrave|iquest|middot|ntilde|oacute|ograve|oslash|otilde|plusmn|uacute|ugrave|yacute|AElig|Acirc|Aring|Ecirc|Icirc|Ocirc|THORN|Ucirc|acirc|acute|aelig|aring|cedil|ecirc|icirc|iexcl|laquo|micro|ocirc|pound|raquo|szlig|thorn|times|ucirc|Auml|COPY|Euml|Iuml|Ouml|QUOT|Uuml|auml|cent|copy|euml|iuml|macr|nbsp|ordf|ordm|ouml|para|quot|sect|sup1|sup2|sup3|uuml|yuml|AMP|ETH|REG|amp|deg|eth|not|reg|shy|uml|yen|GT|LT|gt|lt)(?!;)([=a-zA-Z0-9]?)|&#([0-9]+)(;?)|&#[xX]([a-fA-F0-9]+)(;?)|&([0-9a-zA-Z]+)
yzx
<I>
The \"hashFunction\" field must be a function
argument cannot be a CollectionResource
Down\\=None
%3F
{sum}
\\s*[\\{\\}]\\s*
instance
Expected 1 or more, got 0
\\bo
border-
Expected \"name\" to be a string
hap update AirQualitySensor CarbonDioxideLevel 100
r\\+
sudo chown -R ghost:ghost \\.\\/content
occam
sinew
ROWS 2 TO 2
\\\\cyrchar\\\\cyrkhcrs 
\\/x\\/
simple-production-inactive
\\bLAST\\b
only delete
reset_password
{xmax}
\\\"data\\\":\\\"ok\\\"
\\.module\\.scss
932823723
not found in database
\\\\altaffilmark
\"\\\\\"\\}\\\\\"\"
/latest
\\&br\\;
texlive/
Deploy config does not exist at
\\G}
 support 
http://example\\.com/
This UseCaseFactory is already bound
CardKitDOM can only be used in a browser environment
test\\/style\\.css
odp-entries
\\bLIMIT\\b
unknown bibliography list type 'thisisintentionallyinvalid'
we failed to reach
Attempted to get checksum of a \\*non\\*-file node
Items with UNITS can't define STATE
Methods must
profile_name=prof_name
<\\/script><\\/html>
Leave Team
segments_container is required
cannot start
InitializationError: First argument must be an abstract-leveldown compliant store
aqua_products
openebs_read_block_count 10
unprocessable_entity
<div id=\"
\\bcirca\\b
greyscale-alpha-8bit\\.png
debug_start
Cannot transfer output stage from foo to bar
Expected proxy origin
service binding missing name parameter
lib-es6
:*\\d*/srm/managerv2\\?SFN=
{width}
\\{\\{blurY\\}\\}
updating
Operator '\\/' is not applicable to a Timestamp
ERROR Digest wb auth-int realm: no credentials in the request\\.
select2-container
EVP_dss
browser
app/views/notifier_mailer/foo\\.text\\.haml
lldb-
visitor
<html><head>
ExceptionHub: Exception: 
\\bWww\\b
sz=300x250%7C320x50&
undefined method derp for
http:\\/\\/LATEST
Storage Pool not found
could not parse minor version
Configuration Management Summary
\\/stream:stream
\\(\\?:\\.\\|\\[\\\\r\\\n\\]\\)\\*
<div align=
installed at node_modules
NUM_CLIPPING_PLANES
name is a read-only property
Password is required
>;
one\\(\\) matched by should_receive\\(:one\\)
export interface AppState {
Transfer-Encoding: chunked
delta_
bls5
\u00b0\u00b0JOP\u00b0CHECKBOX\u00b0NOTICK\u00b0\u00b0
\\/directories
\\p{Dia}
save already in progress
Acid Rain Day
GroupTypeId eq 45 and 
xl\\/charts\\/chart\\d\\.xml
brown eyed girl
\\@date
a9=8
Code signing failed
driver:File
Value of 'minLength' must be a number
\\ssigil
status: 200
Some non-transactional changed tables
delta
Pending
javasScript
\\\\#
realaudio
[\\xAA\\xB5\\xB7\\xBA\\xC0-\\xD6\\xD8-\\xF6\\xF8-\\u02C1\\u02C6-\\u02D1\\u02E0-\\u02E4\\u02EC\\u02EE\\u0300-\\u0374\\u0376\\u0377\\u037A-\\u037D\\u037F\\u0386-\\u038A\\u038C\\u038E-\\u03A1\\u03A3-\\u03F5\\u03F7-\\u0481\\u0483-\\u0487\\u048A-\\u052F\\u0531-\\u0556\\u0559\\u0561-\\u0587\\u0591-\\u05BD\\u05BF\\u05C1\\u05C2\\u05C4\\u05C5\\u05C7\\u05D0-\\u05EA\\u05F0-\\u05F2\\u0610-\\u061A\\u0620-\\u0669\\u066E-\\u06D3\\u06D5-\\u06DC\\u06DF-\\u06E8\\u06EA-\\u06FC\\u06FF\\u0710-\\u074A\\u074D-\\u07B1\\u07C0-\\u07F5\\u07FA\\u0800-\\u082D\\u0840-\\u085B\\u08A0-\\u08B4\\u08B6-\\u08BD\\u08D4-\\u08E1\\u08E3-\\u0963\\u0966-\\u096F\\u0971-\\u0983\\u0985-\\u098C\\u098F\\u0990\\u0993-\\u09A8\\u09AA-\\u09B0\\u09B2\\u09B6-\\u09B9\\u09BC-\\u09C4\\u09C7\\u09C8\\u09CB-\\u09CE\\u09D7\\u09DC\\u09DD\\u09DF-\\u09E3\\u09E6-\\u09F1\\u0A01-\\u0A03\\u0A05-\\u0A0A\\u0A0F\\u0A10\\u0A13-\\u0A28\\u0A2A-\\u0A30\\u0A32\\u0A33\\u0A35\\u0A36\\u0A38\\u0A39\\u0A3C\\u0A3E-\\u0A42\\u0A47\\u0A48\\u0A4B-\\u0A4D\\u0A51\\u0A59-\\u0A5C\\u0A5E\\u0A66-\\u0A75\\u0A81-\\u0A83\\u0A85-\\u0A8D\\u0A8F-\\u0A91\\u0A93-\\u0AA8\\u0AAA-\\u0AB0\\u0AB2\\u0AB3\\u0AB5-\\u0AB9\\u0ABC-\\u0AC5\\u0AC7-\\u0AC9\\u0ACB-\\u0ACD\\u0AD0\\u0AE0-\\u0AE3\\u0AE6-\\u0AEF\\u0AF9\\u0B01-\\u0B03\\u0B05-\\u0B0C\\u0B0F\\u0B10\\u0B13-\\u0B28\\u0B2A-\\u0B30\\u0B32\\u0B33\\u0B35-\\u0B39\\u0B3C-\\u0B44\\u0B47\\u0B48\\u0B4B-\\u0B4D\\u0B56\\u0B57\\u0B5C\\u0B5D\\u0B5F-\\u0B63\\u0B66-\\u0B6F\\u0B71\\u0B82\\u0B83\\u0B85-\\u0B8A\\u0B8E-\\u0B90\\u0B92-\\u0B95\\u0B99\\u0B9A\\u0B9C\\u0B9E\\u0B9F\\u0BA3\\u0BA4\\u0BA8-\\u0BAA\\u0BAE-\\u0BB9\\u0BBE-\\u0BC2\\u0BC6-\\u0BC8\\u0BCA-\\u0BCD\\u0BD0\\u0BD7\\u0BE6-\\u0BEF\\u0C00-\\u0C03\\u0C05-\\u0C0C\\u0C0E-\\u0C10\\u0C12-\\u0C28\\u0C2A-\\u0C39\\u0C3D-\\u0C44\\u0C46-\\u0C48\\u0C4A-\\u0C4D\\u0C55\\u0C56\\u0C58-\\u0C5A\\u0C60-\\u0C63\\u0C66-\\u0C6F\\u0C80-\\u0C83\\u0C85-\\u0C8C\\u0C8E-\\u0C90\\u0C92-\\u0CA8\\u0CAA-\\u0CB3\\u0CB5-\\u0CB9\\u0CBC-\\u0CC4\\u0CC6-\\u0CC8\\u0CCA-\\u0CCD\\u0CD5\\u0CD6\\u0CDE\\u0CE0-\\u0CE3\\u0CE6-\\u0CEF\\u0CF1\\u0CF2\\u0D01-\\u0D03\\u0D05-\\u0D0C\\u0D0E-\\u0D10\\u0D12-\\u0D3A\\u0D3D-\\u0D44\\u0D46-\\u0D48\\u0D4A-\\u0D4E\\u0D54-\\u0D57\\u0D5F-\\u0D63\\u0D66-\\u0D6F\\u0D7A-\\u0D7F\\u0D82\\u0D83\\u0D85-\\u0D96\\u0D9A-\\u0DB1\\u0DB3-\\u0DBB\\u0DBD\\u0DC0-\\u0DC6\\u0DCA\\u0DCF-\\u0DD4\\u0DD6\\u0DD8-\\u0DDF\\u0DE6-\\u0DEF\\u0DF2\\u0DF3\\u0E01-\\u0E3A\\u0E40-\\u0E4E\\u0E50-\\u0E59\\u0E81\\u0E82\\u0E84\\u0E87\\u0E88\\u0E8A\\u0E8D\\u0E94-\\u0E97\\u0E99-\\u0E9F\\u0EA1-\\u0EA3\\u0EA5\\u0EA7\\u0EAA\\u0EAB\\u0EAD-\\u0EB9\\u0EBB-\\u0EBD\\u0EC0-\\u0EC4\\u0EC6\\u0EC8-\\u0ECD\\u0ED0-\\u0ED9\\u0EDC-\\u0EDF\\u0F00\\u0F18\\u0F19\\u0F20-\\u0F29\\u0F35\\u0F37\\u0F39\\u0F3E-\\u0F47\\u0F49-\\u0F6C\\u0F71-\\u0F84\\u0F86-\\u0F97\\u0F99-\\u0FBC\\u0FC6\\u1000-\\u1049\\u1050-\\u109D\\u10A0-\\u10C5\\u10C7\\u10CD\\u10D0-\\u10FA\\u10FC-\\u1248\\u124A-\\u124D\\u1250-\\u1256\\u1258\\u125A-\\u125D\\u1260-\\u1288\\u128A-\\u128D\\u1290-\\u12B0\\u12B2-\\u12B5\\u12B8-\\u12BE\\u12C0\\u12C2-\\u12C5\\u12C8-\\u12D6\\u12D8-\\u1310\\u1312-\\u1315\\u1318-\\u135A\\u135D-\\u135F\\u1369-\\u1371\\u1380-\\u138F\\u13A0-\\u13F5\\u13F8-\\u13FD\\u1401-\\u166C\\u166F-\\u167F\\u1681-\\u169A\\u16A0-\\u16EA\\u16EE-\\u16F8\\u1700-\\u170C\\u170E-\\u1714\\u1720-\\u1734\\u1740-\\u1753\\u1760-\\u176C\\u176E-\\u1770\\u1772\\u1773\\u1780-\\u17D3\\u17D7\\u17DC\\u17DD\\u17E0-\\u17E9\\u180B-\\u180D\\u1810-\\u1819\\u1820-\\u1877\\u1880-\\u18AA\\u18B0-\\u18F5\\u1900-\\u191E\\u1920-\\u192B\\u1930-\\u193B\\u1946-\\u196D\\u1970-\\u1974\\u1980-\\u19AB\\u19B0-\\u19C9\\u19D0-\\u19DA\\u1A00-\\u1A1B\\u1A20-\\u1A5E\\u1A60-\\u1A7C\\u1A7F-\\u1A89\\u1A90-\\u1A99\\u1AA7\\u1AB0-\\u1ABD\\u1B00-\\u1B4B\\u1B50-\\u1B59\\u1B6B-\\u1B73\\u1B80-\\u1BF3\\u1C00-\\u1C37\\u1C40-\\u1C49\\u1C4D-\\u1C7D\\u1C80-\\u1C88\\u1CD0-\\u1CD2\\u1CD4-\\u1CF6\\u1CF8\\u1CF9\\u1D00-\\u1DF5\\u1DFB-\\u1F15\\u1F18-\\u1F1D\\u1F20-\\u1F45\\u1F48-\\u1F4D\\u1F50-\\u1F57\\u1F59\\u1F5B\\u1F5D\\u1F5F-\\u1F7D\\u1F80-\\u1FB4\\u1FB6-\\u1FBC\\u1FBE\\u1FC2-\\u1FC4\\u1FC6-\\u1FCC\\u1FD0-\\u1FD3\\u1FD6-\\u1FDB\\u1FE0-\\u1FEC\\u1FF2-\\u1FF4\\u1FF6-\\u1FFC\\u200C\\u200D\\u203F\\u2040\\u2054\\u2071\\u207F\\u2090-\\u209C\\u20D0-\\u20DC\\u20E1\\u20E5-\\u20F0\\u2102\\u2107\\u210A-\\u2113\\u2115\\u2118-\\u211D\\u2124\\u2126\\u2128\\u212A-\\u2139\\u213C-\\u213F\\u2145-\\u2149\\u214E\\u2160-\\u2188\\u2C00-\\u2C2E\\u2C30-\\u2C5E\\u2C60-\\u2CE4\\u2CEB-\\u2CF3\\u2D00-\\u2D25\\u2D27\\u2D2D\\u2D30-\\u2D67\\u2D6F\\u2D7F-\\u2D96\\u2DA0-\\u2DA6\\u2DA8-\\u2DAE\\u2DB0-\\u2DB6\\u2DB8-\\u2DBE\\u2DC0-\\u2DC6\\u2DC8-\\u2DCE\\u2DD0-\\u2DD6\\u2DD8-\\u2DDE\\u2DE0-\\u2DFF\\u3005-\\u3007\\u3021-\\u302F\\u3031-\\u3035\\u3038-\\u303C\\u3041-\\u3096\\u3099-\\u309F\\u30A1-\\u30FA\\u30FC-\\u30FF\\u3105-\\u312D\\u3131-\\u318E\\u31A0-\\u31BA\\u31F0-\\u31FF\\u3400-\\u4DB5\\u4E00-\\u9FD5\\uA000-\\uA48C\\uA4D0-\\uA4FD\\uA500-\\uA60C\\uA610-\\uA62B\\uA640-\\uA66F\\uA674-\\uA67D\\uA67F-\\uA6F1\\uA717-\\uA71F\\uA722-\\uA788\\uA78B-\\uA7AE\\uA7B0-\\uA7B7\\uA7F7-\\uA827\\uA840-\\uA873\\uA880-\\uA8C5\\uA8D0-\\uA8D9\\uA8E0-\\uA8F7\\uA8FB\\uA8FD\\uA900-\\uA92D\\uA930-\\uA953\\uA960-\\uA97C\\uA980-\\uA9C0\\uA9CF-\\uA9D9\\uA9E0-\\uA9FE\\uAA00-\\uAA36\\uAA40-\\uAA4D\\uAA50-\\uAA59\\uAA60-\\uAA76\\uAA7A-\\uAAC2\\uAADB-\\uAADD\\uAAE0-\\uAAEF\\uAAF2-\\uAAF6\\uAB01-\\uAB06\\uAB09-\\uAB0E\\uAB11-\\uAB16\\uAB20-\\uAB26\\uAB28-\\uAB2E\\uAB30-\\uAB5A\\uAB5C-\\uAB65\\uAB70-\\uABEA\\uABEC\\uABED\\uABF0-\\uABF9\\uAC00-\\uD7A3\\uD7B0-\\uD7C6\\uD7CB-\\uD7FB\\uF900-\\uFA6D\\uFA70-\\uFAD9\\uFB00-\\uFB06\\uFB13-\\uFB17\\uFB1D-\\uFB28\\uFB2A-\\uFB36\\uFB38-\\uFB3C\\uFB3E\\uFB40\\uFB41\\uFB43\\uFB44\\uFB46-\\uFBB1\\uFBD3-\\uFD3D\\uFD50-\\uFD8F\\uFD92-\\uFDC7\\uFDF0-\\uFDFB\\uFE00-\\uFE0F\\uFE20-\\uFE2F\\uFE33\\uFE34\\uFE4D-\\uFE4F\\uFE70-\\uFE74\\uFE76-\\uFEFC\\uFF10-\\uFF19\\uFF21-\\uFF3A\\uFF3F\\uFF41-\\uFF5A\\uFF66-\\uFFBE\\uFFC2-\\uFFC7\\uFFCA-\\uFFCF\\uFFD2-\\uFFD7\\uFFDA-\\uFFDC]|\\uD800[\\uDC00-\\uDC0B\\uDC0D-\\uDC26\\uDC28-\\uDC3A\\uDC3C\\uDC3D\\uDC3F-\\uDC4D\\uDC50-\\uDC5D\\uDC80-\\uDCFA\\uDD40-\\uDD74\\uDDFD\\uDE80-\\uDE9C\\uDEA0-\\uDED0\\uDEE0\\uDF00-\\uDF1F\\uDF30-\\uDF4A\\uDF50-\\uDF7A\\uDF80-\\uDF9D\\uDFA0-\\uDFC3\\uDFC8-\\uDFCF\\uDFD1-\\uDFD5]|\\uD801[\\uDC00-\\uDC9D\\uDCA0-\\uDCA9\\uDCB0-\\uDCD3\\uDCD8-\\uDCFB\\uDD00-\\uDD27\\uDD30-\\uDD63\\uDE00-\\uDF36\\uDF40-\\uDF55\\uDF60-\\uDF67]|\\uD802[\\uDC00-\\uDC05\\uDC08\\uDC0A-\\uDC35\\uDC37\\uDC38\\uDC3C\\uDC3F-\\uDC55\\uDC60-\\uDC76\\uDC80-\\uDC9E\\uDCE0-\\uDCF2\\uDCF4\\uDCF5\\uDD00-\\uDD15\\uDD20-\\uDD39\\uDD80-\\uDDB7\\uDDBE\\uDDBF\\uDE00-\\uDE03\\uDE05\\uDE06\\uDE0C-\\uDE13\\uDE15-\\uDE17\\uDE19-\\uDE33\\uDE38-\\uDE3A\\uDE3F\\uDE60-\\uDE7C\\uDE80-\\uDE9C\\uDEC0-\\uDEC7\\uDEC9-\\uDEE6\\uDF00-\\uDF35\\uDF40-\\uDF55\\uDF60-\\uDF72\\uDF80-\\uDF91]|\\uD803[\\uDC00-\\uDC48\\uDC80-\\uDCB2\\uDCC0-\\uDCF2]|\\uD804[\\uDC00-\\uDC46\\uDC66-\\uDC6F\\uDC7F-\\uDCBA\\uDCD0-\\uDCE8\\uDCF0-\\uDCF9\\uDD00-\\uDD34\\uDD36-\\uDD3F\\uDD50-\\uDD73\\uDD76\\uDD80-\\uDDC4\\uDDCA-\\uDDCC\\uDDD0-\\uDDDA\\uDDDC\\uDE00-\\uDE11\\uDE13-\\uDE37\\uDE3E\\uDE80-\\uDE86\\uDE88\\uDE8A-\\uDE8D\\uDE8F-\\uDE9D\\uDE9F-\\uDEA8\\uDEB0-\\uDEEA\\uDEF0-\\uDEF9\\uDF00-\\uDF03\\uDF05-\\uDF0C\\uDF0F\\uDF10\\uDF13-\\uDF28\\uDF2A-\\uDF30\\uDF32\\uDF33\\uDF35-\\uDF39\\uDF3C-\\uDF44\\uDF47\\uDF48\\uDF4B-\\uDF4D\\uDF50\\uDF57\\uDF5D-\\uDF63\\uDF66-\\uDF6C\\uDF70-\\uDF74]|\\uD805[\\uDC00-\\uDC4A\\uDC50-\\uDC59\\uDC80-\\uDCC5\\uDCC7\\uDCD0-\\uDCD9\\uDD80-\\uDDB5\\uDDB8-\\uDDC0\\uDDD8-\\uDDDD\\uDE00-\\uDE40\\uDE44\\uDE50-\\uDE59\\uDE80-\\uDEB7\\uDEC0-\\uDEC9\\uDF00-\\uDF19\\uDF1D-\\uDF2B\\uDF30-\\uDF39]|\\uD806[\\uDCA0-\\uDCE9\\uDCFF\\uDEC0-\\uDEF8]|\\uD807[\\uDC00-\\uDC08\\uDC0A-\\uDC36\\uDC38-\\uDC40\\uDC50-\\uDC59\\uDC72-\\uDC8F\\uDC92-\\uDCA7\\uDCA9-\\uDCB6]|\\uD808[\\uDC00-\\uDF99]|\\uD809[\\uDC00-\\uDC6E\\uDC80-\\uDD43]|[\\uD80C\\uD81C-\\uD820\\uD840-\\uD868\\uD86A-\\uD86C\\uD86F-\\uD872][\\uDC00-\\uDFFF]|\\uD80D[\\uDC00-\\uDC2E]|\\uD811[\\uDC00-\\uDE46]|\\uD81A[\\uDC00-\\uDE38\\uDE40-\\uDE5E\\uDE60-\\uDE69\\uDED0-\\uDEED\\uDEF0-\\uDEF4\\uDF00-\\uDF36\\uDF40-\\uDF43\\uDF50-\\uDF59\\uDF63-\\uDF77\\uDF7D-\\uDF8F]|\\uD81B[\\uDF00-\\uDF44\\uDF50-\\uDF7E\\uDF8F-\\uDF9F\\uDFE0]|\\uD821[\\uDC00-\\uDFEC]|\\uD822[\\uDC00-\\uDEF2]|\\uD82C[\\uDC00\\uDC01]|\\uD82F[\\uDC00-\\uDC6A\\uDC70-\\uDC7C\\uDC80-\\uDC88\\uDC90-\\uDC99\\uDC9D\\uDC9E]|\\uD834[\\uDD65-\\uDD69\\uDD6D-\\uDD72\\uDD7B-\\uDD82\\uDD85-\\uDD8B\\uDDAA-\\uDDAD\\uDE42-\\uDE44]|\\uD835[\\uDC00-\\uDC54\\uDC56-\\uDC9C\\uDC9E\\uDC9F\\uDCA2\\uDCA5\\uDCA6\\uDCA9-\\uDCAC\\uDCAE-\\uDCB9\\uDCBB\\uDCBD-\\uDCC3\\uDCC5-\\uDD05\\uDD07-\\uDD0A\\uDD0D-\\uDD14\\uDD16-\\uDD1C\\uDD1E-\\uDD39\\uDD3B-\\uDD3E\\uDD40-\\uDD44\\uDD46\\uDD4A-\\uDD50\\uDD52-\\uDEA5\\uDEA8-\\uDEC0\\uDEC2-\\uDEDA\\uDEDC-\\uDEFA\\uDEFC-\\uDF14\\uDF16-\\uDF34\\uDF36-\\uDF4E\\uDF50-\\uDF6E\\uDF70-\\uDF88\\uDF8A-\\uDFA8\\uDFAA-\\uDFC2\\uDFC4-\\uDFCB\\uDFCE-\\uDFFF]|\\uD836[\\uDE00-\\uDE36\\uDE3B-\\uDE6C\\uDE75\\uDE84\\uDE9B-\\uDE9F\\uDEA1-\\uDEAF]|\\uD838[\\uDC00-\\uDC06\\uDC08-\\uDC18\\uDC1B-\\uDC21\\uDC23\\uDC24\\uDC26-\\uDC2A]|\\uD83A[\\uDC00-\\uDCC4\\uDCD0-\\uDCD6\\uDD00-\\uDD4A\\uDD50-\\uDD59]|\\uD83B[\\uDE00-\\uDE03\\uDE05-\\uDE1F\\uDE21\\uDE22\\uDE24\\uDE27\\uDE29-\\uDE32\\uDE34-\\uDE37\\uDE39\\uDE3B\\uDE42\\uDE47\\uDE49\\uDE4B\\uDE4D-\\uDE4F\\uDE51\\uDE52\\uDE54\\uDE57\\uDE59\\uDE5B\\uDE5D\\uDE5F\\uDE61\\uDE62\\uDE64\\uDE67-\\uDE6A\\uDE6C-\\uDE72\\uDE74-\\uDE77\\uDE79-\\uDE7C\\uDE7E\\uDE80-\\uDE89\\uDE8B-\\uDE9B\\uDEA1-\\uDEA3\\uDEA5-\\uDEA9\\uDEAB-\\uDEBB]|\\uD869[\\uDC00-\\uDED6\\uDF00-\\uDFFF]|\\uD86D[\\uDC00-\\uDF34\\uDF40-\\uDFFF]|\\uD86E[\\uDC00-\\uDC1D\\uDC20-\\uDFFF]|\\uD873[\\uDC00-\\uDEA1]|\\uD87E[\\uDC00-\\uDE1D]|\\uDB40[\\uDD00-\\uDDEF]
\\.cmpt
Cycle found: dependency -> injected
Valorisation
Package\\[guid\\]\\/ensure: created
\\\\\\\\\\'
Macmurdo
 \\'
_;
main function must return void
[*][)]\\/h[|]
Jack
TabExpansion2
freeze_mysql must be
<div id=\"profile\">
UncommunicativeParameterName
todo: 2
I reset the database
\\\\ElsevierGlyph\\{E21A\\}
component integration tests do not support `subject\\(\\)`\\.
 Hardware::Vhdl::Lexer->new 
\\[warn\\]: Missing a description for Puppet Task \\(stdin\\)
keyspanel hidden
\\{\\{\\s*else\\s*\\}\\}
\\?cat=ford
AutoSubmit
IE
__TRAIT__\\b
nmcli device wifi connect
blastpgp
No Sunset header was set
TIMEOUT
Dropdown
Find me in app/views/dog/bark
\n\\\\\\*\\s*\n
\\(<anonymous>:1:69\\)
ProductionDate
controllers
mailman
db:migrate
p-primary-color-light
options\\.ruleRepetition
\\\\[(]
Last 15
brazilian
paramRoot: 'blog_post'
in\\b
Not enough parameters for PROCESSOR
time_to_ready_state\\.
cavv=456
Encountered \"home_planet\" in payload, but no model was found for model name \"garbage\"
f\\.input :created_at
<\\/q>
well armed
Cannot find module '\\u0000ab'
amount currency=\"USD\"
application/pgp-signature
Invalid or missing identifier
 level=
</form>
postgres
{MAXLENGTH}
/static
Adapter
TXT_INDEX
gallagher_pd
HTML-CSS Jax - 
The title \"\\[Work in Progress\\] Test\" contains \"Work in Progress\"
The provided fixture path
agent closed
too many SQL variables
requires a middleware function
google\\/protobuf\\/
paperclip
HPUX
describe Admin::BaseController do
Invalid constraint string: \\|\\|
virtualbox
alarms
@some_user\\.should\\.not\\.be\\.nil
TJ
hairy
\\bios\\b
Should know if volume is sharable
puebzr
Beginning iPhone Development
CREATE TABLE simplex\\.\"users\" \\(n  user_id bigint,n  last text,n  age int,n  first text,n  PRIMARY KEY \\(user_id, last\\)n\\)
ob:\\/\\/------
@assets\\/
Status: 200
EnergyPlus Terminated--Fatal Error Detected
status-active
iMate
permitall
\\s\\-I
<meta name=\"theme-color\" content=\"#1976d2\">
per_page=1
FTP
--mods--
Failed to create GCS object
enterpriseenterprise
no implicit conversion from nil to integer
<span class=\"page-length\">1 page</span>
aria label labelled by
At least one record \\(<record #1, output_id:2710183>\\) doesn't define field 'iden'
Unable to load jasmine config from 
Invalid crop mode \"moo\"
Ran
%db_path%
\\?\\#\\{
task 'spec' => spec_tasks
viewbox\\smissing\\sin\\sfile
singleton can't be dumped
Successfully deleted extension with ID sample-extension
Alastor M
/\\*.*?\\*/;
__WORDLINETERMINATORESCAPE__
:time_me_with_instrument_
\u00e3\u0081\u0082\u00e3\u0081\u00a0\u00e3\u0081\u00a1
execute
Sagem
CHARSET
pctmem
tag {%block%} not closed
CLIENT_ID
MacEvicius
{{monthName6}}
\\| class 
100\\-continue
@mediaalland\\(-webkit-min-device-pixel-ratio:10000\\),notalland\\(-webkit-min-device-pixel-ratio:0\\)
universal
serialization failure
c\\ft
SELECT SOME SQL
BIGINT\\b
\"\\\n\"
\\/properties\\/items\\/properties\\/
___END_TICKET
resultsWrapperActive
%Od
shell Works!
\\bstring
\\/image\\/upload
centos
Must pass a numeric value to decrementProperty
fabrication
r / c
c\\/12\\.js
HOST:
webResources
JSONError
__eq__
\\@\\@ -1,3 \\+1,12 @@
NAME=\"autoexposure\" checked value
x is read-only
<fixed>
SQLException: Database 'newDB' not found
\\.xcodeproj
bin/rspec
48/
Invalid protocol
people
SLIDE_PREFIX
baz help \\(default: 42\\)
maximal length to be between 0
prepending-data
Lemonldap::NG::Common::Apache::Session::SOAP
notte
get posts_index_path
number_exceed_min
\\Gtext
jwa
\"path\" and \"action\" are mutually exclusive \\(path=\"foo\", action=\"bar\"\\)
did not specify a full path for the template
challenge
Still waiting for: second, third
class=\\\"active\\\"
\\*EAII
SIGNS
Checking out master
\\\\ding\\{102\\}
print\\(
Dependency NotExists not found
 is not 
Landscape__Page__Explanation
Wrong percentage size
rgb\\.jpg
<END>
jimmy-appleseed
The action block references the named alias \"expr1\" which is not available in production
endprotoent\\(
Issued by:
target=\"_blank\"
eval_code
Saving execution
<\\/analysis>
computation indirectly called itself
YOUR_CLIENT_ID
'distance'
\\?q=
\u00ce\u00ab
'\\]
cipher\\+aes-128-cbc
Unknown format: oreore
HLT_Physics
algorithm=\"MD5\
yystate
\"children_people\"\\.\"name\" = 'Ernie'
data type
_mmaModPage
Couldn't find all users
user is inactive
already loaded
required argument
FrontBase
\\-groovy\\-
each
\"lol\"
excessive paranoia
test op should reject the array value, it has leading zeros
NO not connected
Invalid regular expression: re2: Invalid \\\\\\d <backreference>
IPerl
Undefined variable
Long Task: Vendor: \"some_other_vendor_type\"
additions
No open errors for KaeruEraApp
\\\\ding\\{239\\}
Looks like :to_s message never returned expected value
locales
dol_login
#THIN_PROVISIONED#
Rufus::Scheduler::TimeoutError
Field 'id' has a different type in each schema:
&lambda;
 \\[click!\\]
:in `with_binding'
hudson\\.plugins\\.git\\.GitException: 
OW_AUTH
there must be at least one document in the documentation section
Finished: task 
tvdata
BB10;
requestHandler error
LYNXL
LibXML
Node Name: test
\\{filters\\}
Success bootstrap in /tmp/bar
json\\.test\\.js
 Safari\\/\\d
\\{%\\s*endcomment\\s*%\\}
%cols%
/:link_url => \"/rspec_product_tests/rspec_item_tests\"\\)\\.first/
bar: &quot;this is bar!&quot;
Unbalanced CSS attribute selector at column 0:12
\"added\" is read-only
Outputs a message
Cannot invoke map on a Matrix interface
\\bsignatures\\b
base href=\"\\/
PAYLOAD
199
ulMinKeySize=
'ints' is not initialized
stash
class YUITest
no matching index found
search\\.\\[\\?
experimental
Integer > String
only include this
did not contain a valid certificate for 
language translation
define
formData parameter not mentioned in swagger spec: \"unmentionedParam1\"
Invalid Angular token: something123
BUILD FAILED
theme-
-DNV_IS_FLOAT128
Custom resource type length > 60
mm-
CodeRay
Fetching custom buildpack
Type: region
local
\\u0073\\u2019\\u0063
qq\\.com
\\\\texttimes 
\\x{0645}\\x{0651}
propowerbot
categories\\\"\\.\\\"id\\\" = \\\"categories__recursive\\\"\\.\\\"some_column
RawNotification
Result of check function is: false
Invalid argument: a Request object must be supplied
--><p>hi</p><!-- 
Giving up
pat123
OVERWRITE it
unable to rollback migration:
\\cS\\cT\\cO\\cP
syntax error, unexpected tIDENTIFIER
resilient
HERE_IS_NOUN_OR_NOT[:]
\"tokenSplit\"
lolifox
Cache: cannot specify both offline and force_refresh
\"role_id\":
#<TTY::Table
Cannot convert to number: number would underflow
\\btitle=\"title text\"
were missing bar
reportico_report_fpdf
casper\\.reload
if\\(installedModules\\[moduleId\\]
\\Go
:adapter   => 'postgresql'
npm WARN EPEERINVALID @scope[/]package@0[.]0[.]0 requires a peer of underscore@[*] but none was installed[.]\n
<li>my: :session<\\/li>
\\bcht=lxy\\b
entityID
include\\/parse\\/extend can only has at most two parameter!
longint
Not updating version constraints
<pre class=\"traceback\"
info:There is no
single hash element
customerIp=123\\.123\\.123\\.123
id=\"x\"
The source file '
autocomplete=\\\"some\\/path\\\"
lzma
\\\\c\\{k\\}
athos
Sbjct: 
count foo:bar:baz 500
 delayed=\"true\"
authorization has expired
must provide rules
FATAL:
snippetB content
if \\(!process\\.send\\)
never-called
\\\\bFleet\\\\b
fsID:
\\bin hash property\\b
\\\\preceq 
