\\\\upharpoonleft 
\\(`
AbstractMobile::
span class=\"n\"
mi
but is not empty
<cpf>12341234</cpf>
headline-reader
_mmaModUrl
no longer than 280 characters
&emsp;
is a protected role and may not be removed
BRICK_SASS_RAILS_VERSION
stack:
PACKAGE_NAME
\\\\clwintegral 
DEPRECATION WARNING: create_from_identity_url
<hook_content_2>hook_content
document was missing
worker1 alived
--watcher 'bar'
patch_change
Error: No such image
Missing backend_port_override
frm_sendsms
retry: 1500
<THIS>
mw:ExpandedAttrs
\\.test\\.js
requires :first_name, type: String
functionName not specified
\\.gitignore
QUnit
TAILE
conf\\.paths\\.src, '\\/app\\/index\\.less
Not overwritting existing
Cannot find module 'babel-preset-foo'
BREW
Must be framed: sentinel
'message' is already set on Notify\\[id\\]
unknown priority level
\\{0}
finished
PROVIDER_
TEST-END
Invalid argument expected string
cius
EMAIL_
\\/DH {
profile_id=345
{User-Agent}
grunt-contrib-concat
w3counter\\.com\\/tracker\\.js
normal><normal>\t\t<
Must setup rendering context before attempting to interact with elements
clocked_on
\\1
\\.co\\.jp
yfrog\\.com
potionsandsnitches
Presets have been deprecated
\\s\\t
agent can't call sendToApp before server started
-g 200
\\s%doc %\\{gem_docdir\\}
\\\\cyrchar\\\\cyrzh 
CONNREFUSED
Blockhash bytes are required
foobar123
\\(ok\\)
a\uffe5\\u0301b
CREATE SCHEMA
##yv8##
\\/styles\\/fonts\\/icons\\.12345\\.svg
already existing
\\<Option \\[foo\\] 'o2'\\>
\\bsystem\\b
AuthenticationError: Credentials not provided
Failed to generate variable '\\/TestDirector\\/simple\\/admin_password' from config server: Director is not configured with a config server
payAsOrder
<bar>hello</bar>
RTL 2
describe Car
runningOrPausedCues
\\\\altaffiliation
khtml
\\s*lower-canvas\\s*
\\[gid\\]
must be a string or a tuple
does not exist in the map\\'s style and cannot be filtered
steal\\.production\\.js
'another_webby'
Viera\\; rv\\:34
I am in the stage environment
query objects
<\\|
Column number out of range \\(column 50 requested, but the length of line 3 is 4\\)\\.
botcheck
missing title
\\,cc\\.
User Reviews
out of \\d stars
url\\(\\.\\.\\/images\\/logo\\.png\\)
export default PNotifyCompat;
\\\\ding\\{111\\}
user
<em>FIGHT!</em>
script\\/custom_rspec
qor
\\[{
\\\\k\\{u\\}
<h5 id=\"heading-five\">Heading Five<\\/h5>
ATO #
Invalid fit mode \"moo\"
dontexist
2\\.3\\.4
JSONError: Unexpected token }
\"--no-timeouts\",
syntax error, unexpected end-of-input, expecting keyword_end
_BACKUP_TABLE_NAME_
warm up report 2
is not a Formula or Term
&lt;qss&gt;
<bill_currencycode>EUR<\\/bill_currencycode>
config\\.assets\\.css_compressor
_epdiffdiff\\u005f
\\[err:
LTSPECIALREPLACEMENT
the meeting is not running
width=\"100\"
exName
workbox\\.precaching\\.precacheAndRoute\\(self\\.__precacheManifest\\);
Nucleotide
\\\\H\\{o\\}
def guarded
expects a value for key 'pcore_version'
Unable to establish an ssh connection
matrix\\(
\\bchd=s:AUe,AUe\\b
&lt;arrow&gt;
Bad news
__METHOD__\\b
FooComponent
target
 int 
READONLY
custom \u203a Custom log
ng-animate
Os
invalid key
breaks is required
nvidia
Audit Report
strictfp
\\[ext\\]
Show all songs by
Three Module
ar
\u30f2\u309b
Configuration in service::Simple_1Of_1unk_host is incorrect; 
\u00e1\u00be\u0086
ASCII precompiled
should specify method and cmd
\\\\v\\{c\\}
<%=cell_reference%>
TypeThree
\\\\texttheta 
\\t\\|\\t
-ethSwitchNMM
<patt>
scraper
\\/message\\/init
_corn
Resource does not allow destroy action
!DOCTYPE
bar\\.rule2
&aelig;
Triggered deployment \\\"
\\bFail\\b
main \u203a Main error
Expected args to be an Array,
\u30f1\u309b
Abort
\\bcialis\\b
\\bEOF_CHAR\\b
{refname}
A git commit sha was not found
this is wrong
-idct_algo 8
side::In::Real
`created`
not watched
missing spec
powerpoint
gsl_wavelet_
trna
--e, -e <date>:
youtube\\.com\\/watch
san-zen
https:\\/\\/mail\\.google\\.com
Root\\b
uriParameters
_resteasy_uri_parameter
has no method
Unknown distribution
warehouseopen
read-only queries
CREATE OR REPLACE TRIGGER TEST_POST_TRIGGER
class ChunkyBacon < ActiveRecord::Base
page\\.foo\\.bar\\.qux
TEST-PASS
Street address and postal code do not match
Cannot determine length of 
selected version: development
PA-RISC
cannot suspend
\\.mce
rsync -o
Package 'redis' already installed; skipping
const \\{ once \\} = require\\('internal\\/util'\\);
CAPENV_TEST
&rulesFile=
Removing connection 
WIN64
/the 
property: 'type' is invalid in a trait
unknown method 'go'
Issuer\\>\\<saml:Subject
preface
because :branch is not specified in Gemfile
--no-diff-added
\\\\\\*A
%\\{ruleValue\\}
css-scss-handler
remove_contacts
`` 
class Users::CustomNotification < ActivityNotification::Notification
pim
\u00e4\u00b8\u00a6\u00e3\u0081\u00b3\u00e3\u0081\u00ab
\\[\\]\\(\\)}{:,
v1\\? is deprecated
Host Usage
<h2>Please enter your birth date to continue:</h2>
Value passed to \"ascending\" operator must be \"Boolean\" scalar\\.
rebarfoo
11:00am
Do not return promises
closing link
webvr-polyfill
My\\ Title
\\/rspec
yo!
\\sRequires\\(posttrans\\): vagrant
d=\\\"\\s*v\\s*0\\\"\\/>
@user\\.destroy
#000080
in_one\\s*in_two\\s*\\in_three
images, videos and canvas only
Bruyere
##yv4##
\\bcallind\\b
Interview\\.00\\.44
des
application\\/zip
\\{\\{msgNodeType\\}\\}
package-client\\.js:1:1: 'PackageGlobalVar'
-prefix-
Redirecting
has no message
\\berror\\b
Initialized OctocatalogDiff::Catalog::PuppetDB for from-catalog
Can't find namespace for method \\(a:getStateName\\)
missing factory foo
E0001
must be \\* or a 12 digit AWS account ID
must be a number
Developer
&lt;p&gt;\u2026&lt;\\/p&gt;
hap update SmokeSensor SmokeDetected 0
Error: Link 'node1' of type 'node1' is a provides link, not allowed to have 'optional' key
must contain an id property
DEL
\u00e1\u00bc\u009c
/messages/42
debug
members not specified in schema
'alias' interpolation is only permitted if the expression is equal to the entire string
int three = 3;
render \\(args\\)
Conditionals
hap update Valve InUse 1
linked
class UserSerializer < Serializr
<a href=\"\\/about\\\" title=\"Relative URL\">
proxy-
\\bNOT\\b
ID3
{to}
failed in
link\\(
Header is not valid!
\\bspec\\/acceptance\\/
\\/Producer
small-caps
load_id
browsers : \\['Chrome'\\]
mis-matched arguments
Tab\\=KeepList
if-empty
%r\\(
unsupported query
expected given block to yield with no arguments, but yielded with arguments
auth
{{colors\\.\\[2\\]}}
Beonex
\u00a1Vancouver-by-the-s<
Peach
 :anachronism 
\\[DSL\\]
property
Stopping
running on port 
[*][)]=a[|]
=item 
Commit lock is already held
BadApplicationSignatureInvalid
\\bNet::HTTP\\b
Cannot use
\\\\textcopyright 
<\\/pre><\\/tr><\\/td><\\/table><\\/center>
Your CMA token:
noWrap
has been deleted
brightcove\\.vo\\.llnwd\\.net
&infin;
You must instantiate FastBoot with a distPath option
_mmaModQuiz
custcode=OveriddenCustCode
a password on the command line interface can be insecure
Errand 'unknown-errand-name' doesn't exist
\\/blog\\/test\\.tumblr\\.com\\/posts\\/queue
sqlField
\u00e1\u00be\u0099
\\\"value\\\" must contain at least one of \\[host, mapUri, uri\\]
EADDRINUSE
log:aggregated
Identifier
preserveAspectRatio=\"none\"
Useless arguments
vendor\\/wsdl
qw\\(
\\s%\\{vagrant_plugin_spec\\}
amazonaws\\.com\\/doc\\/
data: \\[from global, from test1
started at 7002
\\[\\^
does not contain a command
i8=sample-eci%3Asample-cavv%3Asample-xid
render action: 'new'
ecatch
mopt_payone__ibt_post_efinance
pointcut
blog_url
--spider-man sad
PalmOne
qdisc netem
jhipster-zipkin
<LRO>
AI
Bundling
public\\ 
Custom
from a deleted directory
playback
Size of latex string is greater than the maxsize
Failed validating base
\\-inf
 then 
Capitel
The directory '/the/file/is/nothere' doesn't exist
\\.mp3
--linked-service is required with --type=http-01
locally configured maximum clock offset
breakonerror=true
no crontab
posted
SvrPropNamePattern\\b
Calling hook pull before local
[.]UTF-8
the workflow page
A\\[a\\]: expects a value for parameter 'x'
<h1 align=\"center\">librasqal</h1>
\\u000D\\u000A
\\.coffee\\.cjsx
Cannot add to a non-numeric value
migratevm_fail_percent
</yoastmark> <yoastmark class='yoast-text-mark'>
A SassValue is expected as a map key
Material
a__b__c__d__e
\\.apalbum
gem 'sqlite3'
takes 2 arguments
\\(\\.\\+\\)
_gitignore
datatype><normal> = 0;<
\\sX-WR-CALNAME:
-NMOD
CONSOLECOMMAND
Warning: RightHttpConnection was loaded after FakeWeb
%classes%
import \\* as React
href=\"edit\\.php
<\\/GENE_INFO
node_modules[/]electron[/]
n      :
Protocol family unavailable
card_number=
log\\.txt
h[(]\\/[|]
Property not found: AndSoOn
testAction
\\bInt_t\\b
#a expect Integer got nil
\\)\n;
\u00ce\u0093\u00ce\u009a
\\.fix
new_user_country
open System\\.Reflection
\\bui-corner-all\\b
\\x{0142}
dns
\u00ab\\/__call__\u00bb
No running tasks found for
\\%date\\%
\\s, 
bigint \"banana_id\", null: false
unknown validator \"unknown_validator\"
KMLite
llx_
id1:\\t1st \\*before\\* example didn't match with any pattern
 self 
contenteditable=\"false\"
<figure id=\"attachment_10\" class=\"image embedded\">
Invalid target tags
times
viewBox
Tim
samples
\\%\\.v
plixi\\.com
Unexpected prop
\\.\\d\\d\\dZ
Format
Updating job
Must pass in a tchannel
function\\b
Phantom
<meta property=\"og:title\" content=\"Ghost\" \\/>
\"\\s*\\+\\s*\"
FWSElement-
hello!
coda
<validateOnly>
fakeflipper\\.com
clipped
no parameter named 'mezzage'
BLINQ
<div class=\"field-entry my-4\">
<span class=\"Comment_POD\"
JSON document
Taylor
\\\\'O
RDPCERTIFICATE-SUBJECTNAME
MsoNormal
tinytext
IfModule
Rails:
semid
<\\/style>
I click the button 
Cliche
\\\\ElsevierGlyph\\{E21D\\}
google
Standalone document written by Junior Writer
---\n
d\\.txt
\\bemail\\b
\\.1\\.3\\.6\\.1\\.4\\.1\\.9\\.1\\.1545
\\\\cyrchar\\\\CYRII 
TXXX frame value should be an object with keys description and value
<div id=\"root\" \\/>
mode changed
\\bes\\b
no such tool \"vet\"
Bundler
\u53ef\u7528\u6307\u4ee4
module ApplicationCable\n  class Channel < ActionCable::Channel::Base\n
contains a bad escape sequence
QtEmbedded
\\(\\.rubocop\\.yml\\): found character that cannot start any token
data:image\\/png;base64,
60 minutes
SPECTRUM
title='test'
domain=\\.example\\.com; path
execflow
\\?\\!
\\\not\\\\succ 
\u00e3\u00e8
`:attributes` must be a hash, not
stopped
gregarius
\\<\\?php\n
 PUT 
type=\\\"text\\\"
s=boom
<\\s*script\\s*
grunt-contrib-imagemin
nac=true
dmp
Unknown comment type
\\\\Elzsqfse 
\\(rirb\\)
parameters a, b, c, d and e must all be specified
You should not see this
type and name required
blackwidow
gds2\\s*{
ReallyCMS
bar\\/
Cel\\.
hui
Walk you
<extensions>\\s*true\\s*</extensions>
invalid json
SIGNAL
content-length: 20 EXPECTED 99
What is the project description
missing keyword: user
1 invalid\\/undefined
1\\.9\\.
ethio
tag1
systemd
\\x{1063}
@A@
pipeK: Chain returning functions of the same type required
EditLine
AbuseFilter: deprecated variable
scroll
<\\!DOCTYPE
\\bAlien-MeCab\\b
pf\\(Java\\)
\\bxoxo\\b
\\x{00df}
Error listening to socket
--puppetdb-ssl-client-key must be provided
rails environment
ES2016 in a box
mod-example is still living
:name
Linux\\ Mint
foo@1\\.0\\.0 ->
Nan::CopyBuffer\\(
::STR2NUM::
entry: {\n
Expected 0, got 1
y1
This
ok
https:\\/\\/example\\.com
[*]t
un=
get \"\\/\"
http:\\/\\/specialPath2\\.com
health_status{cluster=\"ceph\"} 2
# Name of the example
Generating JSON output
the property '#\\/name' of type string did not match the following type: integer
a not_found status code \\(404\\) but it was 400
LI
-LAB-
unicorn_rails worker
\\d\\d\\b
George W
ecss
u2
processor
undefined variable
no such
/bundler/
Uniq_A
\\/dsa
Unknown expression type
server closed the connection unexpectedly
\\r\\0
\"\\$n\\$\" is \"name\" which doesn't match \\/\\(not\\)_\\(\\\\1\\)\\/
BPlite
blerg
STATE FALSE 0
var one = true;
get_reginalds\\(\\):
 \\d:
HOST_IP
Usage: puppet <subcommand> \\[options\\] <action> \\[options\\]
\u571f\u7528
requires a schema
Tiebreaker can't be a proc
__FUNCTION__\\b
% emojiRegex %
\\bPhantomJS\\b
reduce: Foldable required for third argument
ID=100, IPv4
XXXDLLSXXX
Browsers:\n\\s\\sChrome: 11\n\\s\\sIE: 11\n
SmartTrust
<refine-value idref=\"key1\" selector=\"val1\"/>
\"\\./
The operator '\\* =>' in a Capability Mapping is not supported
The 
\\u001b\\[0G
Testing failed
Help: some help message
Arn
#0
Constant subroutine
\\\\cyrchar\\\\CYRCHVCRS 
SUSE Linux Enterprise Server
Couldn't find ipa
\\\\Elzdlcorn 
asap
Element condition wasn't satisfied!
keyword><function>highlightText<
QueryErrorException
long
this component does not have a name
i[(]\\/
Sqlite
\\[ci skip\\]
Could not convert URI to path: file:\\/\\/example\\/a\\/b\\/c
{{title}}
gl_FragDepthEXT
MooseX::Types::Structured::
EMBPERL_UID=;
mblSwitch
\"workers\":2
massfilesarea_
LEVEL
ACLs cannot be set on children of \\/organizations\\/foo\\/data\\/x
\"phone\": \"
strain
do not add hook when lifecycle has been initialized
<!-- start CDN generator
TException
<a href=\"#remove\"
has an invalid \"foo\" operator in \"nodeUnionRef\"
<h1>Hello World<\\/h1>
{{nextYearText}}
LSB_VERSION=
\\p{Cf}
a connection to a mysql database
TIA
\\\\\\\"U
a:after
pickuptoken
Invalid padding
lib\\/agharta\\/stores
require_self
tel2num
var _buf\\=\\\"\\\"\\;_buf\\+\\=
\\bcucumber\\b
class\\=\\\"appdv\\-edit\\-field\\\"
Name: \"orders\\/bar\"
pedding@1\\.0\\.0 installed
Failed to delete event trigger \\(someTrigger\\)
REFRESH_TOKEN
container_name:
No open errors for FooBar
<title>README - </title>
worker terminated with code 43
--with-zot
ResultMember
Chapter 1 contents
a connection to a postgres database
def edit_path
near \\\"false\\\": syntax error
matcher
garli
template content
QFCHK=0
property :email
\\#00ff00
Error at location while working on <\\/path>:
model\\: TestingModel
accelerated
/atlas/users/
<date year=\"2009\" month=\"July\" day=\"05\"/>
 b
Required parameter: ports
content-disposition: inline
&e=
\\\\lnapprox 
WEB-INF/gems/specifications/rspec
not translated; encore formidable 127!; also not translated
\\.clear
Fouche
Error: Exception Test
save
failed: Undefined subroutine
RD
--binstubs
standalone
should not be update only
Rosa
Given #1
gem 'webpack-rails'
<level>
\\s*\\<\\s*xdo\\-root\\s*\\>\\s*
<title>Verdaccio<\\/title>
From previous event
Up
NQ_VQ
ecmaFeatures
fix_some
non-key attributes should not be specified when not using INCLUDE projection type
Failed to set group
CALLBACKGEN_H_MEMBERS
LETTERS
en
server has gone away
-ND 1234
/var/log/zookeeper
\\\"title\\\"
Invalid mspid found
\\bne\\b
create_table \"test_posts\", primary_key: \"post_id\"
{{intro}}
ActionController::BadRequest
baR
:cat is qux
Dom Lachowicz
Added: 
1:1: Missing locator: `foo`
Daemon listening
401 - Unauthorized
\\) \\(
Error on line
Invalid mapping
sslmode=
\n\\s
Authentication failed: \\[403\\] Error=BadAuthentication
\\bmezza\\b
<link rel=\"stylesheet\" href=\"css\\/special\\.css\"
genome
Galaxy S VI
sort:
create_trigger\\(
\\bchristmas\\seve\\b
image
named the 2007 Single of the Year by the Country Music Association
rde-chart-\\d
\\.p4
ods
MJD
\\\"iTotalDisplayRecords\\\":1
super\\.
notitle
Windows Vista
/doi/
VM 
v2\\? is deprecated
ariae\\b
Route Separation Example
\\\\downarrow 
Malata
Parse::RecDescent::_Runtime::
hiera_array_data2: \\[from global, from test1, from test2
keywords
camino
update template content on 'RSpec-test-template'
/[.]git
expected \\/\\(a\\)\\/ to match \"123\"
foo\\B
incrementing refcount for nonexistent session
The following mandatory parameters were not provided
Model::
due to 1 warning 
Could not calculate ungapped
SPARQL
__app__
\"foundation-sites\"
first parameter must be Number or Date
did not match server certificate; expected one of
region not found for endpoint: does-not-exist
commit your changes or stash
But how do you do
You can't replace this node, we've already removed it
Value bar is blacklisted
\\/demo\\/
__prefix__
oops!
does not have a parameter called 'type'
Invalid rest call
Profiling is password-protected\\. Password is incorrect\\.
\"payment_method_id\":\"amex\"
width='500'
<svg height=\"100%\"><g id=\"G1\"/></svg>
\\- foo: bar\n
A_
manifest-name
module SampleProject
__NEED_CPP_PATH
exact
{completer}
4 relative_include
operator><normal>, <
-DTIME_HIRES_CLOCK_GETTIME_SYSCALL
Update propagation: \\.\\/c\\.js -> \\.\\/b\\.js -> \\.\\/index\\.js
PropTypes
bt number 2
an object
something weird happened
\\{\\{CODE\\}\\}
North
__modelName__
BRICK_SPRING_VERSION
Problem parsing
comment for t1
bones_
ERRread
ssl_verify_mode :verify_peer
var square
BEGIN:VTIMEZONE\nTZID;X-RICAL-TZSOURCE=TZINFO:America\\/New_York\n
\\bFoo::Bar\\b
ameblo
CALLBACKGEN_GENERATED_END
NgClass can only toggle CSS classes expressed as strings, got \\[object Object\\]
is not a Float!
\\G%\\{
open step,,,\rn
accessKey=key
CEP
<%=checked%>
minimum payment due
R2
clang version
Unrecognized option: ludicrous
Failed to uncompact
required from option
float_range_error
can only be used for \"type=vendor\"
listbox\\.
14:00:00
<function>
reportico_report_tcpdf
NEED_PASSPHRASE_SYM
n          Version\\s0\\.1\\.0\\.\n\nn          \\-\\sAdded\\sdummy\\sfiles\\.\nn          \\-\\sUpdated\\stwo\\.txt\\swith\\s\\`bogus\\scommand\\`\\sin\\smessage\\.\n\n\n\nn        
Use a custom
r3
\\(format
 caller_logging_spec\\.rb:
PERLRUN\\)
fatal: bad revision
No application name configured
Mellanox 
#### visible
_id\\b
creole
\\)\\s*when\\s*\\(
{::
@2x
Scalar values expected
index: \"name1\"
 'm 
Daemon status: stopped
ctrl\\+
exceeds maximum size
rewinddir\\(
received unexpected message :bees with \\(
\\x{0132}
OPTION\\b
\\{VERSION\\}
\u00e3\u0081\u0082\u00e3\u0081\u0084
Path=\\/
APP_PATH
dark
Notification process failed
existing filesystem
20140523123443021
&lt;\\/del&gt;
ghi
<flags>
PriorAccumulatedQ1
\"angular-i18n\": \"2\\.0\\.0\"
convert! has been removed
SMTP
WPized Light
p\u00f6sy
-ctl\\@
rv:
inch\\ \\d\\.\\d\\.\\d
\\{browsercode\\}
\\01
&curren;
Cleaning up SystemConfig
 ->> 
 unsigned
Error: No access to property \"hasOwnProperty
comment\\s*=\\s*\"Comment with \\\\\\\\backslashes\\\\\\\\\"
spoluzaci\\.cz
\\p{Arabic}
ESO-
doesn\\'t exist
\\{directory\\}
mopt_payone__ibt_giropay
is not an object file
Parse::RecDescent::_Runtime::LineCounter
transaction has already started
ChildService
ation
bas
\\s*<terms>LIST</terms>\\s*
SUBCLASS_REPLACE
\\s\\&\\s
negative\\?
test_init
line 2
\\%KEYWORDS
'beam'
class *Foo *\\{
qr/
Error Generating HotBits
azurerm
with an instance of Hash
def initialize
no displayName defined
<small>
\\{\\d\\}
I should also be removed
silence_end
xiaomi
Packet item 'TGT PKT MYCRC' does not exist
CLASSNAME
jira 
tag foo not found
\\\\'\\{z\\}
DOCTYPE HTML
Hello, custom generator
RN
online
\\.wrap\\(
/administrator
__MARKUP__
Expected message
\\\\ding\\{39\\}
Source origin is not allowed
are incompatible
xml:lang=\"en-US\"
1D
2 pending
 bones
\\\\A8
degraded_pgs{cluster=\"ceph\"} 40
2 tests
PLURAL
\\>Show fraggle\\<
XXXXXXXXXX
class User < MyApp::Entities::Base
## MARK THIS IS GROUP ##
\\t     1:  Line 1\n\\t     2:> Line 2\n\\t     3:  Line 3\n\\t     4:  Line 4\n\\t     5:  Line 5\n\n
Screenshot
@test
<title>librasqal</title>
langcode
Argenti
seqfeature
content_for :javascripts
MKCODE-
mongrel_rails
backup=false
 cox \\s cable 
again\\:
plugin-types
<%#
alibabaizshaek
Using available host
property: 'formParameters' must be a map
 source\\[
Core toolkit classes
Unable to find a presenter for class Attachments::PostAttachment
\\/def\\/
\\bIM_PSAMP\\b
emula
/preauths
not_defined
Invalid transaction isolation
class Api::V1::PostResource < JSONAPI::Resource
\\[ \"/n_run\
\\bhotreload\\b
contain: \"gosh\"
\"action\":\"index\"
Provide a GitHub user
Adrahil
only an optional project type argument is expected
\\.cache
\"backend\" is not allowed
argv should be an array!
href=\"css
cc
screen
\\$\\$_E2E_GOLDEN_VALUE_1
Could not read MessagePack
gaia-switch
not registered
\\bEe\\b
mission
Must give one
thumb\\/test\\.jpg
{date}
\\G\\.\\+
cancel-self
Syntax error
\\{CONFIRM_LINK}
\\&QY=1
Button 7
cenas2
metasploit
\\d\\d-\\d\\d\\d-\\d\\d\\d\\d
start server with \\[\"--port\",\"8000\"]
\u00d0\u00b8\u00d1\u008e\\b
no data
The connection is already closed
Test Static 2
\\/\u00b5\u00db
\\\\:\\\\:
Missing required argument \"req\"
-vv\n
not_a_pager
\"replication_group_id\": conflicts with snapshot_name
the property '#\\/names\\/0' value \"jack\" did not match the regex 'jane'
unknown check: \"nope\"
SMP
not acquired\\/owned by you
rescue\\(\\[ref\\(RuntimeError\\)\\],var_field\\(e\\),\\[2\\]\\)
Couch
mexico
Rename
testing 
vector tile spec v2
not find app
/api/partitions
DEV_ONLY
\\h
Transaction
molecular
ENV container docker
[7][-]\\d
pan
batch/
argument \"--foo\\/--bar\\/--foobar\": Conflicting option string\\(s\\): --foo, --bar
toggleActivate
sun-editor-id-toolbar
datatype><normal>{<
{\"foo\":0}
{\\\\`u}
fileprivate\\ 
create_sandbox\\.sql
en \\(English\\)
\\s\\<script
preserveAspectRatio='none meet'
\\s*<P>\\s*
stylusRoot
warningsToBrowser
\\\\=\\{\\\\i\\}
TRIMMED
_baidu_bookmark_start_
not in gzip format: 
no session
%error_type%
ephemeral
MiniCssExtractPlugin
OR
\\\\ding\\{51\\}
error handling content-encoding gzip:
    webby               Name or IP of the Webby to deploy to
class Account::Foo < Mustache::Rails
purging unmanaged puppetfile content
Method cancel declared both idempotent and non-idempotent
class Admin::UsersControllerTest < ActionController::TestCase
macos
fill_in \"Title\", with: @product_line\\.title
Das Format der Verf&#252;gernummer oder des Passworts ist ung&#252;ltig
The property '#\\/a' of type integer did not match the following type: string
\u00e1\u00bc\u00a6
bgp log neighbor changes disable
<content:encoded><!\\[CDATA\\[<h2 id=\"testing\">testing<\\/h2>\n\n
The scripts also pass through
maxSize
&cap;
illegal
Cannot create a group scope for :doesnotexist
Please report issue
require\\('\\.\\.\\/common'\\);
See 'rhc help <command>'
<<DOT>>
\u00e5{1,1}prune
 attempt
insert into \"sample_records\"
Script concatenation processor can be commonjs, amd
angular-cookies: \"2\\.0\\.0\"
/some
Sale3D
:pipeline
323
did not become connectable within
Internal Server Error
{db}
function mstime_malloc
404 Image not found
Internal error
<item key=\"is_success\">0<\\/item>
<remotePort>
Failed subscribing
property: 'is\\?' is invalid in a resource type
{subdomain}
DEVICE_TARGET
Attempt to set \\[\"a\", \"b\", \"c\"\\] to x when \\[\"a\"\\] is not a hash
75\\% of mastery weight
Woo!
host\\slocalhost
\\| TPMCafe
'struct'
\\{b\\}
a\\.foo
jayson
height=\"300\"
Rendered collection of customers\\/_customer\\.html\\.erb \\[2 times\\]
TOC
Import-DscResource -ModuleName FooModule -Name FooResource,BarResource
DescriptionDe
update_attributes
ERROR dooca
instructure_external_button_example
INFO \\(123456 on abcdefghijklmnopqr\\): after
mooflight
:string
label for=\\\"
\\blee\\b
Use of an Iterator is not supported here
-H \"Accept: application\\/json\"
A block must be given to 'in_environment
Order on NodeConnection\\(Todo, EdgePr\\) references \"EdgePr\" edge
new_task_definition_arn
QUOTAROOT
GTSPECIALREPLACEMENT
Could not find Puppet Face
memoryUsage
instance is not running
USERESOURCE=0
expected a single document in the stream but found another document
`git push`
failed with exit status
BREAKING CHANGE
<span class=\"needs-tag my_tag\">my_tag</span>
Index out of range \\(requested index 27, but source text has length 26\\)\\.
google favicon
commonjsHelpers
The data-partner attribute is required for
invalid layout position
property :body, String
\\[% MODULE %\\]
\n\\| data 1-2 \\| data 2-2 \\| data 3-2 \\|\n
<openSearch:itemsPerPage
INSTALL_PARSE_FAILED_INCONSISTENT_CERTIFICATES
Could not parse server response
Spirit of my silence
flg
\\/libclntsh\\.dylib
Access-Control-Request-Method
FILTERED_COUNT
Preparing package compilation: Downloading 'foo\\/
\"title\" value=\"my other book\"
Identity: Must wrap something
Debug log
invalid dtype argument
invalid YAML syntax
not specified: www\\.example\\.com\\.
activerecord/lib
render \\(slotProps\\)
ip prefix-list 
second line
must have 1 function argument
Content-Disposition: form-data; name=\\\"key1\\\"
\"hasConfig\": true
rowselected
cannot parse protocolId
\\\\Elzdshfnc 
const \\{ promisify \\} = require\\('util'\\);
Replacer must be a function or an array
Invalid Transaction Tag
The type parameter must specify the notification type
Card Declined
Packungscode
CATEGORY
UTF8\\b
\\bicon\\b
class AccountObserver < ActiveRecord::Observer
\\<div class=\"CodeRay\"\\>
Approved
\\bclass Module\\b
vision\\-media\\.ca
HTMLMediaElement
&quot
Secondary indexes aren't supported
setnetent\\(
'source' param must be one of \\[any, first\\]
heroku join --app 
\u00d7\u00a3
\\bjson
Unknown register!
%comment%
<h2>Textile Test Text<\\/h2>
\\[Getter\\]
\\.\\-
</rdf:RDF>
<nodes>
resumed role 'RSpec_undeploy_hard' of service 'RSpec-role-action-service'
duplicate key value
body=1
\\[\\s*required\\s*\\]
but more than one function returned a value
from paperspace
\"order\":\\{
DimensionError
Failed to fetch variable '\\/canaries' from config server: Director is not configured with a config server
Token removed from 
agent is unavailable
fcn
class=\"tandem_page active\"
Wrong Answer
Backbone Test Suite
\\.cf
@xn--
\\[hash]
ABORT
is using branch another but Gemfile specifies master
# noqa\\b
Notify Failure
Diglo\u00dfie
CALLBACKGEN
You should specify the keyspace of the model in the MappingOptions when the Client is not using a keyspace
status_code=404
deprecated call
CreateUsers: reverted
Iriver ;
\\band\\(
End of search list\\.
{li}
Unclosed element `div` \\(on line 2\\)\\.
Invalid image format
Invalid username\\/password
The service of id \"a\" should define the registry method \"retrieve\"\\.
Filter expression cannot have an undefined field \"foo\"
Index out of range \\(4 > 2\\)
ios91
type must be string or number
Unrecognized setting 
whois
EACH ROW
CHAR\\b
gpg: AES256 encrypted data
Ceph
socket
no response
{fname}
--environment 'production'
\\/\\*@
dhxtreeview_item
\\p{IsUpperCase}
Empty suite name
:nesting
navscape
/turpentine/esi/getBlock/
-H \"Authorization: Basic dXNlckBleGFtcGxlLm9yZzpwYXNzd29yZA==\"
before fortitude widget: this is my_helper\\!\\s*inside fortitude widget: this is my_helper\\!, passed_foo\\s*after fortitude widget: this is my_helper\\!
no longer supported
K80
\\/~
Invalid target hash
\\.SysConfigManage
Choice key `h` is reserved for help menu
bz2
label\\s*=\\s*a
selected=\"selected\"
admin uSer Only starts with
check-coverage
Mynetcap
main\\.
Bundle up-to-date; not bundling
Tag hello invalid
=GLOB
\\<TR BGCOLOR=\"#FFFFFF\">
Renamed the follow rename file
must not be required
\"bookmarks\"
Event received EVENT STATUS_CHANGE DOWN
\\bgcc
namespace
isn't numeric in numeric eq
pull\\/2
OAuthException: No matching code found\\.
&g
-cidfile=\\/foo\\/bla
\\\u2019ve
Sorry, try again\\.\n
{{ruby_klass_human}}
'save' is already in the '\\/path'
,\n
\\/user\\/dashboard
fission suspend \\[TARGET_VM \\| --all\\]
Multiplicity is 1: ToSupplier\\('ABC'\\)
No messages sent
undefined method lookup_by
Found 1 difference
Error: Invalid name: \"hello world\"
x_
S\\.Builder
shows a 2D bar-graph-like timeline
shutting down
\\x01\\x84
@today
\\\\Elzrtlt 
one time replacement\n\\/\\/ cog\\: \\}
literal encoding is EUC-JP
default branch is set to \"master\"
unknown option: \"thisisintentionallyinvalid\"
yoffset
gems/bundler-
AbstractController::ActionNotFound
Invalid MFA ARN
App Already Bootstrapped with this Element 'document'
set \\:application, \"
second argument
9\\.\\d\\d
not an Object
<textarea id=\"script\" rows=\"10\" cols=\"80\">puts &#39;abc&#39;\nabc</textarea>
\\\"key\\\":0,
The combination operator: unknown is not supported by the Composer filter where
__COLOR1__
No kocha test cases are found!
\\s*cz88\\.net\\s*
utf16
language=en
status: 404
L1010_0
This is raised
express:
--rc=
add_foreign_key \"test_comments\", \"test_posts\"
\u00c2\u00ba\\.
Integer :age
glutMainLoopEvent
\\s%\\{vagrant_plugin_libdir\\}
\\{BUILD_API_CALL_PARAMS\\}
domain name cannot end with a dot
callable\\b
vchkpw-pop3:
\\(Macintosh\\; Intel 
Password is too short
babylonjs-editor-extensions
SW_DB_TYPE
inf
 should 
longvarchar
\\\"skip\\\"
missing the backlog list named: 'Nonexisting List'
taco
Please configure server_dir
roles_path
TEXT
swagger:alias
Given input path must be a valid
a 33-character-long pattern xxxxx
ceph_rgw_gc_pending_tasks{cluster=\"ceph\"} 0
midway start
tv_show
\\s%\\{gem_libdir\\}
0 0 0 0
{{ BUTTON_BG_HOVER }}
writing validation\\.pem
This file was generated by Bundler
\\\\hphantom\\{0\\}
jobs-history-count
application/ogg
Can't find order with id =
\\baat\\b
<tr><td><a href=\"http:\\/\\/
a/
aalogout
etc_puppetlabs_path
tag of \"int\" at: \\[\"a\"\\]\\[\"b\"\\]\\[\"c\"\\]
DELETED
\\\\cyrchar\\\\CYRD 
schema\\sis\\sinvalid
secret or public key must be provided
stopped waiting after 4 attempts
failed to open stream: No route to host in
>,
should be of type string
[ ]*END[ ]*PROGRAM
<script src=\"
Non-whitelisted 3p type for custom iframe
not authorized
Couldn't log you in as 'quentin'
Generated by PHPTAL from
checkStatusCode
####
COMPONENT
You can't use 'exclude' and 'only' at the same time
\\&#187;
test1: executed prepare
result =
AWStats
Some\\+property=Some\\+value
not a transaction
\\015\\012\\.
<!--\\s*toplinks\\s*-->
extends was number; expected string
GraphicsMagick
\\s*\\/\\*.*?\\*\\/
## Adding SPARQL content negotiation
no workers
hour
git push --set-upstream origin 
Syntax error, unrecognized expression
CR:
SHIFT-JIS
/HostedZone/Name
job says hello
invalid version range for dependency \"foo\"
sl:slug
1 warning
search must be called with arguments
recurrence
401 Super Bad
You must specify a valid encryptor
Santiago
\\@stats\\@
request\\.id
/bootsnap/
anache
empujar already running
Question_book
non-existant
resources 'under_construction'
<adj>
attack
missing argument for --encoding
expected to find css \"h1#doesnotexist\" but there were no matches
\"duration\" is invalid
> 10 \\| thisIsARuntimeError\\(\\);
itemType as an array is not supported
#dollar#
pre
foo=nil
statement not reached
%7Bpage%7D
todo
9000
\\\\`\\{U\\}
caching_options
Content-Transfer-Encoding: quoted-printable
PRE_AUTHORIZATION
\\{retryNum\\}
@builtin:themes
badness happened
primate
CREATE UNIQUE INDEX
width=80
B\u1ea3y
\\\\ding\\{87\\}
\\bTSHookIsPerl\\b
avg_comment_time
uxcore
only-allow-this-animation
\\/refs\\/
expected status code to be 404, but got
Discriminator \"model-discriminator-foo\" cannot have field with name \"__t\"
\u00e1\u00bd\u00ae
\\/config\\/targets must exist
\\bComparable\\b
baz=quux
Parameter must be a path or options object
colleague
-name
Danny
The progress handler call\\(\\) method must be implemented
pgs_remapped{cluster=\"ceph\"} 10
Element not found when calling `triggerEvent\\('#foo-bar-baz-not-here-ever-bye-bye'
hey this is ctrl2
Variant
\\#FIXED
omittam
-x-
\\bSAVE\\b
foo\\.txt
\\p{blk=Greek_And_Coptic}
\\s*Current dir:\\s*
module Hyphenated\n  module Name\n    class Engine < ::Rails::Engine\n    end\n  end\nend
could not open extension control file
\\.\\]\\[
NO
Invalid data structure \"{x: 1}\"
\\+\\-
BADSIG
must be between 1 and 64 characters
# MAP_GENERATOR_CONFIG
poltergeist
One or more DATA sections were not processed by Inline
HEADLINE
react-packager\\/src
Provided user object does not appear to identify a user
fails
a_key \\(type: ssh-rsa\\)
www-form-urlencoded
\\bUnboundMethodSpecs::Methods\\b
keyword><function>formatTable<
Declaring
\\\\\\^\\{E\\}
\n<hr>
option encode is invalid
nn
historical binary regexp match /\\.\\.\\./n against EUC-JP string
<strong>Finnair<\\/strong>
Unexpected part \"2\"
fun1
Unexpected end tag : head \\(line 5\\)
BL_ORD_ID
-RSB-
/automatic_validation/no_schema_at_all
INFO  TestLogger : <Array> 
update users as t
expected\\: 0 times with any arguments\n    received\\: 1 time
\\b_cmd\\b
PMM
String :name
\\(view only\\)
__CODE__
UKL
Service test_ok_1_notfound not found for host test_host_00
not been paused
backtrace_spec\\.rb
\\{\\{n\\}\\}
END_HIGHLIGHT
could not determine a proper \\\"type\\\"
\\.pre
wrong element type Integer at 1 
black \\& white
www\\.isecpartners\\.com\\0\\.foo\\.com
\\[inet\\] no ip address on eth0
:super_wibble
private method `s=' called for
\\\\ElzrLarr 
Cannot invoke forEach on a Matrix interface
CanonIJCL
plugins should be an array!
Ch
\\[Namespace_Class_Mappings\\]
'frame'
bigip
Must set resource name and storageSystemUri, or uri, before
\u00e2\u20ac\u00ba
END_GROUP
foo\\/statuses<
Could not back up; will not remove
01:01:00
clicked 
SELECT\\b
Thrown by custom check
cache-and-network fetchPolicy
\\\\'\\{R\\}
\\.k
\"HelloWorld#default\": {
bar help \\(default: false\\)
fullcredits
\\\\W
filter=
do_edit
\\/\\*%endnode%\\*\\/
msab\\t
graal
public class JhipsterApp
Redis is already connecting
in sequence \"two\"
Epiphany
comment><comment> print \"<
x_foreign_key_x
hashed
const CipherService = require\\('\\.\\.\\/\\.\\.\\/\\.\\.\\/api\\/services\\/CipherService'\\);
Some Other Exception
property already used: 'schema
banana
OUENJ
having
Incorrect file format
XML::Dumper
contents
bar\\.term -  COMMENT OF SCRIPT HERE
deep_node_modules
fdfdfd
db
amp4email-boilerplate
\\bno acceptor\\b
Responder
unifi_stations{site=\"Default\"} 2
npm access edit isn't implemented yet!
Android \\d
pitch value
imghp\\?hl=en
no-vulnerability-alerts
payment=creditcard
REQUEST
Charon
\\(SSH_FX_FAILURE\\)
1 passing
ROWS 3
cannot add historian records to the historian
/:provider/callback
cust_id>Joe Jones
\"validate\" must have an arity of 4
sion7\\-sles\\-
jslint: No problems
{\\{api-url}}
can not manage home directories
class=\"bar\"
\\bchg=
unexpected token at 'invalid agent\njson'
UNT
semaphoreci\\.com
<p>text
SIMPLE\\b
\\blistAll\\b
User
superbot
\\x{00f6}
#OSNAME#
single diverging flow
\\<\\/CssParameter
Verdana
\\[\\$\\$firstname\\]
\\bhaem\\b
show entire file when -f option used
Can't find stylesheet to import\\.
UNMET DEPENDENCY optimist@0\\.6\\.0
Controller\\.php
<title>Spout Outliers</title>
\\${tagset_
lastName
applyTo: Function required for second argument
\\s*bold\\s*
not requested at login
\\x{1070}
COVERAGE_SERVICE_TEST
Can't locate object method
persistence setting conflict with DEFAULT
 do n't 
Undefined property
cannot be an empty string
&oline;
ExampleProcsy
invalid format: \\.f
 color='green'
hostedservices\\/vmname\\/deployments
pine  # This is a commentn                               apple
queue\\stest_in_fanout
__DOLLAR__
\u00e2\u0080\u009d
Running task sample::echo with
rails_caddy_user_id_in_place_editor
\"payment_plan\":
/tags
koa:sess=sess:
notify_spec
GnuPG
List should be an array
# config\\.action_mailer\\.raise_delivery_errors = false
<account-type>external</account-type>
The `resource` component \\(6th component\\) is required
Rollo Tomassi
Resources failed to apply
message: \"new developer added\"
\u00e3\u0081\u009d\u00e3\u0082\u008c\u00e3\u0081\u00a7
import \\{ environment \\} from '\\.\\.\\/environments\\/environment'
Ezze
__EXTERNAL__
Csv
\\\\hphantom\\{,\\}
mw:DOMFragment\\/sealed\\/ref
MorphOS
no-background-color=true
greeting
a=end-of-candidates\\r\n
Cannot read property 'toString' of null
1323
MyClass
Mach-O universal binary with 5 architectures
asynchronous script timeout
\\\\venus 
Could not find option 'ipa_path'
su:
FILTER%20%28lcase%28%3Fvalue%29%20%3D%20%27bouletcorp%27%29
provided patchset
does have detail
<\\/front><middle1>
facility=184
Gateway Time-out
description: my description
Failed to connect to ssh:\\/\\/bolt@localhost:62223: Connection refused
\\/fixtures\\/
\\*p2
auto/
\\G\\.\\./
<title>Template::
gulpfile
id=\\\"1234\\\"
alexibot
Invalid data found when processing input
query option cannot be nil
Required parameter: query
setLock
Cancelado
Mostly Cloudy w\\/ T-Storms
\\\"\\)
\\}\\}\\{\\{\\/crossLink\\}\\}
\\${DBSPACE}
gigabot
errand is
>\\s*\n\\s*<
node_js:
encoded in utf-16
Topic id: nil
Jos\u00e9
Prepare for publishing
PG_FUNCTION_INFO_V1\\(
Invalid key bar
\uff3b\uff03\u56f3\u5f62\u3000\u25a1\uff08\u56db\u89d2\uff09\u306b\u5185\u63a5\u3059\u308b\u25c6\uff3d
merynym
\\{begin\\}
\u00e3\u0081\u008d\u00e3\u0081\u00be\u00e3\u0081\u0090\u00e3\u0082\u008c
--config '
host: '123\\.456\\.789\\.000'
virusdetected
<div role=\"alert\" class=\"alert\"><p class=\"alert-txt\">test</p></div>
babelogue\\.citypages\\.com
Successfully yanked
module TopicsHelper
/8CA
STDERR
force_add_
\\/page\\/html\\/
\\(default: bar\\)
Integer
itisinvalid
shift
&#
nasnanoapp
Could not interpret Mixpanel server response: '0'
stylesheet
TickPrice
\"background\":\\s\\{
out of range index
\\\\textfrac\\{5\\}\\{8\\}
Invalid surrogate attribute
12:00:00 -0500
HH24
1200m2
No available blades
Profile
can't create matcher foo without a match
<p>Home Page</p>
WARN: Autoproj::PackageManifest#each_os_dependency is deprecated, call #each_dependency instead
&#8208;
style=\"line-height: normal;\"
%:%
\\\not\\\\subseteq 
contain_notify\\('hello'\\)
#OS_VERSION#
static\\.getclicky\\.com
grape
\\bcreateOrAppendTS\\b
\\(require,
eitherToAsync: Either returning function required
baz => qux
Disabling --compare-file-text; not supported by OctocatalogDiff::Catalog::PuppetDB
Apple's public UIAutomation API `dragInsideWithOptions`
\\%B
must be the exact size of source when using linked_clone
face-cool
Ambiguous command
%TO_ADDRESS%
Required arguments :num_minutes missing
test op shouldn't get array element
Encrypted attribute does not need updating\\.
equals not found
Fluid
wrap140
example\\.com:80
testbench
expects a block
TOKENS
wrong version number
ct\\|
Property already used: \\'requestTokenUri\\'
Missing required option
Buffer
rree
__viewExt__
{{ BUTTON_BG_ACTIVE }}
src=\"\\.\\/
gfarm2fs
ID
<meta name=\"twitter:title\" content=\"Ghost\" \\/>
Please ignore
Can only select
test_data
\\# Time: 
TemplateCanvasNode
transition
Meta structure was changed without specifying override
ClickTale bot
principal\\s*=\\s*foo
title=\\\"Some crazy longer label\\\"
magnificent
_mmaModChat
10\\ \\-\\ \u043e\u043a\u0442\u044f\u0431\u0440\u044c
<FIELD KEY=\"owner_country\">
RESPONSECODE=A
activate a \\(= 2, runtime\\)
There was a problem validating the URL
production
<\\/o>
UserStatusReferencingError
PermanentRedirectPage
E 218
X-OpenPayU-Signature
\\bMD5\\b
failed spec TEST
Such feature is already registered
\\.jsonp
SessionParams
Invalid Api Key
GitHub
Usage:    script/extension info extension_name
This room is no longer in slow mode
Expected number
i386_linux2
VAR
Gregarius
\\.bak
i=
href=\"/page
typer
error: pathspec
/original_syntax_error
Product has made title accessible
6 relative_include
\\[\\/QUOTE\\]
%maxreclevel
could not decode id_token_hint
<%base_path%>
description\\.xml
\\p{Bidi_Control}+
with_steep_types
%deps%
%{
require\\(\"util\\/constants\"\\)
Found 
== width
empty while loop
FUNCTION_A
hap update ContactSensor ContactSensorState 1
<HTML
Hook key check failed
naktis
this\\.number
def initialize\\(test\\)
Not a TestClass instance
<rra>
\\[!--
LabBase
Unrecognized initializer: \\.\\.\\/foo\\/bar\\/
HTTPError: HTTP Error 403: Forbidden
Unknown Puppet subcommand 'whatever'
illustration
fbq\\('init', 'PIXEL_ID'\\)
A Projector must manage at least one table
\\+''\\+
node_name \"foobar\\.example\\.com\"
s3 operation fail
hostdependencies configuration is incorrect!
\\<init
href=\"{{{ assetPath }}}stylesheets/govuk-template\\.css\\?
pass:
acimade
Unable to parse expression
animated
matlab
already started parsing
nested repeat operato
checkForForcedDisconnect processed Exception
bad_method
start\\/
SWIG
\\\\cyrchar\\\\cyrnje 
TEST_PASS_FOR_REDUX_STORE_2
Invalid instance type
/ok-to-test
&amp;ins;
\\bonly\\b
true is true
Invalid UTF-16LE character
\u00c4\u0093
XXXALIENDXXX
Layer::Operations
\\%t
Parsed capabilitylist document with 4 entries:
has-title
/id/auth/failure\\?message=invalid_credentials&strategy=chef
Argument 1 must be a String
some_resources
smart\\sbro
ORA-00942
Set-Cookie: AP_CHECK
\\/images\\/sprites
=logout\"
DS1\\d\\d\\dZ
\\/checkName
pg:database=
Licensed under
Test::Unix::User::
Mista veri pakenee
'\\[object BlobConstructor\\]' is not a constructor
\"/>
Google Product Search
%%STORDECL%%
DKIM_
Empty script contents
\\u0065\\u030a
you haven't defined that key as an association on your model
\\p{Join_C}
'description' => {
Could not find version 17\\.0\\.0
thumbnail_
\\:attachment
RS_IP\\d_GATEWAY
instance variable @ivar3 not initialized
Calling hook pull after remote
some_project
units is invalid
ns\\d
greyscale
PDF
Passwords cannot include ':'
::Abstract
\\bts\\b
Cannot assign out-of-bounds
\\. sqlite
:arithmetic
AudioContext
alert alert-info
Launchy version
DBLAL
the project page
get array element 1
\\/\\xdc\\/t
Must pass a viewerId to security\\.changePasswordAuth
&#166;
media
\\.p0
\\\\male 
class User\n    include Mongoid::Document\n  rolify :role_cname => 'Admin::Role'\n
fabric-ca request test_api_method failed with HTTP status code 500
\\u0061\\u0303
dhxsidebar_touch
install-bad-man\\.1\\.lol is not a valid name
\\bpm\\b
\u00c3\u00ae
a proposal accepting comments
invalid line
couldn't be converted fully
MethodSpecs::MyMod
 \\@ 
Mailbox quota usage exceeded
</\\s*isEqual\\s*>
</tbody></table>\n
Autofiltering
\\[Time=
bcc32
debugOptions: {\"debug-port\":5555,\"debug-brk\":6666}
mopt_payone__acc_cashondel
 interrupted
Prepare
\\N{CARRIAGE RETURN}\\N{LINE FEED}
url options
\u00e3\u0081\u00a5
__e *= *_\\['escape']
XX
&#8229;
\\[BR\\]\\ 
batchSize cannot be used with count
\\\\Elztrnmlr 
\\b80\\b
<div><
scroll-box
\\x00\\x00
noticelo
amdLoader
warning: block supersedes default value argument
#000003
\\/subdir_new_1
WormBase:
myapp_vpc: invalid
 host
Not a SCALAR reference
<select idref=\"rule1\" selected=\"true\"/>
syslistview
@foo, bar, and baz@
* Push the sum onto the return stack *
test3
A non-empty playlist URL is required
Amazon Linux AMI
care
aws\\.west
\\\"webpack-cli\\\": \\\"
undefined method `gsub' for nil:NilClass
trackback:ping=\"http://app\\.blog\\.livedoor\\.jp/
Cannot setup tracking information
Margaret
cannot unobserve non-object
\\001DCC RESUME 
\nyarn\\.lock
usual suffixes K
LOCAL_IP-REMOTE
mochaTest:on
trees
main\\.css\\.scss
\\\\multimap 
Removed constant RollbackTarget from Object
http://datastore/category_relations/3
class CreateCustomNotifications < ActiveRecord::Migration
EDL
<%content%>
compressed:
NUMBERS
varying
Options \"minify\", \"snapshot\" are invalid
grass
Jun
comment\\s*=\\s*\"Comment with \\\\\"quotes\\\\\"\"
tinylr
solaris2
adafruit
but its value is `undefined`\\.
resource \\[\"File\", \"
\\/properties\\/titleMap\\/properties\\/
dropdowns-sizing
\\.hay
undefined method `random'
hard undeployed role 'RSpec_undeploy_hard' of service 'RSpec-role-action-service'
Swipe\\.vue
]],
Cancelamento
The argument signature \\(String format, \\[String timezone\\]\\) is deprecated for #strftime
fortitude partial with underscore partial
390
\\\\\\<
should not
needs to be an object
source=\\/regexp\\/
Use Ctrl-C to stop
\u00c7\u0096
/rnn/
trad2simp
{\\\\ss}
Invalid application key
w-download
\\x{0166}
could not find project directory
\\(required\\)
Value \"ruby\" is invalid for argument e\\. Choices are: node, java, rust
0 EXISTS
So Clean
\\@import
{files}
URI missing
Tero Testaaja
node_modules\\/core-js
id=\"f41749ab8ef9d2358cfd170fd9af2f5e\"
loop=1
kenae
\n    ok 1 - this is fine\n
\\bFoo\\s
periodStartLabel
secretOrKey: '1234567890'
~\\[
bc
Build\\.PL
commons-email-1\\.2\\.jar
Child starts
<JAR>
_mmaModResource
{{goTodayText}}
\\%60
TRUST_CHECK_ERROR
500 test error
non-positive capacity
window\\.spec = 
\\\\starequal 
No matching global declaration available for the validation root
Expected `loc` to be an object with numeric `line` and `column` properties\\.
local\\(
You must pass `distinctId` or `email`
\\G,
 egid=
uriParameters should have a single value
Client host bypass
fractional
Unknown color model
\\p{Emoji_Component}
Internal failure
filter received
/users/show
:10\\.0000,
--accepting rule at line %d 
start_at is deprecated
Qt
The statement was aborted because it would have caused a duplicate key value in a unique or primary key constraint or unique index
Required parameter: ip
organization
-g
RS_IP\\d_MAC
yale
ready
Branch
The format '%dv' is not a valid format
GNU Affero General Public License into
\\sfx\\s
api\\/users
TEST_ENV_NUMBER=2
belongs_to :product, index: true
\\bpostpone_output\\b
\"abc\\.h\"
c=
\\\\Angle 
\\bByteLoader\\b
-bootstrap
SELECT COUNT\\(\\*\\) POCET FROM 
commonName not specified
Source node
\\<relationship\\>
templates
dev~
s\\.n\\.
ISO 9660
\\.fusebox
am
\\<action\\>void\\<\\/action\\>
Sous-Titres
declare
Unsupported coverage \"invalid\"
9001 children
CodeMirror-code
Test2\\&lists\\=http\\%3A\\%2F\\%2Fapi\\.constantcontact\\.com\\%2Fws\\%2Fcustomers\\%2Fjoesflowers\\%2Flists\\%2F2
\"bar\" not defined in
like iPhone OS
/configmaps
unifi_stations_noise_dbm{ap_mac=\"a0:a0:a0:a0:a0:a0\",connection=\"wireless\",hostname=\"foo\",id=\"abcdef\",site=\"Default\",station_mac=\"de:ad:be:ef:de:ad\"} -110
\\bESMTP\\b
\\%v
%PACKAGE%
--=_alternative
at-rules need a target
%maxratio
Invalid AclFile or AST
The_SSID
\\bTO\\b
iphone os 7_
Authentication failed for http://
not an event
__GNUC__
uselang=eo
\\(window,document,'script','dataLayer','foobar'\\)
accountname must be set
Public key is neither set, nor given
All migrations require a tag from
\u00e3\u00c8
heading
Invalid type received for \"undefOnly\"\\. Expected: undefined\\. Received \\[string\\]
returning value for mod_a::b
Alpha Omega Alpha Archives, 1894-1992
Array\\?
/Artist/edit/\\d
\\.\\*\\??
<#_contents_>
bundle\\.min
values must non-empty array of strings
Username should be a valid non-empty string
=begin pod
erb \\:index
<\\/references>
EST
foo987
Duplicate template type
<p class=\"red\">There was an error processing your request<\\/p>
lb
note_textcaptcha_answer
stop the insanity
chapter-09
list of valid trigger names
unknown group missing-group
\\\\3B
\\p{InCombiningDiacriticalMarks}
With symbol
G\u266f
\u00ef\u00ac\u0083
Access
\u00e3\u0081\u009d\u00e3\u0081\u0086\u00e3\u0081\u0097\u00e3\u0081\u009d\u00e3\u0081\u0086\u00e3\u0081\u0082\u00e3\u0081\u0084
\\/badges\\/mybadges\\.php
Don't know how to handle `
comment><normal>\t} <
Heritrix
def set_raven_context
BRICK_VERSION
The object you are looking for could not be found
\\{i\\}
Invalid bucket name
is declared in both
\u00e1\u00be\u00b9
\\bPuppet\\b
cartridge
href=\"uri_d\"
Applied IncreaseInsulationRValueForRoofsByPercentage
<%@
front-end-build-params
content=\"''\"/>
Sub key: \"sub\"
--dog also-cute
Specify the source code as string or provide an options object
Error: Profile name not found
\ud808\udf45
rights reserved
<name>david<\\/name>
encountered
\\/\\/>
notokens
reapack-index: ambiguous option: --c
mso-list\\s*:\\s*Ignore
/accounts\\?
Child must be Mongoid::Document
\\bFAR\\b
PlayStation Portable
SUBJ_COUNT
\\\\\\*a
\\/Iinclude
\"bar\"\\:
\u00e1\u00bc\u009a
\n\nSkipping
available converters for password algorithms
bonus # TODO remove
<FIELD KEY=\"cvv2\">
3 rows
edition
in depth check
::PI
TEST_API_RETURN
didFinishLaunchingWithOptions
:unknown_place
bookdetail
vesln
limit cannot be used with distinct
was <1>
locate CPAN/MyConfig\\.pm
%timestamp_execution
 *% *
simple\\-image\\-manipulator/controller/download\\.php
Ignoring detected problems
Resource type with the same name already exists: 'type1'
macruby
##\n  # When RubyGems is required, Kernel#require is replaced
\\/\\/@
around
:codeid
already activated
up\\s1
ins
Could not switch to system config: test
loading\\-success
account confirmation
Fail
 \\N{GREEK SMALL LETTER ETA}           
[ ]*END[ ]*SUBROUTINE
<lastName>
invalid_request
SuperBot
CATEGORYS
Subcommand name
 \\N{GREEK SMALL LETTER OMICRON}       
expected response not to be a valid response, but got
rfc822
