Transform\\._handle
_mmaCalendar
Attempt to override an already evaluated resource, defined at \\(line: 4\\), with new values \\(line: 6\\)
PatchPerl\\.pm
end of life
<meta name=\"twitter:card\" content=\"summary\" \\/>
\\bno root\\b
use_target_ruby
\\ble\\b
thu
BUCH\\/sa
\\bSHA1\\b
Node 'scheme' can not be a scalar
Hana
\\bASC\\b
as anonymous user
exports\\.paths = \\{
it should fail with a login hint
no invoice
Cyclical dependency detected between a <-> c
\\bchd=s:A_9\\b
msgctxt
script1\\.js\\.js
<span class=\\\"
rel=\"privacy\"
build-esm
!DB_DEVELOPMENT!
rule_X
openebs_read_time 0
profiler not started
All routers sucessfully completed
',
TD
root
File content must be a String or IO
AliTB
\\s*,\\s*
NotAccepted
failed: Can\\'t use string
n          \\\"
 HTMLCS-disabled
popover1
\\pN
-OOM 
\\/demokit\\/
Minify images
my\\(\\$regex\\)\\s=\\s\\$FORMAT
More than one module matches
grant_type
moget
and awesome!!!, yo
didyou
validates_presence_of :country
some regular expression
{{ *item *}}
allianz
cloudlinux
'str':'hello'
##css##
\\bIon\\b
\\\\ding\\{101\\}
over Session window capacity
file 1
video\\/mp4
\\/150\\/
illegal operation for the \"Hero\" collection
Directory not found
24 hours
PaymentAccount created
rbconfig
toplevel constant Hash referenced by
:controller=>\"content\"
machine_test_instance_profile
just
SUBSTRING
the credentials page
meta name=\"robots\" content=\"index
Test_validation\\[new\\]/ensure: defined 'ensure' as 'present'
sco
-CONJ
Couldn't find
failed accepting client connection
\\e\\[31mE\\e\\[0m\n\n\\e\\[31mError:\nTestUnitReporterTest::ExampleTest#woot:\nArgumentError: wups\n    \n\\e\\[0m
main card header
\\/artists\\/Is%252FIs
Timestamp array must have the same size as the coordinates array
comment><comment>##\t\t}<
\\{\\{/listing\\}\\}
using \"magic\" compression
irix
BLA
Unknown Runtyper option name: abc
1Mo\\.dat
\\(pending
traditional-encryption-and-compression
Ok, come back any time
\\*\\:
12:00:00-05:00
SectorChange
a[(]\\/
\\x{0637}
Usage: ls
srm://
payloadToken
@class
has \"keepFirst\" operator with invalid value in \"reqList\"
&rsaquo;
\"endDelay\" is invalid
fastflux
browser_validations = false
http:\\/\\/dynamicfoghost\\.com
n        
infinity
edit server
 \\(DBD:
No such module
Tries must be an integer
<session
SOFTWARE
routes = 
util\\.debug is deprecated
qqxqwxeqw
TICK
\\beventName\\b
fasta
Info: Caching catalog for
\\\\surd 
Page99
Scratches
&gt;[~]
\\*\\=
Adds the current directory
\\&amp;#39;
already exist
GE
\"angular-animate\": \"angular-test-version\"
lib\\/togo\\/admin
stackrambler
Compiling packages: bar\\/
casper\\.getHTML
reqId must be a string
' 
--email
\\bmezzanotte\\b
Unsupported proxy scheme for
\\btoQueryString\\b
unexpected subcommand
 *\\, *
\\{file\\}
custom_signature_definitions/
Cannot test sorting on an array with 1 item
key not found
Passing 'oembed' as the first argument is not required anymore
address or name of the contract
eitherToLast: Either or Either returning function required
\"noTimestamp\" must be a boolean
insufficient double storage
Draco
<h1>Simple H1</h1>
,\\)
<link rel=\\\"stylesheet\\\" href=\\\"\\.\\/css\\/
\\bquerySelector\\b
#SERVER_NAME#
run remote command with \\[\"no-exist\"]
The Rock
\\sabc\\s
ArgumentError: &lt;p&gt;wow&lt;&#x2F;p&gt;
\\.directive\\('Testing2Directive',\\ function\\(\\)\\ {
\\(\\?>
CommuniGate Pro LIST
\"Content-Type:
sirgey
LIKE
defprompt
\\\\\\.\\\\
must be >=100 seen as integer
{indices}
<h1>Grandma</h1>
Min
environment\\.rb
<!-- your app's js -->
Ao file Ac
autovivify
milestone
PC
<div class='calendar monthly'
SYNO\\.
Duplicate term: \\[gender\\]
long int
\\(ext\\)
def line_item_params
directed
#\\ VERSION TEMPLATE
must be a
you already have Cloud Code
spec
\\bbabel-loader\\b
\\\\I
40
\\(table2\\)
xml only
Iteration
\\<ver
VBoxManage: error:
\\#x
count
syslog already open
\"rules\" must be an array
\\.template
0\\b
Path must begin with \\\"\\/\\\": foo
expected given block to yield control at most 3 times
HOGE
data: second line
wp-content/plugins/recent\\-backups/download\\-file\\.php
tablet
Unable to cast to int
\\\\ElsevierGlyph\\{E259\\}
my_id
emit\\(\\[doc\\['time'\\], doc\\['state'\\]\\]
\\+13\\+
RESIDUE AA STRUCTURE
\\\\AB
meeting
\u0431\u0430\u043d\u043a
Missing identifier
\\\\k\\{U\\}
\nCreated: 2000-12-20T14:15:16Z\nUpdated: 
layout :xyzlayout
callback must be a function
Failed to publish
\\blistHistory\\b
ERRnotconnected
&gt\\;
--urr, -u
\\{\\{\\{athx\\}\\}\\}
INNER DEP
failed to remove
Ignoring invalid plugin dependency constraint
CHANGE\\b
currencies
drive state is:  active
Coordinates must be provided
\\G\\s*,\\s*
_list
\\/vdc\\/
inspect-brk
Transformer must be an object
not allow embedding of frames from ampproject\\.\\*
TimeoutFailer
&#10;
GCA_
\\/\\*TESTS\\*\\/
\\e\\[0;36m  DEBUG\\e\\[0m
ERRqtoobig
MSG:
module TestApp
teashark
<w:WordDocument>
Command failed: exit -1
oyez
<none>:<none>
Exception: foo
_Profile
\\.gmt
OSB 
<samlp:StatusCode
sardcheck
6\\.\\d\\.\\d
[/]\\/\\u0aBc
\\bdepr\\b
\\s;,
CNAME records may only have a single value
CREATE USER
Mobile Phone Users:
\\d\\d-\\d\\d-\\d\\d
@greeting
Style
ICSP user not set
\\-nohome
steam\\sgame
-DCCTYPE=
Tried to assign obfuscation
ctime is read-only
\u00e3\u0083\u00bc
%world%
\\[my_prefix\\]
\\bXXX\\b
window\\.mapboxgl
require \"deep\\/hyphenated\\/name\\/engine\"
<% ICON_IDENTIFIER %>
A\u266d
Terminating after successful validation
[???][?????]
-DHAS_FUTIMENS
There is an existing file of type model with the id 2
Hola mundo
\\x0d\\x0a
FEATURE=
<h1 align=\"center\">roqet</h1>
create
Lolita::LazyLoader
\\bJson\\.Remote\\b
Enrollment failed with error \\[such_error\\]
checkboxLabel must be a string
no valid endorsements found
Expires=
compareWith: Equiv required for third argument
\\%3A
missing key
WebSocket error
checked\nnot checked
is essential to the starters behavior and cannot be overwritten
\\&\\|
\\bvcard\\b
not-parsed
LOCAL\\b
expected at least once, not yet invoked
msie 8\\.0
WEBVTT
Cannot define many filler chunk in a cluster\\.
\\+\\+
secrets\\.yml\\.enc
Error while evaluating a Resource Statement, Cannot alias Package\\[other-guid\\] to \\[\"guid\", \"
<TO>
export function reducer
Raye
\\['
\\\"_id\\\"\\s*:\\s*
Yyy: migrating
\\G\\/
jquery-ui\\.min\\.css
never seen
1 matching item
\\bisArguments\\b
Function foo missing in provided namespace
Only argument should be an integer
`switch_to_window` is not supposed to be invoked from
Update expression cannot have an undefined field \"boom\"\\.
\\bb
tr>n  <
pcm
:blank
\\\\cyrchar\\\\cyrchvcrs 
xmlsoap\\.org
start transaction
\\bajax=true\\b
\\.controller\\(
%r\\{
<title>libraptor</title>
anomaly
\\\\AE
ignorethis
api_calls
123
pending spec TEST
Range
Sources must be an array of indices \\(or undefined\\)
instance variable @ivar6 not initialized
\u00e1\u00be\u0098
Inline: <svg
/stats
equirectangular
post
SHA mismatch: expected d707e56f9f41f05fcb86396b31c1272d6e242e3748212a3ba373a74d13aaff1a to be xxx
payment_type=
emptyColumn
Uppercase
Dumping
multiple environments possible
\\&\\#062;
pu
sys\\/health
select \"someAlias\"\\.\\* from \"Model1\" as \"someAlias\" where \"someAlias\"\\.\"id\" in \\(2\\)
prefetch-src 'self'
url://abcdef
E11000
counter: -4
Metadata key \"#\" contains illegal characters
remove_
wallet-date-column
PANSITE
https_pkcs12_file=
attend
embryonic\\/larval
current ar archive
micromessenger
wpa2
You should write stub examples here:
Black
needs `browserslist-config-` prefix
has \"add\" operator with invalid value in \"optInt\"
\\\\O 
SPNameQualifier=\"Some SPName qualifier\"
new admin product page
\u00e2\u20ac\u00b9
__LLVM
organisation
Flycast
export type FooActions = LoadFoos
Aria\\.loadTemplate
\\.rejectUtilsScriptPromise
StaticMatic::TemplateError
UTF-8 Unicode text
\\bQt\\/\\b
l\u00fcnch
invalid_value
Try wrapping the first argument
CORPUS_PAGE_URL
INCORRECT_localhost
Other file
\\'s 
BadArguments
\\-maxdepth 4
<\\/item>
ykk
assert\\(_ENV,
Card::Error::BadQuery
syntax OK
enable \\:raise_errors
sets an initial value
Van Buren
STRING\\/
\\[egg:core:ready_stat] end ready task b, remain \\[]
service file link could not be removed
dora: listened on 8001
:name: :component_2
Unknown format
preserve--
no layer assoc
<postalCode>0000</postalCode>
md-toast-content
import platform
\\[\\/color\\]
Transatlantic Trade
removeEvent
ceph_pool_read_total{cluster=\"ceph\",pool=\"cinder_ssd\"} 347
--organization-id
@test_var
irb\\.rb
RELDIR
Server does not support environment variables
\\\\sharp 
::X509
<meta name=\"twitter:description\" content=\"Custom Twitter description\" \\/>
grep \\^key= ~\\/\\.ssh\\/environment
example test sub
Exiting hashdiff_initial; changes: 2, nested changes: 0
-\\$
System returned to ROM by 
%UP%
SCALAR\\(
MB
\\(the
Injected error
\\bchd=e:v\\.f\\.AA\\b
node_modules
\\/demos\\/
Could not find help for that entry
Division_undefined
!!after_perform_foo!! \\[3\\, 4\\]
expected NameError with \\\"example message\\\", got #<RuntimeError: example message>
closed MySQL connection
rake aborted
already connected
ColourChooser
skewsymmetric
doesn't matter
\\.handlebars
Unable to rename
create_table :products
\\\\~\\{A\\}
\\[kuzzle-plugin-test\\] No \"init\" method found\\.
% username
CREATE USER IF NOT EXISTS SA
 -I/opt/local/include
\\/sap\\/bc\\/lrep\\/actions\\/getcsrftoken
lalal
<90%>
p = 6
{\"bar\"=>\"baz\"}
with_moose
Address Verified
finished-when was renamed to wait-for-script
BEGINDICTIONARY
id:timestamp
 0 failures
HTMLParser
import-i64\\.wat
test error message
one_two_three_test
invalid date-time value
--framework-env production
com\\.apple
should be put, call or none
Missing new Virtual Tree
#<Module
certificate not specified
\\[local\\]
MQQ
\\.app-specs\\.
Black Lab Linux
Unexpected middleware set after the adapter
data length does not match header
patient_name
Cli
Line 1:
A template that extends another one cannot include content outside Twig blocks\\. Did you forget to put the content inside a {% block %} tag at line 1\\?
\\[THREAD\\]
describe \\('DELETE \\/Testing2\\/:id', function \\(\\) \\{
Rev\u00fc
<circle radius=\"10\"\\/>
STATE
the admin locators page
&ordf;
cannot generate a valid Hash
Cannot have a null result!
\\*\\*\\*\\*\\*\\*\\*\\*
Vmdk
;stop;
entry 'references' expects a Hash value, got Array
\\:splat is a reserved magic parameter name
\\(3\\.14, -5\\.0\\)
invitable requires options be set
\u00c3\u0093
user not found
lastToEither: Last or Last returning function required for second argument
\\\\\\\\\\\\\"
%20
name=\"user\\[comment\\]\\[title\\]\\[\\]\" value=\"1\"
Spain
Error: no value
-owner@
wxsid
Expected condition to be true or false
\\.routes\\.draw do
too few values specified in the value list
\u6e38\u620f
http://\n
\\=\\{
s_r
google\\.protobuf\\.
Mozshot
ca <b>devrait<\\/b> marcher
has too many decimal places
boolean
\\[horizFov\\]
display:none
Cannot create
\\[UNAVAILABLE\\]
spec\\/dummy\\/public
nvalid input detected
one of sides in multiplication must be a number
master_used:
CVE-2013-0155
dummy#update
<title><!\\[CDATA\\[Short and Sweet\\]\\]>
default async function
%DATE%
\\d*\\.\\d*
Allowed Gear Sizes
Method: GET
/\\* Zend_Code_Generator_FileGenerator-UseMarker \\*/
[*][(]=o
class Users::SubscriptionsWithDeviseController < ActivityNotification::SubscriptionsWithDeviseController
Unknown packet log writer: MYLOGWRITER
{{ UUID }}
Content-Length: 10\\r\n
ParameterNotFoundException
handle keyword argument
Connection failure connecting to
\\(line 1, column 1\\)
fieldtableerrorred
parent\\.onLoginDone
49494
FNOPS
\\{boardID\\}
is not set
FILEVERSION
WebSocket
__STARTCOLOR__
test-repo-url-ssh@0\\.0\\.1
<font size=\\\"-1\\\">
deliver
:0
client_123
OptArgs2
The application is not running
switch\\b
Hello, <b>world<\\/b>
#2A2C2B
zepto
userID
%%REPO_AND_VERSION%%
Failed to cancel
foo \"some value\"
hap update Window TargetPosition 0
whatevs
\\s*\u203a\\s*
expected string for property \"minScreenWidth\" of 
because they disagree on whether the base package should be loaded
ga\\(\\\"ecommerce:addTransaction\\\",
\\b__\\b
injectStyles
rethrow
Unknown mobile command
##edgecolor##
Hi HMR
citation not found: nosuchkey
\\@ARGV
Expected an int or an iterable of at most 2 items for flag 'f0', received False
\\<\\/
%WARP-DIR%
tgz
exception
property :created_at, DateTime
\u04ab\u0443\u043b
\\{\\{count}}
\\sREGEXP\\s
:INDIRECT
Error: test
webkit\\/
marco
afterAll
_escaped_fragment_
text
{{port}}
alert\\(\"foo\"\\);
my-testmy-test
%7Bversion%7D
'204': {
expose :last_name
-- 
WARNING: The signing key is not trusted
cannot specify the same gem twice
no enforce-first-as
comment><comment>       \"\\t\" => \"&nbsp;&nbsp;&nbsp;\",<
KSVG_PUT
office\\.dtd
like gecko
GetLegendGraphic
<geodata>
Android 8
\\bmailer=local\\b
select hour, minutes from time
--dry-run
password=my_pass
Tile not found
\\/en_EN\\/all\\.js
fixtures\\/example_failing_spec\\.rb&line=3
\"Phone\":\"1115555555\"
ocean
Width argument passed to \\.windowSize\\(\\) must be a number
Couldn't find Country with ID=0
6N
parse error \\[6:4]
skipped: 2
x\\s#2
triple
\\x{200B}
<ContactList 
maxBuffer exceeded
Missing translation file
parent\\.
unit_duration
import sys
GPL
needs to be a number
Nan::Persistent<Object>
cdb=true
element\\sbrowser
provide a package_version
\\.text
Received an EOF on transport socket
media=\"print\"
Bad response status
clone 
The item attribute is required for
\\\"\\\"\\\"\\s*\\+\\s*\\\"\\\"\\\"
PS
Incorrect POS
Failed to execute solr healthcheck: collection parameter is required!
\\[\\[niem\\.\\]\\]
KaprekarNumbers
ST_intersects\\(ST_SetSRID\\('
unknown code state:
Error: That port is already in use
NOTESTS
dom wor
accountancy_report
<!percent!>
Failed to find a model file loader
tea_tim\\?
ORDER\\b
berkshelf gem
ebs
\\\\cyrchar\\\\cyrdzhe 
&piv;
visual recognition
contains no requests
roman
\u6ce8\u6587\u53d6\u6d88\u53d7\u4ed8\u5b8c\u4e86
<Response>
#ts
Can't exec
<\\/script>
image has no src or srcset attribute
\\.FromJust\\(\\)
run_exports_subpkg\\ 1\\.0\\ 0
\\:\\: 
 \"two apples\" 
Rick Deckard
\\bUSER\\b
Power Usage \\(Watts\\):
\">\\u001e<\\/span>
url\\(\\'http:\\/\\/base\\.url\\/deploy\\/assets\\/component-img-absolute\\.svg\\'\\)
list-children
 CSEWY 
Invalid \"w-bind\" attribute
\u00ca\u00cf
R720
II 9\\.1\\.0
\\/categories\\/20
can not read 
<strong>description</strong>
a: 1
k:0
step must be an Array with more than 1 items
database is closed
\\[new_section\\]
prismjs
Matz - \u307e\u3064\u3082\u3068 \u3086\u304d\u3072\u308d
colour
[*]\\\\o
warning days must be provided as a number
hotfix/
authorization\\: Bearer t0k3n
\\.idea
contramap: Function or Contavariant Functor of the same type required for second argument
Cannot add new files: already uploading\\.
dnsbl\\.spam-champuru\\.livedoor\\.com
dbi:
Selected puppet server: 
EI not found
-o PasswordAuthentication='no'
coding:
boundary
\\/artists\\/mbid_1234567890abcd
Host: default
custom eslint called
MainForm
{refby}
\\/\\xd6\\/t
@mixin make-grid-columns
dp
bart
1 runs, 6 assertions
Python 2
youdaobot
next export is nice
response code 0
final
Table 'mysql\\.proc' doesn't exist
unknown option \"should-not-exist\"
no5
styled-components\\/native
unix_utils
Hint: non-WAV files are no longer supported, convert to WAV first using something like ffmpeg
Translated title:
slow_requests_osd{cluster=\"ceph\",osd=\"131\"} 413
missing \"test\" decorator plugin
U\u017eivatel byl odhl\u00e1\u0161en
Unexpected logic \"\\!\" on line 1\\.
\\[Redacted\\]
href=\"#\" onclick=\"
\\bAAA\\b
must be boolean
Circular dep for
\u00f5htu
\"CurrencyCode\":\"INR\"
no way
Cannot connect to insecure federation server
not sorted
is not assignable to type
Asn
image-35c3af8134\\.gif
SSL connection failed
&nbsp;&nbsp;&nbsp;&nbsp;
 application/x-binary-rdf-results-table 
throttled_time
%money%
Orderer bad not assigned to the channel
\"\\\\\\\\Inbox\"
No hosts served
<\\/c>
Hello i18n!
kml
unsupported delimiter
sulfuras
--run-command-statement\\b
ERRbadshare
specdmm
'class' keyword not allowed at this location
Torndado websocket_max_message_size set to 12345
Token not yet active
A policy named \"Foo\" is already attached
CKEDITOR
There is no report available for this selection
-x64-
factory :car
{{previousMonthButtonDateNumber}}
Transaction not approved
@product_line = ProductLine\\.find\\(params\\[:id\\]\\)
Zoidberg
<\\/body><\\/html>
regex:
moo
eta
can only be set once
\\(constructor\\)
\\{\\{stemmerFunction\\}\\}
Each LinearRing of a Polygon must have 4 or more Positions
/\\* INSERT CONSTANTS HERE \\*/
\\[charsets]
ress RETURN to get started
\\bRe:
=> Imported CloudFormation template
export type
Error: MyLog
{username}
npm install sample --global
mkdir -p \\/guest\\/path
must not be equal to container
http://local\\.com
\\bEY\\b
HAZARDOUS expected as third parameter
\\| \\| \\| \\|
reporter_ip
\\{calendar_grid_template\\}
RAID bus controller: LSI Logic / Symbios Logic Unknown
__SUPERUSERPASSWORD__
\\[\\[ ofdmIndex ]]
\\bPR\\.PR_SOURCE\\b
oauth: PLAINTEXT signature_method not supported with body_hash signing
lctables_spec_users
\\bimport\\b
NOFEATURE
REPOSITORY
Server: default
crit
mailto: contains no email address
vendor\\/md5
Removing
not compatible
SSL certificate successfully added
test_resources\\?include=nil_resources
Successfully finished
Wisepdf javascript
Transaction approved
is\\snot\\sa\\svalid\\sproperty
either: Last argument must be a Sum Type
\\bair\\b
Device::Inverter::Aurora::DSP_
PASSENGER_APP_ENV = development
SOP Class
The game is set in the Burgundy region of High Medieval France\\.
___dot_btw_cpnts___
{MODULEDIR}
TestTransactionLulz
!/
WebTracking\\/processRequest
add_column :users, :second_factor_attempts_count, :integer, default: 0
type name
_VERSION_GOES_HERE_
mymodule
<span class=\"disabled prev_page\">&laquo; Previous<\\/span>
\\\"map\\\"[ ]*:[ ]*\\{
myth
pi\\B
Provided list of item keys contains duplicates
hasPropPath: Array of Non-empty Strings or Integers required for first argument
project_id doesn't match
'namespace' must be specified as an option
uri:classloader\\:\\/_file_constant_\\.rb
Renderer timer console
/foo
&facets=
/ajax/payment_form_settings
IronWare
,\"workers\":1
must not be larger than
{docsify-ignore}
procedures
SELECT \\\"categories__recursive\\\"
Text\\::Microformat\\::Element\\::
/api/instance_types
NodeList
\\b200\\b
highest point
Either \"path\" or \"action\" are required
thes
Tried to add already existing instance methods: \\[:existing_instance_method, :existing_private_instance_method\\]
modify_table :
\\.hbars
Application with invalid password
Add operation with different types: \"1\" \\(string\\) \\+ 1 \\(number\\)
social provider
\\d/\\d
CAMERA_USAGE_DESCRIPTION
cake\\.project
file:\\/\\/\\.\\/
Hello World 2
method with initialization logic not found
\\bruleset=check_rcpt\\b
%DIST%
\\\\author\\{foo\\}
`attendee`
Console Connected to
current Bundler version
You cannot currently mix including and excluding fields
domain isn't set up correctly
\\\\\\%
not to have a successful status code \\(2xx\\) but it was 222
Missing experiment variants config
Could not find account
ERROR: 
illegal character
 missing
 not in 
Additional log info
security1
ios71
\\/\\/# sourceMappingURL=
david,Copenhagen
\\/dev\\/null differ
test-q
permitted
Renewing authorization
database: tmp_test
foundry
httponly
\\bgeneric\\b
\\.\\.\\/css\\/
jpmrich
decidim-
atomic
%3C
2> /dev/null
\"version\":3
app binary not found at
exponent
nt
Expected a Hash
minimum amount
database \"
pod2html\\.bat
Invalid policy type found
 *\\[ *
Giving up looking for additional nodes
Unable to dump bad_var \\(#<CustomMarshaling>\\) => marshal_dump \\(#<Array>\\) => \\[0\\] \\(#<SomeObject>\\) => @danger \\(#<Class>\\)
\\[slush\\] No generator by name: \"noexist\" was found
\\bREAL\\b
version=\"1\\.1\"
-rbundler\\/setup
\\bupgrade\\b
EPOC
TXT_LAST
Token type must be 0
\u00e1\u00bd\u0081
<\\?birthdate>
failure: assert falsy
\\s\\|\\s
readable
cccccc
no results
failed to request identity
\\\\'\\{E\\}
%PLACEHOLDER_CLOSING_BRACKET%
mspec/lib
gd
##yv17##
expected given block to yield control 3 times
Unscheduled
{{\\.Version}}
{{wantedVersion}}
Aragon
default database
SCALE_FACTOR
C1
Error: Ex mesg
session=foo
start marker
A new customer is created
api_key: abc
String\\(Class\\)
%height%
\\\\mathbb\\{H\\}
waldo
DEFAULT true
OpenRTE
Certificate to IPs
dir-a-wrapper-4
Error: err
proc \\{ ' smile ' \\}
class TweetNotifier < ApplicationNotifier
\\\not\\\\apid 
- one
{{ VERSION }}
get 'account\\/foo'
Snapshot not found
Landroid/telephony/TelephonyManager;->getDeviceId\\(\\)Ljava/lang/String;
probability
_user\\.html\\.erb
ninjaa
metrics clear 
<a href=\"#down\"
TEXT\\.
!\n\\/\\*# sourceMap
Hsm
-  \"name\": \"x\"
Dai Telecom
Cannot invoke clone on a Matrix interface
epiphany
Invalid value for \"x\" field
'\\(
require\\('\\.\\.\\/util\\/
NTUSER
Accept-Encoding
/nifi-api/system-diagnostics
Logged in successfully
Available subcommands:
some attr\\[\u2714\\]
i-amphtml-pan-zoom
Too many parameters for MACRO_APPEND_END
Unable to load animation\\.json
u\\/[+]
0, true
value at 'root'=>'ship'=>'parts'=>'0'=>'name' \\(NilClass\\) is not a String
exports: \\[FooDirective\\]
%red
\\{g\\}
icon-txt
END OPTIONS
debian
export-i64-param\\.wat
&#8212;
Event received EVENT TOPOLOGY_CHANGE REMOVED_NODE
duplex
\\${HITNR}
that document should not have any versions
rax-test-renderer
 tidy_vhdl 
PrgEnv-
casper\\.back
failed to complete the upload
Billing Address
<TIGR>
Warning1
rtorrent_downloads_active 3
say
href=\"\\/wiki\\/Bilbo-Baggins-\\d\"
embed\\(one-time\\)
gr
punctuation_no_method_error\\.rb:29
Classes cannot be collected
CRASH REPORT
CHECKSUMS
did not contain a required property of 'schema_version_s' in schema
Module ModuleName 
missing target URL
\\.stylus
renovate
RTA_LifecycleStatus1
singleton
statusCode=407
REPLACEWXMINOR
syntax
view\\.php
loadData
Twofish_PP
Install the rubygems-mirror
%-sdm
Corrupt JPEG data
##fileDate=
Unexpected end of json string
hsb
data\\b
_vertical
@post\\.save
/version
\u65e5\u672c
ctrl-geocoder
--units
&#34;
xmlns:
universalfeedparser
<!--coolie-->
has no Braid configuration file
pos
\\\\iota 
attr1='val1'
ClrSyntaxHighlightModule
The parameter 'a' is declared more than once
real sha1:7f5098d60307b4ef7240c3d693cb20a9473c6074 not equal to remote:00098d60307b4ef7240c3d693cb20a9473c111
NextYear
absolute path
__SUPERUSERLOGIN__
\u6a2a\u7d44\u307f
should not have been asked for its value 2 times with `1, \"2\"'
\\.diakonos
worker count: 0
export class MyDummyComponent
__INCLUDES__
SN:
dashicons-
-s
t\\-a\\-c\\-o
Illegal format 'k' specified for value of String type - expected one of the characters 'cCudspt'
Environment can only contain letters, numbers, and hyphens
\\?page=2
%bgwhi
vt100
Expression
Error trying to load YAML setting for routes from
\\\\\\?
Lyrics \\| Genius Lyrics
Web Server Template
386
is under active Temporary hold
Path `arr` is required
\\\\B7
Insert_time
Rendering test\\/hello_world\\.erb
\\p{Script=Cypriot}+
\\r\n 
/nifi-api/site-to-site
 source: 
 *none *
nothing \\s to \\s commit
invali
row-center
widgets
Pocket Vetoed by President
def instance_eval_method
cookietrans
The option cache_timeout was removed
ipcad
DICOM stores
<raised exception: undefined method
:age is missing in Hash input
UndefinedType
is already provided by
SimpleFoo
ErrorMsg1
Python driver
/file_store/
Unclosed
pundit
iu
, leader: false
Not a subroutine reference
hazClick
&amp;&lt;&gt;
Entity not found
=ME
# This will be added
bogus
box-sizing
has an invalid scalar value within \"simpleObjList\\.none\\.name\"
Some error occurs
Users 
is not a valid value for attr: \"price:currency\"
ffarg
Cantero
\\\\c\\{n\\}
\u00c7\u009a
immediate\\-http\\-interactions\\/one\\-request
%curr%
creaturecomforts8_240x320_thumb\\.jpg\\.jpeg
CGR_CALL_END
redis://
'fo\\to' is not a valid gem name because it contains whitespace
\\*\\+html
RDBMS
i-know-that-im-rich-enough-for-pride-i-see-a-billion-dollars-in-your-eyes-even-if-were-strangers
set :db_name, \"
store expects handler definitions to be an array
\\.wiki
\u00da\u00c8
'\\\n'
npm-debug\\.log
test coverage
weact
data-distillery
queue empty
The bucket you are attempting to access must be addressed using the specified endpoint
Guard will not detect changes
duplicate keyword argument
IT-Nummer
Computed values are not allowed to cause side effects
rollback
Locked
successfully processed
mod
there are no all markets results for
could not be started before set time
Mig\u00fcl
sender
regeneratorRuntime
\\x18\\x20
aggregator
mssql
Cannot build
persistent
Can't connect to MySQL server on
value=\"original value\"
open 
cookie
\\.main
<h2>
\\btsTo\\b
Could not find package
\\)>
to_coordinate
\\\\\\\\#\\\\\\{
hello2
NAME=\"\"
block or callable
Hardware is not capable of supporting
<HR>
__end__
<\\/issued>
Exception:
Caddy error handler not callable
%artist
SPEC HAS NO EXPECTATIONS
BLABLA
process\\._fatalException
Can only manage owner, group, and mode on filesystems that support Windows ACLs, such as NTFS
MacKie
\\&rcub;
\\% Invalid input detected at
Officials
\\G\\\\r
accoona
file\\.txt
Shipping Address
:extension
response code was 504
cc\\b
<div class=\"cell text_cell\">
putty\\.exe
__JFESCAPED_
<\\*>
%%SUBROUT%%
ANIMGIF
walternet
instance_vars
r=\"10\"
<resultstring>success</resultstring>
'migration_command' not found
* First integer indicates how much room we have *
WWR
    def index
<nowiki>
!:
##borderv##
countries
\\\\ding\\{79\\}
min\\.css
EVP_bf
 - 
tcp://
vendor\\/
@enabled
upgraded
\\.\\/pkg
`on` may not be used as a schema pathname
Fee\" should not exceed \"1900000\"\\. To use a higher fee, set `maxFeeXRP` in the RippleAPI constructor\\.
url: '\\/books'
private_key=
\"keylen\"
\u00e1\u00bd\u008c
OrderStatus
\\\\`\\{E\\}
reset\\(
body of: \"int\"
\\/shop\\/catalog\\/browse\\?sessid\\=
near \\\"SLCT\\\": syntax error
\\[/quote\\]
Average
suppliers_bills
\"age\":16
{{ TRACK_COLOR }}
DETAIL
<ok/>
thou
watchers
Dynamic Bundle
datatype><normal> ];<
Annual
_ID_
git checkout -b master origin/master
--gecos
\\+S
id is required
\\.redcar
BIGACE
cannot modify protected property
When
\\/\\*\\*\\/
Greenwood
\\x{1032}\\x{1032}
!!     value \\* value
wysiwyg
I am pending
\\bmodule\\.importSync\\b
%{version}
=x
\\\\ding\\{180\\}
order by 
DocNotFoundError
\\.container
timeZone
_spec\\.js
the element centre should be greater than element y position
Lome
:\\/\\/
windowmasker
timed out after
unequal row lengths
%FULLTIME
{{element}}
to include
user_aws_secret=mysecretkey
Red Members
\u00e1\u00bc\u00b5
plovr\\/proxy
irixish
\\\\Elzlmrk 
 ' 
group1-1: 12
api\\/v
\\buswds @version\\b
\\ssvd-active-splitter
retry succeeded
Error: matches requires first paramter to be a RegExp\\. string given
read_pwd
\\* @
{projectId}
--archive word
Invalid template
<option 
:1:1: At-rule without name
--progress_bars
Learn Objective
vbscript:
-h 
\u00e1\u00bc\u0086
Unsupported Kafka message version
main::
pass `task`, `estimate`
should have been told to wink 1 time but was told to wink 0 times
http_proxy_username=
octave
<!DOCTYPE html>
<CardSecValInd>
\\bbar\\b
      
PSTN
suffix
%FILE%
cat > /etc/chef/trusted_certs/
Object name
RuntimeError: first fixture
\\\\#\\[
W3C Rescinded Recommendation
Failed to initialize plugin
\\bfifty\\b
Fcc:
Uniq_B
Task timed out after
PerlChildExitHandler
foo WITHOUT underscore
Space
\\@del\\('\\/product-reviews\\/{id}', {
END SECTION 101
1-
Invalid ascii85 stream length
Event 053
The following resources were pruned: 
URI scheme not match
IN= 
foo/bar
- Raptor error
note in builder
COLUMN
'pm2' does not exist
\\.\\/dev
\\(\\*+(?<_1>\\*)\\)
drag-enabled
eval\\(
</p></li></ul>
 \\(Post
\\x01ACTION plays a sad trombone\\x01
\\.lnk
Grant read-only
\\x{102f}\\x{102d}
pace-done
%COLUMN%
Unexpected token 'b'
foo - skipped: yes
fr-selected-cell
5005BH
#url#
Autorun does not accept actions
Error parsing
require\\(\\\"webpack\\\"\\)
&lt;\\/value&gt;
buntu
\\\\cyrchar\\\\CYRYU 
gsl_rng \\*
SunOS
Error from beforeDelete
keycaps
--scan: bad file or revision: '
timestamp: true
on nested docs
Failed to fetch variable '\\/prop' from config server: Director is not configured with a config server
sop_uid
Mobile::SmartPhone
class=\"button-to\"
Content-Encoding: gzip
(\u6a5f\u80fd|\u529f\u80fd|\u30d5\u30a3\u30fc\u30c1\u30e3|\uae30\ub2a5|\u0e42\u0e04\u0e23\u0e07\u0e2b\u0e25\u0e31\u0e01|\u0e04\u0e27\u0e32\u0e21\u0e2a\u0e32\u0e21\u0e32\u0e23\u0e16|\u0e04\u0e27\u0e32\u0e21\u0e15\u0e49\u0e2d\u0e07\u0e01\u0e32\u0e23\u0e17\u0e32\u0e07\u0e18\u0e38\u0e23\u0e01\u0e34\u0e08|\u0cb9\u0cc6\u0c9a\u0ccd\u0c9a\u0cb3|\u0c17\u0c41\u0c23\u0c2e\u0c41|\u0a2e\u0a41\u0a39\u0a3e\u0a02\u0a26\u0a30\u0a3e|\u0a28\u0a15\u0a36 \u0a28\u0a41\u0a39\u0a3e\u0a30|\u0a16\u0a3e\u0a38\u0a40\u0a05\u0a24|\u0930\u0942\u092a \u0932\u0947\u0916|\u0648\u0650\u06cc\u0698\u06af\u06cc|\u062e\u0627\u0635\u064a\u0629|\u05ea\u05db\u05d5\u05e0\u05d4|\u0424\u0443\u043d\u043a\u0446\u0456\u043e\u043d\u0430\u043b|\u0424\u0443\u043d\u043a\u0446\u0438\u044f|\u0424\u0443\u043d\u043a\u0446\u0438\u043e\u043d\u0430\u043b\u043d\u043e\u0441\u0442|\u0424\u0443\u043d\u043a\u0446\u0438\u043e\u043d\u0430\u043b|\u04ae\u0437\u0435\u043d\u0447\u04d9\u043b\u0435\u043a\u043b\u0435\u043b\u0435\u043a|\u0421\u0432\u043e\u0439\u0441\u0442\u0432\u043e|\u041e\u0441\u043e\u0431\u0438\u043d\u0430|\u041c\u04e9\u043c\u043a\u0438\u043d\u043b\u0435\u043a|\u041c\u043e\u0433\u0443\u045b\u043d\u043e\u0441\u0442|\u039b\u03b5\u03b9\u03c4\u03bf\u03c5\u03c1\u03b3\u03af\u03b1|\u0394\u03c5\u03bd\u03b1\u03c4\u03cc\u03c4\u03b7\u03c4\u03b1|W\u0142a\u015bciwo\u015b\u0107|Vlastnos\u0165|Trajto|T\u00ednh n\u0103ng|Savyb\u0117|Pretty much|Po\u017eiadavka|Po\u017eadavek|Potrzeba biznesowa|\u00d6zellik|Osobina|Ominaisuus|Omadus|OH HAI|Mogu\u0107nost|Mogucnost|Jellemz\u0151|Hw\u00e6t|Hwaet|Funzionalit\u00e0|Funktionalit\u00e9it|Funktionalit\u00e4t|Funkcja|Funkcionalnost|Funkcionalit\u0101te|Funkcia|Fungsi|Functionaliteit|Func\u021bionalitate|Func\u0163ionalitate|Functionalitate|Funcionalitat|Funcionalidade|Fonctionnalit\u00e9|Fitur|F\u012b\u010da|Feature|Eiginleiki|Egenskap|Egenskab|Caracter\u00edstica|Caracteristica|Business Need|Aspekt|Arwedd|Ahoy matey!|Ability):
34
database=foo_test
more\\.\\.\\.
Unknown key: FOO
duplicate_method
imdb\\.com
vagrant => succeeded
Vertu
plain
blah
Expected sent email with subject
\\\\c\\{T\\}
MacOS
<a\\s
Invalid default bucket
am\\/pm
\\bneedsfocus\\b
\\.mygithub\\/mygithub\\.yaml
such file
\\/\\*(?!\\*)
I start debugger
Unexpected end
\\[ \"/n_set\
must include
Page 2 of 3
\\{version\\}
\\s*WHERE\\s*
_MISS/000
named argument `buffer' is required
E0401
sint=0
gatk
content must be bytes
cumulus-
Fenner
Red Hat Enterprise Linux
 \\b CHI       \\b  
There aren't any DNS Servers
'helpers'
Variable not found
\\.\\/loaders\\/no-string\\/file\\.js \\(\\.\\/loaders\\/no-string\\/loader\\.js!\\.\\/loaders\\/no-string\\/pitch-loader\\.js!\\.\\/loaders\\/no-string\\/file\\.js\\)
\\/bf
\\|_\\.
as=\"style\"
create_table :test_app_admin_gallery_images
Unknown node: 'blah'
\"dist\\/
cooky_name=cooky_value;
responses = 11
aasm :column => 'state' do\n  end\n
field :picture, as: :uploader
-nothing_here
multipart\\/related
invalid module
<result>ok</result>
data-custom-attribute=\"value\"
%toolsDir%
key is too small
database \"locker_test\" already exists
#\\(
inner_example
nuse warnings;nuse strict;n
whois\\.test
<ellipse
http://http://
describe \"SomeUser Model\"
<friends>
gutenberg\\.org
user5
JSONKit
missing update
\\*\\\\
Invalid file
Argument 3 \\('successCallback'\\) to Database\\.readTransaction must be a function
no code specified
is not a function
REQUEST_METHOD: PUT
\\/ \\/
\\s*{\\|
Invalid type received for \"fill\"\\. Expected: string\\. Received \\[undefined\\]
Card declined
Gtk2
What it does\n
\\\\Longleftarrow 
:copy_strategy is not a recognized Capistrano setting
define is not defined
\\G\\%
10\\.2\\.0
unifi_stations_rssi_dbm{ap_mac=\"a0:a0:a0:a0:a0:a0\",connection=\"wireless\",hostname=\"foo\",id=\"abcdef\",site=\"Default\",station_mac=\"de:ad:be:ef:de:ad\"} 40
<-
Mason\\/Exceptions\\.pm
2\\.8
\\.prototype\\.
 \\(1\\) 
\"chef_type\":\"environment\"
another defined step
Bring a large pot of generously salted
add_index \"entries\",
Ec2
s*&s*
may refer to:
\\.liquid
Virtual machine already exists
\\{filePathDecoded\\}
\\[class\\]
no_brainer
\\:before
RL
Test Kitchen for
do not save owner key to disk
\\+\\$
interface Vlan1
\\{aa
nospam
Invalid authentication tag length
users\\/sign_in
Can't find asset no\\.png
lllll ' \\+\n  'mmmmm
Could not retrieve information from environment production source\\(s\\) puppet:\\/\\/\\/plugins
fk_leftmenu=
Local pickup ONLY
ISBN 
Error retrieving Public Key
Community Guidelines
OP
xrb_
Cannot clone
TTCGTATACCGTATT
greater than 0
<\\/li><ul>
 \\b MU        \\b  
Started
Cannot reduce a view without a reduce method
mount_uploader :pdf3, FilyResourcePdf3Uploader
post users_url, params: \\{ user: \\{ age: @user\\.age, name: @user\\.name, organization_id: @user\\.organization_id, organization_type: @user\\.organization_type \\} \\}
cannot decode value
\u00d7\u009d
should have been asked for its value 1 time with `1, \"2\"', but was asked 2 times
Transforming the regular expression sticky flag is not implemented
nemo
globals
\\-m64
/cards
input name
,\\]
-s 
z,z
\\p{Print}
::Enum::
Problem reporting exception to Raygun
\\\\forcelinebreak 
add_contacts
Response not handled
yolo is missing
iframeSrc
Missing required argument: attributes
<\\?xml version=\"1\\.0\" encoding=\"iso-8859-1\" \\?>
\\bhid\\b
composition
foo=\"bar\"
HLT_Random
 Mobile\\/
act
<\\/page>
__Subject__
>Document Moved<
unable to find
frontend
please pass the \\-\\-all flag
broadpeak
#374140
href=\\\"href\\\"
-flto
Undef
\\p{Uppercase_Letter}
sandcrawler
<ns1\\/>
Central Processor
\\x{1092}
athlete
HASH\\(
##o##
 sm\\-
mount Deep::Hyphenated::Name::Engine => \"\\/deep-hyphenated-name\"
mopt_payone__acc_debitnote
sampleName
mod-login
TAXSET
\u00cb\u0153
setAssetPrefix
Migrations folder not set
client not specified
sixth line
<em>foo<\\/em> bar
you now need to do something extra for this one
/accounts
\\\\supsetneq 
nonexistent
<h1>Sign In<\\/h1>
but did change from 5 to 6
Input contains non-Chinese characters
<ENDOFDOCUMENT>
gem 'ripple'
AccountManager requires a host instance
/wikipedia/en_title/
3r
The snapshot file is v65535, but only v2 is supported\\.
without valid domain
\\e\\[7;38;5;0m0\\e\\[0m:\\e\\[38;5;0mblack\\e\\[0m
select \"someView\"\\.\\* from \"someView\" where \"someView\"\\.\"id\" in \\(7\\)
Generating CloudFormation templates
Usage: zozo
xrp
\\buserconf\\b
Gene:Xenbase:
\\x02\\x20
hasehase6000
 're
\\ballow\\b
\u00d1\u008b\u00d0\u00bc
an invalid taxon page
Recent Smoke Reports
Voxtel
\" => 
This is the second alert
ID_PARAMETER TEST 0 32 STRING 0xDEADBEEF
requires a db
%QUALITY_DIST%
\\]:\\[
No provider for TemplateRef
\\\\cyrchar\\\\cyrschwa 
\\bEdge\\b
alt\\+
Transaction succeeded
Joe is not allowed to vote\\.
missing semicolon
ignored_users
Another migration is already named create_accounts
Processing input file
\\-ldiffmark\\b
<div class=\\\"controlHeaderNoShadow\\\">
\\bProjName\\b
\\/prd\\/
::
n    
error
spec\\/features
forgot to load
GIMP Palette
Dependency foo is not met
i18nliner\\/dist\\/lib\\/i18nliner
:foobar
simon
DimensionError: Two dimensional array expected
--f, -f <s\\+>:
could not find missing-audit
InstanceId\\.
NilClass
closing tcp socket localhost
\\/lib\\/index\\.js
\\\"name\\\"\\: \\\"mockapp\\\"
YOUR_UNIQUE_BUCKET_NAME
Statement
{EZEDITTABLE_LINK}
nodes\\/_restart
bundle signature must be exactly 4 characters
Mac_PowerPC
type option
<sitemapindex
try_
class Article
\\[some-plugin-name\\] Strategy someStrategy: unknown authenticator value: foobar
List of excluded
WARNING:
--deactivated--
Maxmind v1 module has changed API
\"undefined\" is not a number
Cannot use zero block parameters: 'as \\| \\|'
winrm-fs was already loaded
combination\\(\\)
Aoyama Gakuin University - \u9752\u5c71\u5b66\u9662\u5927\u5b66
not a valid mode
__TAG__
Invalid field name:
key 6F20F59D:
Exim
wx
pycurl
trailing slash
<%graphql
histogramInvalidBins
\\.\\.\\/lib\\/my_hyphenated\\/name\\/engine
popover3
%toggle%
NAME=\"bar\"
Expects at least 1
confirm state change
forward
sysread\\(
proof is in the pudding
 is in submodule 
Unknown type 'categories'
list teams
Alandinseln
use threads;
designMode=YES
udf3
\"value\" at position 1 does not match any of the allowed types
\\\\{sharp}
SPKAC\\s*=\\s*
<admin:generatorAgent\\srdf:resource=\"http:n    \\/\\/wordpress\\.org\\/\\?v=
No handler available
can only be executed in the browser
Script:
eleven times
\\u0063\\u2018
@scoped\\b
height=400
A field name is required by getFieldData, was given fieldName=undefined
Acted upon something
Missing or empty 'number' field
CachingOptions
\\\\cyrchar\\\\CYRGUP 
you don't have permissions to start this meeting
Hash collision
{{alternates}}
conf\\/frozen\\.sql
a*b*
get value of window 1
 and&amp;&lt;&gt;&quot;this-foo=\\\"bar\\\"
<ABE!--
Invalid poly
u7a6ajshgdjbhdasf
The data-player attribute is required for
response timeout!
\\%recipient_prefix\\%
boostrap
Failed to set owner to '25'
CPANIDX
MY_OPENSHIFT_ENV_VAR
Stuff
\\001Command nonexistant not found
You must pass a promise to ember-deferred-content
-o CompressionLevel='1' -F '/etc/ssh/ssh_config'
contour_item
pf
@import 'utility';
tracecode=1
\\\u2019re
channel doesn't exist
APIC VERSION 
\"session_id\"=>
graphic
No entries found in the AFNIC Database
{tab}
-inputformat
Ambiguous plugin name
compute example
illegal filter
\\(Ubuntu; Tablet
\\bPG:
normal><keyword>use<
Certificate Pending
Cannot parse Firebase url
_mmaModForum
\\sunix=
content: 'external'
-o HostName='myhost'
be_a_number self\\['age'\\]
/containers/
\\)1
\\\\cyrchar\\\\cyromegatitlo 
url: \\/\\/invoke\\/testTLS
<f:normal>
Option '--user' needs a parameter
3 specs, 0 failures
<a href=\\\"&lt;evil&gt;&amp;&lt;/evil&gt;\\\"
Accept: \\*/\\*\\r\n
hasFlash\\=false
Starting at
third-match
-v
cumulus
FROM artists LEFT OUTER JOIN albums_artists
s1
xmlns=\\\"\\\"
10264\\|Security Hole\\|
/hnews/all
\\p{Cyrillic}
INFO: my 9 message
franklin
\"model_class\":\"ActiveTestModel\"
\\/\\(
508
mt=foo\\/type
InvalidPipeArgument
get_
gtag\\('config', 'somebody', {\\\"page_path\\\":\\\"/virtual_page\\\"}\\);
\\\\trianglelefteq 
schedule_id=1
Kyocera
[&]szlig
Copyright was transferred
\\<WnsCredential\\>\\<Properties\\>\\<Property\\>\\<Name\\>PackageSid\\<\\/Name\\>\\<Value\\>secret1\\<\\/Value\\>\\<\\/Property\\>\\<Property\\>\\<Name\\>SecretKey\\<\\/Name\\>\\<Value\\>secret2\\<\\/Value\\>\\<\\/Property\\>\\<\\/Properties\\>\\<\\/WnsCredential\\>\\<ApnsCredential\\>\\<Properties\\>\\<Property\\>\\<Name\\>ApnsCertificate\\<\\/Name\\>\\<Value\\>secret1\\<\\/Value\\>\\<\\/Property\\>\\<Property\\>\\<Name\\>CertificateKey\\<\\/Name\\>\\<Value\\>secret2\\<\\/Value\\>\\<\\/Property\\>\\<\\/Properties\\>\\<\\/ApnsCredential\\>
obj\\.target
describe \"\\/demo_items\" do
\\p{IsIDNADot}
noThisMethod is not defined
\\/\\*.*\\*\\/
#dbname
FwkReport            -i main_input:sourc
\\bIpv4AddrSchema\\b
AuthCode
failed to load
'0x0'
No value provided for required options '--filter'
CompositeData
embl
href=\"a\"
msie 9\\.0
/InstanceGroups/member
a b c # this is a fixture d e f
<field name=\"dt\">1992-03-15T15:23:55Z<\\/field>
\\/jpake
javascripts
chdir\\(
Error: No access to method \"constructor\"
hn
bigger than 1
Not available and will not come back
_api_
SIGNS_AND_EXIT_LETTERS
%SENDER%
maxConnect=
<br>
Invalid policy, the \"identities\" property must be an array
@if
!Snape and Harry \\(required\\)
SSL wants a write
ww
Inline style
config :: Makefile
reason_id
aluminum
\\bnpgvingr\\b
is unavailable
\u00c2\u00e0\u00f8\u00e5 \u00f1\u00ee\u00ee\u00e1\u00f9\u00e5\u00ed\u00e8\u00e5 \u00ee\u00f2\u00ef\u00f0\u00e0\u00e2\u00eb\u00e5\u00ed\u00ee!
File written to disk did not match checksum
 \\(Size: 
functions\\/v3
custom value
Invalid arguments \"\\[\"no\",\"args\",\"supported\"\\]\" to function \"getAllResourcesInRegistry\", expecting \"\\[\"registryType\",\"registryId\"\\]\"
<\\/B> documents
connected\\? not defined by Interface
\\${HSPSUBALIGN}
![q]
missing_file\\.yml
\\\\`\\{o\\}
long binary
%7B%7B
Could not find root RDF element
Invalid property name specified in the filter
:provider
comment><comment> use Syntax::Highlight::Engine::Kate;<
access token was not found
chl=
view dependant depends on view test
six\\b
 bound=\"password\"
Cases:\n
US-ASCII
\"element 10\"
\\\\twoheadrightarrow 
ERRpaused
\\%PKG
association :referrer
##MY##
Kernel
comment><comment>=over 4<
ruby_runtime:0
plugin b: true
hessian readInt only accept label `I` but got unexpect label `H`
define \\[\"cs!models\\/foo\"\\], \\(Foo\\)
Is part of
Block label&nbsp;&#9660;
continuing with test
FAILED--Further testing stopped
_FIELDS_NO_TYPE_
LOW
filter method
for foo bar
key<zanzibar> not found
articles
%items%
dern
/rubygems/core_ext/kernel_require\\.rb:
Require two-factor
\\s*end\\s*
!!END around_perform_bar!! \\[nil, \"foo\", 5\\]
warn\\@email\\.com
Suse
'narray'
/AA
am=
I validate my S3 credentials
primer3
<!-- contents -->
env \\(default\\): 
<head item=>
\\%\\.l
Either client_device or datastore_id and path must be set
@typedef\\b
\"a\"
Finished catalog run in
code: ENOENT
\\b scope \\b
\\\\v\\{L\\}
arp
ACK
\\bxy\\-a3
\\bLGE\\b
visi
algorithm=
Ok! The parent app is: app1
support-v4
pp=trace-exceptions
SimpleType
no such table:
removed!
G\u266d
The application 'app1' has aliases set which were not copied
x-ua-compatible
January 1979
ENC_TO
/delayed/jobs/
\\\\Gamma 
b\\Bb
\\bsigterm\\b
00
created_at=
Creating File
every every 
devtools\\/content
<UTRS
arg
r--
Missing required width declaration
evalWith: State required for second argument
Value expected \\(char 9\\)
as_
  module AccountHelper
s\\s*,\\s*
_!!!_
start_sub
parse error \\[1:1]
returning
ERPIN
SomethingThatDoesntExist
\\$encode\\(\\$count\\)
{{assetsLocation}}
E 127
Can't resolve '\\.\\/b' 
/test/fixtures/
\\.bz2
\\&#x2019;
dhxtreeview_dnd_mode
junosv-firefly
tablespace
dummy pattern
Problem
dotbot
review
Simulate business error to test clearing of temp table
unable to parse key
[\\xAA\\xB5\\xB7\\xBA\\xC0-\\xD6\\xD8-\\xF6\\xF8-\\u02C1\\u02C6-\\u02D1\\u02E0-\\u02E4\\u02EC\\u02EE\\u0300-\\u0374\\u0376\\u0377\\u037A-\\u037D\\u037F\\u0386-\\u038A\\u038C\\u038E-\\u03A1\\u03A3-\\u03F5\\u03F7-\\u0481\\u0483-\\u0487\\u048A-\\u052F\\u0531-\\u0556\\u0559\\u0561-\\u0587\\u0591-\\u05BD\\u05BF\\u05C1\\u05C2\\u05C4\\u05C5\\u05C7\\u05D0-\\u05EA\\u05F0-\\u05F2\\u0610-\\u061A\\u0620-\\u0669\\u066E-\\u06D3\\u06D5-\\u06DC\\u06DF-\\u06E8\\u06EA-\\u06FC\\u06FF\\u0710-\\u074A\\u074D-\\u07B1\\u07C0-\\u07F5\\u07FA\\u0800-\\u082D\\u0840-\\u085B\\u08A0-\\u08B4\\u08E3-\\u0963\\u0966-\\u096F\\u0971-\\u0983\\u0985-\\u098C\\u098F\\u0990\\u0993-\\u09A8\\u09AA-\\u09B0\\u09B2\\u09B6-\\u09B9\\u09BC-\\u09C4\\u09C7\\u09C8\\u09CB-\\u09CE\\u09D7\\u09DC\\u09DD\\u09DF-\\u09E3\\u09E6-\\u09F1\\u0A01-\\u0A03\\u0A05-\\u0A0A\\u0A0F\\u0A10\\u0A13-\\u0A28\\u0A2A-\\u0A30\\u0A32\\u0A33\\u0A35\\u0A36\\u0A38\\u0A39\\u0A3C\\u0A3E-\\u0A42\\u0A47\\u0A48\\u0A4B-\\u0A4D\\u0A51\\u0A59-\\u0A5C\\u0A5E\\u0A66-\\u0A75\\u0A81-\\u0A83\\u0A85-\\u0A8D\\u0A8F-\\u0A91\\u0A93-\\u0AA8\\u0AAA-\\u0AB0\\u0AB2\\u0AB3\\u0AB5-\\u0AB9\\u0ABC-\\u0AC5\\u0AC7-\\u0AC9\\u0ACB-\\u0ACD\\u0AD0\\u0AE0-\\u0AE3\\u0AE6-\\u0AEF\\u0AF9\\u0B01-\\u0B03\\u0B05-\\u0B0C\\u0B0F\\u0B10\\u0B13-\\u0B28\\u0B2A-\\u0B30\\u0B32\\u0B33\\u0B35-\\u0B39\\u0B3C-\\u0B44\\u0B47\\u0B48\\u0B4B-\\u0B4D\\u0B56\\u0B57\\u0B5C\\u0B5D\\u0B5F-\\u0B63\\u0B66-\\u0B6F\\u0B71\\u0B82\\u0B83\\u0B85-\\u0B8A\\u0B8E-\\u0B90\\u0B92-\\u0B95\\u0B99\\u0B9A\\u0B9C\\u0B9E\\u0B9F\\u0BA3\\u0BA4\\u0BA8-\\u0BAA\\u0BAE-\\u0BB9\\u0BBE-\\u0BC2\\u0BC6-\\u0BC8\\u0BCA-\\u0BCD\\u0BD0\\u0BD7\\u0BE6-\\u0BEF\\u0C00-\\u0C03\\u0C05-\\u0C0C\\u0C0E-\\u0C10\\u0C12-\\u0C28\\u0C2A-\\u0C39\\u0C3D-\\u0C44\\u0C46-\\u0C48\\u0C4A-\\u0C4D\\u0C55\\u0C56\\u0C58-\\u0C5A\\u0C60-\\u0C63\\u0C66-\\u0C6F\\u0C81-\\u0C83\\u0C85-\\u0C8C\\u0C8E-\\u0C90\\u0C92-\\u0CA8\\u0CAA-\\u0CB3\\u0CB5-\\u0CB9\\u0CBC-\\u0CC4\\u0CC6-\\u0CC8\\u0CCA-\\u0CCD\\u0CD5\\u0CD6\\u0CDE\\u0CE0-\\u0CE3\\u0CE6-\\u0CEF\\u0CF1\\u0CF2\\u0D01-\\u0D03\\u0D05-\\u0D0C\\u0D0E-\\u0D10\\u0D12-\\u0D3A\\u0D3D-\\u0D44\\u0D46-\\u0D48\\u0D4A-\\u0D4E\\u0D57\\u0D5F-\\u0D63\\u0D66-\\u0D6F\\u0D7A-\\u0D7F\\u0D82\\u0D83\\u0D85-\\u0D96\\u0D9A-\\u0DB1\\u0DB3-\\u0DBB\\u0DBD\\u0DC0-\\u0DC6\\u0DCA\\u0DCF-\\u0DD4\\u0DD6\\u0DD8-\\u0DDF\\u0DE6-\\u0DEF\\u0DF2\\u0DF3\\u0E01-\\u0E3A\\u0E40-\\u0E4E\\u0E50-\\u0E59\\u0E81\\u0E82\\u0E84\\u0E87\\u0E88\\u0E8A\\u0E8D\\u0E94-\\u0E97\\u0E99-\\u0E9F\\u0EA1-\\u0EA3\\u0EA5\\u0EA7\\u0EAA\\u0EAB\\u0EAD-\\u0EB9\\u0EBB-\\u0EBD\\u0EC0-\\u0EC4\\u0EC6\\u0EC8-\\u0ECD\\u0ED0-\\u0ED9\\u0EDC-\\u0EDF\\u0F00\\u0F18\\u0F19\\u0F20-\\u0F29\\u0F35\\u0F37\\u0F39\\u0F3E-\\u0F47\\u0F49-\\u0F6C\\u0F71-\\u0F84\\u0F86-\\u0F97\\u0F99-\\u0FBC\\u0FC6\\u1000-\\u1049\\u1050-\\u109D\\u10A0-\\u10C5\\u10C7\\u10CD\\u10D0-\\u10FA\\u10FC-\\u1248\\u124A-\\u124D\\u1250-\\u1256\\u1258\\u125A-\\u125D\\u1260-\\u1288\\u128A-\\u128D\\u1290-\\u12B0\\u12B2-\\u12B5\\u12B8-\\u12BE\\u12C0\\u12C2-\\u12C5\\u12C8-\\u12D6\\u12D8-\\u1310\\u1312-\\u1315\\u1318-\\u135A\\u135D-\\u135F\\u1369-\\u1371\\u1380-\\u138F\\u13A0-\\u13F5\\u13F8-\\u13FD\\u1401-\\u166C\\u166F-\\u167F\\u1681-\\u169A\\u16A0-\\u16EA\\u16EE-\\u16F8\\u1700-\\u170C\\u170E-\\u1714\\u1720-\\u1734\\u1740-\\u1753\\u1760-\\u176C\\u176E-\\u1770\\u1772\\u1773\\u1780-\\u17D3\\u17D7\\u17DC\\u17DD\\u17E0-\\u17E9\\u180B-\\u180D\\u1810-\\u1819\\u1820-\\u1877\\u1880-\\u18AA\\u18B0-\\u18F5\\u1900-\\u191E\\u1920-\\u192B\\u1930-\\u193B\\u1946-\\u196D\\u1970-\\u1974\\u1980-\\u19AB\\u19B0-\\u19C9\\u19D0-\\u19DA\\u1A00-\\u1A1B\\u1A20-\\u1A5E\\u1A60-\\u1A7C\\u1A7F-\\u1A89\\u1A90-\\u1A99\\u1AA7\\u1AB0-\\u1ABD\\u1B00-\\u1B4B\\u1B50-\\u1B59\\u1B6B-\\u1B73\\u1B80-\\u1BF3\\u1C00-\\u1C37\\u1C40-\\u1C49\\u1C4D-\\u1C7D\\u1CD0-\\u1CD2\\u1CD4-\\u1CF6\\u1CF8\\u1CF9\\u1D00-\\u1DF5\\u1DFC-\\u1F15\\u1F18-\\u1F1D\\u1F20-\\u1F45\\u1F48-\\u1F4D\\u1F50-\\u1F57\\u1F59\\u1F5B\\u1F5D\\u1F5F-\\u1F7D\\u1F80-\\u1FB4\\u1FB6-\\u1FBC\\u1FBE\\u1FC2-\\u1FC4\\u1FC6-\\u1FCC\\u1FD0-\\u1FD3\\u1FD6-\\u1FDB\\u1FE0-\\u1FEC\\u1FF2-\\u1FF4\\u1FF6-\\u1FFC\\u200C\\u200D\\u203F\\u2040\\u2054\\u2071\\u207F\\u2090-\\u209C\\u20D0-\\u20DC\\u20E1\\u20E5-\\u20F0\\u2102\\u2107\\u210A-\\u2113\\u2115\\u2118-\\u211D\\u2124\\u2126\\u2128\\u212A-\\u2139\\u213C-\\u213F\\u2145-\\u2149\\u214E\\u2160-\\u2188\\u2C00-\\u2C2E\\u2C30-\\u2C5E\\u2C60-\\u2CE4\\u2CEB-\\u2CF3\\u2D00-\\u2D25\\u2D27\\u2D2D\\u2D30-\\u2D67\\u2D6F\\u2D7F-\\u2D96\\u2DA0-\\u2DA6\\u2DA8-\\u2DAE\\u2DB0-\\u2DB6\\u2DB8-\\u2DBE\\u2DC0-\\u2DC6\\u2DC8-\\u2DCE\\u2DD0-\\u2DD6\\u2DD8-\\u2DDE\\u2DE0-\\u2DFF\\u3005-\\u3007\\u3021-\\u302F\\u3031-\\u3035\\u3038-\\u303C\\u3041-\\u3096\\u3099-\\u309F\\u30A1-\\u30FA\\u30FC-\\u30FF\\u3105-\\u312D\\u3131-\\u318E\\u31A0-\\u31BA\\u31F0-\\u31FF\\u3400-\\u4DB5\\u4E00-\\u9FD5\\uA000-\\uA48C\\uA4D0-\\uA4FD\\uA500-\\uA60C\\uA610-\\uA62B\\uA640-\\uA66F\\uA674-\\uA67D\\uA67F-\\uA6F1\\uA717-\\uA71F\\uA722-\\uA788\\uA78B-\\uA7AD\\uA7B0-\\uA7B7\\uA7F7-\\uA827\\uA840-\\uA873\\uA880-\\uA8C4\\uA8D0-\\uA8D9\\uA8E0-\\uA8F7\\uA8FB\\uA8FD\\uA900-\\uA92D\\uA930-\\uA953\\uA960-\\uA97C\\uA980-\\uA9C0\\uA9CF-\\uA9D9\\uA9E0-\\uA9FE\\uAA00-\\uAA36\\uAA40-\\uAA4D\\uAA50-\\uAA59\\uAA60-\\uAA76\\uAA7A-\\uAAC2\\uAADB-\\uAADD\\uAAE0-\\uAAEF\\uAAF2-\\uAAF6\\uAB01-\\uAB06\\uAB09-\\uAB0E\\uAB11-\\uAB16\\uAB20-\\uAB26\\uAB28-\\uAB2E\\uAB30-\\uAB5A\\uAB5C-\\uAB65\\uAB70-\\uABEA\\uABEC\\uABED\\uABF0-\\uABF9\\uAC00-\\uD7A3\\uD7B0-\\uD7C6\\uD7CB-\\uD7FB\\uF900-\\uFA6D\\uFA70-\\uFAD9\\uFB00-\\uFB06\\uFB13-\\uFB17\\uFB1D-\\uFB28\\uFB2A-\\uFB36\\uFB38-\\uFB3C\\uFB3E\\uFB40\\uFB41\\uFB43\\uFB44\\uFB46-\\uFBB1\\uFBD3-\\uFD3D\\uFD50-\\uFD8F\\uFD92-\\uFDC7\\uFDF0-\\uFDFB\\uFE00-\\uFE0F\\uFE20-\\uFE2F\\uFE33\\uFE34\\uFE4D-\\uFE4F\\uFE70-\\uFE74\\uFE76-\\uFEFC\\uFF10-\\uFF19\\uFF21-\\uFF3A\\uFF3F\\uFF41-\\uFF5A\\uFF66-\\uFFBE\\uFFC2-\\uFFC7\\uFFCA-\\uFFCF\\uFFD2-\\uFFD7\\uFFDA-\\uFFDC]|\\uD800[\\uDC00-\\uDC0B\\uDC0D-\\uDC26\\uDC28-\\uDC3A\\uDC3C\\uDC3D\\uDC3F-\\uDC4D\\uDC50-\\uDC5D\\uDC80-\\uDCFA\\uDD40-\\uDD74\\uDDFD\\uDE80-\\uDE9C\\uDEA0-\\uDED0\\uDEE0\\uDF00-\\uDF1F\\uDF30-\\uDF4A\\uDF50-\\uDF7A\\uDF80-\\uDF9D\\uDFA0-\\uDFC3\\uDFC8-\\uDFCF\\uDFD1-\\uDFD5]|\\uD801[\\uDC00-\\uDC9D\\uDCA0-\\uDCA9\\uDD00-\\uDD27\\uDD30-\\uDD63\\uDE00-\\uDF36\\uDF40-\\uDF55\\uDF60-\\uDF67]|\\uD802[\\uDC00-\\uDC05\\uDC08\\uDC0A-\\uDC35\\uDC37\\uDC38\\uDC3C\\uDC3F-\\uDC55\\uDC60-\\uDC76\\uDC80-\\uDC9E\\uDCE0-\\uDCF2\\uDCF4\\uDCF5\\uDD00-\\uDD15\\uDD20-\\uDD39\\uDD80-\\uDDB7\\uDDBE\\uDDBF\\uDE00-\\uDE03\\uDE05\\uDE06\\uDE0C-\\uDE13\\uDE15-\\uDE17\\uDE19-\\uDE33\\uDE38-\\uDE3A\\uDE3F\\uDE60-\\uDE7C\\uDE80-\\uDE9C\\uDEC0-\\uDEC7\\uDEC9-\\uDEE6\\uDF00-\\uDF35\\uDF40-\\uDF55\\uDF60-\\uDF72\\uDF80-\\uDF91]|\\uD803[\\uDC00-\\uDC48\\uDC80-\\uDCB2\\uDCC0-\\uDCF2]|\\uD804[\\uDC00-\\uDC46\\uDC66-\\uDC6F\\uDC7F-\\uDCBA\\uDCD0-\\uDCE8\\uDCF0-\\uDCF9\\uDD00-\\uDD34\\uDD36-\\uDD3F\\uDD50-\\uDD73\\uDD76\\uDD80-\\uDDC4\\uDDCA-\\uDDCC\\uDDD0-\\uDDDA\\uDDDC\\uDE00-\\uDE11\\uDE13-\\uDE37\\uDE80-\\uDE86\\uDE88\\uDE8A-\\uDE8D\\uDE8F-\\uDE9D\\uDE9F-\\uDEA8\\uDEB0-\\uDEEA\\uDEF0-\\uDEF9\\uDF00-\\uDF03\\uDF05-\\uDF0C\\uDF0F\\uDF10\\uDF13-\\uDF28\\uDF2A-\\uDF30\\uDF32\\uDF33\\uDF35-\\uDF39\\uDF3C-\\uDF44\\uDF47\\uDF48\\uDF4B-\\uDF4D\\uDF50\\uDF57\\uDF5D-\\uDF63\\uDF66-\\uDF6C\\uDF70-\\uDF74]|\\uD805[\\uDC80-\\uDCC5\\uDCC7\\uDCD0-\\uDCD9\\uDD80-\\uDDB5\\uDDB8-\\uDDC0\\uDDD8-\\uDDDD\\uDE00-\\uDE40\\uDE44\\uDE50-\\uDE59\\uDE80-\\uDEB7\\uDEC0-\\uDEC9\\uDF00-\\uDF19\\uDF1D-\\uDF2B\\uDF30-\\uDF39]|\\uD806[\\uDCA0-\\uDCE9\\uDCFF\\uDEC0-\\uDEF8]|\\uD808[\\uDC00-\\uDF99]|\\uD809[\\uDC00-\\uDC6E\\uDC80-\\uDD43]|[\\uD80C\\uD840-\\uD868\\uD86A-\\uD86C\\uD86F-\\uD872][\\uDC00-\\uDFFF]|\\uD80D[\\uDC00-\\uDC2E]|\\uD811[\\uDC00-\\uDE46]|\\uD81A[\\uDC00-\\uDE38\\uDE40-\\uDE5E\\uDE60-\\uDE69\\uDED0-\\uDEED\\uDEF0-\\uDEF4\\uDF00-\\uDF36\\uDF40-\\uDF43\\uDF50-\\uDF59\\uDF63-\\uDF77\\uDF7D-\\uDF8F]|\\uD81B[\\uDF00-\\uDF44\\uDF50-\\uDF7E\\uDF8F-\\uDF9F]|\\uD82C[\\uDC00\\uDC01]|\\uD82F[\\uDC00-\\uDC6A\\uDC70-\\uDC7C\\uDC80-\\uDC88\\uDC90-\\uDC99\\uDC9D\\uDC9E]|\\uD834[\\uDD65-\\uDD69\\uDD6D-\\uDD72\\uDD7B-\\uDD82\\uDD85-\\uDD8B\\uDDAA-\\uDDAD\\uDE42-\\uDE44]|\\uD835[\\uDC00-\\uDC54\\uDC56-\\uDC9C\\uDC9E\\uDC9F\\uDCA2\\uDCA5\\uDCA6\\uDCA9-\\uDCAC\\uDCAE-\\uDCB9\\uDCBB\\uDCBD-\\uDCC3\\uDCC5-\\uDD05\\uDD07-\\uDD0A\\uDD0D-\\uDD14\\uDD16-\\uDD1C\\uDD1E-\\uDD39\\uDD3B-\\uDD3E\\uDD40-\\uDD44\\uDD46\\uDD4A-\\uDD50\\uDD52-\\uDEA5\\uDEA8-\\uDEC0\\uDEC2-\\uDEDA\\uDEDC-\\uDEFA\\uDEFC-\\uDF14\\uDF16-\\uDF34\\uDF36-\\uDF4E\\uDF50-\\uDF6E\\uDF70-\\uDF88\\uDF8A-\\uDFA8\\uDFAA-\\uDFC2\\uDFC4-\\uDFCB\\uDFCE-\\uDFFF]|\\uD836[\\uDE00-\\uDE36\\uDE3B-\\uDE6C\\uDE75\\uDE84\\uDE9B-\\uDE9F\\uDEA1-\\uDEAF]|\\uD83A[\\uDC00-\\uDCC4\\uDCD0-\\uDCD6]|\\uD83B[\\uDE00-\\uDE03\\uDE05-\\uDE1F\\uDE21\\uDE22\\uDE24\\uDE27\\uDE29-\\uDE32\\uDE34-\\uDE37\\uDE39\\uDE3B\\uDE42\\uDE47\\uDE49\\uDE4B\\uDE4D-\\uDE4F\\uDE51\\uDE52\\uDE54\\uDE57\\uDE59\\uDE5B\\uDE5D\\uDE5F\\uDE61\\uDE62\\uDE64\\uDE67-\\uDE6A\\uDE6C-\\uDE72\\uDE74-\\uDE77\\uDE79-\\uDE7C\\uDE7E\\uDE80-\\uDE89\\uDE8B-\\uDE9B\\uDEA1-\\uDEA3\\uDEA5-\\uDEA9\\uDEAB-\\uDEBB]|\\uD869[\\uDC00-\\uDED6\\uDF00-\\uDFFF]|\\uD86D[\\uDC00-\\uDF34\\uDF40-\\uDFFF]|\\uD86E[\\uDC00-\\uDC1D\\uDC20-\\uDFFF]|\\uD873[\\uDC00-\\uDEA1]|\\uD87E[\\uDC00-\\uDE1D]|\\uDB40[\\uDD00-\\uDDEF]
\\bMac OS\\b
Filter parameter positionOfInterest for broadcast
::NUM2STR::
404 <=> 200-500
unrecognized flag \"y\"
Illegal attachments
<lastName>Smith</lastName>
&#x200b;
\\(CCDS\\)
TypeError: Cannot calculate mean, unexpected type of argument
Module not found
All revenue will be donated
;0;
Error Report
deaths\\/1,000 live births
\\.\\?\\*
WEB-INF/Gemfile
harvest
MODE #modez
id not specified
\"jquery\": \"~1
-no_match_vars \\b
Base::
r-pn_cur
\"language\":
at Function\\.queryBuilder \\(
treat
__EXCEL_VERSION__
Metric::ConstantMetric\\(100\\): 100\n
export interface
[*]b
polypeptide
tests=\"17\"
AIX
user is not defined
/unknown_http_method
<span class=\"hit\">
, \\*\\*
\\d\\. My app isn\\'t listed here
metaclass = __ruby__\\.getClass\\(\"Foo\"\\);
localhost:43041
year = \\{1999\\}
CSPG017
analyze
invalid multibyte char
blah blah
\\bis-selected\\b
\\@@identifier
No identity has been assigned to this client
optional arguments are not supported
 @example
\\/components\\/
Deployment was successful
\\?\\?\\?
Survey
z-secret-2: hello amigo
<\\/annotations
_pry_
XML::LibXML::
# AnonymousController Index
Unexpected address '  168427521  '
sign in
connect\\(2\\)
endwhile\\b
I open a directory
_test
NOT AVAILABLE
Testing Playbook
\\.selectedDialCode
Dns
9990A00000000000000000012345678900000000          
missing_template
DEPRECATION WARNING: `capify!` is deprecated
\\swarning\\s
svg width=\"100%\" height=\"100%\"
 \\N{GREEK CAPITAL LETTER BETA}        
\\b_super\\b
\\bdarwin
</address>
ndm flintlock >>
class Posts::AutosaveComponent < ApplicationComponent
Unclosed element `span` \\(on line 3\\)\\.
\\<\\<\\-DESCRIPTION
incorrect password
Must be between 0 and 63
need
name for the view has to be defined
button class=\"close\"
_toggleClass
cm3
__rsub__
#DISK_DEVICE_PREFIX#
tempNum
\u00e1\u00bf\u00a8
__MARCA__
%Z
Variation
State transition from open to half_open
SVG error: unable to parse \"asdfasdf\"
static\\.woopra\\.com
HeadEARdateFormatEdYear
assert_no_match
Expected \"}\"
rvm-capistrano
cmd
\\} Scheme_Thread
failed to parse document as <bpmn:Definitions>
ModuleTwo
#define FT_EXPORT_DEF\\(
camelCaseSym
Invalid score
show\\s
sun
 \\N{GREEK SMALL LETTER EPSILON}       
%{name}_
/transfers/92bf870d-d914-4757-8691-7f8092a77e0e
last_page_view
#\\(DESC\\)#
bishop
drms
type: password
commit 
<GENE_ONTOLOGY>
BANNER
c expect Integer got \"1\"
this\\.back
RBO
schedule_id=2
file:
format is incorrect
Ap\u00e5rtme\u00f1t 987654321098765432<
invalid fix type
\\\\Elzrarrx 
\\[\\\"
test\\.flac converted
=FROMUS
 selected
http://example\\.com
Preparations
normal><comment>#don't do anything <
 reconnection 
Cannot set
\\/count', {
\\\not>
script/bootstrap
<tool\\s
SAVE
POST_ENGINE
\"baz\":\"quux\"
\\bFxiOS\\b
Duplicate parameter name:
type=heap
module\\('upperCaseBugApp\\.controllers
set name to \"foo\"
