\u10d9\u10d5\u10d8\u10e0\u10d8\u10e1
BOOLEAN\\b
- Replace this
\\bThai\\b
touch
data-aaa=\\\"bbb\\\"
And 
a connection to sqlite database
ENC override: parameters::role = \"two\"
You should specify a connector name!
\\bgcc\\b
 pp\\.
libxml2
Failed to find a model file
must not be empty
\\G\\x1d
preserveAspectRatio=
Username clitest is not found
background
Edition Next
Fedex 
<script type=\"text\\/javascript\" src=\"lib\\/js\\/dropzone\\.js\"><\\/script>
Choose yer command:
Active cell not at endpoint of selection
%mselectItemsWrapperClass%
<button open-button> is required
src=\"http://ajax\\.googleapis\\.com/
payment to be received
\\.coffee
Expected a String
\\s*linear-gradient\\s*
_SpecSheet
Please enter your environment name
<gpx
<p class=\"text\" style=\"color: #0f0\">
Obtained reseller account counts
Content-Type: text\\/html
<!-- END MUNGE:
phpmyadmin
explorer
autogenerated
Expected args to have exactly one element but found:
password_hash
toult
author-callout-style
\nok 3 - 3 # SKIP filter: only\n
test_user_001
y2=\"100\"
\\d my username
\\/foo
temp-test
summary
app options foo: true
Please specify Prometheus Alertmanager \"url\"
Success \\(
#fr
Conversion_syntax
should not have been told to smile with `1, \"2\"'
definitionstop
t\\.
datatype><normal> -<
assets\\/js\\/com-mon\\.js
die\\(
MERGIT
1310
Security Warnings
acheetahi
%t0}
aggregateId
Insufficient Funds
Do not know how to handle Content Transfer Encoding weird_encoding
WARN: Autoproj::PackageManifest#each_package_dependency is deprecated, call #each_dependency instead
 service 
erb template
yum -y install ansible 
EffectsModule\\.forFeature\\(\\[UserEffects, FooEffects\\]\\)
:minutes
One or more errors occurred
`repeating\\.until` must be a Date or a moment object
[*][(]\\/i
Here's a capitalized string: Lowercase
mac_os_x
require \"test_gem/version\"
\\s*as\\s*
\\/\\/js\\.40017\\.cn\\/touch\\/hb\\/c\\/2\\/js\\/util\\/util-17b72c16ec\\.js
data-trace=
Required arguments :email missing
\\\\ElsevierGlyph\\{E20C\\}
Client API error
-intercom-font
at least 1
redirect_url=
No customers found
\u00ce\u00a9
missing argument for --disable
Lotus-Notes
, ;:
\\/scenes\\/
Unable to find configuration file in 
FireFox
dhxsidebar_arrows_hidden
'captures rest' - not supported in an Epp Template
_format
\\btest
\\{class\\}
\\p{Greek}
kimchi
umbraco
Program
COMMIT
go\\.php\\?u\\=
lock_out_policy
invalid Payment Method
MAILER-DAEMON
quoted\\-printable
conference\\.
Body : {\"id\": \"new_id\"}
\\/graphql-docs\\/
15
babel-loader
&#45;
Run 'braid upgrade-config --allow-breaking-changes'
cats/:id
is a Collection and may not be a member of the association
&clubs;
strawberry-perl
at least one action
sethostent\\(
Are\\syou\\ssure\\syou\\swant\\sto\\scontinue\\sconnecting\\s\\(yes/no\\)\\?
slimboat
__WIDGETID__
Propel onload
Bar Job
Category:
child_process
\\bsilk-accelerated=true\\b
\\{pathimport\\}
method must be a map
<Object: FSReqWrap
ZINC
version or sql_definition must be specified
Basic authentication must be done with auth option
\"constructor\"
<field name=\\\"field1\\\"><value>one two</value></field>
queues and their job counts
returns: /home/
\\* \\{Source on Github\\}\\[LINK TO GITHUB\\]
Deploying to Elastic Beanstalk
16-bit unit
example-fixer-formatter
unrecognized option `-this-aint-no-option'
t\\.belongs_to :currency
000028705491
create_schema \"demography\"
flames
voice change
__field__
[*][(]=i
This is not a link!
_initFocusListeners
\\\\ding\\{86\\}
\\b FactorValue \\b
64\\.so
<%=\\s*version\\s*%>
Unable to obtain socket
Accepted
destroy work
'name'
Yukihiro Matsumoto - \u677e\u672c\u884c\u5f18
f=plain
\\bsecond\\b
Unable to parse battery data
\n--end-sig--\n
PLOTTITLE
\\(GMT-0\\d:00\\) Knox, Indiana
DOWN
Could not find Puppet Forge credentials
Found invalid deployment components \\[\"vpc\"\\]
logo-name-2
nested beta
<database>
Server responded with an invalid outcome
QWizard
fastlane
PROJCS
\\bsixty\\b
&exist;
\"message\":\"logger level WARN\"
'not a hostname!' is not a valid hostname
bag_2
HTML::Mason::Request::exec
rdp-tcp#
\\\"dustjs-helpers\\\"\\:
must be hashref
<meta property=\"og:title\" content=\"Welcome to Ghost\" \\/>
Unexpected character EOF
\\{term\\}
Cannot compute merkle root for zero transactions
RH
Cygwin
 -bundle 
\\e\\[3\\dmJ-_-L\\e\\[0m
\\.lastUpdated
class Admin::AccountObserver < ActiveRecord::Observer
@ORM\\\\JoinColumn\\(
Test Testington
@import url\\(\"styles\\/default\\.css\"\\)
6 \\|
No provider for TemplateRef!
collect: 
/spec/
asset
UserData
msapplication-config
second: Pair required as input
ASCII
[*][(]u
failed to parseInt foo
'<place_plugins_here>'
Setting
MessageAtLoginForm
SvrPropValuePattern
geometryType
NumCtaPago
\\N{LINE FEED}
\\\\o\\/
is pinned indirectly under
c_scale,ki_0\\.05,l_text:roboto_35_bold:SDK,w_300\\/e_art:hokusai\\/f_auto\\/sample_video
wy
\\{\\s*parameters\\s*\\}
COLOR
Passing array to remove_columns is deprecated
Entry
\"angular-animate\": \"2\\.0\\.0\"
\\p{NonspacingMark}
FakeDescendant
Already initialized
too many transactions
Warning: FakeWeb was loaded after Samuel
PERL_MODULE_OK
bar\\.com\\0\\.foo\\.com
shouldn't have been told to wink 1 time, but was
add_index :posts, :views_by_users
200 OK
{time}
NEWEST RECIPES
Parameter 'pathString' must be a string, not
SYMLINK TEST
CHROMOSOME_
%%CNT%%
\"where\":\"ERROR\"
ge\u00f6ffnete editoren
<h1>404<\\/h1>
moveto
Couldn't find entry
demo\\.test\\.bar
Cannot invoke subset on a Pattern only matrix
hello,\\sworld!
local\\.yml
IndexError: Index out of range \\(3 > 2\\)
Error sending message to Flock
%3A%3A
forwardable\\.rb
to_pixel_space
A Regexp cannot be used where a String is expected
invalid flag
module-env1-mod2-ruby-function
flash\\/player\\.aspx\\?media
\\s*\\sas\\s\\s*
request method type: GET
\\\\supseteqq 
Obigo
Unable to access quota space
__ROOT__
<1> expected to be nil
Died
karma-phantomjs-launcher
At line 4: attribute \"test\" has SyntaxError: Unexpected token ILLEGAL
established to be used for
title=\"Array#&amp; \\(method\\)\"
\\<mailto:
buildin ls
meta: { visitors: 45 }
\\/new_1
Egg started
message: hello world
already defined
ABC some exception
ENDING
\u00cf\u008e
\\bmaketest_only\\b
name4 is not defined
<\\/query_region>
aggregate error
,XFS
Expected run_loop to have a truthy value for :log_file
\\x{00ff}
\\/admin\\/custom\\/route
synopsis section may only contain
et\" integrity=\"
s=sym1
no 
violation of PRIMARY or UNIQUE KEY constraint
class ControllerTest < Test::Unit::TestCase
Job 'DoesNotExist' does not exist
interfaces ge-0\\/0\\/0 {\\s*inactive: unit 0 {\\s*family {\\s*inet {\\s*dhcp;\\s*}\\s*}\\s*}\\s*}
starting on port 4000
<h1 
<div class=\"note\">test</div>
image\\/svg\\+xml
nsetup:
access_token
\u00e1\u00bd\u0082
Cannot find a differ supporting object 'some object'
CloudFormation cannot update a stack when a custom-named resource requires replacing
MediaWiki
The arguments\\[0\\] is not decorated for dependency injection
Path Not Found
Fedora
\u00cc\u0084
-verbose
processing external script
ntest
_____TILDE_____
N6
Lynx
Only devices \\/intflash
maps\\/css\\/appless-bbbbbbbbbb\\.max\\.css
\\.styl
response!
You can always refer to https:\\/\\/docs\\.ghost\\.org
at least twice
postback
cpan-install
<%!
xmlns:sl='
omg
\\bid=123\\b
between 7 and 8
<meta property=\"og:title\" content=\"tag meta title\" \\/>
click me
\\(matcher-description\\)
\\p{Bidi_C}+
The method #delete is unavailable for this resource
No description provided
Full_Composition_Exclusion
Response: nothing to see here
NOT NULL
 tinyint 
expected String, got Hash
{password}
Please specify an action to take
BaseConstitutor cannot be instantiated directly
<generator
LONGTEXT\\b
debug count
PSH 
bubba
T3
<FIELD KEY=\"recurring_start_date\">01/01/1900</FIELD>
Required stemcell {\"name\"=>\"ubuntu-stemcell\", \"version\"=>\"1\"} not found for cpi
arguments\\.callee
Unshift
oldVersion
{ \"id\": \"foo\", \"balance\": 23501 }
mm=
DROP
\\/images\\/test\\.23012\\.png
Undo-Transaction
Oracle
set_column_comment 'vegetables', 'price', 'vegetable cost'
run - Run hook in current directory
Launchpad
excon
Invalid session file format
%%% js %%%
Can only compare values of the same type
Custom check rejected
Unparsable version range: \"N\"
\\<verb-transitive>
InterpretedFunction:functionOne
I should not see the following:
aboot
\"employee_id\" IN \\(SELECT \"employees\"\\.\"id\" FROM \"employees\"  WHERE \"employees\"\\.\"group_id\" = 43\\)
Alf
\\#NR
-x64
foobarbaz
\\btb\\b
describe 'new_define::ancillary' do
respond
windows mobile
/archetype-catalog\\.xml
comment><comment>    language => 'Perl',<
address=/\\.
constructor\\(\\)\\{\\}
sit=true
module Bukkits\n  class Railtie < ::Rails::Railtie\n  end\nend
\\\\\\^
Timed out
1\\/
Nintendo DSi
duplicate key value violates unique constraint
\\% Incomplete command
saucelabs
cious
_sync
No input to amend
, -
\u00a8T
baz is: local_baz
ENOENT
GUARD
/oauth/token
left3words
<capturemethod>ecomm<\\/capturemethod>
dbclient-testbulk-2-201411
Missing option \"foo\" value for the command \"bar1\"\\.
authorURI
Private-Key: \\(512 bit\\)
\\\\Elzxl 
connection not in this room
BEFORE_HOOK: FailMe
platipus
\\+=
R_
multiple\\sartist
\\\\ElzInf 
Usage: my-git remote
_timeout=
is not fully subsumed by origin\\/fb
preview content
\\s*pre\\s*
Bad frame type specified
LID=
, not /
Unexpected type of argument
availability-zone: us-east-1a
Slater street
Robots!
Expected an `Array`, got `string`
<inc>
1 discovered hosts were provisioned
custom:
customer1
You cannot pass --public-key and --prevent-keygen
:algorithm
role
expired token
set to hidden and cannot be required
pf\\(Linux\\)
hap update ThermostatSimple CurrentTemperature 21
There are multiple cartridges matching 'mock_standalone_cart'
&lt;br /&gt;
Failed to load textlint's preset module
Unable to find a target named
savings
the edit organization page
publicCert not specified or not a string
securitySchemes
col
Longest integer: 
@\\^
wrote index: name1
I turn off class caching
:database
Expected hostPort to be {ipv4}:{port}
&\\#226;&\\#8364;&\\#166;
__CACHE_ID__
Pagination
eitherToAsync: Either or Either returning function required
Wrote goodcheck\\.yml
 ZEROFILL
serviceName
File format: 2
randy
Unauthorized
flags=
mode1bodyMiddleContentModifiedOne
one or more
_CONFED_
jrc
3ds max
'pdf3' => {
Diff_A
\\\\NestedGreaterGreater 
key2=value2
tls_certificate_id may be set only when frontend protocol is 'HTTPS'
puppet not installed
__ORIGINAL_BASE_URL__
FTP server started
module\\.exports = function\\(Service, TestingModel\\) \\{
-gradient\\(
\\(unsaved: id, name\\)
\\bui-button\\b
There are multiple gemspecs at 
\\bparent\\b
s3cmd_bucket
loud
where am i
\\e\\[32m\\.\\e\\[0m
document-thumbnail
gem 'bukkits', path: 'bukkits'
ons-tabbar
does very specific stuff
Failed return
\"c\"
preview_large
\\[\\/u\\]
 stroke-linejoin=\"
@__val__=
Server response to MAIL FROM:
\\[ERROR\\] Missing dependencies: \\[\"debug\"\\]
time to exit the event loop
validation
&lt;/ref&gt;
State transition from closed to open
ADD INDEX `index_users_on_email` \\(`email`\\)
Cake
{page}
wait until bundle finished: invalid
\\;filter:Alpha
Rhino
-*:-*
\\\"not\\\" = \\\"not\\\";
\\`id\\` int
Only \"Hash\" header allowed in cleartext signed message
\\btimestamp\\b
KEYLIST
xbox one
--extra-param
/bindings
\\\\Entity\\\\
 categorisations 
\\.foo-envelope
1\\.3\\.\\d
No featureCollection passed
text_not_null
npmdist
\\p{InHebrew}
\\\\cyrchar\\\\CYRHDSC 
Avoid using variables named
Error with banner Coke in placement Leaderboard
Timed out waiting for async script
last page
\"beta\"
add chapter
\\*\\s*\\*
NoBigDeal: Fall down go boom!
REPORT_PERIOD
\\s-\\s
2 \\+ 2
\\bdomani\\b
No such file or directory
\\\\cyrchar\\\\cyrya 
No property name supplied
acme\\.sh --install
RILON
form method=\"post\" action=\"\\/subscribe\\/\" id=\"form-id\" class=\"\"
called with unexpected arguments \\(\\)
z-secret-1: test 123
--linked-service is required with --type=tls-sni-01
Could not remove files of type blockSpecial
<lb>
&zeta;
month = aug
_csrf
Third error
ceph_pool_objects_total{cluster=\"ceph\",pool=\"cinder_sas\"} 17124
\\.\\.\\\\
ORA-03135
#1
zookeeper_version\\.h
transparent
timestamp should be > 0
must be qualified
ActionDispatch::Request
invalid value for `config\\.i18n_dir`
--lockfile
<code><\\/code>
CDN_URL must not end with 
danger
\\${counter}
/AliasTarget/HostedZoneId
device: any
set_
redis-data-1
k_dcop_hidden
No Podfile exists
describe Article, type: :model do
SAMPLE
randomNumber
\\\"<p>Hello World!<\\/p>\\\"
:ssl
keyword><normal> &<
:maximum
Queueing slave two with params \\{\"hello\"=>\"world\"\\}
require 'rdoc\\/task'
offset 1\\b
\\\"foo\\\"\\s*:\\s*\\\"bar\\\"
{pageSize}
\\bclass_parents\\(
With symbol on block
without a block
add_column :bars, :flew, :string
\\/foo\\/bar
scp
No configuration file defined data for project `bogus`
display\\s*\\:\\s*none\\s*\\;\\s*
Invalid timeout type specified
only occurrence index is 0
554
__TEST_QUEUE__
@configuration
delegate
normal><comment>#begin autoinsert<
Incorrect YAML structure of the uploaded manifest: 
\\&\\#160\\;
Cannot invoke set subset on an Immutable Matrix instance
cleaned 10 interfaces
description is required
<rps
href=\"#wiki-Header\"
def dockerImage
\\[y\\/N\\]
transcludes
%a
passed\\s\\(\\d
not an appropriate scheme
float4
expected body not to be valid JSON, but got
\\[TheTotal\\]
api\\.erb
Windows images do not support the Small ComputeType
wh:
\\.f90
\\btitle=\\\"Sample Article\\\"\\s
error handling content-encoding deflate:
\"Phone\":\"\\(555\\)555-5555\"
HHH
Failed to create chunk for the following file, because it is missing a @RootComponent directive
describe UsersController do
!gi!
<!--nocache-->
\"angular-touch\": \"angular-test-version\"
NI_RTERR
ActiveX
\\\\backprime 
Sorry
text\\/javascript
NEVER
\\boracle\\b
,\n''\n]
1, \\/\\/ should not be a number
http:\\/\\/domain\\.com\\/index\\.html\\?name=value
\\bgzip\\b
\\\\v\\{r\\}
Could not find account key
KEY
SparkHttpError
<lowercase>
#op
\\'\\,n
\"duration\" is fractional
packet_config: 1
router bgp 100
{registrantcontactid=registrantcontactid is invalid}
through
group :staging, :production do
\\\\title\\{bar\\}
pack_eastern
`t\\.end\\(\\)` was never called
%inc%
4cake
loginform
Content-Disposition: form-data; name=\"my_field\"
%0
must be non-negative
I_KNOW_THAT_OPENSSL
metallise
plugins
DDD
scan
test/source_code_test\\.rb
Co\\. 
\\\\emph\\{test\\}
\", \"
The operation was cancelled
shouldCheck
The type 'Init\\[String, 23\\]' does not represent a valid set of parameters for String\\.new\\(\\)
\\bchd=s:A9o\\b
thredded-much-ado-about-whatever-icon
Empty
not open
\\.gem
CHECK: INST HEALTH_STATUS ARY2\\[4\\] was within range
\\%00
234
service: Testing2Service
moikrug
\\/swf
ajv
hap update LightbulbJson Brightness 100
-rc
c:
Communique
__name-singular-snake__
&divide;
Unsupported language 'unicorn'
!\\(
\\[TheProperties\\]
segment_size is too large
WARNING: you must specify
new child
--d, -d <filename\\/uri\\+>:
<w:p><w:p\\s
Algorithm:
t2_r1_c1
\\.keep
\\\\textbullet 
Invalid \\[slide\\] value:
file exists
tilesets
invalid keypath
change_table :foos
TRAN=
cyberdog
finance\\.yahoo\\.com
note in db directory
mlag 100
jasmine\\.undefined
<span style=\\\"color: #FFA0A0\\\">
whatever2
<p>Example
compute_flavor:create:image_backed
\\[http_server] A request `GET \\/timeout` timeout with client
 -p 
\\\\p
\\[slush\\] Task 'noexist' was not defined in `slush-test`
\\\\ElsevierGlyph\\{E20D\\}
last admin user group
OU=
no Duplex stream was returned
\u7d42\u4e86
snoobi\\.com\\/snoop\\.php
Error: Compare string must be \"asc\" or \"desc\"
Domain created on
first filter
\\bpartial\\b
config\\.assets\\.compile = false
\\bfancytree-icon\\b
\\\\vartriangleleft 
Graphite/carbon configuration for broker-master - localhost:2003, prefix: alignak, enabled: True, broks: True, file: None
\\-\\-\\-
%PACKAGE_VERSION%
Invalid pattern
download_frd
/v1/tickets/
unknown type
\\\\textfrac\\{1\\}\\{8\\}
Use of a Ruby Integer outside of Puppet Integer max range, got
\\\\\\\"s
\\/blog\\/test\\.tumblr\\.com\\/posts\\/submission
Node key can not be a map
\"replication_group_id\": conflicts with az_mode
'foo' does not exist
\\015\\012\\015\\012
`created_at` AS `created_at`
No alignment found
/api/patterns/actions/create_defaults
\\/new
protocol must be one of 
Listing all file instances is not supported
directory
declaration error
2 examples
At line 3: fest:set cannot be defined in another fest:set or fest:param
\\bdan\\b
authorization
JapaneseTwin
just subscribed!
sub-folder-relative-sass
8 runs, 10 assertions, 0 failures, 0 errors
e_bay_
Missing InnoDB support
the sort target is not an array
2 passing
 \\b PSI       \\b  
0 tests, 0 assertions, 0 failures, 0 errors
asdfg is not allowed
AUTHOR
STDERR Output\n
ns not found
should be in-kebab-case
attempting to use a component class as a mixin
autoload
bm
afdg
Couldn't find IP address for remote site
ext
osascript -l JavaScript
radian6
message Line 1 column 1
by [0]
listen\\(
NY
create not allowed
Unexpected end tag : div \\(line 3\\)
http_proxy_password=
Could not find template for partial 'partial'
<meta name=\"twitter:description\"
barca
hidden
/atlas/dq2/
Could not determine remote
exceeded
exists and is not a directory
string contains null byte
Password:
&state=
you fucked up
Mobile\\/
sql-logging/lib
open graph has no content attribute
\\{id}
URL_INDEX
maxScan cannot be used with count
Failed to push results
--BACKSLASH--
\\\\ding\\{99\\}
param1=before
\\?foo=bar
@emmetio
\\bfancytree-expander\\b
git-upload-pack
doc\\/tags
Copied configuration file
usa
Syntax error:
\"message\":\\[1,2,3,4\\]
rx-34
\\.paypal\\.
su -
public/stylesheets/
quota
expects an Integer value, got String
Approaches array must have the same length as coordinates array
export 'e' was not found in '\\.\\/module'
:mean_rate
-select 
Detected a reflexive relationship by the name of 'reflexiveProp'
Unknown URL
\\[warn\\]: The @param tag for parameter 'param4' has no matching parameter at \\(stdin\\):6\\.
Kernel#rand
<p>this is the basic mail!</p>
<content:encoded><!\\[CDATA\\[<h1>HTML Ipsum Presents<\\/h1>
1[.]9
no even numbers allowed
\\(\\-
class Test::Unit::TestCase
certificate
\\<TABLE\\>
expected body not to be wrapped in a JSONP callback, but got
spec/spec_helper\\.rb
\u00e3\u0081\u009c\u00e3\u0082\u0093\u00e3\u0081\u00a8
\\s*\\band\\b\\s*
#ff4040
\\\\cyrchar\\\\CYRIOTLYUS 
spam rej
nowrite
Copyright 1996
NOM
&ograve;
%filename
invalid arg specified: undefined
Missing required gRPC client
dc_verification_number=
is
JavaBridgeRunner started on
taggings
Invoking target 'cocoapods'
\n- li 1, p 1\n\n- li 1, p 2\n
##BR##
Drosophila
<button class=\"btn btn-default 
exited with process\\.exit\\(\\), 32, null
lib/basquiat/errors
VS
\\[list\\]
<link rel=\"canonical\" href=\"https:\\/\\/localhost\\/\" \\/\\>
# End Stuffed Section
aa123bb
z1
{{ color-11 }}
AFTER Transmitting Message on 
invalid %-encoding
templates sync \\^\\\\\\.\\\\\\/\\.\\*\\$
Mallarme
player\\.vimeo\\.com\\/
\\bcubed\\b
web-pod failed to deploy after \\d\\.\\ds
Custom 500 page
types\\.
 folding--folded
daemon_cmd_
expect false to be true
Failed to execute 'setData' on 'DataTransfer'
\\bFoo\\b
title=\"test\"
one time same body\n\\/\\/ cog\\: \\}
The Project Gutenberg Etext
third Module
40:a5:ef
must be accepted
Software caused connection abort
Running \"watch\" task
Please enter a valid username and password
bar\\/bazz\\/
%ARCH%
Please wait while Jenkins is restarting
:style_
ppageno
pass `task`
DotNetNuke
Can't connect
e\\*]
swig_
Prefix a
#!foo\\/bar\\/baz
url_contains
out of order
ASCII_DUMP
Adaptive hash index
nonsense
exclude-spec
Date: 2009-02-08
ioannes
DRAINING
field :email, :string
LowBias
total downloads
thing
added a pure-ruby git library and converted the cat_file commands to use it
schema already exists in this context
RTT
further bad request
NRUNS
by\\.css\\('\\.jumbotron'\\)
--peer-cert-file
\u97f5\u8fbe
\\[\\%
workspaces
 \\f     
@for\\b
Saved default currencies to
export class
indentedSoftWrap
def n \"\\u{2208}\"; end
shiira
Cannot yet patch false objects!
 :some
#'
RESTRICT\\b
BRICK_FOOTER_COLOR
invalid pan
mysupermobiledevice
\"password\"
gems\\/activerecord
ACC_
Only 1 of `ipv6_address_count` or `ipv6_addresses` can be specified
\\bfourty\\b
http_port: 8098
__cli-ui-version__
\\\\'\\{C\\}
allocatable\\b
auth_url
\\(<
\\buser\\.name\\b
keyword><function>logwarning<
content-security-policy
invalid expiry date
Cannot set read-only property \"sortedItems\" on object:
{!!WMDEFER_dotdots}
neat
<div class=\"pagination flickr_pagination\">
ADD COLUMN
tag was never closed
remotes/origin/HEAD
NotFound
Extra\\-Header
success\\.html
\\{\\{resolution\\}\\}
Parallel POST requests not allowed
 \\N{GREEK SMALL LETTER ALPHA}         
#TITLE#
waiting the daemon's death
one&amp;#44;two
Sound Test Service
Line 1, col 14
not a valid Multiaddr
cannot be deleted
aggressive
unwanted_prefix_
,baz,foo,
SET\\b
publishing information for
Need either :file and :line, or :key
CREATE\\b
Enum label name must not be blank
comment><comment>=item B<column><
\\{t6t\\}
no suitable peers associated with mspIds were found
state\\s=
__DevPanel\\/main
keyword><function>stackTop<
rand:char
\"device_session_id\":\"TheDeviceSessionID\"
InvalidSecondFactor
\\\\angle 
In the production environment
@example
My App
cash
ascii
 fwd:
the lazys
queue
compressor error: PROTOCOL_ERROR
Empty AST input
module Deep\n  module Hyphenated\n    module Name\n      VERSION = '0\\.1\\.0'\n    end\n  end\nend
\\s*x\\s*
mkdir -p \\/container\\/path
javascript\\/node
too short
\\%5
class Users::Notification < ActivityNotification::Notification
<saml:AuthnContextDeclRef>example\\/decl\\/ref<\\/saml:AuthnContextDeclRef>
~>
deflate
genes\\.fpkm_traking
test::one
not yet supported
in 
tid1
Specified height 666 in <amp-ad> tag is not equal to the required
file_source
\\x02\\^1jSpR1tE\\x02
\\!--
__dash__
\\b1 live process\\b
No sync loader specified for extension \"\\.things\"
/tasks/no_content_length
agent sendTo agent done
:host
E11001
expects an Iterable value, got Undef
\\bSee also\\s*:\\s*
Netscape\\/8
TCL
\\\\~\\{o\\}
Group is empty
\u6211\u592a\u7b28\u4e86
EAZE\\. Time limit reached\\.
tickets\\?page=1&per_page=100
Total Users: 10
click_on_tree
no conditional flow
__GS_ASSET_URL__
msgid_plural
;\\s*charset\\s*=
already a module named \"motd\"
NotifierMailer\\.bar
db_name
cke_widget_wrapper
rubygems-update
faraday
1 argument given, 2 to 4 expected
nomatchhere
\u00ce\u009a
The comment:post relationship declares 'inverse: null', but it was resolved as the inverse for post:comments
\\[UPDATE SENT\\]
\u00d0\u00a0\u00d0\u0094\u00d1\u0086
&copy;
composer install
\\\\\\/rx\\/\\\\
username=john
change set versions
out-of-order point\\(s\\) dropped by batch
testar\\.__rsense_type_inference__
 --tty 
No provider for HeroDetailService
Unexpected end of stream
<x-element>
{\\\\'Y}
&hash=
\\bchls=1,3,2\\b
0\\.0\\.0\\.0
<form><input name=\"nodeType\" /></form>
dataEvent
pre_layout foo: foo_from_widget_inside_widget_layout
\\033\\[\\?25h
class ProductLinesController < ApplicationController
\\/verify_age\\?
-lrefuse\\b
undefined method `foo'
\u00e3\u0081\u008a\u00e3\u0081\u00be\u00e3\u0082\u008f\u00e3\u0082\u008a
directives
without a context element
myNetWatchman Incident
function><normal> %<
\u00cf\u008c
The CSS key\\/value definition did not end with a semicolon at column 2:15
\\x{0633}\\x{0651}
\\p{InKatakana}
VERSION
verbosity console\\[3\\] \\/ log\\[2
\u00ef\u00bc\u008c
type=2
\u00e3\u0083\u0086\u00e3\u0083\u00ac\u00e3\u0083\u0093
ref is required
&#11
collectd-plot: ok
kaffeine
 dependencies:Xms
T_
Module Warning \\(from \\/
\\.a-color
MooseX::KavorkaInfo
ECDSA
add_column :books, :content, :text
The data-sitekey attribute is required for
key
require 'rake'
A records are of the form
-lperl 
\\.patch
Found value has wrong type, expects a String value, got Undef
fanout: Arrows, Functions or Stars of the same type required for both arguments
ios92
PCNom
No commits between master and noexist
/admin/products
wattttt
word='\\('
JR Solves your serialization woes!
Well, Prince, so Genoa and Lucca are now just family estates
 and&amp;&lt;&gt;&quot;this-bar=\\\"baz\\\"
stand-alone selectors are not allowed at the top-level
running config
 \\&\\& 
{{id}}
[\\+]wait
MUTABLE
Some subject
\\\"wrapped\\\"
This file
associations
-i_qoffset 10
transport_method invalid
Component
api\\.npr\\.org
intervenor pla\\b
Patient\\/foo
MERGE\\b
Error: You need to provide a space
top\\.window
Linux kernel coding style
--username='foo'
function\\(doc\\)
bspider
GS
 << 
FileName encoding not specified
oauth_signature_method=\"PLAINTEXT\"
Cannot load data bag item 
BigWigSet
There is no host candidate in vcenter that meets all the required conditions
#5276cf
opos
unterminated comment
insufficient permission
__jasmine__\\/jasmine\\.js
#subject#
\\\nleqslant 
Second Revision
'msg'=>
\"{{ color-5 }}\"
message filtered
SELECT \"reports\"\\.\\* FROM \"reports\"
<body>\\s*it was 3 months, yo\\s*</body>
<IMPLEMENTATION>
Cannot extend \"foobar\" because current template has no filename\\.
getting error
Second commit
Offline Explorer
\\|\\|
\\Gsymbols
<p>Hello, Ruby!</p>
invalid option: --bad-arg
Partly Sunny w\\/ Showers
\\@\\{
bad_table
\\x{1F4A9}
{{ORDER\\+2}}
Single character expected as defaultValue
\\\\v c
\\bfragment\\b
div class=\"math\"
<meta name=\"copied-from\" content=\"wysihtml\">
\\/\\/ JSONCop\\-End
0 errors
ki_3\\.45\\/sample_video
Jo
mailer\\('SMTP'
entity
ENUM\\b
I have been thrown from TestFunction
play\\.com
--bar BAR
\\.usage
__MIDL___MIDL_itf_scrrun_
Cheshire
xp
-f doc
requires String
the git source 
no crontab for
/reports were moved to /config_reports
\u00cb\u2020
pom\\.properties
embed_hyperlink\\(
BadArgument
group_role_id
low
title=\"Atom for results\"
<td>Computer Specialist</td>
Error while converting `\"Blue\"` to `Color`
Invalid group
extend: Extend required for second argument
alt=\"altering\"
Test content
OK
\\Q<!--MATCHME-->\\E
doc has no carmen:text on id:1
--login
hi\n
<\\/gameinfos>
Error reading possible malformed database file
static/css/
_this\\._register\\(dom\\.addDisposableListener\\(textArea\\.domNode, 'compositionupdate', function \\(e\\) {
UnknownNextPeer
You must set the public id of the image to load
\u00e1\u00be\u0095
server is up
important\\(collapse\\)
hello-2
\\=\\>
[$][$]
\\s*void\\s*
\\\\cyrchar\\\\cyrk 
msg
\\u0001\\d
t=\\\"s\\\"
#= require resources\\/core
k must be less than or equal to n in function stirlingS2
_cache_type=:exec
sixth
autoemailspider
&#8222;
'step' expects an Integer value, got String
kube-apiserver
You did not specify and Artifactory API key
<j>
\\[/noprocess\\]
INDEXED_CLASS
USE
cpu
file 3
INSTALL WillPaginate or Kaminari
parallactic angle
add_column :kitteh_movies, :zencoder_job_created, :datetime
test content
\u043c\u0430\u0440\u0442\u0430
Not the root formatter of a composite binding
\"\\/
\u00ce\u009e
[*]u
Il n\\'existe pas de document r&eacute;pondant &agrave; votre requ
primaryAxis
Octet string must be an array of bytes
SMA
network failure
task handler suitable
<\\/CDS>
\\bchd=s:jp,yh\\b
<under_bar>
\"generated_by\": 
a \\*\\*strong with extra leading and trailing\\*\\* whitespace
ResultSetManager
Bad Cast:Invalid cast from type
-flat\\.vmdk
meth
PWADevServer ready at
-x, --exe
-options
ucweb
<UDField1>Value1<\\/UDField1>
buffer \\+= \"\";\n
Video::DVDRip::Project
background-color: #FFF
: test
Running octocatalog-diff 
spawn docker ENOENT
Please explicitly specify a version
%bgblk
update subscription preferences
Issue #1234 \\(99 votes\\): Isaac Asimov's Science Fiction Magazine
to be `\\[\"badcmd\"\\]`
\\.skip
validator\\.nu
Adjust display for
\\/*\\*.*?\\*\\/
non_exist_method
schtuff
<meta name=\"caffeinated\" content=\"false\">
h1\\s*{\\s*color: red;\\s*}
f_cliente=
\\d\\.\\d\\.\\d
objid\\(\\) should be either array or string, got: 1
src:
gi
Targets must be specified
Please retrieve the Logical Interconnect before trying to update
argument should be function
pageid=
invalid keyword
like Mac OS X
\\bupdated\\b
at Object\\.<anonymous>
\\/css\\/app\\.123456789\\.css\\\"
\\byylineno\\b
Name must be a string
must be an Array
\\\\'\\{Y\\}
-hover
italic
in `raise_nested_exceptions'
\\.defaultCountry
\\\\leqq 
&gamma;
-test
#~~~#
Output filter failed during close
stopping
GROUND
RandomDistFunctions
##items##
CONTAINER
for=\"q_nm_eq\"
info foo
normal><normal>\t\t\t\t\t}<
\\bPropValuePattern\\b
license period has ended
DIV
flat does not support values of type
flyflow
n21
bbaab
_handleFlagsContainerKeydown
a te
supercalifragilisticexpialidocious
<%= form\\.password_field :password_confirmation %>
payment_detail_id
dg
deleted template 'RSpec-role-action-template'
cucover\\/lib
\"pingback\" URL must be specified
'surname': 'bar'
class=\"rpxnow c1 c2\"
lessOptions
image\\/png
%3cscript%3e
<Address>
1971
is not reentrant
\\bDouble_t\\b
This cartridge will be downloaded
__MAP_TITLE__
<threading
%refresh%
field :ip
 -RRB-
task-
Only one input stream is supported
JSON_GEN_SPACE
server-marshall-object
bad decrypt
RRULE:FREQ=DAILY
<\\/copyright>
create_table \"ebooks\"
RESPONSECODE=D
should be detected
install\\.rdf: Non-whitespace before first tag
Decorator cannot be applied more than once
START CHECK_COMPRESSION
relative URL
GOID
--function is not supported
lastValue
\\.\\. rstcheck:
must be :standard or :reduced_redundancy
\\bwith HTTP\\b
XOOM
sign in to continue
adjust-hue\\(
NetAddr::IP::LazyInit
available for cash
\ncopy
GET #new
protection
dont-save
age: 1
points=\"0,0 1,2 3,4\"
\"Metadata\":{\"foo\":\"bar\"}
forty\\b
\\[\\[\\:
\\&#39;
HTTP Request Header Data
@@@@@@@@@@
Password must be a buffer or string
\"bert\":\"ernie\"
default-old-css
export const attributes = {\"testFrontMatter\":\"hello world\"}
requires an `onchange` function
Has a parent
UPDATE posts SET title = \\?, views = \\?
users
[7][D][0][2]
missing version
m\\.jpg
Required parameters are: role
parameters a and b must both be specified
Conversation not started
should have been told to smile with `1, \"2\"', but was never told to
\\.cache\\/
\\#\\s
return \"\"
Dhcp
Wrong number of parameters for rule App \\(expected 1, got 0\\)
&#x000A;
\\+Pos\\+
Invalid signature URL:
\\.length\\(\\)
Content-Type: text/html; charset=UTF-8
KONTO
\\+primary_tag:test
noop: true
((?:^|\\r?\n|\\r)[ \\t]*)(?:Ability|Ahoy matey!|Arwedd|Aspekt|Besigheid Behoefte|Business Need|Caracteristica|Caracter\u00edstica|Egenskab|Egenskap|Eiginleiki|Feature|F\u012b\u010da|Fitur|Fonctionnalit\u00e9|Fonksyonalite|Funcionalidade|Funcionalitat|Functionalitate|Func\u0163ionalitate|Func\u021bionalitate|Functionaliteit|Fungsi|Funkcia|Funkcija|Funkcionalit\u0101te|Funkcionalnost|Funkcja|Funksie|Funktionalit\u00e4t|Funktionalit\u00e9it|Funzionalit\u00e0|Hwaet|Hw\u00e6t|Jellemz\u0151|Karakteristik|laH|Lastnost|Mak|Mogucnost|Mogu\u0107nost|Moznosti|Mo\u017enosti|OH HAI|Omadus|Ominaisuus|Osobina|\u00d6zellik|perbogh|poQbogh malja'|Potrzeba biznesowa|Po\u017eadavek|Po\u017eiadavka|Pretty much|Qap|Qu'meH 'ut|Savyb\u0117|T\u00ednh n\u0103ng|Trajto|Vermo\u00eb|Vlastnos\u0165|W\u0142a\u015bciwo\u015b\u0107|Zna\u010dilnost|\u0394\u03c5\u03bd\u03b1\u03c4\u03cc\u03c4\u03b7\u03c4\u03b1|\u039b\u03b5\u03b9\u03c4\u03bf\u03c5\u03c1\u03b3\u03af\u03b1|\u041c\u043e\u0433\u0443\u045b\u043d\u043e\u0441\u0442|\u041c\u04e9\u043c\u043a\u0438\u043d\u043b\u0435\u043a|\u041e\u0441\u043e\u0431\u0438\u043d\u0430|\u0421\u0432\u043e\u0439\u0441\u0442\u0432\u043e|\u04ae\u0437\u0435\u043d\u0447\u04d9\u043b\u0435\u043a\u043b\u0435\u043b\u0435\u043a|\u0424\u0443\u043d\u043a\u0446\u0438\u043e\u043d\u0430\u043b|\u0424\u0443\u043d\u043a\u0446\u0438\u043e\u043d\u0430\u043b\u043d\u043e\u0441\u0442|\u0424\u0443\u043d\u043a\u0446\u0438\u044f|\u0424\u0443\u043d\u043a\u0446\u0456\u043e\u043d\u0430\u043b|\u05ea\u05db\u05d5\u05e0\u05d4|\u062e\u0627\u0635\u064a\u0629|\u062e\u0635\u0648\u0635\u06cc\u062a|\u0635\u0644\u0627\u062d\u06cc\u062a|\u06a9\u0627\u0631\u0648\u0628\u0627\u0631 \u06a9\u06cc \u0636\u0631\u0648\u0631\u062a|\u0648\u0650\u06cc\u0698\u06af\u06cc|\u0930\u0942\u092a \u0932\u0947\u0916|\u0a16\u0a3e\u0a38\u0a40\u0a05\u0a24|\u0a28\u0a15\u0a36 \u0a28\u0a41\u0a39\u0a3e\u0a30|\u0a2e\u0a41\u0a39\u0a3e\u0a02\u0a26\u0a30\u0a3e|\u0c17\u0c41\u0c23\u0c2e\u0c41|\u0cb9\u0cc6\u0c9a\u0ccd\u0c9a\u0cb3|\u0e04\u0e27\u0e32\u0e21\u0e15\u0e49\u0e2d\u0e07\u0e01\u0e32\u0e23\u0e17\u0e32\u0e07\u0e18\u0e38\u0e23\u0e01\u0e34\u0e08|\u0e04\u0e27\u0e32\u0e21\u0e2a\u0e32\u0e21\u0e32\u0e23\u0e16|\u0e42\u0e04\u0e23\u0e07\u0e2b\u0e25\u0e31\u0e01|\uae30\ub2a5|\u30d5\u30a3\u30fc\u30c1\u30e3|\u529f\u80fd|\u6a5f\u80fd):(?:[^:]+(?:\\r?\n|\\r|$))*
current_status is deprecated
stainless
create_table \"string_key_objects\", id: false
wrap
function bootstrap\\(\\)
SalesOrders-trigger
{@inheritdoc}
<\\/PROTEIN_CODING>
Failed to generate result from PuppetDB as JSON \\(test\\)
covr
INFO: my 6 message
view
An operation should only have one parameter decorated by @requestBody
/payments
SERVICE_PASSWORD
rewind raised Errno::ESPIPE
login\\.microsoftonline\\.com
Intercepted
\\[index\\]
bucket is not set
\"\"
To suppress a message
ASCII compatible
\\/patchComponents\\/
---RESPONSE_BREAK---
&amp;#44;
youtube\\.com
maxBuffer
JR How To
<html a=\"b\" c=\"d\">
Test Summary: \ud83d\udc7b
\\.insert_site_plot
nothing to execute
module Bukkits\n  class ApplicationJob < ActiveJob::Base
AF_INET6\\b
video\\/webm
path1
\\{require 
Qmail
glfw
status=test%20status
pp=flamegraph
avond
publication_title_head
12:01 AM
gem 'sqlite3'\n
\\(YY_\\(\"
!FILENAME!
unifi_devices_wired_received_bytes_total{id=\"def\",mac=\"ab:ad:1d:ea:ab:ad\",name=\"DEF\",site=\"Default\"} 40
\\bVersion\\/
\\x{0167}
 warning: 
Actual: \"bad\"
\\[edit\\]
Ph
&hearts;
_generateMarkup
Excluded:n
__APP_NAME__
SELECT_PARAMETER only applies to command packets
login:
&LT;
<a href=\"#allowed_children_
Invalid remove range diff op: Key out of range: 4
This page could not be found\\.
'01818'
svm
@This-author-has-a-really-really-long-name
certsout
apcupsd_battery_cumulative_time_on_seconds_total{hostname=\"a\",model=\"b\",ups_name=\"c\"} 30
Output to
fifteenth
\n\\(domain
suffix must be of type string
BadMaxAgeInvalid
ACTION ======<\\(\\)
YYYYMMDD
parameter 'encoding' expects a match for Enum\\['E', 'N', 'S', 'U'\\], got 'X'
service_secret
<\\/EXON>
polymorphic interface FooBar does not exist
debugOptions: undefined
\\\\delta 
_x000D__x000A_<\\/S>
\\\\cyrchar\\\\cyrabhdze 
foo is deprecated
<i/>
WHERE\\s
neither
_ROLLBACK_
<GENE_EVIDENCE>
attempt to set more than one default api version
Invalid IV length
search\\?langOverride
Search the entire archive: ProMED-mail
\\x10046
\\* How to Fix it
Unable to load
add another
create_table \"parent\"
-x\\b
no value found for variable
abd
@@MESSAGE@@
fail: body:
expected not to find visible css \"h1\"
illegal value string
\\bTestSuit\\b
chef-solo
sparc
rtorrent_downloads_started 1
Reusing existing assets
TABLE2_alias
input String numerical value out of range
Error: name option is required
DBusError
Couldn't find Country with name = Mexico
Could not find template for partial \"foo\"
\u0440\u043e\u0441\u0441\u0438\u044f
IM__0
in\u00fcnd
_p
%output
/opt/cassandra/cassandra/logs
\\/feedback
jwt malformed
should fail div#abc
unifi_devices_wired_transmitted_packets_total{id=\"123\",mac=\"ab:ad:1d:ea:ab:ad\",name=\"OneTwoThree\",site=\"Some Site\"} 1
SequenceEntry\\.SE_id
mod_so\\.c
respond awesome
running ruby code
'view'
\\\\o 
Previous
\\,\\s*?only\\s*?:
Key 'variables' expects an array, but received 'Hash'
Some thoughts on best publishing practices
\\(skip
Element expected: 
BITSTREAM_ERROR
test\\/dummy
describe \\('PUT \\/TestingNew\\/:id', function \\(\\) \\{
shiporder\\.xml
CI
Unknown target BLAH mapped to interface TEST_INT
unifi_devices_unadopted{site=\"Default\"} 0
\u00e2\u0086\u0088
Forgeos core
PROGRAM
tie
token=1a%3DW%2BYr2
Type name should be a string
written
\\.bat
98
fromName
2 interactions, 0 failures
<title>Original Title
/g=
 char \\*arg; int i; void \\*d1
\"nonce\" is missing
Lost connection to MySQL server
enumerate
<p><b>This is an example invalid html file<\\/p><\\/b>
 \\*= 
ng-search
City not found
factId required
Invalid request
\\bfalse\\b
windows phone 8\\.1
\\#DECORATOR:
sequence
keyword><function>substitutions<
Absent
 - none defined
\\[confirm\\]
sendSMSMsg
load\\(\\);\n
Plagger::Plugin::
\\?all_full_images
\n### %CODE% ###\n
\"url\": \"http:\\/\\/localhost:65530\\/author\\/author8\\/\"
jsonwpCode: 9
failed to match with starting selector
yolobrowser
module AdminHelper
has an invalid \"xx\" operator within \"simpleObjList\"
msapplication-TileImage
KEY_
rekonq
cordova
\\.location_stack\\b
No match
Shiretoko
mod_
Some documentation string
:param-one
author=<#Duped::Author
hessian writeBytes expect input type is `buffer`, but got `string` : \"\" 
Example Page 1
--tag tier_dev
remote connection closed
pod
my #\\d username
\\[TextAnnotation=
bar\\.com
cos\\(
Provided value, foo, to argument \"maxFailures\" is not a number
zenspider
Ethernet Switch 
\\x{0000}
MST
small/
octant
\"firm_with_primary_keys_companies\"\\.\"name\"
Name or service not known
 state
__q_hash
stats/
\\[nll\\]
Requested range not satisfiable:
\\\\blacksquare 
is not included in the list
youtube-dl\\s
docker ps -a -q
\\s*kind\\s*:
\\{ok\\}
no_nodes_running
authorization required to access package auth-package
My comment
TESTING A VERY UNIQUE
\\051
Working directory is not a recognisable Ghost installation
Mac
-- ATAT --
Add\\s*\\|repo\\|\\s*0\\.2
did not return an image
hap update Lightbulb On false
export type \\{
avs_street_number>1234<
ORA-02292
seventeen\\b
-N
\\%c
#include
DEFAULT NULL
Focused
horizontal
test1: executed start
greyscale-1bit\\.png
any-loader
some\\rjunk
expect block must accept an argument
String \"asc\", \"desc\", or \"natural\" expected
never
Missing \"onEvent\" parameter
3 specs, 1 failure, 1 pending spec
\\[NO_TOC\\]\n
wo
{text}
a=1&b=2
Thrown by source-map-fixtures
Failed to execute 'end'
Trace: message
<h2>Experiments</h2>
your hands in the air
MSIS3127
_models\\.html\\.erb
__BASE_URL__
describe \"show\" do
\\s*\\bprism-show-language-label\\b\\s*
is_obsolete: true
\\Boo
\n> Original Exception\n
ipv4
Usage: mycoolapp <command>
> ghost-admin
MyText
OneView appliance API version unknown
\\b interval \\b
<div id=\"loginbox\">User: 
tbx2utx
class HelloWorld extends React\\.Component {
u_delta
type=sale
single out one record
\\r\n\\.\\r\n
source=\"HamlLint::Linter::FinalNewline\" \\/>
got String
MissingType
unifi_stations_transmitted_bytes_total{ap_mac=\"a0:a0:a0:a0:a0:a0\",connection=\"wireless\",hostname=\"bar\",id=\"123456\",site=\"Default\",station_mac=\"ab:ad:1d:ea:ab:ad\"} 200
example_status_persistence_file_path
BUG
options\\.name must be a valid identifier
\\bcant\\b
PROCESS_COMMUNICATION
\\\\vartriangle 
thunderbird
resultToFirst: Result returning function required
sporco/
\\x30\\xe0
Can't have more than one root
invalid literal for float
Unknown encoding: invalid
Devel::Declare::Lexer::Token::Operator
AFTER_HOOK: FailMe
Invalid config format
CurrencyCode=\"978\"
AMescape1
Hints must be an array of strings\\/null
Invalid descriptor
threads
TransferLog
CandlesHere
migration 3, :create_accounts do
unexpected argument type String
 X_STEP:
g:
\\.resolveUtilsScriptPromise
a-nice-subtitle
_name
iris
options must be an array
\\{comment\\}
Cannot mix negated with non negated glob filters
timestamps
Initialization Sequence Completed
Could not find an error for code
IP address in the address pair is not valid
Ambiental
w3m
Access is denied
X\\u{1f431}
\\[UNSUPPORTED OPERATION\\]
Y_STEP:,\\d*\\.\\d*,
</w:tbl></w:p>
Chelsea
TMath::Abs\\(
aspack
the edit translation form
{summary}
class Admin::UsersTest < ApplicationSystemTestCase
 \\cH
mes
transfer-encoding
sma 
#cap #cap
async initialize \\(\\) {
-addon
available devices are
Can't locate object method \"ID\"
Specie
full help is here
mouseover
Updated data_bag_item
Tutter likes this hook!
\"name\" AS \"name\"
type=\"array\"\\/>
Could not find data item message_that_doesnt_exist in any Hiera data file and no default
\\.in\\.
set :application, \"foobar\"
%d%
5D3E02AB-6190-11d3-BBBB-00C04F795683
you may not forward '__send__
e=
No record available on selected line
shasum error
paragraph\\s*\n\\.Em ever\\s*\n
Shows help
Cucumber
rel=
Passenger
\\/shadow\\/
odd number of arguments for Hash
could not be transitioned
relax\\d
tabindex=\"-1\"
<Amount>100<
my seeded command result --seed 555
phone
##LABELS##
minimum
blog_post_permalink
Gecko\\s*\\/\\s*\\d
unable to read
maria
Unknown browser ids: bro3
_initDropdownListeners
event_id
Integers expected in function bitXor
Error preparing an SQLite statement
doctestWait
-\\s*else\\s*:
:url
colibri
Missing workers: TitleScraper
routes\\.yaml
cannot help you here
ENCRYPTED\n
Book Id\\: Moby
Wrong number of arguments, expects one
\\(2i\\)
Issuers:n
CastOff
 align=\"Center\"
converge: Functions required for first three arguments
Scheduled
Begin git checkout /tmp/foo:foo -> /tmp/bar
restarted
Application Added
\\/initializers\\/
--forecast=
object String
`define
You made a 'findAll' request for 'person' records, but the adapter's response did not have any data
wikimedia
These pumpkin scones are so moist and flavorful
<errors>
{{currentMonthInfo}}
E0110
Expected records
only latin upper and lower case letters
gem 'rspec-puppet'
\\(function\\s*\\(\\)\\s*\\{
coach
wstunnel
SPKAC
delegator does not forward private method #priv
not rendered
\\byyloc\\b
\\e\\[1;33m
:elapsed
unexpected unquote-splice
action=
Titular / Registrant
bingbot
@ngdoc
CHECK: INST HEALTH_STATUS ARY2\\[1\\] failed to be within range
Error: `path` cannot be empty
drop_column :age
CUCUMBER_OPTS=\"--format=custom
default_realm
describe AwesomeGenerator do
\\bg\u00fcss\\b
requires to be atomic
!ruby\\/
\\:rails_root
rel=\"nofollow\"
\\(\\d\\-\\)
Hell\u00f6 W\u00f6rld
\\.opened
\\\\\\:
no pending detect
\n*<h5>DIVIDER<\\/h5>\n*
\\s-I
#include <malloc>
you shouldn't be able to get here
\\\\k\\{\\}
date_array_error
 Haut
\\bDISTINCT\\b
<span class=\\\"bbcode_quote_header\\\">Quote: <span class=\\\"bbcode_quote_body\\\">
\\$\\(\\$\\)
Found container
tesla-polyglot
Enrollment failed with errors \\[\"forced errors\"\\]
\\'app_name\\' is required
toto
target/test-classes/
preview#show
Cannot find form control with name: three
angular
Unexpected config key `notFound` exists, Please use `notfound` instead\\.
Unable to parse \"a\\(asdf\" on line 1\\.
terminateEnvironment completed successfully
/resource/
test stderr
Sending arbiter-master statistics to: localhost:8125, prefix: alignak
unknown keyword: job
=<span class=\"hljs-value\">\"\"<\\/span>
\\\\ElsevierGlyph\\{E61B\\}
extract tags
No permit
etcd
 \\.git 
parameter value must be a scalar
<\\/query><\\/delete>
numeric value
_DATACOL
edit me
/CVS/
\\bWindows XP\\b
AFRINIC
input type=\"hidden\"
%zip
FOR UPDATE
forever
dangerouslysetinnerhtml=\"\\[object Object\\]\"
\\\not\\\\sqsubseteq 
\\bTest::Base\\b
article_permalink
-quality 75
\"errors\":\\[{\"type\":\"AirbrakeTestError\",\"message\":\"App crash
SoftBank
\\s*\\>\\s*
Class\\[Something\\] is already declared
scripts must be an object
__width__
matcher to negate
PostgreSQLAdapter
~~FLAG-A-TEST
class ProductLine < ActiveRecord::Base
select\\b
kftt
Pe\\.
_INSERT_TEXT_HERE_
sourceMappingURL=index\\.cjs\\.css\\.map
\\.wxs
YYABORT
Transaction ID is required
Error: Release 'bosh-release' is still in use
Non-string
another-url
Welcome to the
Kazehakase
Uploaded '
input type=\"text\"
\\\\u0040
CodePushDemoApp
microsoft-webdav
\\.get\\('foo'\\)
Title must be a string
Failed to create release: file not found
default thread
Parsing endpoint
the upgrade page
wrote table: schema_migrations
recursive-file\\/d
mylayout
server unavailable
must receive an Enumerable object
--product-id, --product is required
\"artist_id\"=>2
{{url}}
\\\\Elorarr 
Destroyed items:
to:
Unrecognized algorithm
parent directory is world writable
has to be a valid
PAGE_LAST
\n----\n
Unable to transition from failed => closing
class Views::MyModels::Index < Views::Base
\"_id\":\"test_model_1\"
1 open issue
differing scope
access callback
easy to put together - ignore the first review
mainBowerFiles\\(\\)\\)
i 
Start
Stopping pool
Specio
BadInputException
\\'GfayEO\\'
Invalid shipping country id
Do not return observables
\\\\s*\\\n\\\\s*
\"name\" must be a string
Founded in 1958
232
RallyAPI - HTTP-401
\\u0073\\u2018\\u0063
signature mismatch
\\<error\\>Anime not found\\<\\/error\\>
\\.journalspace\\.com
 drs\\.
Used by
Polygon
scale
error code:0x80020006
 blob
buggy
</i>
-D__UNIX_JACK__
\\\\ding\\{80\\}
-mbd 1
pd\\.npr
ShipmentIdList
--migrate 'rake db:migrate --trace'
__tsv_
Drop instance with id \\\"items\\\" has already been registered
Begin Measurements
\\s>
However, there were issues during launch\\. See event log for details\\.
implements\\b
2014-03-03T21:07
Commands::
create_enum \"color\", \"cyan\", \"magenta\", \"yellow\", \"black\", :schema => \"cmyk\"
Cannot use retries
does not have geometry
\u00e3\u0080\u008a
Uhoh
ReactDOM\\.render
<!DOCTYPE svg
no tests found
Expected BIP32 derivation path
 serial 
:ancestors
windows nt 4\\.0
Credit card number is invalid\\. \\(81715\\)
timeout
crop
\u00ce\u00a8
USE_GIF
\\bNet::IMAP\\b
historical binary regexp match /\\.\\.\\./n against Windows-31J string
aspath
output/foo\\.htm:
line 2\\b
response code was 400
throw new Error\\(\\'Sourcemap test\\'\\)
foo\\ bar
COS like Android
secure\\.gaug\\.es
\\\\28
BRICK_COFFEE_RAILS_VERSION
10\\.12
\\.imported-css
touchpad\\/
Calling hook pull before remote
Broker b0 is now disconnected
Platforms:
boil/i
\\^\\r\n
_keyPassword_
\\#<AS:
Unknown mode: unexisting-mode
The generated files should have the following image in the nav bar
\"\\\n\\\n\"
\\/authors\\/
debug=1
Found 3 matches in 3 files
is not Custom!
execute procedure logidze_logger\\(5, 'updated_at'\\);
device
Could not find entity
:infile=>\"one\"
\\\"series\\\"
\\\\wr 
2\\.3\\.5
class name SomeClass doesn't correspond to file name 'some_class'
task foo:
\\(\"
eof\\(
[*]\\/u
is not an integer
object-src
local-cli
\\.persianblog\\.com
Listening on tcp
spec/peeek/hook/instance_spec\\.rb
t\\/ini\\/
\"hello\" not defined in
\\/core\\/put
z\u00f6n\\b
\\\"users\\\"
Response \\'<<successCode>>\\' already exists
barFunc
quantity_based_component
Integers expected in function rightLogShift
potato
i-amphtml-fill-content
nclob
== Missing requirements ==
bootstrap-webpack
Virtual Services Platform 
kib
includ
<!--version-->
<WSNADDR>
arbitrar
provider
Xperia
does not match computed hash of state
-\\{
Unknown printer type \"unknown\"
&not_working_with_tests\\(
@covignore
compiled\\/jsx
no method declared on this class with that name
sheetify\\/insert
retrieve
Firefox\\/3
end\n
id=AK:
module-production-mod2-ruby-function
Linaro
could not find any textcaptcha options
\\bparseParams\\b
matched step
foobar\\.term
samples/
<link rel=\"stylesheet\" media=\"screen\" href=\"/stylesheets/
\\{s\\}
DMOBO
\\p{Upper}
Ruby BlackBag version 
hi, tz
DOCUMENTCOUNT
ENOPERM
Query Results
stub
'A
Terraform initialized in an empty directory
GENERIC_WRITE_CONVERSION_START
autoindex
\\bfourtieth\\b
windows nt 5\\.1
values
audio\\/wav
/endpoints
`access_token` is required
xxxxyzzz
__FONTFACE0__
Array#map
x-ratelimit
Actual
<th>Total Time</th>
Nicht ausleihbar
include contains the unknown part 'abc'
FREQ
triggering
cannot apply layout with empty filename
golden skinned
diz be undefined yo
qadmin
<CR>
\\bTrue\\b
could not prepare statement \\(1 near \\\"0\\\": syntax error\\)
class Admin::RolesTest < ApplicationSystemTestCase
Cannot transition
page\\.foo
Unable to find module \"fugazi\"
Could not download plugins list from cocoapods-plugins
even length
priest
\\bchkconfg\\b
SyntaxError: 'import' and 'export' may only appear at the top level
BODY li \\{
Should throw with non-matching id
<link rel=\"canonical\" href=\"http:\\/\\/localhost:65530\\/author\\/authorname\\/\" \\/>
bandcamp
ExpressSM,
ing
thirteenth
rule
process\\.nextTick
\n- item wa \n
vs350\\.js
prefetch-src
Assigned To:
notifier
::Leaf::
- bumpers: String
BBC
\\/mail\\/
Unable to load function 'FindWindowImpossible'
nonexist
Retrieving from remote env to directory src
\"karma-safari-launcher\"
Detail: \"cannot load such file -- yard\"
No screenshots found in trace
<> does not appear to contain a word
matrix
Kategorie bei Insulinen
NST
\\?to=fr
\"\\.\\.\\/build\\/
:class_names_to_try
unauthenticated
##TYPE##
argument entity is required
subscription
debits
Lppcasm_
\"-rotate\" \"-40\"
Async Request leaks detected
id:features
<a href=\"#anchor\">anchor link</a>
:component_kind_plural
\\btcPropertyPatternName\\b
http://localhost:9200/
sample_integer_no_limit
SQLEngine
\\s*\\=\\>\\s*
SVR
Ready
Invalid URL
SEQ
dead
missing files: some/prefix/0000_part_00, some/prefix/0002_part_00
KFJWI
&lt;\\?php<br />
</gallery>
style=\"\\s
IndexError: Index out of range \\(-1 < 0\\)
sampler_blur2
Cannot overwrite `gh-1209-a` model
no resources yet
\\[Airbrake\\] Success: Net::HTTPOK
users_controller\\.rb
expect\\(jest\\.fn\\(\\)\\)\\.toHaveBeenCalled
%AUTH_EXPL%
\\\\AE 
not unique
Changed your extra information
Updating instance foobar2
agent receive egg-ready, with 2 workers
<yield\\b
ch
bar something
eng
throw\\b
  class Admin::AccountObserver < ActiveRecord::Observer
\\\\cyrchar\\\\cyrg 
permission
\\p{Bidi_C}
%NAME%
\\377
