post '/books', to: 'books#create'
\\((?<_1>G(?<_2>erd Knops|a(?<_3>vin Kistner|rrett J. Woodworth)|ra(?<_4>nt Hollingworth|eme Rocher))|R(?<_5>yan McCuaig|ich Barton|o(?<_6>ss Harmes|ger Braunstein|b(?<_7>ert Rainthorpe| (?<_8>Rix|Bevan))))|M(?<_9>i(?<_10>cha(?<_11>il Pishchagin|el Sheets)|tch Chapman|etek B\u0105k|k(?<_12>e Mellor|ael S\u00e4ker))|a(?<_13>t(?<_14>s Persson|t(?<_15>hew Gilbert|eo Spinelli| Pelletier))|r(?<_16>tin Str\u00f6m|k Grimes)|x Williams))|B(?<_17>ill Duenskie|ob Fleck|en(?<_18>oit Gagnon|jamin Jackson| Perry)|arrett Clark|r(?<_19>ian (?<_20>Donovan|Lalor)|ett Terpstra|ad (?<_21>Miller|Choate)))|H(?<_22>enrik Nyh|adley Wickham)|S(?<_23>t(?<_24>ephen Skubik-Peplaski|\u00e9phane Payrard|anley Rost)|imon (?<_25>Gregory|Strandgaard)|u(?<_26>ne Foldager|dara Williams)|ebastian Gr\u00e4\u00dfl|am DeVore)|Nathan Youngman|C(?<_27>h(?<_28>a(?<_29>ndler McWilliams|rilaos Skiadas)|ris(?<_30>topher Forsythe| (?<_31>Thomas|Jenkins)))|iar\u00e1n Walsh)|T(?<_32>homas Aylott|o(?<_33>rsten Becker|m Lazar|bias Luetke)|akaaki Kato|roy Mcilvena)|Ian (?<_34>Joyner|White)|Ollivier Robert|D(?<_35>om(?<_36>inique Peretti|enico Carbotta)|uane Johnson|a(?<_37>n(?<_38>iel Harple| Kelley)|vid (?<_39>Glasser|Bonnet|Hansson|Powers|Wikler))|rew Colthorp)|J(?<_40>iun Wei Chia|o(?<_41>shua Emmons|nathan (?<_42>Ragan-Kelley|Chaffer)|e Maller|achim M\u00e5rtensson)|ustin French|eroen van der Ham|a(?<_43>cob Rus|y Soffian|kub Ne\u0161et\u0159il|m(?<_44>is Buck|es (?<_45>Edward Gray II|A. Baker))))|Paul(?<_46>o Jorge Lopes de Moura| Bissex)|Eric Hsu|K(?<_47>umar McMillan|evin Ballard)|F(?<_48>ergus Bremner|abien POTENCIER|lorent Pillet|r(?<_49>\u00e9d\u00e9ric Ball\u00e9riaux|ank Brault))|Wil(?<_50>son Miner|liam (?<_51>D. Neumann|Prater))|A(?<_52>n(?<_53>thony Underwood|d(?<_54>y Herbert|ers Thid|rew Henson))|dam Sanderson|urelio Marinho Jargas|parajita Fishman|l(?<_55>e(?<_56> Mu\u00f1oz|xand(?<_57>er John Ross|re Girard))|an Schussman|lan Odgaard)|mro Nasr))\\)$
Nama
SGH
invalid server-supplied 'B'
:type=>\"Example1\", :title=>\"main\", :attr=>\"parameters\\\\fnest\\\\ftoplevel\"
forecast
key `x` is missing in `args`
\\{driver\\}
dhxsidebar_arrow_left
Fusion-MPT SAS
Cluster disconnect complete
image: jhipsterrepository\\/msmongodb
\\[US\\]
FASTA
\\.rollernet\\.us
Microsoft Basic Render Driver
lib/bogus
flashlite
mod_cterm_mass=
cast_
\\/node_modules\\/ndm-test
\\bBigMath\\b
Date::Manip::Date
C3645578
populate threw
_img_tec_Zp
sitemap
mui--is-pristine
responses = 20
<macrodef name=\"run-tests-helper\">
<h1>Title</h1>
install yard
PRH: TransformFn was a function
--product, --product-id is required
Unable to find gem 'foo'
Blow up
--enable-smoke
You must specify a team name with -t, or a team id with --team-id
Rack 1\\.0
\\(\\d\\d\\d\\) \\d\\d\\d-\\d\\d\\d\\d
name: 'foo-bar'
BIOGRID_ID
\\65
two resources share same URI \\/a\\/b
Cannot compare types Integer <=> String
content changed '\\{md5\\}552e21cd4cd9918678e3c1a0df491bc3' to '\\{md5\\}d41d8cd98f00b204e9800998ecf8427e'
Continue\\?
\\s*?\\,\\s*?
context-replacement
chris
Errno::ECONNRESET: Connection reset by peer - Could not fetch object
failed to prepare to run the unit tests
perl_root
Stderr output
postgre
Unhandled promise rejection
\\-t fields
invalid block name
 epoch 
conXsole
bookmark
command: ls
n\\/a
No such
-mix
severity can only equal 0, 1, or 2
\\{numItems\\}
T_customer_number=123
no user could be found
RedShift
unique check can be applied only to flags classes that have members
\\${packageExecutable}
must not define an attribute called `:provider`
__mendel_require__\\(
failed to PutLogEvents
&#x60
eslint-disable
rails-portlet
pr\u00e4ter
\"id\":\"abc-123\"
upcase me
<span class=\"disabled next_page\">Next &raquo;<\\/span>
test_bar\\.rb
<col_name>
\u00d1\u0089
Expected one boolean argument
Enterprise Linux Enterprise Linux Server
only one instance is allowed
Algorithm not supported
else
Error: Couldn't find ### Collaborators in the README
doge
name_eq
\u00d0\u0097\u00d0\u0094\u00d0\u009d
 -RCB-
 utilization
You must specify an application with -a
_json
\\p{javaSpaceChar}
ENTER PASSWORD
686
\\{\\s*endblock\\s*\\}
\\x{1037}\\x{1037}
 keyword has been replaced 
config\\/initializers
ENABLE TRIGGER ALL
Expected at most 1 element matching \\\"div\\\", found 2
ice\\sbrowser
announce
testhostname\\.domain\\.test
starting up
Not a boolean
MODERATE
\\\\A6
The dependency `JSONKit` specifies more than one
kubelet
\"Transform\":\"AWS::Serverless-2016-10-31\"
Failed to find fully qualified type name for property owner with type Person
Created HL7v2 store
DO WHAT THE FUCK YOU WANT TO PUBLIC LICENSE
remove  db\\/migrate\\/1_create_articles\\.rb\n
Conflicting common name
~~nl~~
ECHO: 
filter_sensitive_settings
unexpected token at '\\{akdsfjalsdkfjasdf\\}'
<div class=\"flash error\">
inforow_
report
Unable to find a target named `UserTarget`
encoding=b
\\/document1
foobar
\\bB\\b
-Wl,--no-undefined
file does not contain a valid yaml hash
please bind model first
<\\/SCAFFOLD>
and is Enabled
piggy
batchrun=true
Could not rename
not a safe integer
json\\.url post_url\\(post, format: :json\\)
\u00c7\u008eu
`count` is not supported with negative message expectations
powered-off role 'RSpec_poweroff' of service 'RSpec-role-action-service'
spec\\/remote_object_proxy_spec\\.rb
Premier
NativeDateAdapter: Cannot format invalid date\\.
Tried to load unspecified class: Object
included1
sm
[_][\"]
geronimo
&#8230;
It\\sis\\snot\\spossible\\sto\\squery\\son\\san\\sassociation\\swhen\\sthere\\sis\\sa\\slimit\\sclause
\\{filePath\\}
AWS
\\s--colors
<hr>
raise \"Third error\"
Attribute 'dest' is required
C-z
\\\\\"\\{a\\}
dependencies
story-body
\\[0\\] stop
value&gt;
too much recursion
2_day
<EMAIL>
\\binvalid_ipaddr\\b
\\\"steamid\\\":\\\"
<field name=\\\"field1\\\"><value>fieldvalue1</value></field>
You should see this
250 OK\n
<polyline
\\+o
test_U
\\bH[O]J[E]\\b
WTFPL\\b
Response: y u search wrong
Options Hash is expected
\\bRaw\\b
Port in the address pair is out of range
str
This method is not available on the Xamarin Test Cloud
redirect:
Path: \"\\/test\" for route unnamed route to :test3
content-length: 200
A test hook
're
#dev=1
HTTPError: HTTP Error 500: Internal Server Error
\\bNS(?<_1>R(?<_2>oundingMode|ule(?<_3>Editor(?<_4>RowType|NestingMode)|rOrientation)|e(?<_5>questUserAttentionType|lativePosition))|G(?<_6>lyphInscription|radientDrawingOptions)|XML(?<_7>NodeKind|D(?<_8>ocumentContentKind|TDNodeKind)|ParserError)|M(?<_9>ultibyteGlyphPacking|apTableOptions)|B(?<_10>itmapFormat|oxType|ezierPathElement|ackgroundStyle|rowserDropOperation)|S(?<_11>tr(?<_12>ing(?<_13>CompareOptions|DrawingOptions|EncodingConversionOptions)|eam(?<_14>Status|Event))|p(?<_15>eechBoundary|litViewDividerStyle)|e(?<_16>archPathD(?<_17>irectory|omainMask)|gmentS(?<_18>tyle|witchTracking))|liderType|aveOptions)|H(?<_19>TTPCookieAcceptPolicy|ashTableOptions)|N(?<_20>otification(?<_21>SuspensionBehavior|Coalescing)|umberFormatter(?<_22>RoundingMode|Behavior|Style|PadPosition)|etService(?<_23>sError|Options))|C(?<_24>haracterCollection|o(?<_25>lor(?<_26>RenderingIntent|SpaceModel|PanelMode)|mp(?<_27>oundPredicateType|arisonPredicateModifier))|ellStateValue|al(?<_28>culationError|endarUnit))|T(?<_29>ypesetterControlCharacterAction|imeZoneNameStyle|e(?<_30>stComparisonOperation|xt(?<_31>Block(?<_32>Dimension|V(?<_33>erticalAlignment|alueType)|Layer)|TableLayoutAlgorithm|FieldBezelStyle))|ableView(?<_34>SelectionHighlightStyle|ColumnAutoresizingStyle)|rackingAreaOptions)|I(?<_35>n(?<_36>sertionPosition|te(?<_37>rfaceStyle|ger))|mage(?<_38>RepLoadStatus|Scaling|CacheMode|FrameStyle|LoadStatus|Alignment))|Ope(?<_39>nGLPixelFormatAttribute|rationQueuePriority)|Date(?<_40>Picker(?<_41>Mode|Style)|Formatter(?<_42>Behavior|Style))|U(?<_43>RL(?<_44>RequestCachePolicy|HandleStatus|C(?<_45>acheStoragePolicy|redentialPersistence))|Integer)|P(?<_46>o(?<_47>stingStyle|int(?<_48>ingDeviceType|erFunctionsOptions)|pUpArrowPosition)|athStyle|r(?<_49>int(?<_50>ing(?<_51>Orientation|PaginationMode)|erTableStatus|PanelOptions)|opertyList(?<_52>MutabilityOptions|Format)|edicateOperatorType))|ExpressionType|KeyValue(?<_53>SetMutationKind|Change)|QTMovieLoopMode|F(?<_54>indPanel(?<_55>SubstringMatchType|Action)|o(?<_56>nt(?<_57>RenderingMode|FamilyClass)|cusRingPlacement))|W(?<_58>hoseSubelementIdentifier|ind(?<_59>ingRule|ow(?<_60>B(?<_61>utton|ackingLocation)|SharingType|CollectionBehavior)))|L(?<_62>ine(?<_63>MovementDirection|SweepDirection|CapStyle|JoinStyle)|evelIndicatorStyle)|Animation(?<_64>BlockingMode|Curve))\\b
\\/measures\\/
Set cardinality '65536' too large
<HR NOSHADE>
\"Fax\":\"\\(555\\)555-6666\"
\\\"--bar\\[\\]\\\"
\\bModuleSpecs::InstanceMeth\\b
__HANDLER__
{url}
Check the Content-Type
The npm version \\(1\\.2\\) is not a valid semver version
blastfile
\\/js\\/script1-98eb0e16\\.js\\.js
revision: 
\\\\rightsquigarrow 
solaris-10
module-env3-mod3-puppet-function
Statistic
no route for portlet_test_bench
\\&mapped_param_key=original_param_value
<input type=\"text\" id=\"input-1-name\" name=\"queues\\[\\]\\[name\\]\" value=\"key_two\"
filename or s3_\\* attributes must be set
trident\\/7\\.
example\\.test\\/a
\\\\\"A
:VersionMismatch
hello baby command john
Selection not contiguous
-f FOO, --foo FOO
unparsable content <categoryValue> detected
preRegister failed
nfc_initiator_mifare_cmd
TypeError: Too many arguments in function sqrt \\(expected: 1, actual: 2\\)
YEP
style=\"stroke:violet;\"
font-src
listTS
\\by\\b
PROCESS_LOG
to respond to :to_io
the value of maximum must be a number
51235
Yukihiro Matsumoto - \\u677E\\u672C\\u884C\\u5F18
Cannot set read-only property \"total\" on object:
my-class
ERROR in budgets
\\.post\\+
number or greeting
COPPER
Sign in with your Apple ID
Deleted HL7v2 message
<h1>html_safe'd content</h1></span>
\"cloud_ip\":\"true\"
topic2
N/A
object_3
Overall Status: Unknown
\\[loaders\\]\\[resource\\]
[<]br[>]
you are standing at the end of a road
git@
ERROR Transmitting Message on 
parrot
on\\r
lexical
src=\\\"
operator><normal>>language;<
 and 
\\)<BR>
at <Jasmine>
openvms
Supercalifragilisticexpialidocious
version: 20141214142700
Multiple var declaration
\"platform\": \"HTML\"
\\G\\(
FROM \"topics\"
<style data-immutable=\"true\"
Click this and published_at will be set automatically
Must set user & password options or token
inexistant string
REFERENCES
this\\.option\\('op', \\{type: Boolean\\}\\)
Invariant Violation:
\\\\cyrchar\\\\CYRRTICK 
The value \\'\\-9007199254740992\\' cannot be represented by a javascript number\\.
\\x{013f}
\u3053\u306e\u884c
<meta name=\"description\" content=\"blog description\" \\/>
The os volume was not found
cannot update identities in an identity registry
DATCATS
Property LULZ does not exist
AutomaticManagedPagefile=TRUE
example\\.org
   raw
Tag
Login URL is not ready
TRUNCATE\\b
Option key 'uri' used in defaults is reserved by Puppet
Graphite/carbon configuration for arbiter-master - localhost:8888, prefix: alignak, enabled: True, broks: False, file: None
public static class
indexed-8bit\\.png
 active
Invalid presenter
No `loopback` keyword found
freeze a test double
Debt:
foo instance var: nil
\">\\r<\\/span>
deactivate_sandbox
--port=
Throws some text
_*\\._*
important_prefix_
{description}
bob here
\\/api\\/v3
<input type=\"file\" name=\"file\">
Received a Log attribute with invalid encoding
Enter switch number
ARG3
message and severity are required for adding a log
Workgroup
Semi-colon expected
<b>123<\\/b>
RBRC
metal
Cannot convert object to primitive value
Make sure that you have the following line in
bcc
\\bVI_TRUE\\b
attr_accessible :title, :description, :image_id, :brochure_id, :position
log only
cached
NS_ERROR_FAILURE
_drafts
\\.\\/generated\\/joynr\\/
\"name\":\"puppetlabs-apache\"
helloworld
\\bvdu\\b
Plucene::QueryParser
`include
\\.foo-avatar
\\[error\\] Configuration Check Failed
require\\(\\\"include\\.html\\.twig\\\"\\);
address\\[line1\\]=
FfFinished
i\\.kissmetrics\\.com
xparagraphmarkerzxparagraphmarkerz
end\\\"\\)
Arrive at
# core\n
@DATE
mock service foo\\.get error2
\\.exit
statistics per-entry
the new profile page
sleeping
GRPC client got a null or undefined response from the peer
Update expression has a \"clear\" operator in \"reqId\"
Domains option must be an array or a function
National
aluminium
d is deprecated
like this
modal-footer
aa  # blah\nbc\\# blech
<code class=\"Form\">
Docker
too few arguments
\\-e 
ERRbadmedia
disposed
unique constraint
Invalid job_class 'NotAQueJob' in que-scheduler schedule
Cannot split a chunk that has already been edited
\\(\\)\\s*{\\s*:;\\s*};
foo\\\\\\/bar
twice stuff
\\/pg\\/
<ClientType>Recurring<\\/ClientType>
create_table \"test_posts_mv\"
images are different for \"plain\" state
Command class for invalid does not inherit
flexcontents
@_parameter
\\|\\|\\:
\n\n\\.
em-zeromq
stroke-width:5
linking to internal hash #example that does not exist
<match>
Request should be a valid object
\\/\\* protected \\*\\/
70000: 70077
between 5 and 5
\"path\":\"/\"
testcommand
The method #create is unavailable for this resource
newer version
You must set the Client keyspace or specify the keyspace of the model in the MappingOptions
IndRangeVector
<row r=\"
__FONTFACE2__
2 Another measurement
not one of \"one\", \"two\", \"three\"
Exiting
\\/\\/>>built
polyphonic pressure
/persistentvolumes
uglify-js
\\/dev\\/null
\\p{Ethiopic}
\u00e1\u00be\u0089
job=fake-errand-name
\\\\ding\\{96\\}
No data passed
FFprobe version
\\.x1
cite_ref-test_1-1
rspec \\(
igw-
12
Unknown qualification type
callback should be a function!
body: ok
cannot redeclare
/customers/123456789
#wssid
counter: 6
partial!
Request\\.pm
last line of included content
/spotlight/exhibit_thumbnail/image/
no config
pom
Directories specified in task metadata must include a trailing slash: results/lib/puppet
Welcome to Q-Chem
\"useHandlebars\": false,
but a value of type undefined was returned
Parameter start must be a number
smaller than 5MB
Integer, String value expected, Boolean found
\\\\\\^\\{h\\}
invalid subnet id
Side effects like changing state are not allowed at this point
%y
must provide a provider
Not enough parameters for MACRO_APPEND_START
\\.dif
<\\/ i>
jconsole
The 'type' option must be specified
\\G\\\\a
\\(\\*+(\\*)\\)
Daemon options must not be empty
argon2\\-asm
Usage:    script/extension uninstall extension_name
Execute \\(dry run\\) other
Cannot statically analyse
pass,,,\rn
<=HOME=>
addthis\\.com\\/js
\\bchxl=0:\\|foo\\|\\|1\\b
empty_group
The method #get_script is unavailable for this resource
frog
myPartial could not
db-1/no-run
Image \\d of \\d
\\/daily\\/
Edge filter must be an object expression
\\bninth\\b
When in the course of human events
<\\?lasso
rs
\"newKey\" -> \"b\"
Can\\'t find a root directory
\npackage crunchstat\n
DEFINER\\b
plugin respond
PHP3
Error: Method _compile should be implemented by type Node
<role>sbi_admin</role>
sc_super\\(
octet
The value is invalid
Missing PID!
missing required :container option
A9X
f0055fda16c18fd8b27986dbf038c735b82198d7
\\bTSHookName\\b
Invalid 
\n=head
lost\\+found
phrtsd_orig
\\bN\\(
\\.POPULATOR
nachmittags
gear group
second filter
Sets the
-fstack-protector
4 realzies
\n\\| data 1-1 \\| data 2-1 \\| data 3-1 \\|\n
GI:
INVALID
blockType=foo
TypeError during bundle entry point for 'foo' module
unsetPath: Non-empty Array of non-empty Strings and\\/or Integers required for first argument
useminPrepare
missing_pool does not exist
max-height
22128/pnfs
#FWSSecureDomain#
-0\\.
Read-Host
\\\\searrow 
Server Hostname
/10g
maximum-paths 18 ecmp 32
woo, this is a message
Checking licenses for 
Mismatched credential environments
a_calling_thread_method
SECURITY
can't set Verified
\\\\tone\\{22\\}
\\*{5}
lacticum
epl
No chaincode ID found
:::
__PJT__
id=\"whatever\"
WHERE \\(data#>>'{age}'\\)::numeric != 10
IPTC
os 11_
from
 palabras en total
knowngene
<%= ENV\\[\"PRODUCT_TITLE\"\\] %>
type is read-only
_realSemi_
Do you speak English\\?
CTRL
\\(alias
url\\(\\\"images\\/test\\.23012\\.png\\\"
--start-debugger-server=6080
ENGINE_ROOT = File\\.expand_path\\('\\.\\.', __dir__\\)
<%= app_name %>
\\sSSID: 
mmdebug
\\\\cyrchar\\\\cyrksi 
\\/test-root-url-prefix\\/packages\\/oauth\\/end_of_popup_response\\.js
away
\\\\k\\{E\\}
\\\"\\/css\\/app\\.123456789\\.css\\\"
xtb parse errors
!pixel_height!
timestamps!
publisher
Endless recursion detected when attempting to serialize value of class Hash
\\\\ElOr 
custom minification works
Can't pack negative number
-d 'order%5Bsize%5D=large&order%5Btype%5D=cart'
tenth
<AMPERSAND>
foreign
block must appear before
swiftweasel
invalid api
create_table :admin_gallery_images
__END__\\b
__enclose_io_memfs__
invalid unref
saucelabs\\.com
[\\xAA\\xB5\\xB7\\xBA\\xC0-\\xD6\\xD8-\\xF6\\xF8-\\u02C1\\u02C6-\\u02D1\\u02E0-\\u02E4\\u02EC\\u02EE\\u0300-\\u0374\\u0376\\u0377\\u037A-\\u037D\\u037F\\u0386-\\u038A\\u038C\\u038E-\\u03A1\\u03A3-\\u03F5\\u03F7-\\u0481\\u0483-\\u0487\\u048A-\\u052F\\u0531-\\u0556\\u0559\\u0561-\\u0587\\u0591-\\u05BD\\u05BF\\u05C1\\u05C2\\u05C4\\u05C5\\u05C7\\u05D0-\\u05EA\\u05F0-\\u05F2\\u0610-\\u061A\\u0620-\\u0669\\u066E-\\u06D3\\u06D5-\\u06DC\\u06DF-\\u06E8\\u06EA-\\u06FC\\u06FF\\u0710-\\u074A\\u074D-\\u07B1\\u07C0-\\u07F5\\u07FA\\u0800-\\u082D\\u0840-\\u085B\\u08A0-\\u08B2\\u08E4-\\u0963\\u0966-\\u096F\\u0971-\\u0983\\u0985-\\u098C\\u098F\\u0990\\u0993-\\u09A8\\u09AA-\\u09B0\\u09B2\\u09B6-\\u09B9\\u09BC-\\u09C4\\u09C7\\u09C8\\u09CB-\\u09CE\\u09D7\\u09DC\\u09DD\\u09DF-\\u09E3\\u09E6-\\u09F1\\u0A01-\\u0A03\\u0A05-\\u0A0A\\u0A0F\\u0A10\\u0A13-\\u0A28\\u0A2A-\\u0A30\\u0A32\\u0A33\\u0A35\\u0A36\\u0A38\\u0A39\\u0A3C\\u0A3E-\\u0A42\\u0A47\\u0A48\\u0A4B-\\u0A4D\\u0A51\\u0A59-\\u0A5C\\u0A5E\\u0A66-\\u0A75\\u0A81-\\u0A83\\u0A85-\\u0A8D\\u0A8F-\\u0A91\\u0A93-\\u0AA8\\u0AAA-\\u0AB0\\u0AB2\\u0AB3\\u0AB5-\\u0AB9\\u0ABC-\\u0AC5\\u0AC7-\\u0AC9\\u0ACB-\\u0ACD\\u0AD0\\u0AE0-\\u0AE3\\u0AE6-\\u0AEF\\u0B01-\\u0B03\\u0B05-\\u0B0C\\u0B0F\\u0B10\\u0B13-\\u0B28\\u0B2A-\\u0B30\\u0B32\\u0B33\\u0B35-\\u0B39\\u0B3C-\\u0B44\\u0B47\\u0B48\\u0B4B-\\u0B4D\\u0B56\\u0B57\\u0B5C\\u0B5D\\u0B5F-\\u0B63\\u0B66-\\u0B6F\\u0B71\\u0B82\\u0B83\\u0B85-\\u0B8A\\u0B8E-\\u0B90\\u0B92-\\u0B95\\u0B99\\u0B9A\\u0B9C\\u0B9E\\u0B9F\\u0BA3\\u0BA4\\u0BA8-\\u0BAA\\u0BAE-\\u0BB9\\u0BBE-\\u0BC2\\u0BC6-\\u0BC8\\u0BCA-\\u0BCD\\u0BD0\\u0BD7\\u0BE6-\\u0BEF\\u0C00-\\u0C03\\u0C05-\\u0C0C\\u0C0E-\\u0C10\\u0C12-\\u0C28\\u0C2A-\\u0C39\\u0C3D-\\u0C44\\u0C46-\\u0C48\\u0C4A-\\u0C4D\\u0C55\\u0C56\\u0C58\\u0C59\\u0C60-\\u0C63\\u0C66-\\u0C6F\\u0C81-\\u0C83\\u0C85-\\u0C8C\\u0C8E-\\u0C90\\u0C92-\\u0CA8\\u0CAA-\\u0CB3\\u0CB5-\\u0CB9\\u0CBC-\\u0CC4\\u0CC6-\\u0CC8\\u0CCA-\\u0CCD\\u0CD5\\u0CD6\\u0CDE\\u0CE0-\\u0CE3\\u0CE6-\\u0CEF\\u0CF1\\u0CF2\\u0D01-\\u0D03\\u0D05-\\u0D0C\\u0D0E-\\u0D10\\u0D12-\\u0D3A\\u0D3D-\\u0D44\\u0D46-\\u0D48\\u0D4A-\\u0D4E\\u0D57\\u0D60-\\u0D63\\u0D66-\\u0D6F\\u0D7A-\\u0D7F\\u0D82\\u0D83\\u0D85-\\u0D96\\u0D9A-\\u0DB1\\u0DB3-\\u0DBB\\u0DBD\\u0DC0-\\u0DC6\\u0DCA\\u0DCF-\\u0DD4\\u0DD6\\u0DD8-\\u0DDF\\u0DE6-\\u0DEF\\u0DF2\\u0DF3\\u0E01-\\u0E3A\\u0E40-\\u0E4E\\u0E50-\\u0E59\\u0E81\\u0E82\\u0E84\\u0E87\\u0E88\\u0E8A\\u0E8D\\u0E94-\\u0E97\\u0E99-\\u0E9F\\u0EA1-\\u0EA3\\u0EA5\\u0EA7\\u0EAA\\u0EAB\\u0EAD-\\u0EB9\\u0EBB-\\u0EBD\\u0EC0-\\u0EC4\\u0EC6\\u0EC8-\\u0ECD\\u0ED0-\\u0ED9\\u0EDC-\\u0EDF\\u0F00\\u0F18\\u0F19\\u0F20-\\u0F29\\u0F35\\u0F37\\u0F39\\u0F3E-\\u0F47\\u0F49-\\u0F6C\\u0F71-\\u0F84\\u0F86-\\u0F97\\u0F99-\\u0FBC\\u0FC6\\u1000-\\u1049\\u1050-\\u109D\\u10A0-\\u10C5\\u10C7\\u10CD\\u10D0-\\u10FA\\u10FC-\\u1248\\u124A-\\u124D\\u1250-\\u1256\\u1258\\u125A-\\u125D\\u1260-\\u1288\\u128A-\\u128D\\u1290-\\u12B0\\u12B2-\\u12B5\\u12B8-\\u12BE\\u12C0\\u12C2-\\u12C5\\u12C8-\\u12D6\\u12D8-\\u1310\\u1312-\\u1315\\u1318-\\u135A\\u135D-\\u135F\\u1369-\\u1371\\u1380-\\u138F\\u13A0-\\u13F4\\u1401-\\u166C\\u166F-\\u167F\\u1681-\\u169A\\u16A0-\\u16EA\\u16EE-\\u16F8\\u1700-\\u170C\\u170E-\\u1714\\u1720-\\u1734\\u1740-\\u1753\\u1760-\\u176C\\u176E-\\u1770\\u1772\\u1773\\u1780-\\u17D3\\u17D7\\u17DC\\u17DD\\u17E0-\\u17E9\\u180B-\\u180D\\u1810-\\u1819\\u1820-\\u1877\\u1880-\\u18AA\\u18B0-\\u18F5\\u1900-\\u191E\\u1920-\\u192B\\u1930-\\u193B\\u1946-\\u196D\\u1970-\\u1974\\u1980-\\u19AB\\u19B0-\\u19C9\\u19D0-\\u19DA\\u1A00-\\u1A1B\\u1A20-\\u1A5E\\u1A60-\\u1A7C\\u1A7F-\\u1A89\\u1A90-\\u1A99\\u1AA7\\u1AB0-\\u1ABD\\u1B00-\\u1B4B\\u1B50-\\u1B59\\u1B6B-\\u1B73\\u1B80-\\u1BF3\\u1C00-\\u1C37\\u1C40-\\u1C49\\u1C4D-\\u1C7D\\u1CD0-\\u1CD2\\u1CD4-\\u1CF6\\u1CF8\\u1CF9\\u1D00-\\u1DF5\\u1DFC-\\u1F15\\u1F18-\\u1F1D\\u1F20-\\u1F45\\u1F48-\\u1F4D\\u1F50-\\u1F57\\u1F59\\u1F5B\\u1F5D\\u1F5F-\\u1F7D\\u1F80-\\u1FB4\\u1FB6-\\u1FBC\\u1FBE\\u1FC2-\\u1FC4\\u1FC6-\\u1FCC\\u1FD0-\\u1FD3\\u1FD6-\\u1FDB\\u1FE0-\\u1FEC\\u1FF2-\\u1FF4\\u1FF6-\\u1FFC\\u200C\\u200D\\u203F\\u2040\\u2054\\u2071\\u207F\\u2090-\\u209C\\u20D0-\\u20DC\\u20E1\\u20E5-\\u20F0\\u2102\\u2107\\u210A-\\u2113\\u2115\\u2118-\\u211D\\u2124\\u2126\\u2128\\u212A-\\u2139\\u213C-\\u213F\\u2145-\\u2149\\u214E\\u2160-\\u2188\\u2C00-\\u2C2E\\u2C30-\\u2C5E\\u2C60-\\u2CE4\\u2CEB-\\u2CF3\\u2D00-\\u2D25\\u2D27\\u2D2D\\u2D30-\\u2D67\\u2D6F\\u2D7F-\\u2D96\\u2DA0-\\u2DA6\\u2DA8-\\u2DAE\\u2DB0-\\u2DB6\\u2DB8-\\u2DBE\\u2DC0-\\u2DC6\\u2DC8-\\u2DCE\\u2DD0-\\u2DD6\\u2DD8-\\u2DDE\\u2DE0-\\u2DFF\\u3005-\\u3007\\u3021-\\u302F\\u3031-\\u3035\\u3038-\\u303C\\u3041-\\u3096\\u3099-\\u309F\\u30A1-\\u30FA\\u30FC-\\u30FF\\u3105-\\u312D\\u3131-\\u318E\\u31A0-\\u31BA\\u31F0-\\u31FF\\u3400-\\u4DB5\\u4E00-\\u9FCC\\uA000-\\uA48C\\uA4D0-\\uA4FD\\uA500-\\uA60C\\uA610-\\uA62B\\uA640-\\uA66F\\uA674-\\uA67D\\uA67F-\\uA69D\\uA69F-\\uA6F1\\uA717-\\uA71F\\uA722-\\uA788\\uA78B-\\uA78E\\uA790-\\uA7AD\\uA7B0\\uA7B1\\uA7F7-\\uA827\\uA840-\\uA873\\uA880-\\uA8C4\\uA8D0-\\uA8D9\\uA8E0-\\uA8F7\\uA8FB\\uA900-\\uA92D\\uA930-\\uA953\\uA960-\\uA97C\\uA980-\\uA9C0\\uA9CF-\\uA9D9\\uA9E0-\\uA9FE\\uAA00-\\uAA36\\uAA40-\\uAA4D\\uAA50-\\uAA59\\uAA60-\\uAA76\\uAA7A-\\uAAC2\\uAADB-\\uAADD\\uAAE0-\\uAAEF\\uAAF2-\\uAAF6\\uAB01-\\uAB06\\uAB09-\\uAB0E\\uAB11-\\uAB16\\uAB20-\\uAB26\\uAB28-\\uAB2E\\uAB30-\\uAB5A\\uAB5C-\\uAB5F\\uAB64\\uAB65\\uABC0-\\uABEA\\uABEC\\uABED\\uABF0-\\uABF9\\uAC00-\\uD7A3\\uD7B0-\\uD7C6\\uD7CB-\\uD7FB\\uF900-\\uFA6D\\uFA70-\\uFAD9\\uFB00-\\uFB06\\uFB13-\\uFB17\\uFB1D-\\uFB28\\uFB2A-\\uFB36\\uFB38-\\uFB3C\\uFB3E\\uFB40\\uFB41\\uFB43\\uFB44\\uFB46-\\uFBB1\\uFBD3-\\uFD3D\\uFD50-\\uFD8F\\uFD92-\\uFDC7\\uFDF0-\\uFDFB\\uFE00-\\uFE0F\\uFE20-\\uFE2D\\uFE33\\uFE34\\uFE4D-\\uFE4F\\uFE70-\\uFE74\\uFE76-\\uFEFC\\uFF10-\\uFF19\\uFF21-\\uFF3A\\uFF3F\\uFF41-\\uFF5A\\uFF66-\\uFFBE\\uFFC2-\\uFFC7\\uFFCA-\\uFFCF\\uFFD2-\\uFFD7\\uFFDA-\\uFFDC]|\\uD800[\\uDC00-\\uDC0B\\uDC0D-\\uDC26\\uDC28-\\uDC3A\\uDC3C\\uDC3D\\uDC3F-\\uDC4D\\uDC50-\\uDC5D\\uDC80-\\uDCFA\\uDD40-\\uDD74\\uDDFD\\uDE80-\\uDE9C\\uDEA0-\\uDED0\\uDEE0\\uDF00-\\uDF1F\\uDF30-\\uDF4A\\uDF50-\\uDF7A\\uDF80-\\uDF9D\\uDFA0-\\uDFC3\\uDFC8-\\uDFCF\\uDFD1-\\uDFD5]|\\uD801[\\uDC00-\\uDC9D\\uDCA0-\\uDCA9\\uDD00-\\uDD27\\uDD30-\\uDD63\\uDE00-\\uDF36\\uDF40-\\uDF55\\uDF60-\\uDF67]|\\uD802[\\uDC00-\\uDC05\\uDC08\\uDC0A-\\uDC35\\uDC37\\uDC38\\uDC3C\\uDC3F-\\uDC55\\uDC60-\\uDC76\\uDC80-\\uDC9E\\uDD00-\\uDD15\\uDD20-\\uDD39\\uDD80-\\uDDB7\\uDDBE\\uDDBF\\uDE00-\\uDE03\\uDE05\\uDE06\\uDE0C-\\uDE13\\uDE15-\\uDE17\\uDE19-\\uDE33\\uDE38-\\uDE3A\\uDE3F\\uDE60-\\uDE7C\\uDE80-\\uDE9C\\uDEC0-\\uDEC7\\uDEC9-\\uDEE6\\uDF00-\\uDF35\\uDF40-\\uDF55\\uDF60-\\uDF72\\uDF80-\\uDF91]|\\uD803[\\uDC00-\\uDC48]|\\uD804[\\uDC00-\\uDC46\\uDC66-\\uDC6F\\uDC7F-\\uDCBA\\uDCD0-\\uDCE8\\uDCF0-\\uDCF9\\uDD00-\\uDD34\\uDD36-\\uDD3F\\uDD50-\\uDD73\\uDD76\\uDD80-\\uDDC4\\uDDD0-\\uDDDA\\uDE00-\\uDE11\\uDE13-\\uDE37\\uDEB0-\\uDEEA\\uDEF0-\\uDEF9\\uDF01-\\uDF03\\uDF05-\\uDF0C\\uDF0F\\uDF10\\uDF13-\\uDF28\\uDF2A-\\uDF30\\uDF32\\uDF33\\uDF35-\\uDF39\\uDF3C-\\uDF44\\uDF47\\uDF48\\uDF4B-\\uDF4D\\uDF57\\uDF5D-\\uDF63\\uDF66-\\uDF6C\\uDF70-\\uDF74]|\\uD805[\\uDC80-\\uDCC5\\uDCC7\\uDCD0-\\uDCD9\\uDD80-\\uDDB5\\uDDB8-\\uDDC0\\uDE00-\\uDE40\\uDE44\\uDE50-\\uDE59\\uDE80-\\uDEB7\\uDEC0-\\uDEC9]|\\uD806[\\uDCA0-\\uDCE9\\uDCFF\\uDEC0-\\uDEF8]|\\uD808[\\uDC00-\\uDF98]|\\uD809[\\uDC00-\\uDC6E]|[\\uD80C\\uD840-\\uD868\\uD86A-\\uD86C][\\uDC00-\\uDFFF]|\\uD80D[\\uDC00-\\uDC2E]|\\uD81A[\\uDC00-\\uDE38\\uDE40-\\uDE5E\\uDE60-\\uDE69\\uDED0-\\uDEED\\uDEF0-\\uDEF4\\uDF00-\\uDF36\\uDF40-\\uDF43\\uDF50-\\uDF59\\uDF63-\\uDF77\\uDF7D-\\uDF8F]|\\uD81B[\\uDF00-\\uDF44\\uDF50-\\uDF7E\\uDF8F-\\uDF9F]|\\uD82C[\\uDC00\\uDC01]|\\uD82F[\\uDC00-\\uDC6A\\uDC70-\\uDC7C\\uDC80-\\uDC88\\uDC90-\\uDC99\\uDC9D\\uDC9E]|\\uD834[\\uDD65-\\uDD69\\uDD6D-\\uDD72\\uDD7B-\\uDD82\\uDD85-\\uDD8B\\uDDAA-\\uDDAD\\uDE42-\\uDE44]|\\uD835[\\uDC00-\\uDC54\\uDC56-\\uDC9C\\uDC9E\\uDC9F\\uDCA2\\uDCA5\\uDCA6\\uDCA9-\\uDCAC\\uDCAE-\\uDCB9\\uDCBB\\uDCBD-\\uDCC3\\uDCC5-\\uDD05\\uDD07-\\uDD0A\\uDD0D-\\uDD14\\uDD16-\\uDD1C\\uDD1E-\\uDD39\\uDD3B-\\uDD3E\\uDD40-\\uDD44\\uDD46\\uDD4A-\\uDD50\\uDD52-\\uDEA5\\uDEA8-\\uDEC0\\uDEC2-\\uDEDA\\uDEDC-\\uDEFA\\uDEFC-\\uDF14\\uDF16-\\uDF34\\uDF36-\\uDF4E\\uDF50-\\uDF6E\\uDF70-\\uDF88\\uDF8A-\\uDFA8\\uDFAA-\\uDFC2\\uDFC4-\\uDFCB\\uDFCE-\\uDFFF]|\\uD83A[\\uDC00-\\uDCC4\\uDCD0-\\uDCD6]|\\uD83B[\\uDE00-\\uDE03\\uDE05-\\uDE1F\\uDE21\\uDE22\\uDE24\\uDE27\\uDE29-\\uDE32\\uDE34-\\uDE37\\uDE39\\uDE3B\\uDE42\\uDE47\\uDE49\\uDE4B\\uDE4D-\\uDE4F\\uDE51\\uDE52\\uDE54\\uDE57\\uDE59\\uDE5B\\uDE5D\\uDE5F\\uDE61\\uDE62\\uDE64\\uDE67-\\uDE6A\\uDE6C-\\uDE72\\uDE74-\\uDE77\\uDE79-\\uDE7C\\uDE7E\\uDE80-\\uDE89\\uDE8B-\\uDE9B\\uDEA1-\\uDEA3\\uDEA5-\\uDEA9\\uDEAB-\\uDEBB]|\\uD869[\\uDC00-\\uDED6\\uDF00-\\uDFFF]|\\uD86D[\\uDC00-\\uDF34\\uDF40-\\uDFFF]|\\uD86E[\\uDC00-\\uDC1D]|\\uD87E[\\uDC00-\\uDE1D]|\\uDB40[\\uDD00-\\uDDEF]
viewBox=
https\\:
:dot:
, stack\\b
iTunes
Invalid mark
_sqrt2_
Invalid alias name \\[dummies\\]
Deprecation Warnings
Includes
\\*[a-zA-Z\u00e4\u00f6\u00fc\u00c4\u00d6\u00dc\u00e9\u00e8\u00e1\u00e0\u00f3\u00f2\u00e7]*\\*
Rule id id2 duplicated!
yasaklibot
Squashed commit
Run again with --force to overwrite
This key is not allowed
have not been called at the second time with
tar\\.gz
\\&custom_null\\;
moving child to a nonexistent parent
test_password1
<h2><em>500<\\/em> Error<\\/h2>
Nonexistent Lua script!
Rest
 --with-http_ssl_module
is read outside a reactive context
\u017d\u017e\u017a
No onSubmit
TX packets
Stuffed Crust
lang=
e1
also-included
contributes_to
WARN Watir \\[\\\"visible_element\\\"\\]
\nh5
##yv19##
SetupFragileTestsForRescanAction cannot find test report file at
incomingRelations not supported because asset
<\\!\\-\\-EndFragment\\-\\->
SENTENCE_SKIPPED_OR_UNPARSABLE
\\sROUTERVERSION
/post2\\.html
>>>HANDLER_PATH<<<
pool_write_total{cluster=\"ceph\",pool=\"rbd\"} 6
Myco::Foo
MY_VAR
gnuplot
%grn
 String 
export const foo *= *0x1;
size=
SELECT 1 AS one FROM TOPICS\" ROWS 1
public,max-age=3600
ababbbaba
CSR sign verification failed
output/foo\\.html:
%rows%
expect\\(myMockedFunction\\)\\.toHaveBeenCalledTimes
is greater than the Image Streamer API version
--diff-filter=
E 216
Survey not saved: Title can't be blank
runJob method must be subclassed
change your password
1:23
&ocirc;
Object#is_prime
n            ::\\s*?\n\\s*?\nn        
add_column :users, :auth_token, :string
is expected to be a Integer and is not
</PRE>
\\x{1060}
\\x{1005}\\x{103b}
Mysql2::Error: Deadlock found when trying to get lock
Error: Can't resolve 'does-not-exist'
Oh no!
step
\\smin:\\s*{
Invalid username
controller\\: BookCntl
Completed TestAsyncJobFork
tests 1
Windows IoT
Now using 'openshift3\\.server\\.com'
oauth/
global\\b
MyPlugin
PARAMETER TEST 0 32 STRING \"HI\"
__FONTFACE1__
\\xff\\xd9
asset_file should implement the #named method
--ip
Text: this is a test comment
is_test=1
Canvas
%MONTH
Found 1 dependency cycle:\n\\(Notify\\[a\\] => Notify\\[b\\] => Notify\\[c\\] => Notify\\[a\\]\\)
Module build failed: Error: Final loader \\(\\.\\/loaders\\/no-string\\/loader\\.js\\) didn't return a Buffer or String
evil robot
\\%3E
object with a _ref
camelCaseStr
Expected coords to contain numbers
\\?api_key=myapikey
NIM package provider is unable to downgrade packages
sampleModuleMessage
\"path\" must begin with a \"\\/\": 'hey-path'
LOCK
\\(Ubuntu; Mobile
v4 hiera\\.yaml is only to be used inside an environment or a module
rwx
hdi
\\/test-root-url-prefix\\/packages\\/oauth\\/end_of_redirect_response\\.js
\\s*react\\b\\s*
Expected indentation of
add by class
\\G\\\\\\$
width:300px;
\\\\oslash 
\\\\ding\\{37\\}
Wide character in print
webby3067
included do
Splittable in React
counter: 0
RuntimeError, hi mom
{{playlist}}
glob\\(
\\G\\=
ADMIN_SESSIONS_SECRET
0020ABatch                                        
Invalid type comparison
%YYYY%
lib/util/puppet\\.rb
Transfer Syntax
MSIE 5\\.5
should have been told to wink 2 times but was told to wink 1 time
tcPropertyPatternPattern=\\.\\*
Input contained references to the following File GUID
new message path
digital text files
ab\u0000c
\\bdef\\b
harmony
Error: Specify a region
--insecure-experimental-approve-all-kubelet-csrs-for-group
image: jhipster
boogeyman
argument entity must be
m1bf9lApd
Cor2[#]blimey!
/comments
ORA-02291
cached license data missing
TRADER
startIndex: 5
--hidden
/otherspace/
Bad box item
has an invalid array value in \"optIntList\"
param1=1
new PubfoodError
gem 'rr'
At least one node should be passed
Attempt to move nil object
allrecipes\\.com
\u00df<
\"postgres://
\\\\\"\\{O\\}
O_FIPSCANISTER
\u00cf\u0086
CREATE SEQUENCE \"EMPLOYEES_SEQ\"
_INTERN_
tile
Status is over 140 characters
Hasee
There are no local code signing identities found
\\/js\\/\\?\\?\\/com\\/a-17b72c16ec\\.js,\\/com\\/b-2c0d21e40c\\.js,\\/com\\/c-ffffffffff\\.js
/info\\.html
LowerMember
GTR
habitatoc
\\.monitor
publish time
retry
dialog\\/api
patterns-dont-catch
_handleClipboardEvent
A secret is required
CTK
 'd
Salutation
auth schemes
weird file name-tests
ORA-06510
sup dude JD Wolk
Finished TestRetryJob
cvc2=
---
\"expiresIn\" should be a number of seconds or string representing a timespan
\\ ATH\\<
add_index :products, :title
<table_schema>
/rll/run/recipe
'scope' should not be undefined, a boolean, or a number
0BCB
a-sub-sub-title
sqlserver
weekends
The key provided to set must be a string or number, you passed NaN
Red Hat
copyright takes the owners names, then the years covered
<strong class=\\\"keyword\\\">
<a href=\"http:\\/\\/localhost:2370\">Ghost<\\/a\\>
routing key required
Failed: 'false && i am a secret command: \\[REDACTED\\] and \\[REDACTED\\]' from 
Balpare
count missing
missing attribute quote
paramRoot: 'old_book'
#bar
Get help on COMMAND
user2
pool_write_total{cluster=\"ceph\",pool=\"rbd\"} 0
graph will be treated as digraph
Expected action 'oops' to be one of
tag span
IV
potential
Button 9
\\bmw:PageProp\\/redirect\\b
you win
Tokenizer
<p></blockquote>
No stop tag for extension 'comment' found
Authentication Failed
java\\.validation
query github
local_image\\d\\.svg
all ::
step must be an increasing integer array
\\{%\\s*comment\\s*%}
Not authorized
Event 005
Lumen
chefignore
Deleted node\\[
&amp\\;
~=
1\\.9\\.3
\\/slides\\/
569ebc3d91672e7d3dce25de1684d0c9
import \\* as fromStore
var requirejs,\\s*require,\\s*define;
Server doesn't support audit reporting
CREATE INDEX name1 ON table1\\(name\\);
\\\\3D
bower_components\\/zepto\\/zepto
\\/home\\/ubuntu\\/workspace\\/
vivaldi
password=
\\%\\}
dude bro
\\bet\\b
mouseenter
\\.hash
E247:
Processing 17 existing packages
</math>
\\!\\x00:
keyword><function>stackPull<
Method Error
<URL>
should receive functions but was given bananas
  - name: windows-2012r2
  foo\\(\\) matched by should_receive\\(:foo\\)
No source files were found
arcgis\\/rest\\/services\\/World\\/GeocodeServer\\/suggest
Backup archive written to 
package-lock\\.json
0014  :
\\{\\{\\/
The ENC script could not be found
%p
palemoon
end_user\\/
already a layer with shortname \"TestLayerShortName\"
\\${idMapping}
PUT update
custom\\/mime
\\*{2}
\u00e3\u0082\u008c\u00e3\u0081\u00a3\u00e3\u0081\u0095
x86_64-darwin
processing
Method \\'get\\' already exists
{{version}}
\\(R\\)
KDDI-Panasonic
index_default
The filter API has been moved to a plugin
\\{TITLE\\}
filelocation
Do it like this: --feature something-here
Dudley
applique\\/
import type \\{
unrecognized option \"--allyourbasearebelongtous\"
\\\\\\\"u
\\s*!arfav\u00f3\\s*
#\\s*-\\*-\\s*noplot\\s*-\\*-
Invalid arguments \"\\[\"no\",\"args\",\"supported\"\\]\" to function \"start\", expecting \"\\[\\\"serializedResource\\\"\\]\"
comments\\/1
/api/current_user
bitcoin
must be different
\\(PENDING\\)
no ampdoc yet
Must be
FACETS
@type=
mixin
-X GET
Only 1 analytics\\/tracking iframe allowed
CPU Interface
-f=
unclosed
wallet-total-column
Annotated \\(1\\): Task
11\\.js
 NOT NULL DEFAULT CURRENT_TIMESTAMP ON UPDATE CURRENT_TIMESTAMP
file size, 6 MB, is too large
<\\/code>\\s*instances\\s*<\\/h2>
font-
You tried to append to \\(#does-not-exist-in-dom\\) but that isn't in the DOM
v\\=ct\\&ct_id\\=
Exiting hashdiff_initial; changes: 6, nested changes: 9
username test privilege 1 nopassword
INFO: Replacing header 'Foo-Bar: wiffle' with 'Foo-Bar: foo'
_baidu_bookmark_end_
not allowed to publish package
test_resources/
houseName
\\/s\\/
Model argument
hap update Fanv2 LockPhysicalControls 1
src=\"
string_array_error
\\<link media=\"screen\" rel=\"stylesheet\" type=\"text\\/css\" href=\"\\/stylesheets\\/style\\.css\" \\/\\>
Success bootstrap cached master directory
mui--is-not-empty
\"severity\":\"WARN\"
\\e\\[0m;
task id =
systemctl linked 
Native API not available in embedded runtime
progress_tiny
patch product_line_url\\(@product_line\\), params: \\{ product_line: \\{ product_id: @product_line\\.product_id, title: @product_line\\.title, user_id: @product_line\\.user_id \\} \\}
is not a partial
\\ \\(
\\/\\*\\sSettings added by robo setup:drupal
\\}\\]\\{
someKey: 'some value'
256
\\%\\%EOF
Use assert_nil if expecting nil
property already used in security scheme: 'type'
elev
opt
gloops
>>>CLIENT_API<<<
ge
native API not available when using the proxy connector
paymentCardCSC=
send-community
#container method must
Dancer::Plugin::
socket is closed
<city>
Missed \"in\" keyword in @each
of element
with_global_uids
Diff_B
function><normal> <
export {ClayComponent}
statement_descriptor=5K\\+RACE\\+TICKET
touch-action
--a, -a:
field :name, :as => :string
 -Wdeclaration-after-statement
Test Project
You are not currently signed in
Madfox
11:28:00
__CSSFREETEXT__
Amiro
INFO : Exception: howdy
\"feature bgp\"
http://regionmap-dev\\.nationalmap\\.nicta\\.com\\.au/region_map/ows\\?transparent=true&format=image%2Fpng&exceptions=application%2Fvnd\\.ogc\\.se_xml&styles=&tiled=true&service=WMS&version=1\\.1\\.1&request=GetFeatureInfo&layers=region_map%3AFID_LGA_2011_AUST&bbox=16280475\\.5285162\\d\\d%2C-4618019\\.5008772\\d\\d%2C16358747\\.0454802\\d\\d%2C-4539747\\.9839131\\d\\d&width=256&height=256&srs=EPSG%3A3857&query_layers=region_map%3AFID_LGA_2011_AUST&x=126&y=58&info_format=application%2Fjson
-DOPENSSL_IA32_SSE2
%COMP%
\\(no branch\\)
{{theadSelectDateButtonTrAttribute}}
monitor
SCRIPT_NAME
Event 052
ENABLE_BITCODE
good signature
Active code page: 65001
\\+\\+\\+
Malformed Accept header
div id='foo' style='width:100px;height:50%;' class='baz bar'
\\bselect\\b
Updating secret unused-secret
active_record/version
ich\u00e4l
must call setRegistry
PRIVATE KEY BLOCK
\\(foo\\)\\*
unbalanced '
The term 'Get-WindowsFeature' is not recognized
Intent
==============
ruby\\-core
xmlns=\"http:\\/\\/www\\.w3\\.org\\/2000\\/svg\"
MySQL server has gone away
mswin32
character
Knoppix
Arli
\u54c1 \u724c
nth
\\\\ElsevierGlyph\\{E291\\}
\\/setup\\/
Post
1 or 3 parameters, got 2
ignore_environments' has no effect
generator_files
systemfull
ko\\.utils\\.arrayForEach
icons
has \"matches\" operator with invalid value within \"reqStr\"
OK\\s\\(
<=->
exceed limit
acl-
Unexpected address
information_schema
ERROR: Server responded with error 404 \"Not Found\"
credit card number was invalid
Specifying 'no_remote' does not make sense without a remote
ntlm
end must be an instance
&loz;
deep_scrubbing_pgs{cluster=\"ceph\"} 5
without Statesman::Machine
type
ADDITIONAL_TAGS
avatars\\/another_missing
Thunderbird
Godeps\\/
delete_reginald\\(id\\):
Cached master dir: bootstrapped=asdlfkjadfsklj; current=948b3874f5af7
Custom property set ignored: not scoped to top-level `:root`
maint
Fn::Join
Path:\\s
before_render
\\s*hidden\\s*
\"employee_id\" IN \\(SELECT \"employees\"\\.\"id\" FROM \"employees\"  WHERE \"employees\"\\.\"group_id\" = 
inspect
Could not find resource 'Bar\\[nope\\]'
\\\\Elzhlmrk 
Ml
, 'data-turbolinks-track' => 'reload'
BRICK_KAMINARI_VERSION
-RC\\d
more than meets the eye
\\[default
\n\\x1D
Setup perf on host: myHost
new\\s*:\\s*
\\{heap\\}
env_name has wrong type
::Statement
to 
expected to exit with code 1 but got code 2
DEBUG -- : :header => \\(Symbol\\) :default
UnknownLit
\\x00\\*\\x00
forceHexDownload
Making :
CVE-2012-2695
milk
No source specified
The media-id attribute is required for
##key##
PEND
/confirmable/actions/1e1f2345-863e-486e-a2f3-377a8a12a79d/refresh
huncwot
change once only
[*]\\\\u
konqueror
getVisualizeQuery called for monitoring watch
reject_subscription
getVariable
Min luftpudeb&#229;d er fyldt med &#229;l
bind
\\?noundo
One or more existing managed hosts found
\\.p1
y=
fieldName is a required argument
YAML Exception
widgetTitle: 'Test Widget'
<audio src=\"/audios/
0001A050410CLIEOP03         1                     
author: warlley, nofxx
Defining methods in blocks \\(trait or factory\\) is not supported \\(generate_name\\)
plugin two ran successfully
`each_child` is deprecated
shortcut
Parser Error: Unexpected token # at column 1
user ID
Value below int16u minimum
cachey-mccaherson
\\bsqlite3\\b
Image 2 of 2
return value of type Double was expected
-border
Heilmittelcode
3t
\\^\\{
Do you want to replace it\\?
dolibarr\\.org
NOTICE
AUTH
\\\\cyrchar\\\\cyrtetse 
--migrate 'rake fancy:migrate'
Expected \"id\" to be a string
test %s Hey
the feature is unestimated
no implicit conversion of String into Integer
card
AppName\\.EmberView
Unknown name '
length < 8
File does not exist of type script and id 1
\\\\ding\\{252\\}
JUMBLE
%PID%
num => \"123\"
Logo
reconnect to the database system and repeat your query
TypeError: Cannot redefine property: f
--identity-file
property already used: 'application\\/x-www-form-urlencoded
Validator error message
migrant
dynamicqueues
v=0
actions:
\\bcsi new york\\b
not have an account
\\bsyncNonNull\\b
multiple assets
my own banner
I should see 
backend: sqlite
/hst:hst/hst:configurations/
Promise rejection was handled asynchronously
BonEcho
\\(eval\\):\\d:
64
Unrecognized Ruby version: \"ruby-head\"
last
is not a descendent of
\\^2\\b
\\/table
Asynchronous stream error
i><
\\s*\\<\\=\\s*
\\[object
labels\\/1000\\/releases
Found 1 dependency cycle:\n\\(Notify\\[a\\] => Notify\\[a\\]\\)
Invalid time
grub> 
GenerateRequest
rundeck info
_setInitialState
<result 
process_process
\\bsch_netem\\b
dist\\/jquery\\.js
Function \"eye\" is renamed to \"identity\"
camera
RRULE:FREQ=MONTHLY
<button class=\"dropdown-toggle important btn btn-primary\"
indicator
control domain
not valid UTF-8
<font
@admin_role\\.update\\(admin_role_params\\)
Improper usage of `t\\.throws\\(\\)` detected
Test rig
query1=value
applesyndication
Unsupported frame
\\bXHR\\b
BOOLEAN
Cannot set read-only property \"@each\"
has \"eq\" operator with invalid value within \"typeList\\.delete\\.name\"
\"replication_group_id\": conflicts with num_cache_nodes
\\bTracer\\b
required keywords: x, y\\)
\\]>
service\\('Foo'
tmp\\/set\\/
<\\!>
use PDL::NiceSlice
__builtin__
mount ArticlesEndpoint
ActiveRecord options:
20171111111112_second
MSIE\\s
&prod;
\\?v=3\\.0
Could not find `List\\(herp: :derp\\)`
Invalid JSON
Moose::Meta::Role::__ANON
\\bExecutionLength\\b
cannot transition to return
FileBased=HASH
config must contain org
NUM_POINT_LIGHTS
==
culture
length='100'
Error: Argument pincode has to be a eight digit decimal number the format
<angle>
keep must
could not ensure
2 beginbfchar
\\s*N/A\\s*
document id
META-INF/MANIFEST\\.MF
Press \\[q] to stop
\\btrapped\\b
example\\.net
Error while evaluating a Resource Statement, Cannot alias Package\\[other-guid\\] to \\[\"guid\", nil\\]
Cannot parse gateway name
UNIQUE\\b
\\\\2f 
Failed to publish request
Whisky
https_proxy_username=
Documents and Settings
You need administrator access
unexpected end of file
:autofocus => true, 
TestRPC
radio_empty
class NotificationMailerTest
invalid keys: add_ons\\[add\\]\\[bar\\], add_ons\\[update\\]\\[foo\\]
unclosed node
ipv4\\.google\\.com/sorry
 double
\\.b-color
Get off my lawn
\\\\k\\{i\\}
\\/n
person_alias_id
NumberOfEntries
authmilter_processes_
EXAMPLE
You already have a server configured with the nickname 'server1'
Sequel\\.migration do
included
a expect Integer got \"a\"
US\\-ASCII
'rt_dose'
chs=
Vitelcom
layout 'blacklight'
nil into String
accepted value
balanceKey
 maximized
\\xC3\\xB1
scomp
\"action\":\"NilClass\"
does not support version
loQuaTistop
it
X-Ops-Authorization-
STDOUT
\\] line 
target_definitions:
x \\^= y \\^= x \\^= y
\\{\\{product_line_form_tag\\}\\}
\\{\\{country\\}\\}
dit=1000
mod\\/
IANA-BLK
1 pending
\\btn\\b
\\\\Equal 
Content-Type: app\\/bar
ECHO Hello World
\\.keiyaku
Invalid printer type\\: badprinter
BAD_PATH
SSL connect attempt failed
it\\(
all_sts_primer
Subject: This is a test email\\r\n
wazzup\\?
FATAL:  password authentication failed for user
{{cover}}
jsonp
Usage: how_is 
The user[(]s[)] account is temporarily over quota
direction
Expected to have no css
CPUID_ASM
No deployments with the `shipit\\.shopify\\.io/restart` annotation found in namespace
\"where\":\"WARN\"
& gt;
-schema
showdown-prettify
randomatic expects a string or number\\.
SCRIPT CALLED
ha
Subnormal
-fullscreen
no_node
AD
BigDecimal\\.new is deprecated
rufusbot
Username\\s*Full Name\\s*Client DN
\\\natural 
invalid command helpp
OH SNAP!
\\\\'\\{a\\}
Failed to record state
does_not_exist
:quit
%secret%
symposium
expected-filename
\\|\n\\#
\\p{Space}
thirdpartynameonly
{{\\s*date\\s*}}
caching
HP eStation
bar2
ou
unparsable
\\bChar_t\\b
Must pass in parameters dictionary
chromedriver_
has an invalid \"ascending\" operator in \"interList\" field\\.
=for\\ rperl\\ X<noncode>
\\/\\xc4\\/t
already, but you specified
{{buttons}}
_el_
<span id=\"mark\"><\\/span>
\\/\\*code\\*\\/
\\.START
Initialising
no fact format provided for mynode
Expected is not a String or a RegExp
w3c_css_validator
iemobile
Access-Control-Request-Headers
orig=1
Provider foo
__svelte
MyTestHelpers
dhxtreeview_item_[t]
duplicate options name detected
merb=\"uses extlib\"
Topology \\(ID 33\\) -> Metric: 20
@LOCATIONS
1\\/2 in\\.
\\?query=Peter
      #
Hi there
#inceptionYear#
Dhr\u00cc\u00a3tar\u00c4\u0081s\u00cc\u00a3t\u00cc\u00a3ra said: O Sa\u00c3\u00b1jaya, after my sons and the sons of P\u00c4\u0081n\u00cc\u00a3d\u00cc\u00a3u assembled in the place of pilgrimage at Kuruks\u00cc\u00a3etra, desiring to fight, what did they do\\?
[&]Ouml[;]
number was expected
gd2
<APPDIR>
git merge --no-ff --log -m \"
Not Open
ua Sen\\.
MBINSERTNEXTLABEL
attempt to pass argument list to the function 'foo' which cannot be called without parentheses
This is a warning
\\bmultiple roots\\b
can\\'t resolve targets
a\\C-bc
8088
\\/Invoices\\/a99a9aaa-9999-99a9-9aa9-aaaaaa9a9999
foo_abc
Attempted to register a cache with no set
postcss-scss
kbytes
\\\\author
Computed values are not allowed to cause side effects by changing observables
1,foo\n
Recursive
 auth
unknown \"type\"
\\015\\012
Ruby2Ruby
<style>body {padding-
qemu
\\bSimpleDelegator\\b
egg start
\\\\sqrint 
Trae
Telephone Users:
OPEN ERROR
:attribute
\nUpdated: 
test public key
yizhibo\\.com
kkman
\\${objName}
<YUI_BR><\\/p>
\nImage Name
\\bclient
TxnTaxCodeRef\\>5\\<
Success build_catalog for test-branch
&deg;
\uff2c\uff56
MyConcept
terms: \ud83d\udea7
application\\/x\\-ace
zoid
Bad timer specification
strict_deps=False,
stream_view_type is required when stream_enabled = true
joueb\\.com/
command_not_found_handle\\(
COMPARMTYPEMAP
_ANY_
/api/v2/exports/tickets
\\\\ding\\{177\\}
config must contain type
COPY posts
<div class=\"error message\"><i class=\"icon fa-fw fa-bug fas\">
meta:
failed with output
-----BEGIN
\\/lti_apps
\\bGDBM\\b
\\&dol;
No valid installpath found in \\/etc\\/pkg\\.conf and no source was set
You should supply pool_name to debug
ERROR TRYING TO GET
class Users::NotificationsWithDeviseController < ActivityNotification::NotificationsWithDeviseController
ROLLBACK
object has been disposed
\\&amp;apos;
demo
min-width: 200px
sequencify plugins has problem, missing: \\[\\], recursive: \\[a,b,c,a\\]
\\|=
Microsoft ZuneHD
use warnings;
No unit prices available
\\/article\\/update
5678
export function
\\/\\*\\s*#StartGlobalDeclaration\\s*\\*\\/
/css/screen\\.css
FILE LIST:
module\\['exports'\\] = Module;
`start`
Query Error: RAW value_type is only valid with NONE
::PluginHelper::
REJECT DUP
\ntest\\/dist\\/dir\\/\n
Retained by
manifest-src 'self'
loopback-connector-throwing
must pass obj
tc
Godeps/_workspace/
does not implement revert_snapshot
\u00fa\u00c8
Calculator is Ready!
, 'data-turbolinks-track' => true
\\{\\{ label \\}\\}
_default__
\\bDrive\\b
\\.blah
lib/bundler/rubygems
FEDERAL
red\\.jpg
Down
attribute MyObject\\[a\\] value has wrong type, expects an Integer value, got String
Scalar is expected here\nUnknown node: 'some'
test_assign_twice\\.html\\.erb
filename not matched
git checkout -b <new-branch-name>
\\\\cyrchar\\\\cyrv 
Could not find service account json file at path
_CI_
Missing parameter 'login'
No access to property \"_data\"
Microsoft Windows
Latin
/api/v1/
%-
\"<``>
together
lib/peeek
First argument must contain at least one Buffer
\\\\cyrchar\\\\cyrabhha 
index GET
traverse: Traversable or Array required for third argument
word=\\\"\\)\\\"
Then Condition Failed
nvarchar\\(-1\\)
:message
null,
-accelerator
bls15
must be a valid ip address
<div class=\"panel-body\">Body</div>
minCard
Registered through
Controllers::
simple_smile
 ELSE 
\\.tmp\\.js
Failed to find org
\u0000\u0000
file:/
The same flag can only be used once
3:2
\\/bootstrap\\.css
\n\\/\\/= require serviceworker-companion
id107
\\:\\[\\]
 \\(Warning: not connected\\)
\\bsix\\b
static {
mkmf
Expected `string` for `value`, got `true`
app/GCM
-moz-use-text-color
Series VI: Photographs
One or more resource dependency cycles detected in graph
console\\.info\\(\"someValue set\"\\)
The property '#/target' of type object matched more than one of the required schemas
dummy
&& echo EXECFLOW_OK
routes to #edit
HPL
Partly Sunny w\\/ Flurries
`switch_to_window` is not supposed to be invoked
DOCUMENTPLACEHOLDER
\\%\\>
Cannot set read-only property \"as\" on object:
<AVSname>Longbob Longsen
DROP INDEX `index_users_on_email`
id105
\\bBOOL\\b
formatter :json, Grape::Formatter::Roar
builder
front-end-build-version
require\\('qrcode-terminal'\\)
deep test
Failed to establish database connection
\\.CNM
Bad request
<h1>Test <em>HTML<\\/em><\\/h1>
bundle fails to match the required pattern
\\bgare\\ssncf\\b
\\/SAMPLE text\\/i regexp expected within \"li\"
:style
RS-A
\\\\v{z}
\\{@inheritdoc\\}
Reloaded the application
\\bDouble32_t\\b
 st\\. 
 tb cut 
figcaption
Haler
Sat, 05 Nov 2011 03:36:24 GMT
approved
141\\=Y
\\.column\\{width:40px
No target specified
hello1
_updateDialCode
Ok! The child app is: app2
<%= major %>
Annotated \\(1\\): TASk
Is
\\\\ding\\{181\\}
\\<noun\\>
Attachment
trait\\b
ERF42-3624
public greeting:
'\\{opt\\}'
TypeError: Cannot read property 'value' of undefined
{qtype}
YYYY
\\G\\*
dn
task-definition\\/
Apercu
findme
1\\s/methods/sanitized_path\\.html
test_simple_helper\\.html\\.erb
i18n=\"s\"
trimmed
comefrom
META TYPE float32 uint8
czm_modelViewProjectionRelativeToEye
Processor type: 
Image047\\.jpeg
RegexesAreNice
Filter on NodeConnection\\(Todo, User\\) references \"User\" edge
UMtestmode=0
The server does not support setting, retrieving, or authenticating with authorization tokens
could not find module
%%value%%
cmd argument is require
DependencyViolation
\\/tmp\\/vagrant-shell
unclosed paren in expression
\\s\\-INF
mozilla
&lt;\\/script>
ouch
Fri,
\\/rails_plugin_foundry\\/
<dummy\\/>
TIO
testsuite name=\"
Channel not found for name
ENCODED
Failed ENC printed this to STDOUT: This is to stdout
This task should warn
wday
skipmin
gimp_
not in this host's domain
unknown runtime
#\\{3\\}
removable
<table><\\/table>
require 
Reduce\\/reduce conflict
the cause
<\\/TILING_PATH>
bytes budget \\(512\\) exceeded
great for lazy bakers
Arcelik
Rollo Tomassi said Jack Vi
<figure>\n  <img src=\"#\" alt=\"Image\" \\/>\n  \n<\\/figure>
No secret specified and no secret found at 
no dependencies recognized
illegal parameters list for function definition
'cs!routers\\/todo-list'
options of variable with name 'smurf' is not a Hash
Language fake_language is not supported
\\\\ding\\{168\\}
describe UserJob, 
vy: -\\d\\d000\\.0 pps
post_layout order: \\[:widget_inside_erb_layout, :layout_pre, :layout_post\\]
\\(\\</layer\\>\\)
users\\/to_json\\.html\\.erb
Illegal division
Insert databag Stats
HAVOK_VERSION
\\bfunction\\s*\\*|\\basync\\b
\\p{XPosixPunct}
July 20th, 2010 19:47
Old version
idp_sso_target_url is not set
\\bGSA\\b
_QUERY_
redir\\(
GNI
nominatim\\.openstreetmap\\.org/search\\?q=la%20tour%20du%20pin&format=json&countrycodes=fr&limit=2
Invalid url
requires a middleware function but got a Null
Invalid remote
 version 
xmlParse
Android 
separators size must be 2
Error: Invalid unit name
Unused_LL
ctx_ver=Z39\\.88\\-2004
Error: Timeout of 500ms exceeded
redefined const:
p-primary-color
\\{link:next\\}
<title>authentication successful</title>
exports = 12
img-src
Java\\.inc
_PowerPC\\b
!07
gperf
gemfile not found
\\\\'C
firstToAsync: First returning function required for second argument
Exec\\[from_env\\]\\/returns: works
You can also use the ganache as a cake frosting
\\p{IsIdeographic}
Can not enqueue
roken is dodelijk
8859-5
TODO:
ASK
infinite
empty index
\"iterationStart\" is invalid
CA_CERTIFICATE
Config error
<span class=\"resultTxt\">
\u00e1\u00bf\u008a
Output is incorrect
chai\\/chai\\.js
showBack
NAME
DEBUG -- : Generating colored text output
&Chi;
 3 
field :facilityLocations, type: Array
hap update Lightbulb ColorTemperature 200
\"exit\":\"False\"
Joiners:n
perspective
Error Reading Packet
hello tobina
objectclass
viddler\\.com
Arguments passed to executeAsync must be an array
Mail::Milter::Authentication
'<Column Settings Replacement>'
sslv2/3
tsconfig
 Transcript of session follows 
go
Encode
a{3\\}
replication timed out
tl
testsuite package=\"org\\.eslint\" time=\"0\"
very readable
At line 3: attribute \"name\" has SyntaxError: Unexpected token ILLEGAL
in `push'
assigned_before_render
vc=
RC4_set_key
\\s<>\\s
PRH: Saw bar\\.js
%%PACKAGE%%
ember:1\\.11\\.0
test:6
f90:
Install the client side tool for the service
MZBrowser
pending 'step not implemented'
jwtResponse
new flash creative
DPid_
IMG_DIR
test/unit/failing_test\\.rb:4
NOMATCHOPTIONMAP
ON DELETE CASCADE
DS1307RTC
\\(\\@_\\)
Status: free
Audio
127\\.0\\.0
simple test
Net::Payjp::Customer::Subscription
[\\\\] 
\\/jumpstart_config\\/
\\[sudo\\] password for
missing-terminator stuff
class App < Padrino::Application
server activity monitor
another_dir
<a href=\\\"
value=\"
defined 'message' as 'foo'
\\bmw:PageProp\\/Language\\b
no-storage/
number_not_integer
fuse\\.
selectDir_
Invalid value 'x' for auto_deploy
\\/var\\/tmp\\/chef\\/foobar-1\\.0\\.0 exists
MacIulis
davie
unknown key
Created by Slogger
pending spec[s]
AZ
license_key
\\d\n\\d\n\\\\N
:fail
civicrm\\/upgrade
\\-\\\\
 1 
cs!view
invalid version range
libcurl
'karma-phantomjs-launcher'
joseph
error trying to set source_path
\\bREL\\b
\"name\":\"mars_volta\"
tmp is not a valid archive
main \u203a error
cannot be reloaded
Generating horizontal shells
<NoGend>
OPENCA_SV
rpm -Uvh ruby
\\)EA\\(
\\[notice\\]
Invalid --override-script-path
warning: Net::FTP#return_code= is obsolete and do nothing
Cluster connection complete
_type\\.json
--ref resolved-v1
WebException: The operation has timed out
_\\^_END_HIGHLIGHT_\\^_
\"bytesize\":11, \"value\":\"TEST STRING\", \"encoding\":\"UTF-8\", \"file\":\"-\", \"line\":4, \"method\":\"dump_my_heap_please\", \"generation\":
test\n\ntext
<\\/w:p>
Initialization vector
%%K_SBIN_PATH%%
redis\\:
covario-ids
&PL_core_reg_engine
<h1 id=\"heading-one\">Heading One<\\/h1>
\"name\":\"express\"
declare\\b
%u2019
ski\\b
The inline form of the `unless` helper expects two or three arguments
ongr\u00fcn
\\bmath\\/tex\\b
namespace YUITest
Non-regexp
St\\. 
Document-attr:\\s
\\/latest\\.js
RequestLimitExceeded
Invalid AST
too: bar
Z&
 \\* Creating missing translations
\\s*<HR>\\s*
dpr=\\d
No attributes provided
operationSecurity must be an Array
date\\s\\\"
\u00e0\u00aa\u00b0
&<>
\\bservice\\b
rejected: invalid topic ID
puppet-3
\\pP
action=dlattach;topic
Series60
test\\.js
Missing credentials
\n- delta\n
y3
allocated_count_table
System Error Code: 1326
Bibliography
it is \\*\\~\\* Fred \\*\\~\\*\\!
/prs\\.
veto is true, diff vetoed
\\/deviceTheme\\.js
\\/\\*\\* DEBUG_INFO_START \\*\\*\\/
NotReadble is deprecated
\\>12345\\<
:\\ 
Undefined keywords used: foo
\"name\":\"David\"
Revision Changes
&#60;
Auto-regeneration enabled
preparing to run the unit tests
<modified>
1 failure, 0 errors, 1 skipped
NOTE: tsdb parse: 
freqsw
post_url
must provide socketClient
fingerprint
ERROR -- : 
\\/fields\\/types\\/
TestWasm\\/testWasmWrapper
<input type=\"hidden\" name=\"user_code\" value=\"123-456-789\"\\/>
assists
<!DOCTYPE html PUBLIC
errorEvent
\\\\infty 
<title>Console</title>
Pruning secret unused-secret
Huawei
DOLORE\\.\nEA
meta name=\"keywords\" content=\"cartoon, road runner\" lang=\"en\"
There is an unsolved function call
partition key
__webpack_require__\\(\\/\\*! \\.\\/a \\*\\/ \\d\\);
8000500D
undeployed role 'RSpec_undeploy' of service 'RSpec-role-action-service'
\\${KAPPA}
}\"
\\:\\s
choices passed to context of validateChoices must be an array
rand
name - can't be blank
-#
__input
warning
revell
assets\\/uploads
Error: Parameter must be a ProposalResponse Object
\\[\\]
<\\/tbody><tfoot>
Missing option: filter
%5Bdevice_id%5D=
articleBody
2010
include DeviseTokenAuth::Concerns::SetUserByToken
\\s*structures\\sbegin\\sdiffering\\sat:\\s*
%pluginID%
no record found
timeSeriesInvalidOffset
\\/src
Library blah did not
cmp
\\['bar'\\]\\(\\)\\{\\}
DE
set FOO=BAR
Could not find data item port in any Hiera data file and no default supplied
#files \\.icon \\.name
John Doe project thing
%error_message%
SageOne Ruby Gem
Unable to compute output filename
\\bimba\\b
iP
\\(4\\)
error sending notification
git fetch origin \\+refs/heads/production:refs/remotes/origin/production
schedule
message=\"Description of &quot;lint&quot; 2\" \\/>
Illegal arguments: \"checkPersistence\" is truthy but \"name\" is not a valid string value
not fully merged
class M
__RAILS_ROOT__
Successful on 1 node:
aba
property: 'usage' is invalid in a method
keep_assign
\u0431\u0438\u0442\u043a\u043e\u0439\u043d
cgc
unifi_stations_received_bytes_total{ap_mac=\"a0:a0:a0:a0:a0:a0\",connection=\"wireless\",hostname=\"foo\",id=\"abcdef\",site=\"Default\",station_mac=\"de:ad:be:ef:de:ad\"} 10
unavailable for this resource
<!ampersand!>
Expected parameter accessToken
target 'BLAH' does not exist
\\[/detectors/DoesNotExist\\] key 'DoesNotExist:' is undefined
\n\\s*GO\\s*\n
safeLift: Function required for second argument
not supported for multiple selection amp-selector\u200b\u200b\u200b
\\buvqqra_ryrz\\b
Requires an options object as first argument
https:\\/\\/d1jyvh0kxilfa7\\.cloudfront\\.net
WHERE c\\d\\.id IN
Unsupported type
Plataformatec
:SKIP
<hangman>
not a valid yaml file
rspauth=
ng-view
X-Pack Security needs to be enabled in Elasticsearch
_proxy
Circular service dependency: test -> test2 -> test
We\\'re sorry, but something went wrong
Press ENTER to continue
of
editor-preview-active
compute_primes
has-many
Time
ApplicationNotFoundError
 does not 
', {
cd /path/to/main/repo
\\*{4}
Button_2
frozen class
Class\\[Foo\\]: expects a value for parameter 'b'
\u00ce\u0095
\\033\\[
`collection` may not be used as a schema pathname
Leave this empty: 
TAP version
\\x{0645}
\\.\\/native
</FONT></TD></FONT></TD>
exclude regexp
NOTE
Requires a map style as first argument
value=\"my value\"
I am a HUGE fan of agave and cook
DOCUMENT_REQUEST
multiple threads
column does not allow nulls
3DSecureXID
sixteen\\b
endPoint is required
options\\.value should be a string
\\[ 'foo bar' \\]
expected 13
Invalid add key diff op: Key already present: a
react-dom
#//
FIX
ik_
createAndAppendDiv
\\b__all__\\b
networks_changed\\? network settings changed FROM:
Unable to access the CLR method to wrap through reflection
ro
anonymous
\\s*\\*\\*?\\/\\s*
__DevPanel\\/file
keyword><function>sections<
-java
foreign key
OTP
spellcheck-allow:
http%3A%2F%2Fdomain%2Ecom%2Findex%2Ehtml%3Fname%3Dvalue
Dirty
An error occurred disconnecting from the mail server
restoring backup into 
Bilbo Baggins
Starbucks Pumpkin Scones Recipe
Authentication based on IP address is deprecated
unsupported_library is not a supported VCR HTTP library hook
Expected a Array
<td>Margaret Martin</td>
invalid IP address
Unexpected end of input
gulp\\.task\\('partials', \\['markups'\\], function
iemobile\\/
are treated as objects
500 - oh noez
does not contain any
deletion
--o999
failed to open stream: Connection timed out
pkexec
MakeMaker makefile section
Running errand: service_with_errand
2017\\.3/feature/ci-ready
when pattern
___SOLSTICE_DB_READ_COUNT___
\\p{Script=Latin}+
\u00cf\u008d
ignoring start
hithere
non-capped collection exists
/with_simple_html
adx=12
unknown value
ORA-02289
Could not install module with invalid name
Helper options\\:
a\\u{10FFFF}
< *i *>
error open file
#className#
is not recognized
\\bsigned\\b
Unsupported ipc action
\\%7D
_ref2d
dot
\\[chunkhash\\]
-0-field
stdin
describe \\('POST \\/Testing', function \\(\\) \\{
aoColumns
\\[ember-data-factory-guy\\] Can't find that factory named \\[ BigBobModel \\]
%!important
\\[<id>\\]
{{template}}
\\bsib1\\b
\\\"dustjs-linkedin\\\"\\:
type=validate
responses = 7
Illegal variable name
ROOT
\\/aes
=>
\\${HSPQTO}
Shiny New
decrementing refcount of a nonexistent session
secret option array
Count
WITH
Lowest\\sCommon\\sSubsumers:\\s
Filesystem options:\n
data-out-
argument for parameter \"other\" must be a KRPC::Gen::TestService::TestClass
11-08
could not create locale
webOS
DCOPserver
behavior:\\surl\\(#default#VML\\)
ARRAY\\(
image:images\\/
Kolossae
:regular
-geometry 125 
normal><float>1<
123456000
main card body
nach
MIME::Types cache: invalid version
https://github\\.com/thoughtbot/griddler#defaults
poly
session_parameter_is_required
\\.ejb
summary here
Publisher Here\\.\\s
Request was retried 2 times
{author}
heaVen
USER_PRECEDENCE_FACTER
NOT MATCH
shoulda
gemcutter
swag is missing
User Load
a link to a page that doesn't exist yet
build successful
\\bchange\\b
\\[:type, :required\\]
shift\\+
Failed to open registry key 'HKEY_LOCAL_MACHINE\\\\doesnotexist'
image dir
u'last_updated_t' is a required property
STRINGCONTENTS
foo\\\n
Currently available plugins:
Valid syntax
has_
\u00e0\u00aa\u00ae
First and last Position are not equivalent
<h1>Full template</h1>
, *primary_key: *\"emp_id\"
360SE
Expected predicateObjectList after collection subject
cite_ref-test_1-0
jade
\\x01\\x85
erono
require \\'rack\\/flash\\'
\\bAn attribute\\b
default_location
UpperMember
RELEASE
\\\\cyrchar\\\\CYRABHHA 
ldp
I am a bad uri
PlyA
Your message has been sent successfully
moar
\\bagainst\\b
[*][)]\\/o
\"overwriteBrand\":true
is not a PNG file
\\\\gtrless 
\\bon\\b
has an invalid \"pop\" operator in \"reqList\"
Hello dear Mary
space
\\~0
:enter
Invalid type \"bar\"
'use strict';
gzip\\/document
PETIEN
No lint configuration\\(s\\) found\\.
\\[\\\"\\*\\\"\\]
response:
\\.sql\\.erb
New variable 'uint256 c' was inserted in contract StorageMockSimpleWithInsertedVar
\\$positions\\{\\$i\\}
proper_specification
ios
text_string
run  git init
Stacked
Path: \\/test
Nested recovery token has an invalid signature
Fatal Exception
not a valid owner
0 success, 10 failure, 1 pending
rtorrent_downloads_complete 3
filters\":\"
endhostent\\(
Retrying RescueJob in 0 seconds\\.
_FILE_
:filter: overrides :notcited:
cool
%2E
engineyard-serverside _
\\p{Hiragana}
\\%5D
the_hash\\[:foo\\] &quot;bar&quot;
n[ ]* , [ ]*n
pressed 
PROGRAMMATIC LAYOUT
0173BEnschede                                     
entity_id
pug_mixins\\[\"teest\"\\]
JVM
